[2.049s] Invoking command in '/home/huyjetson/mobile_robot/ros2_ws/build/amr_ai': CMAKE_PREFIX_PATH=/home/huyjetson/mobile_robot/ros2_ws/install/amr_interfaces:/home/huyjetson/mobile_robot/ros2_ws/install/sllidar_ros2:/home/huyjetson/mobile_robot/ros2_ws/install/multirobot_map_merge:/home/huyjetson/mobile_robot/ros2_ws/install/explore_lite:/home/huyjetson/mobile_robot/ros2_ws/install/explore_lite_msgs:/home/huyjetson/mobile_robot/ros2_ws/install/astra_camera:/home/huyjetson/mobile_robot/ros2_ws/install/astra_camera_msgs:/home/huyjetson/mobile_robot/ros2_ws/install/amr_navigation:/home/huyjetson/mobile_robot/ros2_ws/install/amr_slam:/home/huyjetson/mobile_robot/ros2_ws/install/amr_pointcloud_filter:/home/huyjetson/mobile_robot/ros2_ws/install/amr_description:/home/huyjetson/mobile_robot/ros2_ws/install/amr_control LD_LIBRARY_PATH=/home/huyjetson/mobile_robot/ros2_ws/install/amr_interfaces/lib:/home/huyjetson/mobile_robot/ros2_ws/install/multirobot_map_merge/lib:/home/huyjetson/mobile_robot/ros2_ws/install/explore_lite_msgs/lib:/home/huyjetson/mobile_robot/ros2_ws/install/astra_camera/lib:/home/huyjetson/mobile_robot/ros2_ws/install/astra_camera_msgs/lib:/opt/ros/humble/opt/rviz_ogre_vendor/lib:/opt/ros/humble/lib/aarch64-linux-gnu:/opt/ros/humble/lib PS1=(ai_ros_venv) \[\e]0;\u@\h: \w\a\]${debian_chroot:+($debian_chroot)}\[\033[01;32m\]\u@\h\[\033[00m\]:\[\033[01;34m\]\w\[\033[00m\]\$ PYTHONPATH=/home/huyjetson/mobile_robot/ros2_ws/build/amr_ai/prefix_override:/usr/lib/python3/dist-packages/colcon_core/task/python/colcon_distutils_commands:/home/huyjetson/mobile_robot/ros2_ws/install/amr_ai/lib/python3.10/site-packages:${PYTHONPATH} VIRTUAL_ENV_PROMPT=(ai_ros_venv) /usr/bin/python3 -W ignore:setup.py install is deprecated -W ignore:easy_install command is deprecated setup.py develop --uninstall --editable --build-directory /home/huyjetson/mobile_robot/ros2_ws/build/amr_ai/build
[2.737s] running develop
[3.178s] Removing /home/huyjetson/mobile_robot/ros2_ws/install/amr_ai/lib/python3.10/site-packages/amr-ai.egg-link (link to .)
[3.301s] Invoked command in '/home/huyjetson/mobile_robot/ros2_ws/build/amr_ai' returned '0': CMAKE_PREFIX_PATH=/home/huyjetson/mobile_robot/ros2_ws/install/amr_interfaces:/home/huyjetson/mobile_robot/ros2_ws/install/sllidar_ros2:/home/huyjetson/mobile_robot/ros2_ws/install/multirobot_map_merge:/home/huyjetson/mobile_robot/ros2_ws/install/explore_lite:/home/huyjetson/mobile_robot/ros2_ws/install/explore_lite_msgs:/home/huyjetson/mobile_robot/ros2_ws/install/astra_camera:/home/huyjetson/mobile_robot/ros2_ws/install/astra_camera_msgs:/home/huyjetson/mobile_robot/ros2_ws/install/amr_navigation:/home/huyjetson/mobile_robot/ros2_ws/install/amr_slam:/home/huyjetson/mobile_robot/ros2_ws/install/amr_pointcloud_filter:/home/huyjetson/mobile_robot/ros2_ws/install/amr_description:/home/huyjetson/mobile_robot/ros2_ws/install/amr_control LD_LIBRARY_PATH=/home/huyjetson/mobile_robot/ros2_ws/install/amr_interfaces/lib:/home/huyjetson/mobile_robot/ros2_ws/install/multirobot_map_merge/lib:/home/huyjetson/mobile_robot/ros2_ws/install/explore_lite_msgs/lib:/home/huyjetson/mobile_robot/ros2_ws/install/astra_camera/lib:/home/huyjetson/mobile_robot/ros2_ws/install/astra_camera_msgs/lib:/opt/ros/humble/opt/rviz_ogre_vendor/lib:/opt/ros/humble/lib/aarch64-linux-gnu:/opt/ros/humble/lib PS1=(ai_ros_venv) \[\e]0;\u@\h: \w\a\]${debian_chroot:+($debian_chroot)}\[\033[01;32m\]\u@\h\[\033[00m\]:\[\033[01;34m\]\w\[\033[00m\]\$ PYTHONPATH=/home/huyjetson/mobile_robot/ros2_ws/build/amr_ai/prefix_override:/usr/lib/python3/dist-packages/colcon_core/task/python/colcon_distutils_commands:/home/huyjetson/mobile_robot/ros2_ws/install/amr_ai/lib/python3.10/site-packages:${PYTHONPATH} VIRTUAL_ENV_PROMPT=(ai_ros_venv) /usr/bin/python3 -W ignore:setup.py install is deprecated -W ignore:easy_install command is deprecated setup.py develop --uninstall --editable --build-directory /home/huyjetson/mobile_robot/ros2_ws/build/amr_ai/build
[3.307s] Invoking command in '/home/huyjetson/mobile_robot/ros2_ws/src/amr_ai': CMAKE_PREFIX_PATH=/home/huyjetson/mobile_robot/ros2_ws/install/amr_interfaces:/home/huyjetson/mobile_robot/ros2_ws/install/sllidar_ros2:/home/huyjetson/mobile_robot/ros2_ws/install/multirobot_map_merge:/home/huyjetson/mobile_robot/ros2_ws/install/explore_lite:/home/huyjetson/mobile_robot/ros2_ws/install/explore_lite_msgs:/home/huyjetson/mobile_robot/ros2_ws/install/astra_camera:/home/huyjetson/mobile_robot/ros2_ws/install/astra_camera_msgs:/home/huyjetson/mobile_robot/ros2_ws/install/amr_navigation:/home/huyjetson/mobile_robot/ros2_ws/install/amr_slam:/home/huyjetson/mobile_robot/ros2_ws/install/amr_pointcloud_filter:/home/huyjetson/mobile_robot/ros2_ws/install/amr_description:/home/huyjetson/mobile_robot/ros2_ws/install/amr_control LD_LIBRARY_PATH=/home/huyjetson/mobile_robot/ros2_ws/install/amr_interfaces/lib:/home/huyjetson/mobile_robot/ros2_ws/install/multirobot_map_merge/lib:/home/huyjetson/mobile_robot/ros2_ws/install/explore_lite_msgs/lib:/home/huyjetson/mobile_robot/ros2_ws/install/astra_camera/lib:/home/huyjetson/mobile_robot/ros2_ws/install/astra_camera_msgs/lib:/opt/ros/humble/opt/rviz_ogre_vendor/lib:/opt/ros/humble/lib/aarch64-linux-gnu:/opt/ros/humble/lib PS1=(ai_ros_venv) \[\e]0;\u@\h: \w\a\]${debian_chroot:+($debian_chroot)}\[\033[01;32m\]\u@\h\[\033[00m\]:\[\033[01;34m\]\w\[\033[00m\]\$ PYTHONPATH=/home/huyjetson/mobile_robot/ros2_ws/build/amr_ai/prefix_override:/usr/lib/python3/dist-packages/colcon_core/task/python/colcon_distutils_commands:/home/huyjetson/mobile_robot/ros2_ws/install/amr_ai/lib/python3.10/site-packages:${PYTHONPATH} VIRTUAL_ENV_PROMPT=(ai_ros_venv) /usr/bin/python3 -W ignore:setup.py install is deprecated -W ignore:easy_install command is deprecated setup.py egg_info --egg-base ../../build/amr_ai build --build-base /home/huyjetson/mobile_robot/ros2_ws/build/amr_ai/build install --record /home/huyjetson/mobile_robot/ros2_ws/build/amr_ai/install.log --single-version-externally-managed install_data --force
[3.939s] running egg_info
[3.940s] writing ../../build/amr_ai/amr_ai.egg-info/PKG-INFO
[3.941s] writing dependency_links to ../../build/amr_ai/amr_ai.egg-info/dependency_links.txt
[3.942s] writing entry points to ../../build/amr_ai/amr_ai.egg-info/entry_points.txt
[3.942s] writing requirements to ../../build/amr_ai/amr_ai.egg-info/requires.txt
[3.942s] writing top-level names to ../../build/amr_ai/amr_ai.egg-info/top_level.txt
[3.949s] reading manifest file '../../build/amr_ai/amr_ai.egg-info/SOURCES.txt'
[3.953s] writing manifest file '../../build/amr_ai/amr_ai.egg-info/SOURCES.txt'
[3.953s] running build
[3.954s] running build_py
[3.956s] copying amr_ai/core/auto_initial_pose_node.py -> /home/huyjetson/mobile_robot/ros2_ws/build/amr_ai/build/lib/amr_ai/core
[3.959s] running install
[3.960s] running install_lib
[3.961s] creating /home/huyjetson/mobile_robot/ros2_ws/install/amr_ai/lib/python3.10/site-packages/amr_ai
[3.962s] creating /home/huyjetson/mobile_robot/ros2_ws/install/amr_ai/lib/python3.10/site-packages/amr_ai/tracking
[3.962s] copying /home/huyjetson/mobile_robot/ros2_ws/build/amr_ai/build/lib/amr_ai/tracking/reid.py -> /home/huyjetson/mobile_robot/ros2_ws/install/amr_ai/lib/python3.10/site-packages/amr_ai/tracking
[3.964s] copying /home/huyjetson/mobile_robot/ros2_ws/build/amr_ai/build/lib/amr_ai/tracking/person_tracker_node.py -> /home/huyjetson/mobile_robot/ros2_ws/install/amr_ai/lib/python3.10/site-packages/amr_ai/tracking
[3.965s] copying /home/huyjetson/mobile_robot/ros2_ws/build/amr_ai/build/lib/amr_ai/tracking/__init__.py -> /home/huyjetson/mobile_robot/ros2_ws/install/amr_ai/lib/python3.10/site-packages/amr_ai/tracking
[3.965s] creating /home/huyjetson/mobile_robot/ros2_ws/install/amr_ai/lib/python3.10/site-packages/amr_ai/detectors
[3.965s] copying /home/huyjetson/mobile_robot/ros2_ws/build/amr_ai/build/lib/amr_ai/detectors/fire_smoke_detector.py -> /home/huyjetson/mobile_robot/ros2_ws/install/amr_ai/lib/python3.10/site-packages/amr_ai/detectors
[3.966s] copying /home/huyjetson/mobile_robot/ros2_ws/build/amr_ai/build/lib/amr_ai/detectors/fall_detector.py -> /home/huyjetson/mobile_robot/ros2_ws/install/amr_ai/lib/python3.10/site-packages/amr_ai/detectors
[3.967s] copying /home/huyjetson/mobile_robot/ros2_ws/build/amr_ai/build/lib/amr_ai/detectors/__init__.py -> /home/huyjetson/mobile_robot/ros2_ws/install/amr_ai/lib/python3.10/site-packages/amr_ai/detectors
[3.967s] copying /home/huyjetson/mobile_robot/ros2_ws/build/amr_ai/build/lib/amr_ai/detectors/ai_detector_node.py -> /home/huyjetson/mobile_robot/ros2_ws/install/amr_ai/lib/python3.10/site-packages/amr_ai/detectors
[3.969s] creating /home/huyjetson/mobile_robot/ros2_ws/install/amr_ai/lib/python3.10/site-packages/amr_ai/safety
[3.969s] copying /home/huyjetson/mobile_robot/ros2_ws/build/amr_ai/build/lib/amr_ai/safety/ai_alert_node.py -> /home/huyjetson/mobile_robot/ros2_ws/install/amr_ai/lib/python3.10/site-packages/amr_ai/safety
[3.970s] copying /home/huyjetson/mobile_robot/ros2_ws/build/amr_ai/build/lib/amr_ai/safety/cmd_vel_safety_mux_node.py -> /home/huyjetson/mobile_robot/ros2_ws/install/amr_ai/lib/python3.10/site-packages/amr_ai/safety
[3.971s] copying /home/huyjetson/mobile_robot/ros2_ws/build/amr_ai/build/lib/amr_ai/safety/__init__.py -> /home/huyjetson/mobile_robot/ros2_ws/install/amr_ai/lib/python3.10/site-packages/amr_ai/safety
[3.971s] creating /home/huyjetson/mobile_robot/ros2_ws/install/amr_ai/lib/python3.10/site-packages/amr_ai/gui
[3.971s] copying /home/huyjetson/mobile_robot/ros2_ws/build/amr_ai/build/lib/amr_ai/gui/ai_gui_node.py -> /home/huyjetson/mobile_robot/ros2_ws/install/amr_ai/lib/python3.10/site-packages/amr_ai/gui
[3.971s] copying /home/huyjetson/mobile_robot/ros2_ws/build/amr_ai/build/lib/amr_ai/gui/gui_astra_jetson.py -> /home/huyjetson/mobile_robot/ros2_ws/install/amr_ai/lib/python3.10/site-packages/amr_ai/gui
[3.972s] copying /home/huyjetson/mobile_robot/ros2_ws/build/amr_ai/build/lib/amr_ai/gui/__init__.py -> /home/huyjetson/mobile_robot/ros2_ws/install/amr_ai/lib/python3.10/site-packages/amr_ai/gui
[3.973s] copying /home/huyjetson/mobile_robot/ros2_ws/build/amr_ai/build/lib/amr_ai/gui/operator_gui_node.py -> /home/huyjetson/mobile_robot/ros2_ws/install/amr_ai/lib/python3.10/site-packages/amr_ai/gui
[3.974s] creating /home/huyjetson/mobile_robot/ros2_ws/install/amr_ai/lib/python3.10/site-packages/amr_ai/core
[3.974s] copying /home/huyjetson/mobile_robot/ros2_ws/build/amr_ai/build/lib/amr_ai/core/image_probe_node.py -> /home/huyjetson/mobile_robot/ros2_ws/install/amr_ai/lib/python3.10/site-packages/amr_ai/core
[3.975s] copying /home/huyjetson/mobile_robot/ros2_ws/build/amr_ai/build/lib/amr_ai/core/auto_initial_pose_node.py -> /home/huyjetson/mobile_robot/ros2_ws/install/amr_ai/lib/python3.10/site-packages/amr_ai/core
[3.975s] copying /home/huyjetson/mobile_robot/ros2_ws/build/amr_ai/build/lib/amr_ai/core/ai_mode_manager_node.py -> /home/huyjetson/mobile_robot/ros2_ws/install/amr_ai/lib/python3.10/site-packages/amr_ai/core
[3.976s] copying /home/huyjetson/mobile_robot/ros2_ws/build/amr_ai/build/lib/amr_ai/core/original_ai_main_reference.py -> /home/huyjetson/mobile_robot/ros2_ws/install/amr_ai/lib/python3.10/site-packages/amr_ai/core
[3.977s] copying /home/huyjetson/mobile_robot/ros2_ws/build/amr_ai/build/lib/amr_ai/core/camera_openni.py -> /home/huyjetson/mobile_robot/ros2_ws/install/amr_ai/lib/python3.10/site-packages/amr_ai/core
[3.978s] copying /home/huyjetson/mobile_robot/ros2_ws/build/amr_ai/build/lib/amr_ai/core/__init__.py -> /home/huyjetson/mobile_robot/ros2_ws/install/amr_ai/lib/python3.10/site-packages/amr_ai/core
[3.978s] copying /home/huyjetson/mobile_robot/ros2_ws/build/amr_ai/build/lib/amr_ai/core/config.py -> /home/huyjetson/mobile_robot/ros2_ws/install/amr_ai/lib/python3.10/site-packages/amr_ai/core
[3.979s] copying /home/huyjetson/mobile_robot/ros2_ws/build/amr_ai/build/lib/amr_ai/core/utils.py -> /home/huyjetson/mobile_robot/ros2_ws/install/amr_ai/lib/python3.10/site-packages/amr_ai/core
[3.979s] copying /home/huyjetson/mobile_robot/ros2_ws/build/amr_ai/build/lib/amr_ai/__init__.py -> /home/huyjetson/mobile_robot/ros2_ws/install/amr_ai/lib/python3.10/site-packages/amr_ai
[3.980s] creating /home/huyjetson/mobile_robot/ros2_ws/install/amr_ai/lib/python3.10/site-packages/amr_ai/nav2
[3.980s] copying /home/huyjetson/mobile_robot/ros2_ws/build/amr_ai/build/lib/amr_ai/nav2/backup.py -> /home/huyjetson/mobile_robot/ros2_ws/install/amr_ai/lib/python3.10/site-packages/amr_ai/nav2
[3.981s] copying /home/huyjetson/mobile_robot/ros2_ws/build/amr_ai/build/lib/amr_ai/nav2/follow_servo_node.py -> /home/huyjetson/mobile_robot/ros2_ws/install/amr_ai/lib/python3.10/site-packages/amr_ai/nav2
[3.982s] copying /home/huyjetson/mobile_robot/ros2_ws/build/amr_ai/build/lib/amr_ai/nav2/follow_goal_node.py -> /home/huyjetson/mobile_robot/ros2_ws/install/amr_ai/lib/python3.10/site-packages/amr_ai/nav2
[3.983s] copying /home/huyjetson/mobile_robot/ros2_ws/build/amr_ai/build/lib/amr_ai/nav2/__init__.py -> /home/huyjetson/mobile_robot/ros2_ws/install/amr_ai/lib/python3.10/site-packages/amr_ai/nav2
[3.984s] byte-compiling /home/huyjetson/mobile_robot/ros2_ws/install/amr_ai/lib/python3.10/site-packages/amr_ai/tracking/reid.py to reid.cpython-310.pyc
[3.992s] byte-compiling /home/huyjetson/mobile_robot/ros2_ws/install/amr_ai/lib/python3.10/site-packages/amr_ai/tracking/person_tracker_node.py to person_tracker_node.cpython-310.pyc
[3.999s] byte-compiling /home/huyjetson/mobile_robot/ros2_ws/install/amr_ai/lib/python3.10/site-packages/amr_ai/tracking/__init__.py to __init__.cpython-310.pyc
[4.000s] byte-compiling /home/huyjetson/mobile_robot/ros2_ws/install/amr_ai/lib/python3.10/site-packages/amr_ai/detectors/fire_smoke_detector.py to fire_smoke_detector.cpython-310.pyc
[4.002s] byte-compiling /home/huyjetson/mobile_robot/ros2_ws/install/amr_ai/lib/python3.10/site-packages/amr_ai/detectors/fall_detector.py to fall_detector.cpython-310.pyc
[4.010s] byte-compiling /home/huyjetson/mobile_robot/ros2_ws/install/amr_ai/lib/python3.10/site-packages/amr_ai/detectors/__init__.py to __init__.cpython-310.pyc
[4.010s] byte-compiling /home/huyjetson/mobile_robot/ros2_ws/install/amr_ai/lib/python3.10/site-packages/amr_ai/detectors/ai_detector_node.py to ai_detector_node.cpython-310.pyc
[4.016s] byte-compiling /home/huyjetson/mobile_robot/ros2_ws/install/amr_ai/lib/python3.10/site-packages/amr_ai/safety/ai_alert_node.py to ai_alert_node.cpython-310.pyc
[4.017s] byte-compiling /home/huyjetson/mobile_robot/ros2_ws/install/amr_ai/lib/python3.10/site-packages/amr_ai/safety/cmd_vel_safety_mux_node.py to cmd_vel_safety_mux_node.cpython-310.pyc
[4.020s] byte-compiling /home/huyjetson/mobile_robot/ros2_ws/install/amr_ai/lib/python3.10/site-packages/amr_ai/safety/__init__.py to __init__.cpython-310.pyc
[4.021s] byte-compiling /home/huyjetson/mobile_robot/ros2_ws/install/amr_ai/lib/python3.10/site-packages/amr_ai/gui/ai_gui_node.py to ai_gui_node.cpython-310.pyc
[4.021s] byte-compiling /home/huyjetson/mobile_robot/ros2_ws/install/amr_ai/lib/python3.10/site-packages/amr_ai/gui/gui_astra_jetson.py to gui_astra_jetson.cpython-310.pyc
[4.030s] byte-compiling /home/huyjetson/mobile_robot/ros2_ws/install/amr_ai/lib/python3.10/site-packages/amr_ai/gui/__init__.py to __init__.cpython-310.pyc
[4.030s] byte-compiling /home/huyjetson/mobile_robot/ros2_ws/install/amr_ai/lib/python3.10/site-packages/amr_ai/gui/operator_gui_node.py to operator_gui_node.cpython-310.pyc
[4.036s] byte-compiling /home/huyjetson/mobile_robot/ros2_ws/install/amr_ai/lib/python3.10/site-packages/amr_ai/core/image_probe_node.py to image_probe_node.cpython-310.pyc
[4.038s] byte-compiling /home/huyjetson/mobile_robot/ros2_ws/install/amr_ai/lib/python3.10/site-packages/amr_ai/core/auto_initial_pose_node.py to auto_initial_pose_node.cpython-310.pyc
[4.040s] byte-compiling /home/huyjetson/mobile_robot/ros2_ws/install/amr_ai/lib/python3.10/site-packages/amr_ai/core/ai_mode_manager_node.py to ai_mode_manager_node.cpython-310.pyc
[4.044s] byte-compiling /home/huyjetson/mobile_robot/ros2_ws/install/amr_ai/lib/python3.10/site-packages/amr_ai/core/original_ai_main_reference.py to original_ai_main_reference.cpython-310.pyc
[4.047s] byte-compiling /home/huyjetson/mobile_robot/ros2_ws/install/amr_ai/lib/python3.10/site-packages/amr_ai/core/camera_openni.py to camera_openni.cpython-310.pyc
[4.048s] byte-compiling /home/huyjetson/mobile_robot/ros2_ws/install/amr_ai/lib/python3.10/site-packages/amr_ai/core/__init__.py to __init__.cpython-310.pyc
[4.049s] byte-compiling /home/huyjetson/mobile_robot/ros2_ws/install/amr_ai/lib/python3.10/site-packages/amr_ai/core/config.py to config.cpython-310.pyc
[4.050s] byte-compiling /home/huyjetson/mobile_robot/ros2_ws/install/amr_ai/lib/python3.10/site-packages/amr_ai/core/utils.py to utils.cpython-310.pyc
[4.053s] byte-compiling /home/huyjetson/mobile_robot/ros2_ws/install/amr_ai/lib/python3.10/site-packages/amr_ai/__init__.py to __init__.cpython-310.pyc
[4.054s] byte-compiling /home/huyjetson/mobile_robot/ros2_ws/install/amr_ai/lib/python3.10/site-packages/amr_ai/nav2/backup.py to backup.cpython-310.pyc
[4.058s] byte-compiling /home/huyjetson/mobile_robot/ros2_ws/install/amr_ai/lib/python3.10/site-packages/amr_ai/nav2/follow_servo_node.py to follow_servo_node.cpython-310.pyc
[4.061s] byte-compiling /home/huyjetson/mobile_robot/ros2_ws/install/amr_ai/lib/python3.10/site-packages/amr_ai/nav2/follow_goal_node.py to follow_goal_node.cpython-310.pyc
[4.065s] byte-compiling /home/huyjetson/mobile_robot/ros2_ws/install/amr_ai/lib/python3.10/site-packages/amr_ai/nav2/__init__.py to __init__.cpython-310.pyc
[4.065s] running install_data
[4.065s] copying resource/amr_ai -> /home/huyjetson/mobile_robot/ros2_ws/install/amr_ai/share/ament_index/resource_index/packages
[4.066s] copying package.xml -> /home/huyjetson/mobile_robot/ros2_ws/install/amr_ai/share/amr_ai
[4.066s] copying launch/amr_ai.launch.py -> /home/huyjetson/mobile_robot/ros2_ws/install/amr_ai/share/amr_ai/launch
[4.067s] copying config/ai_params.yaml -> /home/huyjetson/mobile_robot/ros2_ws/install/amr_ai/share/amr_ai/config
[4.067s] copying models/fire_smoke_s.engine -> /home/huyjetson/mobile_robot/ros2_ws/install/amr_ai/share/amr_ai/models
[4.127s] copying models/yolo26n-pose.engine -> /home/huyjetson/mobile_robot/ros2_ws/install/amr_ai/share/amr_ai/models
[4.148s] copying models/yolo26n.engine -> /home/huyjetson/mobile_robot/ros2_ws/install/amr_ai/share/amr_ai/models
[4.171s] running install_egg_info
[4.177s] Copying ../../build/amr_ai/amr_ai.egg-info to /home/huyjetson/mobile_robot/ros2_ws/install/amr_ai/lib/python3.10/site-packages/amr_ai-0.0.1-py3.10.egg-info
[4.181s] running install_scripts
[4.234s] Installing ai_detector script to /home/huyjetson/mobile_robot/ros2_ws/install/amr_ai/lib/amr_ai
[4.235s] Installing ai_image_probe script to /home/huyjetson/mobile_robot/ros2_ws/install/amr_ai/lib/amr_ai
[4.235s] Installing ai_mode_manager script to /home/huyjetson/mobile_robot/ros2_ws/install/amr_ai/lib/amr_ai
[4.236s] Installing auto_initial_pose script to /home/huyjetson/mobile_robot/ros2_ws/install/amr_ai/lib/amr_ai
[4.236s] Installing cmd_vel_safety_mux script to /home/huyjetson/mobile_robot/ros2_ws/install/amr_ai/lib/amr_ai
[4.236s] Installing follow_goal script to /home/huyjetson/mobile_robot/ros2_ws/install/amr_ai/lib/amr_ai
[4.237s] Installing follow_servo script to /home/huyjetson/mobile_robot/ros2_ws/install/amr_ai/lib/amr_ai
[4.237s] Installing operator_gui script to /home/huyjetson/mobile_robot/ros2_ws/install/amr_ai/lib/amr_ai
[4.238s] Installing person_tracker script to /home/huyjetson/mobile_robot/ros2_ws/install/amr_ai/lib/amr_ai
[4.240s] writing list of installed files to '/home/huyjetson/mobile_robot/ros2_ws/build/amr_ai/install.log'
[4.350s] Invoked command in '/home/huyjetson/mobile_robot/ros2_ws/src/amr_ai' returned '0': CMAKE_PREFIX_PATH=/home/huyjetson/mobile_robot/ros2_ws/install/amr_interfaces:/home/huyjetson/mobile_robot/ros2_ws/install/sllidar_ros2:/home/huyjetson/mobile_robot/ros2_ws/install/multirobot_map_merge:/home/huyjetson/mobile_robot/ros2_ws/install/explore_lite:/home/huyjetson/mobile_robot/ros2_ws/install/explore_lite_msgs:/home/huyjetson/mobile_robot/ros2_ws/install/astra_camera:/home/huyjetson/mobile_robot/ros2_ws/install/astra_camera_msgs:/home/huyjetson/mobile_robot/ros2_ws/install/amr_navigation:/home/huyjetson/mobile_robot/ros2_ws/install/amr_slam:/home/huyjetson/mobile_robot/ros2_ws/install/amr_pointcloud_filter:/home/huyjetson/mobile_robot/ros2_ws/install/amr_description:/home/huyjetson/mobile_robot/ros2_ws/install/amr_control LD_LIBRARY_PATH=/home/huyjetson/mobile_robot/ros2_ws/install/amr_interfaces/lib:/home/huyjetson/mobile_robot/ros2_ws/install/multirobot_map_merge/lib:/home/huyjetson/mobile_robot/ros2_ws/install/explore_lite_msgs/lib:/home/huyjetson/mobile_robot/ros2_ws/install/astra_camera/lib:/home/huyjetson/mobile_robot/ros2_ws/install/astra_camera_msgs/lib:/opt/ros/humble/opt/rviz_ogre_vendor/lib:/opt/ros/humble/lib/aarch64-linux-gnu:/opt/ros/humble/lib PS1=(ai_ros_venv) \[\e]0;\u@\h: \w\a\]${debian_chroot:+($debian_chroot)}\[\033[01;32m\]\u@\h\[\033[00m\]:\[\033[01;34m\]\w\[\033[00m\]\$ PYTHONPATH=/home/huyjetson/mobile_robot/ros2_ws/build/amr_ai/prefix_override:/usr/lib/python3/dist-packages/colcon_core/task/python/colcon_distutils_commands:/home/huyjetson/mobile_robot/ros2_ws/install/amr_ai/lib/python3.10/site-packages:${PYTHONPATH} VIRTUAL_ENV_PROMPT=(ai_ros_venv) /usr/bin/python3 -W ignore:setup.py install is deprecated -W ignore:easy_install command is deprecated setup.py egg_info --egg-base ../../build/amr_ai build --build-base /home/huyjetson/mobile_robot/ros2_ws/build/amr_ai/build install --record /home/huyjetson/mobile_robot/ros2_ws/build/amr_ai/install.log --single-version-externally-managed install_data --force
