running develop
running egg_info
creating amr_sensors.egg-info
writing amr_sensors.egg-info/PKG-INFO
writing dependency_links to amr_sensors.egg-info/dependency_links.txt
writing entry points to amr_sensors.egg-info/entry_points.txt
writing requirements to amr_sensors.egg-info/requires.txt
writing top-level names to amr_sensors.egg-info/top_level.txt
writing manifest file 'amr_sensors.egg-info/SOURCES.txt'
reading manifest file 'amr_sensors.egg-info/SOURCES.txt'
writing manifest file 'amr_sensors.egg-info/SOURCES.txt'
running build_ext
Creating /home/huy_ubuntu/mobile_robot/ros2_ws/install/amr_sensors/lib/python3.10/site-packages/amr-sensors.egg-link (link to .)

Installed /home/huy_ubuntu/mobile_robot/ros2_ws/build/amr_sensors
running symlink_data
creating /home/huy_ubuntu/mobile_robot/ros2_ws/install/amr_sensors/share/ament_index
creating /home/huy_ubuntu/mobile_robot/ros2_ws/install/amr_sensors/share/ament_index/resource_index
creating /home/huy_ubuntu/mobile_robot/ros2_ws/install/amr_sensors/share/ament_index/resource_index/packages
symbolically linking /home/huy_ubuntu/mobile_robot/ros2_ws/build/amr_sensors/resource/amr_sensors -> /home/huy_ubuntu/mobile_robot/ros2_ws/install/amr_sensors/share/ament_index/resource_index/packages
symbolically linking /home/huy_ubuntu/mobile_robot/ros2_ws/build/amr_sensors/package.xml -> /home/huy_ubuntu/mobile_robot/ros2_ws/install/amr_sensors/share/amr_sensors
