[0.072s] Invoking command in '/home/huyjetson/mobile_robot/ros2_ws/build/amr_interfaces': CMAKE_PREFIX_PATH=${CMAKE_PREFIX_PATH}:/home/huyjetson/mobile_robot/ros2_ws/install/amr_sensors:/home/huyjetson/mobile_robot/ros2_ws/install/amr_bringup:/home/huyjetson/mobile_robot/ros2_ws/install/amr_ai:/opt/ros/humble /usr/bin/cmake /home/huyjetson/mobile_robot/ros2_ws/src/amr_interfaces -DAMENT_CMAKE_SYMLINK_INSTALL=1 -DCMAKE_INSTALL_PREFIX=/home/huyjetson/mobile_robot/ros2_ws/install/amr_interfaces
[0.233s] -- The C compiler identification is GNU 11.4.0
[0.383s] -- The CXX compiler identification is GNU 11.4.0
[0.405s] -- Detecting C compiler ABI info
[0.622s] -- Detecting C compiler ABI info - done
[0.640s] -- Check for working C compiler: /usr/bin/cc - skipped
[0.642s] -- Detecting C compile features
[0.644s] -- Detecting C compile features - done
[0.655s] -- Detecting CXX compiler ABI info
[0.894s] -- Detecting CXX compiler ABI info - done
[0.911s] -- Check for working CXX compiler: /usr/bin/c++ - skipped
[0.913s] -- Detecting CXX compile features
[0.913s] -- Detecting CXX compile features - done
[0.922s] -- Found ament_cmake: 1.3.14 (/opt/ros/humble/share/ament_cmake/cmake)
[1.447s] -- Found Python3: /usr/bin/python3 (found version "3.10.12") found components: Interpreter 
[1.677s] -- Override CMake install command with custom implementation using symlinks instead of copying resources
[1.766s] -- Found ament_lint_auto: 0.12.15 (/opt/ros/humble/share/ament_lint_auto/cmake)
[2.096s] -- Added test 'lint_cmake' to check CMake code style
[2.106s] -- Added test 'xmllint' to check XML markup files
[2.107s] -- Configuring done
[2.117s] -- Generating done
[2.122s] -- Build files have been written to: /home/huyjetson/mobile_robot/ros2_ws/build/amr_interfaces
[2.140s] Invoked command in '/home/huyjetson/mobile_robot/ros2_ws/build/amr_interfaces' returned '0': CMAKE_PREFIX_PATH=${CMAKE_PREFIX_PATH}:/home/huyjetson/mobile_robot/ros2_ws/install/amr_sensors:/home/huyjetson/mobile_robot/ros2_ws/install/amr_bringup:/home/huyjetson/mobile_robot/ros2_ws/install/amr_ai:/opt/ros/humble /usr/bin/cmake /home/huyjetson/mobile_robot/ros2_ws/src/amr_interfaces -DAMENT_CMAKE_SYMLINK_INSTALL=1 -DCMAKE_INSTALL_PREFIX=/home/huyjetson/mobile_robot/ros2_ws/install/amr_interfaces
[2.145s] Invoking command in '/home/huyjetson/mobile_robot/ros2_ws/build/amr_interfaces': CMAKE_PREFIX_PATH=${CMAKE_PREFIX_PATH}:/home/huyjetson/mobile_robot/ros2_ws/install/amr_sensors:/home/huyjetson/mobile_robot/ros2_ws/install/amr_bringup:/home/huyjetson/mobile_robot/ros2_ws/install/amr_ai:/opt/ros/humble /usr/bin/cmake --build /home/huyjetson/mobile_robot/ros2_ws/build/amr_interfaces -- -j6 -l6
[2.262s] Invoked command in '/home/huyjetson/mobile_robot/ros2_ws/build/amr_interfaces' returned '0': CMAKE_PREFIX_PATH=${CMAKE_PREFIX_PATH}:/home/huyjetson/mobile_robot/ros2_ws/install/amr_sensors:/home/huyjetson/mobile_robot/ros2_ws/install/amr_bringup:/home/huyjetson/mobile_robot/ros2_ws/install/amr_ai:/opt/ros/humble /usr/bin/cmake --build /home/huyjetson/mobile_robot/ros2_ws/build/amr_interfaces -- -j6 -l6
[2.266s] Invoking command in '/home/huyjetson/mobile_robot/ros2_ws/build/amr_interfaces': CMAKE_PREFIX_PATH=${CMAKE_PREFIX_PATH}:/home/huyjetson/mobile_robot/ros2_ws/install/amr_sensors:/home/huyjetson/mobile_robot/ros2_ws/install/amr_bringup:/home/huyjetson/mobile_robot/ros2_ws/install/amr_ai:/opt/ros/humble /usr/bin/cmake --install /home/huyjetson/mobile_robot/ros2_ws/build/amr_interfaces
[2.289s] -- Install configuration: ""
[2.289s] -- Execute custom install script
[2.290s] -- Symlinking: /home/huyjetson/mobile_robot/ros2_ws/install/amr_interfaces/share/ament_index/resource_index/package_run_dependencies/amr_interfaces
[2.318s] -- Symlinking: /home/huyjetson/mobile_robot/ros2_ws/install/amr_interfaces/share/ament_index/resource_index/parent_prefix_path/amr_interfaces
[2.357s] -- Symlinking: /home/huyjetson/mobile_robot/ros2_ws/install/amr_interfaces/share/amr_interfaces/environment/ament_prefix_path.sh
[2.379s] -- Symlinking: /home/huyjetson/mobile_robot/ros2_ws/install/amr_interfaces/share/amr_interfaces/environment/ament_prefix_path.dsv
[2.405s] -- Symlinking: /home/huyjetson/mobile_robot/ros2_ws/install/amr_interfaces/share/amr_interfaces/environment/path.sh
[2.432s] -- Symlinking: /home/huyjetson/mobile_robot/ros2_ws/install/amr_interfaces/share/amr_interfaces/environment/path.dsv
[2.457s] -- Symlinking: /home/huyjetson/mobile_robot/ros2_ws/install/amr_interfaces/share/amr_interfaces/local_setup.bash
[2.482s] -- Symlinking: /home/huyjetson/mobile_robot/ros2_ws/install/amr_interfaces/share/amr_interfaces/local_setup.sh
[2.506s] -- Symlinking: /home/huyjetson/mobile_robot/ros2_ws/install/amr_interfaces/share/amr_interfaces/local_setup.zsh
[2.532s] -- Symlinking: /home/huyjetson/mobile_robot/ros2_ws/install/amr_interfaces/share/amr_interfaces/local_setup.dsv
[2.556s] -- Symlinking: /home/huyjetson/mobile_robot/ros2_ws/install/amr_interfaces/share/amr_interfaces/package.dsv
[2.582s] -- Symlinking: /home/huyjetson/mobile_robot/ros2_ws/install/amr_interfaces/share/ament_index/resource_index/packages/amr_interfaces
[2.616s] -- Symlinking: /home/huyjetson/mobile_robot/ros2_ws/install/amr_interfaces/share/amr_interfaces/cmake/amr_interfacesConfig.cmake
[2.651s] -- Symlinking: /home/huyjetson/mobile_robot/ros2_ws/install/amr_interfaces/share/amr_interfaces/cmake/amr_interfacesConfig-version.cmake
[2.681s] -- Symlinking: /home/huyjetson/mobile_robot/ros2_ws/install/amr_interfaces/share/amr_interfaces/package.xml
[2.716s] Invoked command in '/home/huyjetson/mobile_robot/ros2_ws/build/amr_interfaces' returned '0': CMAKE_PREFIX_PATH=${CMAKE_PREFIX_PATH}:/home/huyjetson/mobile_robot/ros2_ws/install/amr_sensors:/home/huyjetson/mobile_robot/ros2_ws/install/amr_bringup:/home/huyjetson/mobile_robot/ros2_ws/install/amr_ai:/opt/ros/humble /usr/bin/cmake --install /home/huyjetson/mobile_robot/ros2_ws/build/amr_interfaces
