/home/huyjetson/mobile_robot/ros2_ws/install/amr_ai/lib/python3.10/site-packages/amr_ai/__init__.py
/home/huyjetson/mobile_robot/ros2_ws/install/amr_ai/lib/python3.10/site-packages/amr_ai/tracking/reid.py
/home/huyjetson/mobile_robot/ros2_ws/install/amr_ai/lib/python3.10/site-packages/amr_ai/tracking/person_tracker_node.py
/home/huyjetson/mobile_robot/ros2_ws/install/amr_ai/lib/python3.10/site-packages/amr_ai/tracking/__init__.py
/home/huyjetson/mobile_robot/ros2_ws/install/amr_ai/lib/python3.10/site-packages/amr_ai/detectors/fire_smoke_detector.py
/home/huyjetson/mobile_robot/ros2_ws/install/amr_ai/lib/python3.10/site-packages/amr_ai/detectors/fall_detector.py
/home/huyjetson/mobile_robot/ros2_ws/install/amr_ai/lib/python3.10/site-packages/amr_ai/detectors/__init__.py
/home/huyjetson/mobile_robot/ros2_ws/install/amr_ai/lib/python3.10/site-packages/amr_ai/detectors/ai_detector_node.py
/home/huyjetson/mobile_robot/ros2_ws/install/amr_ai/lib/python3.10/site-packages/amr_ai/safety/ai_alert_node.py
/home/huyjetson/mobile_robot/ros2_ws/install/amr_ai/lib/python3.10/site-packages/amr_ai/safety/cmd_vel_safety_mux_node.py
/home/huyjetson/mobile_robot/ros2_ws/install/amr_ai/lib/python3.10/site-packages/amr_ai/safety/__init__.py
/home/huyjetson/mobile_robot/ros2_ws/install/amr_ai/lib/python3.10/site-packages/amr_ai/gui/ai_gui_node.py
/home/huyjetson/mobile_robot/ros2_ws/install/amr_ai/lib/python3.10/site-packages/amr_ai/gui/gui_astra_jetson.py
/home/huyjetson/mobile_robot/ros2_ws/install/amr_ai/lib/python3.10/site-packages/amr_ai/gui/__init__.py
/home/huyjetson/mobile_robot/ros2_ws/install/amr_ai/lib/python3.10/site-packages/amr_ai/gui/operator_gui_node.py
/home/huyjetson/mobile_robot/ros2_ws/install/amr_ai/lib/python3.10/site-packages/amr_ai/core/image_probe_node.py
/home/huyjetson/mobile_robot/ros2_ws/install/amr_ai/lib/python3.10/site-packages/amr_ai/core/ai_mode_manager_node.py
/home/huyjetson/mobile_robot/ros2_ws/install/amr_ai/lib/python3.10/site-packages/amr_ai/core/original_ai_main_reference.py
/home/huyjetson/mobile_robot/ros2_ws/install/amr_ai/lib/python3.10/site-packages/amr_ai/core/camera_openni.py
/home/huyjetson/mobile_robot/ros2_ws/install/amr_ai/lib/python3.10/site-packages/amr_ai/core/__init__.py
/home/huyjetson/mobile_robot/ros2_ws/install/amr_ai/lib/python3.10/site-packages/amr_ai/core/config.py
/home/huyjetson/mobile_robot/ros2_ws/install/amr_ai/lib/python3.10/site-packages/amr_ai/core/utils.py
/home/huyjetson/mobile_robot/ros2_ws/install/amr_ai/lib/python3.10/site-packages/amr_ai/nav2/backup.py
/home/huyjetson/mobile_robot/ros2_ws/install/amr_ai/lib/python3.10/site-packages/amr_ai/nav2/follow_servo_node.py
/home/huyjetson/mobile_robot/ros2_ws/install/amr_ai/lib/python3.10/site-packages/amr_ai/nav2/follow_goal_node.py
/home/huyjetson/mobile_robot/ros2_ws/install/amr_ai/lib/python3.10/site-packages/amr_ai/nav2/__init__.py
/home/huyjetson/mobile_robot/ros2_ws/install/amr_ai/lib/python3.10/site-packages/amr_ai/__pycache__/__init__.cpython-310.pyc
/home/huyjetson/mobile_robot/ros2_ws/install/amr_ai/lib/python3.10/site-packages/amr_ai/tracking/__pycache__/reid.cpython-310.pyc
/home/huyjetson/mobile_robot/ros2_ws/install/amr_ai/lib/python3.10/site-packages/amr_ai/tracking/__pycache__/person_tracker_node.cpython-310.pyc
/home/huyjetson/mobile_robot/ros2_ws/install/amr_ai/lib/python3.10/site-packages/amr_ai/tracking/__pycache__/__init__.cpython-310.pyc
/home/huyjetson/mobile_robot/ros2_ws/install/amr_ai/lib/python3.10/site-packages/amr_ai/detectors/__pycache__/fire_smoke_detector.cpython-310.pyc
/home/huyjetson/mobile_robot/ros2_ws/install/amr_ai/lib/python3.10/site-packages/amr_ai/detectors/__pycache__/fall_detector.cpython-310.pyc
/home/huyjetson/mobile_robot/ros2_ws/install/amr_ai/lib/python3.10/site-packages/amr_ai/detectors/__pycache__/__init__.cpython-310.pyc
/home/huyjetson/mobile_robot/ros2_ws/install/amr_ai/lib/python3.10/site-packages/amr_ai/detectors/__pycache__/ai_detector_node.cpython-310.pyc
/home/huyjetson/mobile_robot/ros2_ws/install/amr_ai/lib/python3.10/site-packages/amr_ai/safety/__pycache__/ai_alert_node.cpython-310.pyc
/home/huyjetson/mobile_robot/ros2_ws/install/amr_ai/lib/python3.10/site-packages/amr_ai/safety/__pycache__/cmd_vel_safety_mux_node.cpython-310.pyc
/home/huyjetson/mobile_robot/ros2_ws/install/amr_ai/lib/python3.10/site-packages/amr_ai/safety/__pycache__/__init__.cpython-310.pyc
/home/huyjetson/mobile_robot/ros2_ws/install/amr_ai/lib/python3.10/site-packages/amr_ai/gui/__pycache__/ai_gui_node.cpython-310.pyc
/home/huyjetson/mobile_robot/ros2_ws/install/amr_ai/lib/python3.10/site-packages/amr_ai/gui/__pycache__/gui_astra_jetson.cpython-310.pyc
/home/huyjetson/mobile_robot/ros2_ws/install/amr_ai/lib/python3.10/site-packages/amr_ai/gui/__pycache__/__init__.cpython-310.pyc
/home/huyjetson/mobile_robot/ros2_ws/install/amr_ai/lib/python3.10/site-packages/amr_ai/gui/__pycache__/operator_gui_node.cpython-310.pyc
/home/huyjetson/mobile_robot/ros2_ws/install/amr_ai/lib/python3.10/site-packages/amr_ai/core/__pycache__/image_probe_node.cpython-310.pyc
/home/huyjetson/mobile_robot/ros2_ws/install/amr_ai/lib/python3.10/site-packages/amr_ai/core/__pycache__/ai_mode_manager_node.cpython-310.pyc
/home/huyjetson/mobile_robot/ros2_ws/install/amr_ai/lib/python3.10/site-packages/amr_ai/core/__pycache__/original_ai_main_reference.cpython-310.pyc
/home/huyjetson/mobile_robot/ros2_ws/install/amr_ai/lib/python3.10/site-packages/amr_ai/core/__pycache__/camera_openni.cpython-310.pyc
/home/huyjetson/mobile_robot/ros2_ws/install/amr_ai/lib/python3.10/site-packages/amr_ai/core/__pycache__/__init__.cpython-310.pyc
/home/huyjetson/mobile_robot/ros2_ws/install/amr_ai/lib/python3.10/site-packages/amr_ai/core/__pycache__/config.cpython-310.pyc
/home/huyjetson/mobile_robot/ros2_ws/install/amr_ai/lib/python3.10/site-packages/amr_ai/core/__pycache__/utils.cpython-310.pyc
/home/huyjetson/mobile_robot/ros2_ws/install/amr_ai/lib/python3.10/site-packages/amr_ai/nav2/__pycache__/backup.cpython-310.pyc
/home/huyjetson/mobile_robot/ros2_ws/install/amr_ai/lib/python3.10/site-packages/amr_ai/nav2/__pycache__/follow_servo_node.cpython-310.pyc
/home/huyjetson/mobile_robot/ros2_ws/install/amr_ai/lib/python3.10/site-packages/amr_ai/nav2/__pycache__/follow_goal_node.cpython-310.pyc
/home/huyjetson/mobile_robot/ros2_ws/install/amr_ai/lib/python3.10/site-packages/amr_ai/nav2/__pycache__/__init__.cpython-310.pyc
/home/huyjetson/mobile_robot/ros2_ws/install/amr_ai/share/ament_index/resource_index/packages/amr_ai
/home/huyjetson/mobile_robot/ros2_ws/install/amr_ai/share/amr_ai/package.xml
/home/huyjetson/mobile_robot/ros2_ws/install/amr_ai/share/amr_ai/launch/amr_ai.launch.py
/home/huyjetson/mobile_robot/ros2_ws/install/amr_ai/share/amr_ai/config/ai_params.yaml
/home/huyjetson/mobile_robot/ros2_ws/install/amr_ai/share/amr_ai/models/fire_smoke_s.engine
/home/huyjetson/mobile_robot/ros2_ws/install/amr_ai/share/amr_ai/models/yolo26n-pose.engine
/home/huyjetson/mobile_robot/ros2_ws/install/amr_ai/share/amr_ai/models/yolo26n.engine
/home/huyjetson/mobile_robot/ros2_ws/install/amr_ai/share/amr_ai/trackers
/home/huyjetson/mobile_robot/ros2_ws/install/amr_ai/lib/python3.10/site-packages/amr_ai-0.0.1-py3.10.egg-info/entry_points.txt
/home/huyjetson/mobile_robot/ros2_ws/install/amr_ai/lib/python3.10/site-packages/amr_ai-0.0.1-py3.10.egg-info/requires.txt
/home/huyjetson/mobile_robot/ros2_ws/install/amr_ai/lib/python3.10/site-packages/amr_ai-0.0.1-py3.10.egg-info/SOURCES.txt
/home/huyjetson/mobile_robot/ros2_ws/install/amr_ai/lib/python3.10/site-packages/amr_ai-0.0.1-py3.10.egg-info/zip-safe
/home/huyjetson/mobile_robot/ros2_ws/install/amr_ai/lib/python3.10/site-packages/amr_ai-0.0.1-py3.10.egg-info/PKG-INFO
/home/huyjetson/mobile_robot/ros2_ws/install/amr_ai/lib/python3.10/site-packages/amr_ai-0.0.1-py3.10.egg-info/dependency_links.txt
/home/huyjetson/mobile_robot/ros2_ws/install/amr_ai/lib/python3.10/site-packages/amr_ai-0.0.1-py3.10.egg-info/top_level.txt
/home/huyjetson/mobile_robot/ros2_ws/install/amr_ai/lib/amr_ai/ai_detector
/home/huyjetson/mobile_robot/ros2_ws/install/amr_ai/lib/amr_ai/ai_image_probe
/home/huyjetson/mobile_robot/ros2_ws/install/amr_ai/lib/amr_ai/ai_mode_manager
/home/huyjetson/mobile_robot/ros2_ws/install/amr_ai/lib/amr_ai/cmd_vel_safety_mux
/home/huyjetson/mobile_robot/ros2_ws/install/amr_ai/lib/amr_ai/follow_goal
/home/huyjetson/mobile_robot/ros2_ws/install/amr_ai/lib/amr_ai/follow_servo
/home/huyjetson/mobile_robot/ros2_ws/install/amr_ai/lib/amr_ai/operator_gui
/home/huyjetson/mobile_robot/ros2_ws/install/amr_ai/lib/amr_ai/person_tracker
