[0.268s] DEBUG:colcon:Command line arguments: ['/usr/bin/colcon', 'build', '--symlink-install', '--packages-select', 'amr_bringup']
[0.269s] DEBUG:colcon:Parsed command line arguments: Namespace(log_base=None, log_level=None, verb_name='build', build_base='build', install_base='install', merge_install=False, symlink_install=True, test_result_base=None, continue_on_error=False, executor='parallel', parallel_workers=6, event_handlers=None, ignore_user_meta=False, metas=['./colcon.meta'], base_paths=['.'], packages_ignore=None, packages_ignore_regex=None, paths=None, packages_up_to=None, packages_up_to_regex=None, packages_above=None, packages_above_and_dependencies=None, packages_above_depth=None, packages_select_by_dep=None, packages_skip_by_dep=None, packages_skip_up_to=None, packages_select_build_failed=False, packages_skip_build_finished=False, packages_select_test_failures=False, packages_skip_test_passed=False, packages_select=['amr_bringup'], packages_skip=None, packages_select_regex=None, packages_skip_regex=None, packages_start=None, packages_end=None, allow_overriding=[], cmake_args=None, cmake_target=None, cmake_target_skip_unavailable=False, cmake_clean_cache=False, cmake_clean_first=False, cmake_force_configure=False, ament_cmake_args=None, catkin_cmake_args=None, catkin_skip_building_tests=False, mixin_files=None, mixin=None, verb_parser=<colcon_mixin.mixin.mixin_argument.MixinArgumentDecorator object at 0xffff95c31c60>, verb_extension=<colcon_core.verb.build.BuildVerb object at 0xffff95c31780>, main=<bound method BuildVerb.main of <colcon_core.verb.build.BuildVerb object at 0xffff95c31780>>, mixin_verb=('build',))
[0.679s] Level 1:colcon.colcon_core.package_discovery:discover_packages(colcon_meta) check parameters
[0.680s] Level 1:colcon.colcon_core.package_discovery:discover_packages(recursive) check parameters
[0.680s] Level 1:colcon.colcon_core.package_discovery:discover_packages(ignore) check parameters
[0.680s] Level 1:colcon.colcon_core.package_discovery:discover_packages(path) check parameters
[0.680s] Level 1:colcon.colcon_core.package_discovery:discover_packages(colcon_meta) discover
[0.681s] Level 1:colcon.colcon_core.package_discovery:discover_packages(recursive) discover
[0.681s] INFO:colcon.colcon_core.package_discovery:Crawling recursively for packages in '/home/huyjetson/mobile_robot/ros2_ws'
[0.681s] Level 1:colcon.colcon_core.package_identification:_identify(.) by extensions ['ignore', 'ignore_ament_install']
[0.681s] Level 1:colcon.colcon_core.package_identification:_identify(.) by extension 'ignore'
[0.682s] Level 1:colcon.colcon_core.package_identification:_identify(.) by extension 'ignore_ament_install'
[0.682s] Level 1:colcon.colcon_core.package_identification:_identify(.) by extensions ['colcon_pkg']
[0.682s] Level 1:colcon.colcon_core.package_identification:_identify(.) by extension 'colcon_pkg'
[0.682s] Level 1:colcon.colcon_core.package_identification:_identify(.) by extensions ['colcon_meta']
[0.682s] Level 1:colcon.colcon_core.package_identification:_identify(.) by extension 'colcon_meta'
[0.682s] Level 1:colcon.colcon_core.package_identification:_identify(.) by extensions ['ros']
[0.682s] Level 1:colcon.colcon_core.package_identification:_identify(.) by extension 'ros'
[0.708s] Level 1:colcon.colcon_core.package_identification:_identify(.) by extensions ['cmake', 'python']
[0.708s] Level 1:colcon.colcon_core.package_identification:_identify(.) by extension 'cmake'
[0.709s] Level 1:colcon.colcon_core.package_identification:_identify(.) by extension 'python'
[0.709s] Level 1:colcon.colcon_core.package_identification:_identify(.) by extensions ['python_setup_py']
[0.709s] Level 1:colcon.colcon_core.package_identification:_identify(.) by extension 'python_setup_py'
[0.709s] Level 1:colcon.colcon_core.package_identification:_identify(build) by extensions ['ignore', 'ignore_ament_install']
[0.710s] Level 1:colcon.colcon_core.package_identification:_identify(build) by extension 'ignore'
[0.710s] Level 1:colcon.colcon_core.package_identification:_identify(build) ignored
[0.710s] Level 1:colcon.colcon_core.package_identification:_identify(install) by extensions ['ignore', 'ignore_ament_install']
[0.710s] Level 1:colcon.colcon_core.package_identification:_identify(install) by extension 'ignore'
[0.711s] Level 1:colcon.colcon_core.package_identification:_identify(install) ignored
[0.711s] Level 1:colcon.colcon_core.package_identification:_identify(log) by extensions ['ignore', 'ignore_ament_install']
[0.711s] Level 1:colcon.colcon_core.package_identification:_identify(log) by extension 'ignore'
[0.711s] Level 1:colcon.colcon_core.package_identification:_identify(log) ignored
[0.712s] Level 1:colcon.colcon_core.package_identification:_identify(scripts) by extensions ['ignore', 'ignore_ament_install']
[0.712s] Level 1:colcon.colcon_core.package_identification:_identify(scripts) by extension 'ignore'
[0.712s] Level 1:colcon.colcon_core.package_identification:_identify(scripts) by extension 'ignore_ament_install'
[0.712s] Level 1:colcon.colcon_core.package_identification:_identify(scripts) by extensions ['colcon_pkg']
[0.712s] Level 1:colcon.colcon_core.package_identification:_identify(scripts) by extension 'colcon_pkg'
[0.712s] Level 1:colcon.colcon_core.package_identification:_identify(scripts) by extensions ['colcon_meta']
[0.712s] Level 1:colcon.colcon_core.package_identification:_identify(scripts) by extension 'colcon_meta'
[0.713s] Level 1:colcon.colcon_core.package_identification:_identify(scripts) by extensions ['ros']
[0.713s] Level 1:colcon.colcon_core.package_identification:_identify(scripts) by extension 'ros'
[0.713s] Level 1:colcon.colcon_core.package_identification:_identify(scripts) by extensions ['cmake', 'python']
[0.713s] Level 1:colcon.colcon_core.package_identification:_identify(scripts) by extension 'cmake'
[0.713s] Level 1:colcon.colcon_core.package_identification:_identify(scripts) by extension 'python'
[0.713s] Level 1:colcon.colcon_core.package_identification:_identify(scripts) by extensions ['python_setup_py']
[0.713s] Level 1:colcon.colcon_core.package_identification:_identify(scripts) by extension 'python_setup_py'
[0.714s] Level 1:colcon.colcon_core.package_identification:_identify(src) by extensions ['ignore', 'ignore_ament_install']
[0.714s] Level 1:colcon.colcon_core.package_identification:_identify(src) by extension 'ignore'
[0.714s] Level 1:colcon.colcon_core.package_identification:_identify(src) by extension 'ignore_ament_install'
[0.714s] Level 1:colcon.colcon_core.package_identification:_identify(src) by extensions ['colcon_pkg']
[0.714s] Level 1:colcon.colcon_core.package_identification:_identify(src) by extension 'colcon_pkg'
[0.714s] Level 1:colcon.colcon_core.package_identification:_identify(src) by extensions ['colcon_meta']
[0.714s] Level 1:colcon.colcon_core.package_identification:_identify(src) by extension 'colcon_meta'
[0.714s] Level 1:colcon.colcon_core.package_identification:_identify(src) by extensions ['ros']
[0.714s] Level 1:colcon.colcon_core.package_identification:_identify(src) by extension 'ros'
[0.715s] Level 1:colcon.colcon_core.package_identification:_identify(src) by extensions ['cmake', 'python']
[0.715s] Level 1:colcon.colcon_core.package_identification:_identify(src) by extension 'cmake'
[0.715s] Level 1:colcon.colcon_core.package_identification:_identify(src) by extension 'python'
[0.715s] Level 1:colcon.colcon_core.package_identification:_identify(src) by extensions ['python_setup_py']
[0.715s] Level 1:colcon.colcon_core.package_identification:_identify(src) by extension 'python_setup_py'
[0.715s] Level 1:colcon.colcon_core.package_identification:_identify(src/amr_ai) by extensions ['ignore', 'ignore_ament_install']
[0.716s] Level 1:colcon.colcon_core.package_identification:_identify(src/amr_ai) by extension 'ignore'
[0.716s] Level 1:colcon.colcon_core.package_identification:_identify(src/amr_ai) by extension 'ignore_ament_install'
[0.716s] Level 1:colcon.colcon_core.package_identification:_identify(src/amr_ai) by extensions ['colcon_pkg']
[0.716s] Level 1:colcon.colcon_core.package_identification:_identify(src/amr_ai) by extension 'colcon_pkg'
[0.716s] Level 1:colcon.colcon_core.package_identification:_identify(src/amr_ai) by extensions ['colcon_meta']
[0.716s] Level 1:colcon.colcon_core.package_identification:_identify(src/amr_ai) by extension 'colcon_meta'
[0.716s] Level 1:colcon.colcon_core.package_identification:_identify(src/amr_ai) by extensions ['ros']
[0.716s] Level 1:colcon.colcon_core.package_identification:_identify(src/amr_ai) by extension 'ros'
[0.722s] DEBUG:colcon.colcon_core.package_identification:Package 'src/amr_ai' with type 'ros.ament_python' and name 'amr_ai'
[0.722s] Level 1:colcon.colcon_core.package_identification:_identify(src/amr_bringup) by extensions ['ignore', 'ignore_ament_install']
[0.723s] Level 1:colcon.colcon_core.package_identification:_identify(src/amr_bringup) by extension 'ignore'
[0.723s] Level 1:colcon.colcon_core.package_identification:_identify(src/amr_bringup) by extension 'ignore_ament_install'
[0.723s] Level 1:colcon.colcon_core.package_identification:_identify(src/amr_bringup) by extensions ['colcon_pkg']
[0.723s] Level 1:colcon.colcon_core.package_identification:_identify(src/amr_bringup) by extension 'colcon_pkg'
[0.723s] Level 1:colcon.colcon_core.package_identification:_identify(src/amr_bringup) by extensions ['colcon_meta']
[0.723s] Level 1:colcon.colcon_core.package_identification:_identify(src/amr_bringup) by extension 'colcon_meta'
[0.724s] Level 1:colcon.colcon_core.package_identification:_identify(src/amr_bringup) by extensions ['ros']
[0.724s] Level 1:colcon.colcon_core.package_identification:_identify(src/amr_bringup) by extension 'ros'
[0.725s] DEBUG:colcon.colcon_core.package_identification:Package 'src/amr_bringup' with type 'ros.ament_python' and name 'amr_bringup'
[0.725s] Level 1:colcon.colcon_core.package_identification:_identify(src/amr_control) by extensions ['ignore', 'ignore_ament_install']
[0.725s] Level 1:colcon.colcon_core.package_identification:_identify(src/amr_control) by extension 'ignore'
[0.725s] Level 1:colcon.colcon_core.package_identification:_identify(src/amr_control) by extension 'ignore_ament_install'
[0.726s] Level 1:colcon.colcon_core.package_identification:_identify(src/amr_control) by extensions ['colcon_pkg']
[0.726s] Level 1:colcon.colcon_core.package_identification:_identify(src/amr_control) by extension 'colcon_pkg'
[0.726s] Level 1:colcon.colcon_core.package_identification:_identify(src/amr_control) by extensions ['colcon_meta']
[0.726s] Level 1:colcon.colcon_core.package_identification:_identify(src/amr_control) by extension 'colcon_meta'
[0.726s] Level 1:colcon.colcon_core.package_identification:_identify(src/amr_control) by extensions ['ros']
[0.726s] Level 1:colcon.colcon_core.package_identification:_identify(src/amr_control) by extension 'ros'
[0.728s] DEBUG:colcon.colcon_core.package_identification:Package 'src/amr_control' with type 'ros.ament_cmake' and name 'amr_control'
[0.728s] Level 1:colcon.colcon_core.package_identification:_identify(src/amr_description) by extensions ['ignore', 'ignore_ament_install']
[0.728s] Level 1:colcon.colcon_core.package_identification:_identify(src/amr_description) by extension 'ignore'
[0.728s] Level 1:colcon.colcon_core.package_identification:_identify(src/amr_description) by extension 'ignore_ament_install'
[0.729s] Level 1:colcon.colcon_core.package_identification:_identify(src/amr_description) by extensions ['colcon_pkg']
[0.729s] Level 1:colcon.colcon_core.package_identification:_identify(src/amr_description) by extension 'colcon_pkg'
[0.729s] Level 1:colcon.colcon_core.package_identification:_identify(src/amr_description) by extensions ['colcon_meta']
[0.729s] Level 1:colcon.colcon_core.package_identification:_identify(src/amr_description) by extension 'colcon_meta'
[0.729s] Level 1:colcon.colcon_core.package_identification:_identify(src/amr_description) by extensions ['ros']
[0.729s] Level 1:colcon.colcon_core.package_identification:_identify(src/amr_description) by extension 'ros'
[0.730s] DEBUG:colcon.colcon_core.package_identification:Package 'src/amr_description' with type 'ros.ament_cmake' and name 'amr_description'
[0.731s] Level 1:colcon.colcon_core.package_identification:_identify(src/amr_interfaces) by extensions ['ignore', 'ignore_ament_install']
[0.731s] Level 1:colcon.colcon_core.package_identification:_identify(src/amr_interfaces) by extension 'ignore'
[0.731s] Level 1:colcon.colcon_core.package_identification:_identify(src/amr_interfaces) by extension 'ignore_ament_install'
[0.731s] Level 1:colcon.colcon_core.package_identification:_identify(src/amr_interfaces) by extensions ['colcon_pkg']
[0.731s] Level 1:colcon.colcon_core.package_identification:_identify(src/amr_interfaces) by extension 'colcon_pkg'
[0.731s] Level 1:colcon.colcon_core.package_identification:_identify(src/amr_interfaces) by extensions ['colcon_meta']
[0.731s] Level 1:colcon.colcon_core.package_identification:_identify(src/amr_interfaces) by extension 'colcon_meta'
[0.731s] Level 1:colcon.colcon_core.package_identification:_identify(src/amr_interfaces) by extensions ['ros']
[0.732s] Level 1:colcon.colcon_core.package_identification:_identify(src/amr_interfaces) by extension 'ros'
[0.733s] DEBUG:colcon.colcon_core.package_identification:Package 'src/amr_interfaces' with type 'ros.ament_cmake' and name 'amr_interfaces'
[0.733s] Level 1:colcon.colcon_core.package_identification:_identify(src/amr_navigation) by extensions ['ignore', 'ignore_ament_install']
[0.733s] Level 1:colcon.colcon_core.package_identification:_identify(src/amr_navigation) by extension 'ignore'
[0.733s] Level 1:colcon.colcon_core.package_identification:_identify(src/amr_navigation) by extension 'ignore_ament_install'
[0.734s] Level 1:colcon.colcon_core.package_identification:_identify(src/amr_navigation) by extensions ['colcon_pkg']
[0.734s] Level 1:colcon.colcon_core.package_identification:_identify(src/amr_navigation) by extension 'colcon_pkg'
[0.734s] Level 1:colcon.colcon_core.package_identification:_identify(src/amr_navigation) by extensions ['colcon_meta']
[0.734s] Level 1:colcon.colcon_core.package_identification:_identify(src/amr_navigation) by extension 'colcon_meta'
[0.734s] Level 1:colcon.colcon_core.package_identification:_identify(src/amr_navigation) by extensions ['ros']
[0.734s] Level 1:colcon.colcon_core.package_identification:_identify(src/amr_navigation) by extension 'ros'
[0.735s] DEBUG:colcon.colcon_core.package_identification:Package 'src/amr_navigation' with type 'ros.ament_cmake' and name 'amr_navigation'
[0.735s] Level 1:colcon.colcon_core.package_identification:_identify(src/amr_sensors) by extensions ['ignore', 'ignore_ament_install']
[0.735s] Level 1:colcon.colcon_core.package_identification:_identify(src/amr_sensors) by extension 'ignore'
[0.736s] Level 1:colcon.colcon_core.package_identification:_identify(src/amr_sensors) by extension 'ignore_ament_install'
[0.736s] Level 1:colcon.colcon_core.package_identification:_identify(src/amr_sensors) by extensions ['colcon_pkg']
[0.736s] Level 1:colcon.colcon_core.package_identification:_identify(src/amr_sensors) by extension 'colcon_pkg'
[0.736s] Level 1:colcon.colcon_core.package_identification:_identify(src/amr_sensors) by extensions ['colcon_meta']
[0.736s] Level 1:colcon.colcon_core.package_identification:_identify(src/amr_sensors) by extension 'colcon_meta'
[0.736s] Level 1:colcon.colcon_core.package_identification:_identify(src/amr_sensors) by extensions ['ros']
[0.736s] Level 1:colcon.colcon_core.package_identification:_identify(src/amr_sensors) by extension 'ros'
[0.737s] DEBUG:colcon.colcon_core.package_identification:Package 'src/amr_sensors' with type 'ros.ament_python' and name 'amr_sensors'
[0.738s] Level 1:colcon.colcon_core.package_identification:_identify(src/amr_slam) by extensions ['ignore', 'ignore_ament_install']
[0.738s] Level 1:colcon.colcon_core.package_identification:_identify(src/amr_slam) by extension 'ignore'
[0.738s] Level 1:colcon.colcon_core.package_identification:_identify(src/amr_slam) by extension 'ignore_ament_install'
[0.738s] Level 1:colcon.colcon_core.package_identification:_identify(src/amr_slam) by extensions ['colcon_pkg']
[0.738s] Level 1:colcon.colcon_core.package_identification:_identify(src/amr_slam) by extension 'colcon_pkg'
[0.738s] Level 1:colcon.colcon_core.package_identification:_identify(src/amr_slam) by extensions ['colcon_meta']
[0.738s] Level 1:colcon.colcon_core.package_identification:_identify(src/amr_slam) by extension 'colcon_meta'
[0.738s] Level 1:colcon.colcon_core.package_identification:_identify(src/amr_slam) by extensions ['ros']
[0.739s] Level 1:colcon.colcon_core.package_identification:_identify(src/amr_slam) by extension 'ros'
[0.739s] DEBUG:colcon.colcon_core.package_identification:Package 'src/amr_slam' with type 'ros.ament_cmake' and name 'amr_slam'
[0.740s] Level 1:colcon.colcon_core.package_identification:_identify(src/build) by extensions ['ignore', 'ignore_ament_install']
[0.740s] Level 1:colcon.colcon_core.package_identification:_identify(src/build) by extension 'ignore'
[0.740s] Level 1:colcon.colcon_core.package_identification:_identify(src/build) ignored
[0.740s] Level 1:colcon.colcon_core.package_identification:_identify(src/install) by extensions ['ignore', 'ignore_ament_install']
[0.741s] Level 1:colcon.colcon_core.package_identification:_identify(src/install) by extension 'ignore'
[0.741s] Level 1:colcon.colcon_core.package_identification:_identify(src/install) ignored
[0.741s] Level 1:colcon.colcon_core.package_identification:_identify(src/log) by extensions ['ignore', 'ignore_ament_install']
[0.741s] Level 1:colcon.colcon_core.package_identification:_identify(src/log) by extension 'ignore'
[0.741s] Level 1:colcon.colcon_core.package_identification:_identify(src/log) ignored
[0.742s] Level 1:colcon.colcon_core.package_identification:_identify(src/m-explore-ros2) by extensions ['ignore', 'ignore_ament_install']
[0.742s] Level 1:colcon.colcon_core.package_identification:_identify(src/m-explore-ros2) by extension 'ignore'
[0.742s] Level 1:colcon.colcon_core.package_identification:_identify(src/m-explore-ros2) by extension 'ignore_ament_install'
[0.742s] Level 1:colcon.colcon_core.package_identification:_identify(src/m-explore-ros2) by extensions ['colcon_pkg']
[0.742s] Level 1:colcon.colcon_core.package_identification:_identify(src/m-explore-ros2) by extension 'colcon_pkg'
[0.742s] Level 1:colcon.colcon_core.package_identification:_identify(src/m-explore-ros2) by extensions ['colcon_meta']
[0.742s] Level 1:colcon.colcon_core.package_identification:_identify(src/m-explore-ros2) by extension 'colcon_meta'
[0.742s] Level 1:colcon.colcon_core.package_identification:_identify(src/m-explore-ros2) by extensions ['ros']
[0.742s] Level 1:colcon.colcon_core.package_identification:_identify(src/m-explore-ros2) by extension 'ros'
[0.743s] Level 1:colcon.colcon_core.package_identification:_identify(src/m-explore-ros2) by extensions ['cmake', 'python']
[0.743s] Level 1:colcon.colcon_core.package_identification:_identify(src/m-explore-ros2) by extension 'cmake'
[0.743s] Level 1:colcon.colcon_core.package_identification:_identify(src/m-explore-ros2) by extension 'python'
[0.743s] Level 1:colcon.colcon_core.package_identification:_identify(src/m-explore-ros2) by extensions ['python_setup_py']
[0.743s] Level 1:colcon.colcon_core.package_identification:_identify(src/m-explore-ros2) by extension 'python_setup_py'
[0.743s] Level 1:colcon.colcon_core.package_identification:_identify(src/m-explore-ros2/explore) by extensions ['ignore', 'ignore_ament_install']
[0.744s] Level 1:colcon.colcon_core.package_identification:_identify(src/m-explore-ros2/explore) by extension 'ignore'
[0.744s] Level 1:colcon.colcon_core.package_identification:_identify(src/m-explore-ros2/explore) by extension 'ignore_ament_install'
[0.744s] Level 1:colcon.colcon_core.package_identification:_identify(src/m-explore-ros2/explore) by extensions ['colcon_pkg']
[0.744s] Level 1:colcon.colcon_core.package_identification:_identify(src/m-explore-ros2/explore) by extension 'colcon_pkg'
[0.744s] Level 1:colcon.colcon_core.package_identification:_identify(src/m-explore-ros2/explore) by extensions ['colcon_meta']
[0.744s] Level 1:colcon.colcon_core.package_identification:_identify(src/m-explore-ros2/explore) by extension 'colcon_meta'
[0.744s] Level 1:colcon.colcon_core.package_identification:_identify(src/m-explore-ros2/explore) by extensions ['ros']
[0.744s] Level 1:colcon.colcon_core.package_identification:_identify(src/m-explore-ros2/explore) by extension 'ros'
[0.747s] DEBUG:colcon.colcon_core.package_identification:Package 'src/m-explore-ros2/explore' with type 'ros.ament_cmake' and name 'explore_lite'
[0.747s] Level 1:colcon.colcon_core.package_identification:_identify(src/m-explore-ros2/explore_lite_msgs) by extensions ['ignore', 'ignore_ament_install']
[0.747s] Level 1:colcon.colcon_core.package_identification:_identify(src/m-explore-ros2/explore_lite_msgs) by extension 'ignore'
[0.748s] Level 1:colcon.colcon_core.package_identification:_identify(src/m-explore-ros2/explore_lite_msgs) by extension 'ignore_ament_install'
[0.748s] Level 1:colcon.colcon_core.package_identification:_identify(src/m-explore-ros2/explore_lite_msgs) by extensions ['colcon_pkg']
[0.748s] Level 1:colcon.colcon_core.package_identification:_identify(src/m-explore-ros2/explore_lite_msgs) by extension 'colcon_pkg'
[0.748s] Level 1:colcon.colcon_core.package_identification:_identify(src/m-explore-ros2/explore_lite_msgs) by extensions ['colcon_meta']
[0.748s] Level 1:colcon.colcon_core.package_identification:_identify(src/m-explore-ros2/explore_lite_msgs) by extension 'colcon_meta'
[0.748s] Level 1:colcon.colcon_core.package_identification:_identify(src/m-explore-ros2/explore_lite_msgs) by extensions ['ros']
[0.748s] Level 1:colcon.colcon_core.package_identification:_identify(src/m-explore-ros2/explore_lite_msgs) by extension 'ros'
[0.749s] DEBUG:colcon.colcon_core.package_identification:Package 'src/m-explore-ros2/explore_lite_msgs' with type 'ros.ament_cmake' and name 'explore_lite_msgs'
[0.750s] Level 1:colcon.colcon_core.package_identification:_identify(src/m-explore-ros2/map_merge) by extensions ['ignore', 'ignore_ament_install']
[0.750s] Level 1:colcon.colcon_core.package_identification:_identify(src/m-explore-ros2/map_merge) by extension 'ignore'
[0.750s] Level 1:colcon.colcon_core.package_identification:_identify(src/m-explore-ros2/map_merge) by extension 'ignore_ament_install'
[0.750s] Level 1:colcon.colcon_core.package_identification:_identify(src/m-explore-ros2/map_merge) by extensions ['colcon_pkg']
[0.750s] Level 1:colcon.colcon_core.package_identification:_identify(src/m-explore-ros2/map_merge) by extension 'colcon_pkg'
[0.750s] Level 1:colcon.colcon_core.package_identification:_identify(src/m-explore-ros2/map_merge) by extensions ['colcon_meta']
[0.750s] Level 1:colcon.colcon_core.package_identification:_identify(src/m-explore-ros2/map_merge) by extension 'colcon_meta'
[0.751s] Level 1:colcon.colcon_core.package_identification:_identify(src/m-explore-ros2/map_merge) by extensions ['ros']
[0.751s] Level 1:colcon.colcon_core.package_identification:_identify(src/m-explore-ros2/map_merge) by extension 'ros'
[0.756s] DEBUG:colcon.colcon_core.package_identification:Package 'src/m-explore-ros2/map_merge' with type 'ros.ament_cmake' and name 'multirobot_map_merge'
[0.757s] Level 1:colcon.colcon_core.package_identification:_identify(src/ros2_astra_camera) by extensions ['ignore', 'ignore_ament_install']
[0.757s] Level 1:colcon.colcon_core.package_identification:_identify(src/ros2_astra_camera) by extension 'ignore'
[0.757s] Level 1:colcon.colcon_core.package_identification:_identify(src/ros2_astra_camera) by extension 'ignore_ament_install'
[0.757s] Level 1:colcon.colcon_core.package_identification:_identify(src/ros2_astra_camera) by extensions ['colcon_pkg']
[0.758s] Level 1:colcon.colcon_core.package_identification:_identify(src/ros2_astra_camera) by extension 'colcon_pkg'
[0.758s] Level 1:colcon.colcon_core.package_identification:_identify(src/ros2_astra_camera) by extensions ['colcon_meta']
[0.758s] Level 1:colcon.colcon_core.package_identification:_identify(src/ros2_astra_camera) by extension 'colcon_meta'
[0.758s] Level 1:colcon.colcon_core.package_identification:_identify(src/ros2_astra_camera) by extensions ['ros']
[0.758s] Level 1:colcon.colcon_core.package_identification:_identify(src/ros2_astra_camera) by extension 'ros'
[0.758s] Level 1:colcon.colcon_core.package_identification:_identify(src/ros2_astra_camera) by extensions ['cmake', 'python']
[0.758s] Level 1:colcon.colcon_core.package_identification:_identify(src/ros2_astra_camera) by extension 'cmake'
[0.758s] Level 1:colcon.colcon_core.package_identification:_identify(src/ros2_astra_camera) by extension 'python'
[0.759s] Level 1:colcon.colcon_core.package_identification:_identify(src/ros2_astra_camera) by extensions ['python_setup_py']
[0.759s] Level 1:colcon.colcon_core.package_identification:_identify(src/ros2_astra_camera) by extension 'python_setup_py'
[0.759s] Level 1:colcon.colcon_core.package_identification:_identify(src/ros2_astra_camera/astra_camera) by extensions ['ignore', 'ignore_ament_install']
[0.759s] Level 1:colcon.colcon_core.package_identification:_identify(src/ros2_astra_camera/astra_camera) by extension 'ignore'
[0.759s] Level 1:colcon.colcon_core.package_identification:_identify(src/ros2_astra_camera/astra_camera) by extension 'ignore_ament_install'
[0.759s] Level 1:colcon.colcon_core.package_identification:_identify(src/ros2_astra_camera/astra_camera) by extensions ['colcon_pkg']
[0.760s] Level 1:colcon.colcon_core.package_identification:_identify(src/ros2_astra_camera/astra_camera) by extension 'colcon_pkg'
[0.760s] Level 1:colcon.colcon_core.package_identification:_identify(src/ros2_astra_camera/astra_camera) by extensions ['colcon_meta']
[0.760s] Level 1:colcon.colcon_core.package_identification:_identify(src/ros2_astra_camera/astra_camera) by extension 'colcon_meta'
[0.760s] Level 1:colcon.colcon_core.package_identification:_identify(src/ros2_astra_camera/astra_camera) by extensions ['ros']
[0.760s] Level 1:colcon.colcon_core.package_identification:_identify(src/ros2_astra_camera/astra_camera) by extension 'ros'
[0.764s] DEBUG:colcon.colcon_core.package_identification:Package 'src/ros2_astra_camera/astra_camera' with type 'ros.ament_cmake' and name 'astra_camera'
[0.764s] Level 1:colcon.colcon_core.package_identification:_identify(src/ros2_astra_camera/astra_camera_msgs) by extensions ['ignore', 'ignore_ament_install']
[0.765s] Level 1:colcon.colcon_core.package_identification:_identify(src/ros2_astra_camera/astra_camera_msgs) by extension 'ignore'
[0.765s] Level 1:colcon.colcon_core.package_identification:_identify(src/ros2_astra_camera/astra_camera_msgs) by extension 'ignore_ament_install'
[0.765s] Level 1:colcon.colcon_core.package_identification:_identify(src/ros2_astra_camera/astra_camera_msgs) by extensions ['colcon_pkg']
[0.765s] Level 1:colcon.colcon_core.package_identification:_identify(src/ros2_astra_camera/astra_camera_msgs) by extension 'colcon_pkg'
[0.765s] Level 1:colcon.colcon_core.package_identification:_identify(src/ros2_astra_camera/astra_camera_msgs) by extensions ['colcon_meta']
[0.765s] Level 1:colcon.colcon_core.package_identification:_identify(src/ros2_astra_camera/astra_camera_msgs) by extension 'colcon_meta'
[0.765s] Level 1:colcon.colcon_core.package_identification:_identify(src/ros2_astra_camera/astra_camera_msgs) by extensions ['ros']
[0.766s] Level 1:colcon.colcon_core.package_identification:_identify(src/ros2_astra_camera/astra_camera_msgs) by extension 'ros'
[0.767s] DEBUG:colcon.colcon_core.package_identification:Package 'src/ros2_astra_camera/astra_camera_msgs' with type 'ros.ament_cmake' and name 'astra_camera_msgs'
[0.767s] Level 1:colcon.colcon_core.package_identification:_identify(src/sllidar_ros2) by extensions ['ignore', 'ignore_ament_install']
[0.767s] Level 1:colcon.colcon_core.package_identification:_identify(src/sllidar_ros2) by extension 'ignore'
[0.767s] Level 1:colcon.colcon_core.package_identification:_identify(src/sllidar_ros2) by extension 'ignore_ament_install'
[0.768s] Level 1:colcon.colcon_core.package_identification:_identify(src/sllidar_ros2) by extensions ['colcon_pkg']
[0.768s] Level 1:colcon.colcon_core.package_identification:_identify(src/sllidar_ros2) by extension 'colcon_pkg'
[0.768s] Level 1:colcon.colcon_core.package_identification:_identify(src/sllidar_ros2) by extensions ['colcon_meta']
[0.768s] Level 1:colcon.colcon_core.package_identification:_identify(src/sllidar_ros2) by extension 'colcon_meta'
[0.768s] Level 1:colcon.colcon_core.package_identification:_identify(src/sllidar_ros2) by extensions ['ros']
[0.768s] Level 1:colcon.colcon_core.package_identification:_identify(src/sllidar_ros2) by extension 'ros'
[0.769s] DEBUG:colcon.colcon_core.package_identification:Package 'src/sllidar_ros2' with type 'ros.ament_cmake' and name 'sllidar_ros2'
[0.770s] Level 1:colcon.colcon_core.package_discovery:discover_packages(recursive) using defaults
[0.770s] Level 1:colcon.colcon_core.package_discovery:discover_packages(ignore) discover
[0.770s] Level 1:colcon.colcon_core.package_discovery:discover_packages(ignore) using defaults
[0.770s] Level 1:colcon.colcon_core.package_discovery:discover_packages(path) discover
[0.770s] Level 1:colcon.colcon_core.package_discovery:discover_packages(path) using defaults
[0.869s] INFO:colcon.colcon_core.package_selection:Skipping not selected package 'amr_ai' in 'src/amr_ai'
[0.870s] INFO:colcon.colcon_core.package_selection:Skipping not selected package 'amr_control' in 'src/amr_control'
[0.870s] INFO:colcon.colcon_core.package_selection:Skipping not selected package 'amr_description' in 'src/amr_description'
[0.870s] INFO:colcon.colcon_core.package_selection:Skipping not selected package 'amr_interfaces' in 'src/amr_interfaces'
[0.870s] INFO:colcon.colcon_core.package_selection:Skipping not selected package 'amr_navigation' in 'src/amr_navigation'
[0.870s] INFO:colcon.colcon_core.package_selection:Skipping not selected package 'amr_sensors' in 'src/amr_sensors'
[0.870s] INFO:colcon.colcon_core.package_selection:Skipping not selected package 'amr_slam' in 'src/amr_slam'
[0.870s] INFO:colcon.colcon_core.package_selection:Skipping not selected package 'astra_camera_msgs' in 'src/ros2_astra_camera/astra_camera_msgs'
[0.870s] INFO:colcon.colcon_core.package_selection:Skipping not selected package 'explore_lite_msgs' in 'src/m-explore-ros2/explore_lite_msgs'
[0.870s] INFO:colcon.colcon_core.package_selection:Skipping not selected package 'multirobot_map_merge' in 'src/m-explore-ros2/map_merge'
[0.871s] INFO:colcon.colcon_core.package_selection:Skipping not selected package 'sllidar_ros2' in 'src/sllidar_ros2'
[0.871s] INFO:colcon.colcon_core.package_selection:Skipping not selected package 'astra_camera' in 'src/ros2_astra_camera/astra_camera'
[0.871s] INFO:colcon.colcon_core.package_selection:Skipping not selected package 'explore_lite' in 'src/m-explore-ros2/explore'
[0.872s] Level 1:colcon.colcon_core.package_discovery:discover_packages(prefix_path) check parameters
[0.872s] Level 1:colcon.colcon_core.package_discovery:discover_packages(prefix_path) discover
[0.877s] DEBUG:colcon.colcon_installed_package_information.package_discovery:Found 1 installed packages in /home/huyjetson/mobile_robot/ros2_ws/src/install
[0.880s] DEBUG:colcon.colcon_installed_package_information.package_discovery:Found 366 installed packages in /opt/ros/humble
[0.883s] Level 1:colcon.colcon_core.package_discovery:discover_packages(prefix_path) using defaults
[0.993s] Level 5:colcon.colcon_core.verb:set package 'amr_bringup' build argument 'cmake_args' from command line to 'None'
[0.993s] Level 5:colcon.colcon_core.verb:set package 'amr_bringup' build argument 'cmake_target' from command line to 'None'
[0.993s] Level 5:colcon.colcon_core.verb:set package 'amr_bringup' build argument 'cmake_target_skip_unavailable' from command line to 'False'
[0.993s] Level 5:colcon.colcon_core.verb:set package 'amr_bringup' build argument 'cmake_clean_cache' from command line to 'False'
[0.993s] Level 5:colcon.colcon_core.verb:set package 'amr_bringup' build argument 'cmake_clean_first' from command line to 'False'
[0.993s] Level 5:colcon.colcon_core.verb:set package 'amr_bringup' build argument 'cmake_force_configure' from command line to 'False'
[0.993s] Level 5:colcon.colcon_core.verb:set package 'amr_bringup' build argument 'ament_cmake_args' from command line to 'None'
[0.994s] Level 5:colcon.colcon_core.verb:set package 'amr_bringup' build argument 'catkin_cmake_args' from command line to 'None'
[0.994s] Level 5:colcon.colcon_core.verb:set package 'amr_bringup' build argument 'catkin_skip_building_tests' from command line to 'False'
[0.994s] DEBUG:colcon.colcon_core.verb:Building package 'amr_bringup' with the following arguments: {'ament_cmake_args': None, 'build_base': '/home/huyjetson/mobile_robot/ros2_ws/build/amr_bringup', 'catkin_cmake_args': None, 'catkin_skip_building_tests': False, 'cmake_args': None, 'cmake_clean_cache': False, 'cmake_clean_first': False, 'cmake_force_configure': False, 'cmake_target': None, 'cmake_target_skip_unavailable': False, 'install_base': '/home/huyjetson/mobile_robot/ros2_ws/install/amr_bringup', 'merge_install': False, 'path': '/home/huyjetson/mobile_robot/ros2_ws/src/amr_bringup', 'symlink_install': True, 'test_result_base': None}
[0.994s] INFO:colcon.colcon_core.executor:Executing jobs using 'parallel' executor
[0.998s] DEBUG:colcon.colcon_parallel_executor.executor.parallel:run_until_complete
[0.998s] INFO:colcon.colcon_ros.task.ament_python.build:Building ROS package in '/home/huyjetson/mobile_robot/ros2_ws/src/amr_bringup' with build type 'ament_python'
[0.999s] Level 1:colcon.colcon_core.shell:create_environment_hook('amr_bringup', 'ament_prefix_path')
[1.004s] INFO:colcon.colcon_core.plugin_system:Skipping extension 'colcon_core.shell.bat': Not used on non-Windows systems
[1.005s] INFO:colcon.colcon_core.shell:Creating environment hook '/home/huyjetson/mobile_robot/ros2_ws/install/amr_bringup/share/amr_bringup/hook/ament_prefix_path.ps1'
[1.007s] INFO:colcon.colcon_core.shell:Creating environment descriptor '/home/huyjetson/mobile_robot/ros2_ws/install/amr_bringup/share/amr_bringup/hook/ament_prefix_path.dsv'
[1.008s] INFO:colcon.colcon_core.shell:Creating environment hook '/home/huyjetson/mobile_robot/ros2_ws/install/amr_bringup/share/amr_bringup/hook/ament_prefix_path.sh'
[1.010s] INFO:colcon.colcon_core.shell:Skip shell extension 'powershell' for command environment: Not usable outside of PowerShell
[1.010s] DEBUG:colcon.colcon_core.shell:Skip shell extension 'dsv' for command environment
[1.676s] INFO:colcon.colcon_core.task.python.build:Building Python package in '/home/huyjetson/mobile_robot/ros2_ws/src/amr_bringup'
[1.677s] INFO:colcon.colcon_core.shell:Skip shell extension 'powershell' for command environment: Not usable outside of PowerShell
[1.677s] DEBUG:colcon.colcon_core.shell:Skip shell extension 'dsv' for command environment
[2.572s] DEBUG:colcon.colcon_core.event_handler.log_command:Invoking command in '/home/huyjetson/mobile_robot/ros2_ws/build/amr_bringup': PYTHONPATH=/home/huyjetson/mobile_robot/ros2_ws/build/amr_bringup/prefix_override:/usr/lib/python3/dist-packages/colcon_core/task/python/colcon_distutils_commands:/home/huyjetson/mobile_robot/ros2_ws/install/amr_bringup/lib/python3.10/site-packages:${PYTHONPATH} /usr/bin/python3 -W ignore:setup.py install is deprecated -W ignore:easy_install command is deprecated setup.py develop --editable --build-directory /home/huyjetson/mobile_robot/ros2_ws/build/amr_bringup/build --no-deps symlink_data
[3.749s] Level 1:colcon.colcon_core.shell:create_environment_hook('amr_bringup', 'pythonpath_develop')
[3.751s] INFO:colcon.colcon_core.shell:Creating environment hook '/home/huyjetson/mobile_robot/ros2_ws/build/amr_bringup/share/amr_bringup/hook/pythonpath_develop.ps1'
[3.752s] DEBUG:colcon.colcon_core.event_handler.log_command:Invoked command in '/home/huyjetson/mobile_robot/ros2_ws/build/amr_bringup' returned '0': PYTHONPATH=/home/huyjetson/mobile_robot/ros2_ws/build/amr_bringup/prefix_override:/usr/lib/python3/dist-packages/colcon_core/task/python/colcon_distutils_commands:/home/huyjetson/mobile_robot/ros2_ws/install/amr_bringup/lib/python3.10/site-packages:${PYTHONPATH} /usr/bin/python3 -W ignore:setup.py install is deprecated -W ignore:easy_install command is deprecated setup.py develop --editable --build-directory /home/huyjetson/mobile_robot/ros2_ws/build/amr_bringup/build --no-deps symlink_data
[3.755s] INFO:colcon.colcon_core.shell:Creating environment descriptor '/home/huyjetson/mobile_robot/ros2_ws/build/amr_bringup/share/amr_bringup/hook/pythonpath_develop.dsv'
[3.757s] INFO:colcon.colcon_core.shell:Creating environment hook '/home/huyjetson/mobile_robot/ros2_ws/build/amr_bringup/share/amr_bringup/hook/pythonpath_develop.sh'
[3.773s] Level 1:colcon.colcon_core.environment:checking '/home/huyjetson/mobile_robot/ros2_ws/install/amr_bringup' for CMake module files
[3.775s] Level 1:colcon.colcon_core.environment:checking '/home/huyjetson/mobile_robot/ros2_ws/install/amr_bringup' for CMake config files
[3.780s] Level 1:colcon.colcon_core.environment:checking '/home/huyjetson/mobile_robot/ros2_ws/install/amr_bringup/lib'
[3.780s] Level 1:colcon.colcon_core.environment:checking '/home/huyjetson/mobile_robot/ros2_ws/install/amr_bringup/bin'
[3.781s] Level 1:colcon.colcon_core.environment:checking '/home/huyjetson/mobile_robot/ros2_ws/install/amr_bringup/lib/pkgconfig/amr_bringup.pc'
[3.782s] Level 1:colcon.colcon_core.environment:checking '/home/huyjetson/mobile_robot/ros2_ws/install/amr_bringup/lib/python3.10/site-packages'
[3.782s] Level 1:colcon.colcon_core.shell:create_environment_hook('amr_bringup', 'pythonpath')
[3.784s] INFO:colcon.colcon_core.shell:Creating environment hook '/home/huyjetson/mobile_robot/ros2_ws/install/amr_bringup/share/amr_bringup/hook/pythonpath.ps1'
[3.787s] INFO:colcon.colcon_core.shell:Creating environment descriptor '/home/huyjetson/mobile_robot/ros2_ws/install/amr_bringup/share/amr_bringup/hook/pythonpath.dsv'
[3.789s] INFO:colcon.colcon_core.shell:Creating environment hook '/home/huyjetson/mobile_robot/ros2_ws/install/amr_bringup/share/amr_bringup/hook/pythonpath.sh'
[3.792s] Level 1:colcon.colcon_core.environment:checking '/home/huyjetson/mobile_robot/ros2_ws/install/amr_bringup/bin'
[3.792s] Level 1:colcon.colcon_core.environment:create_environment_scripts_only(amr_bringup)
[3.795s] INFO:colcon.colcon_core.shell:Creating package script '/home/huyjetson/mobile_robot/ros2_ws/install/amr_bringup/share/amr_bringup/package.ps1'
[3.800s] INFO:colcon.colcon_core.shell:Creating package descriptor '/home/huyjetson/mobile_robot/ros2_ws/install/amr_bringup/share/amr_bringup/package.dsv'
[3.803s] INFO:colcon.colcon_core.shell:Creating package script '/home/huyjetson/mobile_robot/ros2_ws/install/amr_bringup/share/amr_bringup/package.sh'
[3.806s] INFO:colcon.colcon_core.shell:Creating package script '/home/huyjetson/mobile_robot/ros2_ws/install/amr_bringup/share/amr_bringup/package.bash'
[3.809s] INFO:colcon.colcon_core.shell:Creating package script '/home/huyjetson/mobile_robot/ros2_ws/install/amr_bringup/share/amr_bringup/package.zsh'
[3.812s] Level 1:colcon.colcon_core.environment:create_file_with_runtime_dependencies(/home/huyjetson/mobile_robot/ros2_ws/install/amr_bringup/share/colcon-core/packages/amr_bringup)
[3.814s] DEBUG:colcon.colcon_parallel_executor.executor.parallel:closing loop
[3.817s] DEBUG:colcon.colcon_parallel_executor.executor.parallel:loop closed
[3.818s] DEBUG:colcon.colcon_parallel_executor.executor.parallel:run_until_complete finished with '0'
[3.818s] DEBUG:colcon.colcon_core.event_reactor:joining thread
[3.821s] DEBUG:colcon.colcon_core.event_reactor:joined thread
[3.822s] INFO:colcon.colcon_core.shell:Creating prefix script '/home/huyjetson/mobile_robot/ros2_ws/install/local_setup.ps1'
[3.827s] INFO:colcon.colcon_core.shell:Creating prefix util module '/home/huyjetson/mobile_robot/ros2_ws/install/_local_setup_util_ps1.py'
[3.833s] INFO:colcon.colcon_core.shell:Creating prefix chain script '/home/huyjetson/mobile_robot/ros2_ws/install/setup.ps1'
[3.840s] INFO:colcon.colcon_core.shell:Creating prefix script '/home/huyjetson/mobile_robot/ros2_ws/install/local_setup.sh'
[3.842s] INFO:colcon.colcon_core.shell:Creating prefix util module '/home/huyjetson/mobile_robot/ros2_ws/install/_local_setup_util_sh.py'
[3.845s] INFO:colcon.colcon_core.shell:Creating prefix chain script '/home/huyjetson/mobile_robot/ros2_ws/install/setup.sh'
[3.849s] INFO:colcon.colcon_core.shell:Creating prefix script '/home/huyjetson/mobile_robot/ros2_ws/install/local_setup.bash'
[3.851s] INFO:colcon.colcon_core.shell:Creating prefix chain script '/home/huyjetson/mobile_robot/ros2_ws/install/setup.bash'
[3.854s] INFO:colcon.colcon_core.shell:Creating prefix script '/home/huyjetson/mobile_robot/ros2_ws/install/local_setup.zsh'
[3.856s] INFO:colcon.colcon_core.shell:Creating prefix chain script '/home/huyjetson/mobile_robot/ros2_ws/install/setup.zsh'
