[0.311s] Invoking command in '/home/huy_ubuntu/mobile_robot/ros2_ws/build/amr_interfaces': CMAKE_PREFIX_PATH=/opt/ros/humble /usr/bin/cmake /home/huy_ubuntu/mobile_robot/ros2_ws/src/amr_interfaces -DAMENT_CMAKE_SYMLINK_INSTALL=1 -DCMAKE_INSTALL_PREFIX=/home/huy_ubuntu/mobile_robot/ros2_ws/install/amr_interfaces
[0.478s] -- The C compiler identification is GNU 11.4.0
[1.576s] -- The CXX compiler identification is GNU 11.4.0
[2.602s] -- Detecting C compiler ABI info
[2.884s] -- Detecting C compiler ABI info - done
[2.888s] -- Check for working C compiler: /usr/bin/cc - skipped
[2.888s] -- Detecting C compile features
[2.889s] -- Detecting C compile features - done
[2.890s] -- Detecting CXX compiler ABI info
[3.089s] -- Detecting CXX compiler ABI info - done
[3.092s] -- Check for working CXX compiler: /usr/bin/c++ - skipped
[3.093s] -- Detecting CXX compile features
[3.093s] -- Detecting CXX compile features - done
[3.094s] -- Found ament_cmake: 1.3.14 (/opt/ros/humble/share/ament_cmake/cmake)
[3.176s] -- Found Python3: /usr/bin/python3 (found version "3.10.12") found components: Interpreter 
[3.212s] -- Override CMake install command with custom implementation using symlinks instead of copying resources
[3.228s] -- Found ament_lint_auto: 0.12.15 (/opt/ros/humble/share/ament_lint_auto/cmake)
[3.285s] -- Added test 'lint_cmake' to check CMake code style
[3.286s] -- Added test 'xmllint' to check XML markup files
[3.288s] -- Configuring done
[3.291s] -- Generating done
[3.292s] -- Build files have been written to: /home/huy_ubuntu/mobile_robot/ros2_ws/build/amr_interfaces
[3.295s] Invoked command in '/home/huy_ubuntu/mobile_robot/ros2_ws/build/amr_interfaces' returned '0': CMAKE_PREFIX_PATH=/opt/ros/humble /usr/bin/cmake /home/huy_ubuntu/mobile_robot/ros2_ws/src/amr_interfaces -DAMENT_CMAKE_SYMLINK_INSTALL=1 -DCMAKE_INSTALL_PREFIX=/home/huy_ubuntu/mobile_robot/ros2_ws/install/amr_interfaces
[3.296s] Invoking command in '/home/huy_ubuntu/mobile_robot/ros2_ws/build/amr_interfaces': CMAKE_PREFIX_PATH=/opt/ros/humble /usr/bin/cmake --build /home/huy_ubuntu/mobile_robot/ros2_ws/build/amr_interfaces -- -j20 -l20
[3.319s] Invoked command in '/home/huy_ubuntu/mobile_robot/ros2_ws/build/amr_interfaces' returned '0': CMAKE_PREFIX_PATH=/opt/ros/humble /usr/bin/cmake --build /home/huy_ubuntu/mobile_robot/ros2_ws/build/amr_interfaces -- -j20 -l20
[3.326s] Invoking command in '/home/huy_ubuntu/mobile_robot/ros2_ws/build/amr_interfaces': CMAKE_PREFIX_PATH=/opt/ros/humble /usr/bin/cmake --install /home/huy_ubuntu/mobile_robot/ros2_ws/build/amr_interfaces
[3.332s] -- Install configuration: ""
[3.332s] -- Execute custom install script
[3.333s] -- Symlinking: /home/huy_ubuntu/mobile_robot/ros2_ws/install/amr_interfaces/share/ament_index/resource_index/package_run_dependencies/amr_interfaces
[3.339s] -- Symlinking: /home/huy_ubuntu/mobile_robot/ros2_ws/install/amr_interfaces/share/ament_index/resource_index/parent_prefix_path/amr_interfaces
[3.344s] -- Symlinking: /home/huy_ubuntu/mobile_robot/ros2_ws/install/amr_interfaces/share/amr_interfaces/environment/ament_prefix_path.sh
[3.351s] -- Symlinking: /home/huy_ubuntu/mobile_robot/ros2_ws/install/amr_interfaces/share/amr_interfaces/environment/ament_prefix_path.dsv
[3.356s] -- Symlinking: /home/huy_ubuntu/mobile_robot/ros2_ws/install/amr_interfaces/share/amr_interfaces/environment/path.sh
[3.361s] -- Symlinking: /home/huy_ubuntu/mobile_robot/ros2_ws/install/amr_interfaces/share/amr_interfaces/environment/path.dsv
[3.366s] -- Symlinking: /home/huy_ubuntu/mobile_robot/ros2_ws/install/amr_interfaces/share/amr_interfaces/local_setup.bash
[3.371s] -- Symlinking: /home/huy_ubuntu/mobile_robot/ros2_ws/install/amr_interfaces/share/amr_interfaces/local_setup.sh
[3.378s] -- Symlinking: /home/huy_ubuntu/mobile_robot/ros2_ws/install/amr_interfaces/share/amr_interfaces/local_setup.zsh
[3.383s] -- Symlinking: /home/huy_ubuntu/mobile_robot/ros2_ws/install/amr_interfaces/share/amr_interfaces/local_setup.dsv
[3.390s] -- Symlinking: /home/huy_ubuntu/mobile_robot/ros2_ws/install/amr_interfaces/share/amr_interfaces/package.dsv
[3.396s] -- Symlinking: /home/huy_ubuntu/mobile_robot/ros2_ws/install/amr_interfaces/share/ament_index/resource_index/packages/amr_interfaces
[3.403s] -- Symlinking: /home/huy_ubuntu/mobile_robot/ros2_ws/install/amr_interfaces/share/amr_interfaces/cmake/amr_interfacesConfig.cmake
[3.408s] -- Symlinking: /home/huy_ubuntu/mobile_robot/ros2_ws/install/amr_interfaces/share/amr_interfaces/cmake/amr_interfacesConfig-version.cmake
[3.413s] -- Symlinking: /home/huy_ubuntu/mobile_robot/ros2_ws/install/amr_interfaces/share/amr_interfaces/package.xml
[3.420s] Invoked command in '/home/huy_ubuntu/mobile_robot/ros2_ws/build/amr_interfaces' returned '0': CMAKE_PREFIX_PATH=/opt/ros/humble /usr/bin/cmake --install /home/huy_ubuntu/mobile_robot/ros2_ws/build/amr_interfaces
