[1.636s] Invoking command in '/home/huyjetson/mobile_robot/ros2_ws/src/amr_bringup': PYTHONPATH=/home/huyjetson/mobile_robot/ros2_ws/src/amr_bringup/build/amr_bringup/prefix_override:/usr/lib/python3/dist-packages/colcon_core/task/python/colcon_distutils_commands:/home/huyjetson/mobile_robot/ros2_ws/src/amr_bringup/install/amr_bringup/lib/python3.10/site-packages:${PYTHONPATH} /usr/bin/python3 -W ignore:setup.py install is deprecated -W ignore:easy_install command is deprecated setup.py egg_info --egg-base build/amr_bringup build --build-base /home/huyjetson/mobile_robot/ros2_ws/src/amr_bringup/build/amr_bringup/build install --record /home/huyjetson/mobile_robot/ros2_ws/src/amr_bringup/build/amr_bringup/install.log --single-version-externally-managed install_data
[2.267s] running egg_info
[2.268s] creating build/amr_bringup/amr_bringup.egg-info
[2.269s] writing build/amr_bringup/amr_bringup.egg-info/PKG-INFO
[2.270s] writing dependency_links to build/amr_bringup/amr_bringup.egg-info/dependency_links.txt
[2.270s] writing entry points to build/amr_bringup/amr_bringup.egg-info/entry_points.txt
[2.271s] writing requirements to build/amr_bringup/amr_bringup.egg-info/requires.txt
[2.271s] writing top-level names to build/amr_bringup/amr_bringup.egg-info/top_level.txt
[2.271s] writing manifest file 'build/amr_bringup/amr_bringup.egg-info/SOURCES.txt'
[2.277s] reading manifest file 'build/amr_bringup/amr_bringup.egg-info/SOURCES.txt'
[2.278s] writing manifest file 'build/amr_bringup/amr_bringup.egg-info/SOURCES.txt'
[2.278s] running build
[2.279s] running build_py
[2.279s] creating /home/huyjetson/mobile_robot/ros2_ws/src/amr_bringup/build/amr_bringup/build
[2.279s] creating /home/huyjetson/mobile_robot/ros2_ws/src/amr_bringup/build/amr_bringup/build/lib
[2.279s] creating /home/huyjetson/mobile_robot/ros2_ws/src/amr_bringup/build/amr_bringup/build/lib/amr_bringup
[2.280s] copying amr_bringup/__init__.py -> /home/huyjetson/mobile_robot/ros2_ws/src/amr_bringup/build/amr_bringup/build/lib/amr_bringup
[2.280s] running build_scripts
[2.280s] creating /home/huyjetson/mobile_robot/ros2_ws/src/amr_bringup/build/amr_bringup/build/scripts-3.10
[2.281s] copying and adjusting scripts/cloud_qos_relay.py -> /home/huyjetson/mobile_robot/ros2_ws/src/amr_bringup/build/amr_bringup/build/scripts-3.10
[2.281s] changing mode of /home/huyjetson/mobile_robot/ros2_ws/src/amr_bringup/build/amr_bringup/build/scripts-3.10/cloud_qos_relay.py from 664 to 775
[2.281s] running install
[2.282s] running install_lib
[2.283s] creating /home/huyjetson/mobile_robot/ros2_ws/src/amr_bringup/install/amr_bringup/lib/python3.10/site-packages/amr_bringup
[2.284s] copying /home/huyjetson/mobile_robot/ros2_ws/src/amr_bringup/build/amr_bringup/build/lib/amr_bringup/__init__.py -> /home/huyjetson/mobile_robot/ros2_ws/src/amr_bringup/install/amr_bringup/lib/python3.10/site-packages/amr_bringup
[2.285s] byte-compiling /home/huyjetson/mobile_robot/ros2_ws/src/amr_bringup/install/amr_bringup/lib/python3.10/site-packages/amr_bringup/__init__.py to __init__.cpython-310.pyc
[2.286s] running install_data
[2.286s] creating /home/huyjetson/mobile_robot/ros2_ws/src/amr_bringup/install/amr_bringup/share/ament_index
[2.286s] creating /home/huyjetson/mobile_robot/ros2_ws/src/amr_bringup/install/amr_bringup/share/ament_index/resource_index
[2.287s] creating /home/huyjetson/mobile_robot/ros2_ws/src/amr_bringup/install/amr_bringup/share/ament_index/resource_index/packages
[2.287s] copying resource/amr_bringup -> /home/huyjetson/mobile_robot/ros2_ws/src/amr_bringup/install/amr_bringup/share/ament_index/resource_index/packages
[2.287s] copying package.xml -> /home/huyjetson/mobile_robot/ros2_ws/src/amr_bringup/install/amr_bringup/share/amr_bringup
[2.287s] creating /home/huyjetson/mobile_robot/ros2_ws/src/amr_bringup/install/amr_bringup/share/amr_bringup/launch
[2.287s] copying launch/bringup_vslam.launch.py -> /home/huyjetson/mobile_robot/ros2_ws/src/amr_bringup/install/amr_bringup/share/amr_bringup/launch
[2.287s] copying launch/bringup_lidar.launch.py -> /home/huyjetson/mobile_robot/ros2_ws/src/amr_bringup/install/amr_bringup/share/amr_bringup/launch
[2.288s] copying launch/bringup_fusion.launch.py -> /home/huyjetson/mobile_robot/ros2_ws/src/amr_bringup/install/amr_bringup/share/amr_bringup/launch
[2.288s] creating /home/huyjetson/mobile_robot/ros2_ws/src/amr_bringup/install/amr_bringup/share/amr_bringup/config
[2.288s] copying config/box_filter.yaml -> /home/huyjetson/mobile_robot/ros2_ws/src/amr_bringup/install/amr_bringup/share/amr_bringup/config
[2.288s] copying config/ukf_params.yaml -> /home/huyjetson/mobile_robot/ros2_ws/src/amr_bringup/install/amr_bringup/share/amr_bringup/config
[2.289s] running install_egg_info
[2.294s] Copying build/amr_bringup/amr_bringup.egg-info to /home/huyjetson/mobile_robot/ros2_ws/src/amr_bringup/install/amr_bringup/lib/python3.10/site-packages/amr_bringup-0.0.0-py3.10.egg-info
[2.296s] running install_scripts
[2.344s] creating /home/huyjetson/mobile_robot/ros2_ws/src/amr_bringup/install/amr_bringup/lib/amr_bringup
[2.344s] copying /home/huyjetson/mobile_robot/ros2_ws/src/amr_bringup/build/amr_bringup/build/scripts-3.10/cloud_qos_relay.py -> /home/huyjetson/mobile_robot/ros2_ws/src/amr_bringup/install/amr_bringup/lib/amr_bringup
[2.345s] changing mode of /home/huyjetson/mobile_robot/ros2_ws/src/amr_bringup/install/amr_bringup/lib/amr_bringup/cloud_qos_relay.py to 775
[2.348s] writing list of installed files to '/home/huyjetson/mobile_robot/ros2_ws/src/amr_bringup/build/amr_bringup/install.log'
[2.460s] Invoked command in '/home/huyjetson/mobile_robot/ros2_ws/src/amr_bringup' returned '0': PYTHONPATH=/home/huyjetson/mobile_robot/ros2_ws/src/amr_bringup/build/amr_bringup/prefix_override:/usr/lib/python3/dist-packages/colcon_core/task/python/colcon_distutils_commands:/home/huyjetson/mobile_robot/ros2_ws/src/amr_bringup/install/amr_bringup/lib/python3.10/site-packages:${PYTHONPATH} /usr/bin/python3 -W ignore:setup.py install is deprecated -W ignore:easy_install command is deprecated setup.py egg_info --egg-base build/amr_bringup build --build-base /home/huyjetson/mobile_robot/ros2_ws/src/amr_bringup/build/amr_bringup/build install --record /home/huyjetson/mobile_robot/ros2_ws/src/amr_bringup/build/amr_bringup/install.log --single-version-externally-managed install_data
