[0.114s] Invoking command in '/home/huyjetson/mobile_robot/ros2_ws/build/explore_lite': CMAKE_PREFIX_PATH=/home/huyjetson/mobile_robot/ros2_ws/install/explore_lite_msgs:/home/huyjetson/mobile_robot/ros2_ws/install/sllidar_ros2:/home/huyjetson/mobile_robot/ros2_ws/install/multirobot_map_merge:/home/huyjetson/mobile_robot/ros2_ws/install/explore_lite:/home/huyjetson/mobile_robot/ros2_ws/install/astra_camera:/home/huyjetson/mobile_robot/ros2_ws/install/astra_camera_msgs:/home/huyjetson/mobile_robot/ros2_ws/install/amr_slam:/home/huyjetson/mobile_robot/ros2_ws/install/amr_navigation:/home/huyjetson/mobile_robot/ros2_ws/install/amr_interfaces:/home/huyjetson/mobile_robot/ros2_ws/install/amr_description:/home/huyjetson/mobile_robot/ros2_ws/install/amr_control:/home/huyjetson/mobile_robot/ros2_ws/install/amr_sensors:/home/huyjetson/mobile_robot/ros2_ws/install/amr_bringup:/home/huyjetson/mobile_robot/ros2_ws/install/amr_ai:/opt/ros/humble LD_LIBRARY_PATH=/home/huyjetson/mobile_robot/ros2_ws/install/explore_lite_msgs/lib:/home/huyjetson/mobile_robot/ros2_ws/install/multirobot_map_merge/lib:/home/huyjetson/mobile_robot/ros2_ws/install/astra_camera/lib:/home/huyjetson/mobile_robot/ros2_ws/install/astra_camera_msgs/lib:/opt/ros/humble/opt/rviz_ogre_vendor/lib:/opt/ros/humble/lib/aarch64-linux-gnu:/opt/ros/humble/lib /usr/bin/cmake /home/huyjetson/mobile_robot/ros2_ws/src/m-explore-ros2/explore -DAMENT_CMAKE_SYMLINK_INSTALL=1 -DCMAKE_INSTALL_PREFIX=/home/huyjetson/mobile_robot/ros2_ws/install/explore_lite
[0.669s] -- The C compiler identification is GNU 11.4.0
[1.281s] -- The CXX compiler identification is GNU 11.4.0
[1.341s] -- Detecting C compiler ABI info
[2.156s] -- Detecting C compiler ABI info - done
[2.194s] -- Check for working C compiler: /usr/bin/cc - skipped
[2.201s] -- Detecting C compile features
[2.203s] -- Detecting C compile features - done
[2.224s] -- Detecting CXX compiler ABI info
[3.041s] -- Detecting CXX compiler ABI info - done
[3.106s] -- Check for working CXX compiler: /usr/bin/c++ - skipped
[3.115s] -- Detecting CXX compile features
[3.118s] -- Detecting CXX compile features - done
[3.136s] -- BuilD for ROS2: humble
[3.145s] -- Found ament_cmake: 1.3.14 (/opt/ros/humble/share/ament_cmake/cmake)
[4.502s] -- Found Python3: /usr/bin/python3 (found version "3.10.12") found components: Interpreter 
[5.111s] -- Override CMake install command with custom implementation using symlinks instead of copying resources
[5.390s] -- Found rclcpp: 16.0.18 (/opt/ros/humble/share/rclcpp/cmake)
[5.803s] -- Found rosidl_generator_c: 3.1.8 (/opt/ros/humble/share/rosidl_generator_c/cmake)
[5.865s] -- Found rosidl_adapter: 3.1.8 (/opt/ros/humble/share/rosidl_adapter/cmake)
[5.951s] -- Found rosidl_generator_cpp: 3.1.8 (/opt/ros/humble/share/rosidl_generator_cpp/cmake)
[6.084s] -- Using all available rosidl_typesupport_c: rosidl_typesupport_fastrtps_c;rosidl_typesupport_introspection_c
[6.206s] -- Using all available rosidl_typesupport_cpp: rosidl_typesupport_fastrtps_cpp;rosidl_typesupport_introspection_cpp
[6.631s] -- Found rmw_implementation_cmake: 6.1.2 (/opt/ros/humble/share/rmw_implementation_cmake/cmake)
[6.663s] -- Found rmw_cyclonedds_cpp: 1.3.4 (/opt/ros/humble/share/rmw_cyclonedds_cpp/cmake)
[6.847s] -- Using RMW implementation 'rmw_cyclonedds_cpp' as default
[6.903s] -- Looking for pthread.h
[7.529s] -- Looking for pthread.h - found
[7.530s] -- Performing Test CMAKE_HAVE_LIBC_PTHREAD
[8.212s] -- Performing Test CMAKE_HAVE_LIBC_PTHREAD - Success
[8.215s] -- Found Threads: TRUE  
[8.613s] -- Found sensor_msgs: 4.9.1 (/opt/ros/humble/share/sensor_msgs/cmake)
[8.819s] -- Found tf2_ros: 0.25.19 (/opt/ros/humble/share/tf2_ros/cmake)
[9.337s] -- Found tf2_geometry_msgs: 0.25.19 (/opt/ros/humble/share/tf2_geometry_msgs/cmake)
[9.416s] -- Found eigen3_cmake_module: 0.1.1 (/opt/ros/humble/share/eigen3_cmake_module/cmake)
[9.423s] -- Found Eigen3: TRUE (found version "3.4.0") 
[9.424s] -- Ensuring Eigen3 include directory is part of orocos-kdl CMake target
[9.443s] -- Found nav2_msgs: 1.1.20 (/opt/ros/humble/share/nav2_msgs/cmake)
[9.734s] -- Found map_msgs: 2.1.0 (/opt/ros/humble/share/map_msgs/cmake)
[9.850s] -- Found visualization_msgs: 4.9.1 (/opt/ros/humble/share/visualization_msgs/cmake)
[9.976s] -- Found nav2_costmap_2d: 1.1.20 (/opt/ros/humble/share/nav2_costmap_2d/cmake)
[11.042s] -- Found explore_lite_msgs: 1.0.0 (/home/huyjetson/mobile_robot/ros2_ws/install/explore_lite_msgs/share/explore_lite_msgs/cmake)
[11.100s] -- Found ament_lint_auto: 0.12.15 (/opt/ros/humble/share/ament_lint_auto/cmake)
[11.694s] -- Found ament_cmake_gtest: 1.3.14 (/opt/ros/humble/share/ament_cmake_gtest/cmake)
[11.726s] -- Found gtest sources under '/opt/ros/humble/src/gtest_vendor': C++ tests using 'Google Test' will be built
[11.799s] -- Added test 'cppcheck' to perform static code analysis on C / C++ code
[11.800s] -- Configured cppcheck include dirs: /home/huyjetson/mobile_robot/ros2_ws/src/m-explore-ros2/explore/include;$<BUILD_INTERFACE:/home/huyjetson/mobile_robot/ros2_ws/src/m-explore-ros2/explore/include>
[11.800s] -- Configured cppcheck exclude dirs and/or files: 
[11.813s] -- Added test 'flake8' to check Python code syntax and style conventions
[11.826s] -- Added test 'lint_cmake' to check CMake code style
[11.831s] -- Added test 'pep257' to check Python code against some of the docstring style conventions in PEP 257
[11.842s] -- Added test 'uncrustify' to check C / C++ code style
[11.847s] -- Configured uncrustify additional arguments: 
[11.852s] -- Added test 'xmllint' to check XML markup files
[11.874s] -- Configuring done
[12.346s] -- Generating done
[12.401s] -- Build files have been written to: /home/huyjetson/mobile_robot/ros2_ws/build/explore_lite
[12.485s] Invoked command in '/home/huyjetson/mobile_robot/ros2_ws/build/explore_lite' returned '0': CMAKE_PREFIX_PATH=/home/huyjetson/mobile_robot/ros2_ws/install/explore_lite_msgs:/home/huyjetson/mobile_robot/ros2_ws/install/sllidar_ros2:/home/huyjetson/mobile_robot/ros2_ws/install/multirobot_map_merge:/home/huyjetson/mobile_robot/ros2_ws/install/explore_lite:/home/huyjetson/mobile_robot/ros2_ws/install/astra_camera:/home/huyjetson/mobile_robot/ros2_ws/install/astra_camera_msgs:/home/huyjetson/mobile_robot/ros2_ws/install/amr_slam:/home/huyjetson/mobile_robot/ros2_ws/install/amr_navigation:/home/huyjetson/mobile_robot/ros2_ws/install/amr_interfaces:/home/huyjetson/mobile_robot/ros2_ws/install/amr_description:/home/huyjetson/mobile_robot/ros2_ws/install/amr_control:/home/huyjetson/mobile_robot/ros2_ws/install/amr_sensors:/home/huyjetson/mobile_robot/ros2_ws/install/amr_bringup:/home/huyjetson/mobile_robot/ros2_ws/install/amr_ai:/opt/ros/humble LD_LIBRARY_PATH=/home/huyjetson/mobile_robot/ros2_ws/install/explore_lite_msgs/lib:/home/huyjetson/mobile_robot/ros2_ws/install/multirobot_map_merge/lib:/home/huyjetson/mobile_robot/ros2_ws/install/astra_camera/lib:/home/huyjetson/mobile_robot/ros2_ws/install/astra_camera_msgs/lib:/opt/ros/humble/opt/rviz_ogre_vendor/lib:/opt/ros/humble/lib/aarch64-linux-gnu:/opt/ros/humble/lib /usr/bin/cmake /home/huyjetson/mobile_robot/ros2_ws/src/m-explore-ros2/explore -DAMENT_CMAKE_SYMLINK_INSTALL=1 -DCMAKE_INSTALL_PREFIX=/home/huyjetson/mobile_robot/ros2_ws/install/explore_lite
[12.487s] Invoking command in '/home/huyjetson/mobile_robot/ros2_ws/build/explore_lite': CMAKE_PREFIX_PATH=/home/huyjetson/mobile_robot/ros2_ws/install/explore_lite_msgs:/home/huyjetson/mobile_robot/ros2_ws/install/sllidar_ros2:/home/huyjetson/mobile_robot/ros2_ws/install/multirobot_map_merge:/home/huyjetson/mobile_robot/ros2_ws/install/explore_lite:/home/huyjetson/mobile_robot/ros2_ws/install/astra_camera:/home/huyjetson/mobile_robot/ros2_ws/install/astra_camera_msgs:/home/huyjetson/mobile_robot/ros2_ws/install/amr_slam:/home/huyjetson/mobile_robot/ros2_ws/install/amr_navigation:/home/huyjetson/mobile_robot/ros2_ws/install/amr_interfaces:/home/huyjetson/mobile_robot/ros2_ws/install/amr_description:/home/huyjetson/mobile_robot/ros2_ws/install/amr_control:/home/huyjetson/mobile_robot/ros2_ws/install/amr_sensors:/home/huyjetson/mobile_robot/ros2_ws/install/amr_bringup:/home/huyjetson/mobile_robot/ros2_ws/install/amr_ai:/opt/ros/humble LD_LIBRARY_PATH=/home/huyjetson/mobile_robot/ros2_ws/install/explore_lite_msgs/lib:/home/huyjetson/mobile_robot/ros2_ws/install/multirobot_map_merge/lib:/home/huyjetson/mobile_robot/ros2_ws/install/astra_camera/lib:/home/huyjetson/mobile_robot/ros2_ws/install/astra_camera_msgs/lib:/opt/ros/humble/opt/rviz_ogre_vendor/lib:/opt/ros/humble/lib/aarch64-linux-gnu:/opt/ros/humble/lib /usr/bin/cmake --build /home/huyjetson/mobile_robot/ros2_ws/build/explore_lite -- -j6 -l6
[12.915s] [ 10%] [32mBuilding CXX object CMakeFiles/explore.dir/src/costmap_client.cpp.o[0m
[12.918s] [ 30%] [32mBuilding CXX object CMakeFiles/explore.dir/src/explore.cpp.o[0m
[12.919s] [ 30%] [32mBuilding CXX object gtest/CMakeFiles/gtest_main.dir/src/gtest_main.cc.o[0m
[12.951s] [ 40%] [32mBuilding CXX object gtest/CMakeFiles/gtest.dir/src/gtest-all.cc.o[0m
[12.956s] [ 50%] [32mBuilding CXX object CMakeFiles/explore.dir/src/frontier_search.cpp.o[0m
[16.184s] [ 60%] [32m[1mLinking CXX static library libgtest_main.a[0m
[16.496s] [ 60%] Built target gtest_main
[26.838s] [ 70%] [32m[1mLinking CXX static library libgtest.a[0m
[27.209s] [ 70%] Built target gtest
[65.186s] [ 80%] [32m[1mLinking CXX executable explore[0m
[72.069s] [ 80%] Built target explore
[72.139s] [ 90%] [32mBuilding CXX object CMakeFiles/test_explore.dir/test/test_explore.cpp.o[0m
[74.584s] [100%] [32m[1mLinking CXX executable test_explore[0m
[75.159s] [100%] Built target test_explore
[75.208s] Invoked command in '/home/huyjetson/mobile_robot/ros2_ws/build/explore_lite' returned '0': CMAKE_PREFIX_PATH=/home/huyjetson/mobile_robot/ros2_ws/install/explore_lite_msgs:/home/huyjetson/mobile_robot/ros2_ws/install/sllidar_ros2:/home/huyjetson/mobile_robot/ros2_ws/install/multirobot_map_merge:/home/huyjetson/mobile_robot/ros2_ws/install/explore_lite:/home/huyjetson/mobile_robot/ros2_ws/install/astra_camera:/home/huyjetson/mobile_robot/ros2_ws/install/astra_camera_msgs:/home/huyjetson/mobile_robot/ros2_ws/install/amr_slam:/home/huyjetson/mobile_robot/ros2_ws/install/amr_navigation:/home/huyjetson/mobile_robot/ros2_ws/install/amr_interfaces:/home/huyjetson/mobile_robot/ros2_ws/install/amr_description:/home/huyjetson/mobile_robot/ros2_ws/install/amr_control:/home/huyjetson/mobile_robot/ros2_ws/install/amr_sensors:/home/huyjetson/mobile_robot/ros2_ws/install/amr_bringup:/home/huyjetson/mobile_robot/ros2_ws/install/amr_ai:/opt/ros/humble LD_LIBRARY_PATH=/home/huyjetson/mobile_robot/ros2_ws/install/explore_lite_msgs/lib:/home/huyjetson/mobile_robot/ros2_ws/install/multirobot_map_merge/lib:/home/huyjetson/mobile_robot/ros2_ws/install/astra_camera/lib:/home/huyjetson/mobile_robot/ros2_ws/install/astra_camera_msgs/lib:/opt/ros/humble/opt/rviz_ogre_vendor/lib:/opt/ros/humble/lib/aarch64-linux-gnu:/opt/ros/humble/lib /usr/bin/cmake --build /home/huyjetson/mobile_robot/ros2_ws/build/explore_lite -- -j6 -l6
[75.209s] Invoking command in '/home/huyjetson/mobile_robot/ros2_ws/build/explore_lite': CMAKE_PREFIX_PATH=/home/huyjetson/mobile_robot/ros2_ws/install/explore_lite_msgs:/home/huyjetson/mobile_robot/ros2_ws/install/sllidar_ros2:/home/huyjetson/mobile_robot/ros2_ws/install/multirobot_map_merge:/home/huyjetson/mobile_robot/ros2_ws/install/explore_lite:/home/huyjetson/mobile_robot/ros2_ws/install/astra_camera:/home/huyjetson/mobile_robot/ros2_ws/install/astra_camera_msgs:/home/huyjetson/mobile_robot/ros2_ws/install/amr_slam:/home/huyjetson/mobile_robot/ros2_ws/install/amr_navigation:/home/huyjetson/mobile_robot/ros2_ws/install/amr_interfaces:/home/huyjetson/mobile_robot/ros2_ws/install/amr_description:/home/huyjetson/mobile_robot/ros2_ws/install/amr_control:/home/huyjetson/mobile_robot/ros2_ws/install/amr_sensors:/home/huyjetson/mobile_robot/ros2_ws/install/amr_bringup:/home/huyjetson/mobile_robot/ros2_ws/install/amr_ai:/opt/ros/humble LD_LIBRARY_PATH=/home/huyjetson/mobile_robot/ros2_ws/install/explore_lite_msgs/lib:/home/huyjetson/mobile_robot/ros2_ws/install/multirobot_map_merge/lib:/home/huyjetson/mobile_robot/ros2_ws/install/astra_camera/lib:/home/huyjetson/mobile_robot/ros2_ws/install/astra_camera_msgs/lib:/opt/ros/humble/opt/rviz_ogre_vendor/lib:/opt/ros/humble/lib/aarch64-linux-gnu:/opt/ros/humble/lib /usr/bin/cmake --install /home/huyjetson/mobile_robot/ros2_ws/build/explore_lite
[75.238s] -- Install configuration: ""
[75.240s] -- Execute custom install script
[75.244s] -- Symlinking: /home/huyjetson/mobile_robot/ros2_ws/install/explore_lite/include/explore//costmap_client.h
[75.278s] -- Symlinking: /home/huyjetson/mobile_robot/ros2_ws/install/explore_lite/include/explore//costmap_tools.h
[75.321s] -- Symlinking: /home/huyjetson/mobile_robot/ros2_ws/install/explore_lite/include/explore//explore.h
[75.353s] -- Symlinking: /home/huyjetson/mobile_robot/ros2_ws/install/explore_lite/include/explore//frontier_search.h
[75.385s] -- Symlinking: /home/huyjetson/mobile_robot/ros2_ws/install/explore_lite/share/explore_lite/config/params.yaml
[75.417s] -- Symlinking: /home/huyjetson/mobile_robot/ros2_ws/install/explore_lite/share/explore_lite/config/params_costmap.yaml
[75.448s] -- Symlinking: /home/huyjetson/mobile_robot/ros2_ws/install/explore_lite/share/explore_lite/launch/explore.launch.py
[75.483s] -- Symlinking: /home/huyjetson/mobile_robot/ros2_ws/install/explore_lite/lib/explore_lite/explore
[75.517s] -- Symlinking: /home/huyjetson/mobile_robot/ros2_ws/install/explore_lite/share/ament_index/resource_index/package_run_dependencies/explore_lite
[75.545s] -- Symlinking: /home/huyjetson/mobile_robot/ros2_ws/install/explore_lite/share/ament_index/resource_index/parent_prefix_path/explore_lite
[75.575s] -- Symlinking: /home/huyjetson/mobile_robot/ros2_ws/install/explore_lite/share/explore_lite/environment/ament_prefix_path.sh
[75.604s] -- Symlinking: /home/huyjetson/mobile_robot/ros2_ws/install/explore_lite/share/explore_lite/environment/ament_prefix_path.dsv
[75.633s] -- Symlinking: /home/huyjetson/mobile_robot/ros2_ws/install/explore_lite/share/explore_lite/environment/path.sh
[75.662s] -- Symlinking: /home/huyjetson/mobile_robot/ros2_ws/install/explore_lite/share/explore_lite/environment/path.dsv
[75.690s] -- Symlinking: /home/huyjetson/mobile_robot/ros2_ws/install/explore_lite/share/explore_lite/local_setup.bash
[75.719s] -- Symlinking: /home/huyjetson/mobile_robot/ros2_ws/install/explore_lite/share/explore_lite/local_setup.sh
[75.747s] -- Symlinking: /home/huyjetson/mobile_robot/ros2_ws/install/explore_lite/share/explore_lite/local_setup.zsh
[75.776s] -- Symlinking: /home/huyjetson/mobile_robot/ros2_ws/install/explore_lite/share/explore_lite/local_setup.dsv
[75.807s] -- Symlinking: /home/huyjetson/mobile_robot/ros2_ws/install/explore_lite/share/explore_lite/package.dsv
[75.837s] -- Symlinking: /home/huyjetson/mobile_robot/ros2_ws/install/explore_lite/share/ament_index/resource_index/packages/explore_lite
[75.868s] -- Symlinking: /home/huyjetson/mobile_robot/ros2_ws/install/explore_lite/share/explore_lite/cmake/ament_cmake_export_dependencies-extras.cmake
[75.897s] -- Symlinking: /home/huyjetson/mobile_robot/ros2_ws/install/explore_lite/share/explore_lite/cmake/ament_cmake_export_include_directories-extras.cmake
[75.925s] -- Symlinking: /home/huyjetson/mobile_robot/ros2_ws/install/explore_lite/share/explore_lite/cmake/explore_liteConfig.cmake
[75.953s] -- Symlinking: /home/huyjetson/mobile_robot/ros2_ws/install/explore_lite/share/explore_lite/cmake/explore_liteConfig-version.cmake
[75.983s] -- Symlinking: /home/huyjetson/mobile_robot/ros2_ws/install/explore_lite/share/explore_lite/package.xml
[76.023s] Invoked command in '/home/huyjetson/mobile_robot/ros2_ws/build/explore_lite' returned '0': CMAKE_PREFIX_PATH=/home/huyjetson/mobile_robot/ros2_ws/install/explore_lite_msgs:/home/huyjetson/mobile_robot/ros2_ws/install/sllidar_ros2:/home/huyjetson/mobile_robot/ros2_ws/install/multirobot_map_merge:/home/huyjetson/mobile_robot/ros2_ws/install/explore_lite:/home/huyjetson/mobile_robot/ros2_ws/install/astra_camera:/home/huyjetson/mobile_robot/ros2_ws/install/astra_camera_msgs:/home/huyjetson/mobile_robot/ros2_ws/install/amr_slam:/home/huyjetson/mobile_robot/ros2_ws/install/amr_navigation:/home/huyjetson/mobile_robot/ros2_ws/install/amr_interfaces:/home/huyjetson/mobile_robot/ros2_ws/install/amr_description:/home/huyjetson/mobile_robot/ros2_ws/install/amr_control:/home/huyjetson/mobile_robot/ros2_ws/install/amr_sensors:/home/huyjetson/mobile_robot/ros2_ws/install/amr_bringup:/home/huyjetson/mobile_robot/ros2_ws/install/amr_ai:/opt/ros/humble LD_LIBRARY_PATH=/home/huyjetson/mobile_robot/ros2_ws/install/explore_lite_msgs/lib:/home/huyjetson/mobile_robot/ros2_ws/install/multirobot_map_merge/lib:/home/huyjetson/mobile_robot/ros2_ws/install/astra_camera/lib:/home/huyjetson/mobile_robot/ros2_ws/install/astra_camera_msgs/lib:/opt/ros/humble/opt/rviz_ogre_vendor/lib:/opt/ros/humble/lib/aarch64-linux-gnu:/opt/ros/humble/lib /usr/bin/cmake --install /home/huyjetson/mobile_robot/ros2_ws/build/explore_lite
