[0.310s] Invoking command in '/home/huy_ubuntu/mobile_robot/ros2_ws/build/amr_control': CMAKE_PREFIX_PATH=/opt/ros/humble /usr/bin/cmake /home/huy_ubuntu/mobile_robot/ros2_ws/src/amr_control -DAMENT_CMAKE_SYMLINK_INSTALL=1 -DCMAKE_INSTALL_PREFIX=/home/huy_ubuntu/mobile_robot/ros2_ws/install/amr_control
[0.481s] -- The C compiler identification is GNU 11.4.0
[1.354s] -- The CXX compiler identification is GNU 11.4.0
[2.366s] -- Detecting C compiler ABI info
[2.626s] -- Detecting C compiler ABI info - done
[2.630s] -- Check for working C compiler: /usr/bin/cc - skipped
[2.630s] -- Detecting C compile features
[2.631s] -- Detecting C compile features - done
[2.634s] -- Detecting CXX compiler ABI info
[2.895s] -- Detecting CXX compiler ABI info - done
[2.899s] -- Check for working CXX compiler: /usr/bin/c++ - skipped
[2.899s] -- Detecting CXX compile features
[2.900s] -- Detecting CXX compile features - done
[2.913s] -- Found ament_cmake: 1.3.14 (/opt/ros/humble/share/ament_cmake/cmake)
[3.001s] -- Found Python3: /usr/bin/python3 (found version "3.10.12") found components: Interpreter 
[3.046s] -- Override CMake install command with custom implementation using symlinks instead of copying resources
[3.074s] -- Found rclcpp: 16.0.19 (/opt/ros/humble/share/rclcpp/cmake)
[3.325s] -- Found rosidl_generator_c: 3.1.8 (/opt/ros/humble/share/rosidl_generator_c/cmake)
[3.326s] -- Found rosidl_adapter: 3.1.8 (/opt/ros/humble/share/rosidl_adapter/cmake)
[3.332s] -- Found rosidl_generator_cpp: 3.1.8 (/opt/ros/humble/share/rosidl_generator_cpp/cmake)
[3.347s] -- Using all available rosidl_typesupport_c: rosidl_typesupport_fastrtps_c;rosidl_typesupport_introspection_c
[3.359s] -- Using all available rosidl_typesupport_cpp: rosidl_typesupport_fastrtps_cpp;rosidl_typesupport_introspection_cpp
[3.405s] -- Found rmw_implementation_cmake: 6.1.2 (/opt/ros/humble/share/rmw_implementation_cmake/cmake)
[3.408s] -- Found rmw_fastrtps_cpp: 6.2.10 (/opt/ros/humble/share/rmw_fastrtps_cpp/cmake)
[6.380s] -- Found OpenSSL: /usr/lib/x86_64-linux-gnu/libcrypto.so (found version "3.0.2")  
[10.084s] -- Found FastRTPS: /opt/ros/humble/include  
[12.804s] -- Using RMW implementation 'rmw_fastrtps_cpp' as default
[12.815s] -- Looking for pthread.h
[12.970s] -- Looking for pthread.h - found
[12.970s] -- Performing Test CMAKE_HAVE_LIBC_PTHREAD
[13.255s] -- Performing Test CMAKE_HAVE_LIBC_PTHREAD - Success
[13.255s] -- Found Threads: TRUE  
[13.301s] -- Found geometry_msgs: 4.9.1 (/opt/ros/humble/share/geometry_msgs/cmake)
[13.312s] -- Found nav_msgs: 4.9.1 (/opt/ros/humble/share/nav_msgs/cmake)
[13.324s] -- Found ament_lint_auto: 0.12.15 (/opt/ros/humble/share/ament_lint_auto/cmake)
[13.367s] -- Added test 'lint_cmake' to check CMake code style
[13.367s] -- Added test 'xmllint' to check XML markup files
[13.368s] -- Configuring done
[13.371s] -- Generating done
[13.373s] -- Build files have been written to: /home/huy_ubuntu/mobile_robot/ros2_ws/build/amr_control
[13.379s] Invoked command in '/home/huy_ubuntu/mobile_robot/ros2_ws/build/amr_control' returned '0': CMAKE_PREFIX_PATH=/opt/ros/humble /usr/bin/cmake /home/huy_ubuntu/mobile_robot/ros2_ws/src/amr_control -DAMENT_CMAKE_SYMLINK_INSTALL=1 -DCMAKE_INSTALL_PREFIX=/home/huy_ubuntu/mobile_robot/ros2_ws/install/amr_control
[13.380s] Invoking command in '/home/huy_ubuntu/mobile_robot/ros2_ws/build/amr_control': CMAKE_PREFIX_PATH=/opt/ros/humble /usr/bin/cmake --build /home/huy_ubuntu/mobile_robot/ros2_ws/build/amr_control -- -j20 -l20
[13.401s] Invoked command in '/home/huy_ubuntu/mobile_robot/ros2_ws/build/amr_control' returned '0': CMAKE_PREFIX_PATH=/opt/ros/humble /usr/bin/cmake --build /home/huy_ubuntu/mobile_robot/ros2_ws/build/amr_control -- -j20 -l20
[13.402s] Invoking command in '/home/huy_ubuntu/mobile_robot/ros2_ws/build/amr_control': CMAKE_PREFIX_PATH=/opt/ros/humble /usr/bin/cmake --install /home/huy_ubuntu/mobile_robot/ros2_ws/build/amr_control
[13.405s] -- Install configuration: ""
[13.405s] -- Execute custom install script
[13.406s] -- Symlinking: /home/huy_ubuntu/mobile_robot/ros2_ws/install/amr_control/share/ament_index/resource_index/package_run_dependencies/amr_control
[13.410s] -- Symlinking: /home/huy_ubuntu/mobile_robot/ros2_ws/install/amr_control/share/ament_index/resource_index/parent_prefix_path/amr_control
[13.415s] -- Symlinking: /home/huy_ubuntu/mobile_robot/ros2_ws/install/amr_control/share/amr_control/environment/ament_prefix_path.sh
[13.419s] -- Symlinking: /home/huy_ubuntu/mobile_robot/ros2_ws/install/amr_control/share/amr_control/environment/ament_prefix_path.dsv
[13.424s] -- Symlinking: /home/huy_ubuntu/mobile_robot/ros2_ws/install/amr_control/share/amr_control/environment/path.sh
[13.428s] -- Symlinking: /home/huy_ubuntu/mobile_robot/ros2_ws/install/amr_control/share/amr_control/environment/path.dsv
[13.432s] -- Symlinking: /home/huy_ubuntu/mobile_robot/ros2_ws/install/amr_control/share/amr_control/local_setup.bash
[13.436s] -- Symlinking: /home/huy_ubuntu/mobile_robot/ros2_ws/install/amr_control/share/amr_control/local_setup.sh
[13.440s] -- Symlinking: /home/huy_ubuntu/mobile_robot/ros2_ws/install/amr_control/share/amr_control/local_setup.zsh
[13.445s] -- Symlinking: /home/huy_ubuntu/mobile_robot/ros2_ws/install/amr_control/share/amr_control/local_setup.dsv
[13.449s] -- Symlinking: /home/huy_ubuntu/mobile_robot/ros2_ws/install/amr_control/share/amr_control/package.dsv
[13.454s] -- Symlinking: /home/huy_ubuntu/mobile_robot/ros2_ws/install/amr_control/share/ament_index/resource_index/packages/amr_control
[13.459s] -- Symlinking: /home/huy_ubuntu/mobile_robot/ros2_ws/install/amr_control/share/amr_control/cmake/amr_controlConfig.cmake
[13.463s] -- Symlinking: /home/huy_ubuntu/mobile_robot/ros2_ws/install/amr_control/share/amr_control/cmake/amr_controlConfig-version.cmake
[13.470s] -- Symlinking: /home/huy_ubuntu/mobile_robot/ros2_ws/install/amr_control/share/amr_control/package.xml
[13.476s] Invoked command in '/home/huy_ubuntu/mobile_robot/ros2_ws/build/amr_control' returned '0': CMAKE_PREFIX_PATH=/opt/ros/humble /usr/bin/cmake --install /home/huy_ubuntu/mobile_robot/ros2_ws/build/amr_control
