[0.281s] DEBUG:colcon:Command line arguments: ['/usr/bin/colcon', 'build', '--packages-select', 'amr_pointcloud_filter', '--symlink-install', '--cmake-args', '-DCMAKE_BUILD_TYPE=Release']
[0.281s] DEBUG:colcon:Parsed command line arguments: Namespace(log_base=None, log_level=None, verb_name='build', build_base='build', install_base='install', merge_install=False, symlink_install=True, test_result_base=None, continue_on_error=False, executor='parallel', parallel_workers=6, event_handlers=None, ignore_user_meta=False, metas=['./colcon.meta'], base_paths=['.'], packages_ignore=None, packages_ignore_regex=None, paths=None, packages_up_to=None, packages_up_to_regex=None, packages_above=None, packages_above_and_dependencies=None, packages_above_depth=None, packages_select_by_dep=None, packages_skip_by_dep=None, packages_skip_up_to=None, packages_select_build_failed=False, packages_skip_build_finished=False, packages_select_test_failures=False, packages_skip_test_passed=False, packages_select=['amr_pointcloud_filter'], packages_skip=None, packages_select_regex=None, packages_skip_regex=None, packages_start=None, packages_end=None, allow_overriding=[], cmake_args=['-DCMAKE_BUILD_TYPE=Release'], cmake_target=None, cmake_target_skip_unavailable=False, cmake_clean_cache=False, cmake_clean_first=False, cmake_force_configure=False, ament_cmake_args=None, catkin_cmake_args=None, catkin_skip_building_tests=False, mixin_files=None, mixin=None, verb_parser=<colcon_mixin.mixin.mixin_argument.MixinArgumentDecorator object at 0xffff88677940>, verb_extension=<colcon_core.verb.build.BuildVerb object at 0xffff88677490>, main=<bound method BuildVerb.main of <colcon_core.verb.build.BuildVerb object at 0xffff88677490>>, mixin_verb=('build',))
[0.723s] Level 1:colcon.colcon_core.package_discovery:discover_packages(colcon_meta) check parameters
[0.723s] Level 1:colcon.colcon_core.package_discovery:discover_packages(recursive) check parameters
[0.724s] Level 1:colcon.colcon_core.package_discovery:discover_packages(ignore) check parameters
[0.724s] Level 1:colcon.colcon_core.package_discovery:discover_packages(path) check parameters
[0.724s] Level 1:colcon.colcon_core.package_discovery:discover_packages(colcon_meta) discover
[0.724s] Level 1:colcon.colcon_core.package_discovery:discover_packages(recursive) discover
[0.724s] INFO:colcon.colcon_core.package_discovery:Crawling recursively for packages in '/home/huyjetson/mobile_robot/ros2_ws'
[0.725s] Level 1:colcon.colcon_core.package_identification:_identify(.) by extensions ['ignore', 'ignore_ament_install']
[0.725s] Level 1:colcon.colcon_core.package_identification:_identify(.) by extension 'ignore'
[0.725s] Level 1:colcon.colcon_core.package_identification:_identify(.) by extension 'ignore_ament_install'
[0.725s] Level 1:colcon.colcon_core.package_identification:_identify(.) by extensions ['colcon_pkg']
[0.725s] Level 1:colcon.colcon_core.package_identification:_identify(.) by extension 'colcon_pkg'
[0.725s] Level 1:colcon.colcon_core.package_identification:_identify(.) by extensions ['colcon_meta']
[0.726s] Level 1:colcon.colcon_core.package_identification:_identify(.) by extension 'colcon_meta'
[0.726s] Level 1:colcon.colcon_core.package_identification:_identify(.) by extensions ['ros']
[0.726s] Level 1:colcon.colcon_core.package_identification:_identify(.) by extension 'ros'
[0.754s] Level 1:colcon.colcon_core.package_identification:_identify(.) by extensions ['cmake', 'python']
[0.754s] Level 1:colcon.colcon_core.package_identification:_identify(.) by extension 'cmake'
[0.754s] Level 1:colcon.colcon_core.package_identification:_identify(.) by extension 'python'
[0.754s] Level 1:colcon.colcon_core.package_identification:_identify(.) by extensions ['python_setup_py']
[0.754s] Level 1:colcon.colcon_core.package_identification:_identify(.) by extension 'python_setup_py'
[0.755s] Level 1:colcon.colcon_core.package_identification:_identify(build) by extensions ['ignore', 'ignore_ament_install']
[0.755s] Level 1:colcon.colcon_core.package_identification:_identify(build) by extension 'ignore'
[0.755s] Level 1:colcon.colcon_core.package_identification:_identify(build) ignored
[0.756s] Level 1:colcon.colcon_core.package_identification:_identify(install) by extensions ['ignore', 'ignore_ament_install']
[0.756s] Level 1:colcon.colcon_core.package_identification:_identify(install) by extension 'ignore'
[0.756s] Level 1:colcon.colcon_core.package_identification:_identify(install) ignored
[0.757s] Level 1:colcon.colcon_core.package_identification:_identify(log) by extensions ['ignore', 'ignore_ament_install']
[0.757s] Level 1:colcon.colcon_core.package_identification:_identify(log) by extension 'ignore'
[0.757s] Level 1:colcon.colcon_core.package_identification:_identify(log) ignored
[0.757s] Level 1:colcon.colcon_core.package_identification:_identify(scripts) by extensions ['ignore', 'ignore_ament_install']
[0.757s] Level 1:colcon.colcon_core.package_identification:_identify(scripts) by extension 'ignore'
[0.758s] Level 1:colcon.colcon_core.package_identification:_identify(scripts) by extension 'ignore_ament_install'
[0.758s] Level 1:colcon.colcon_core.package_identification:_identify(scripts) by extensions ['colcon_pkg']
[0.758s] Level 1:colcon.colcon_core.package_identification:_identify(scripts) by extension 'colcon_pkg'
[0.758s] Level 1:colcon.colcon_core.package_identification:_identify(scripts) by extensions ['colcon_meta']
[0.758s] Level 1:colcon.colcon_core.package_identification:_identify(scripts) by extension 'colcon_meta'
[0.758s] Level 1:colcon.colcon_core.package_identification:_identify(scripts) by extensions ['ros']
[0.758s] Level 1:colcon.colcon_core.package_identification:_identify(scripts) by extension 'ros'
[0.758s] Level 1:colcon.colcon_core.package_identification:_identify(scripts) by extensions ['cmake', 'python']
[0.759s] Level 1:colcon.colcon_core.package_identification:_identify(scripts) by extension 'cmake'
[0.759s] Level 1:colcon.colcon_core.package_identification:_identify(scripts) by extension 'python'
[0.759s] Level 1:colcon.colcon_core.package_identification:_identify(scripts) by extensions ['python_setup_py']
[0.759s] Level 1:colcon.colcon_core.package_identification:_identify(scripts) by extension 'python_setup_py'
[0.759s] Level 1:colcon.colcon_core.package_identification:_identify(src) by extensions ['ignore', 'ignore_ament_install']
[0.759s] Level 1:colcon.colcon_core.package_identification:_identify(src) by extension 'ignore'
[0.759s] Level 1:colcon.colcon_core.package_identification:_identify(src) by extension 'ignore_ament_install'
[0.760s] Level 1:colcon.colcon_core.package_identification:_identify(src) by extensions ['colcon_pkg']
[0.760s] Level 1:colcon.colcon_core.package_identification:_identify(src) by extension 'colcon_pkg'
[0.760s] Level 1:colcon.colcon_core.package_identification:_identify(src) by extensions ['colcon_meta']
[0.760s] Level 1:colcon.colcon_core.package_identification:_identify(src) by extension 'colcon_meta'
[0.760s] Level 1:colcon.colcon_core.package_identification:_identify(src) by extensions ['ros']
[0.760s] Level 1:colcon.colcon_core.package_identification:_identify(src) by extension 'ros'
[0.760s] Level 1:colcon.colcon_core.package_identification:_identify(src) by extensions ['cmake', 'python']
[0.760s] Level 1:colcon.colcon_core.package_identification:_identify(src) by extension 'cmake'
[0.760s] Level 1:colcon.colcon_core.package_identification:_identify(src) by extension 'python'
[0.760s] Level 1:colcon.colcon_core.package_identification:_identify(src) by extensions ['python_setup_py']
[0.761s] Level 1:colcon.colcon_core.package_identification:_identify(src) by extension 'python_setup_py'
[0.761s] Level 1:colcon.colcon_core.package_identification:_identify(src/amr_ai) by extensions ['ignore', 'ignore_ament_install']
[0.761s] Level 1:colcon.colcon_core.package_identification:_identify(src/amr_ai) by extension 'ignore'
[0.761s] Level 1:colcon.colcon_core.package_identification:_identify(src/amr_ai) by extension 'ignore_ament_install'
[0.761s] Level 1:colcon.colcon_core.package_identification:_identify(src/amr_ai) by extensions ['colcon_pkg']
[0.761s] Level 1:colcon.colcon_core.package_identification:_identify(src/amr_ai) by extension 'colcon_pkg'
[0.761s] Level 1:colcon.colcon_core.package_identification:_identify(src/amr_ai) by extensions ['colcon_meta']
[0.762s] Level 1:colcon.colcon_core.package_identification:_identify(src/amr_ai) by extension 'colcon_meta'
[0.762s] Level 1:colcon.colcon_core.package_identification:_identify(src/amr_ai) by extensions ['ros']
[0.762s] Level 1:colcon.colcon_core.package_identification:_identify(src/amr_ai) by extension 'ros'
[0.768s] DEBUG:colcon.colcon_core.package_identification:Package 'src/amr_ai' with type 'ros.ament_python' and name 'amr_ai'
[0.768s] Level 1:colcon.colcon_core.package_identification:_identify(src/amr_bringup) by extensions ['ignore', 'ignore_ament_install']
[0.768s] Level 1:colcon.colcon_core.package_identification:_identify(src/amr_bringup) by extension 'ignore'
[0.768s] Level 1:colcon.colcon_core.package_identification:_identify(src/amr_bringup) by extension 'ignore_ament_install'
[0.769s] Level 1:colcon.colcon_core.package_identification:_identify(src/amr_bringup) by extensions ['colcon_pkg']
[0.769s] Level 1:colcon.colcon_core.package_identification:_identify(src/amr_bringup) by extension 'colcon_pkg'
[0.769s] Level 1:colcon.colcon_core.package_identification:_identify(src/amr_bringup) by extensions ['colcon_meta']
[0.769s] Level 1:colcon.colcon_core.package_identification:_identify(src/amr_bringup) by extension 'colcon_meta'
[0.769s] Level 1:colcon.colcon_core.package_identification:_identify(src/amr_bringup) by extensions ['ros']
[0.769s] Level 1:colcon.colcon_core.package_identification:_identify(src/amr_bringup) by extension 'ros'
[0.770s] DEBUG:colcon.colcon_core.package_identification:Package 'src/amr_bringup' with type 'ros.ament_python' and name 'amr_bringup'
[0.771s] Level 1:colcon.colcon_core.package_identification:_identify(src/amr_control) by extensions ['ignore', 'ignore_ament_install']
[0.771s] Level 1:colcon.colcon_core.package_identification:_identify(src/amr_control) by extension 'ignore'
[0.771s] Level 1:colcon.colcon_core.package_identification:_identify(src/amr_control) by extension 'ignore_ament_install'
[0.771s] Level 1:colcon.colcon_core.package_identification:_identify(src/amr_control) by extensions ['colcon_pkg']
[0.771s] Level 1:colcon.colcon_core.package_identification:_identify(src/amr_control) by extension 'colcon_pkg'
[0.771s] Level 1:colcon.colcon_core.package_identification:_identify(src/amr_control) by extensions ['colcon_meta']
[0.771s] Level 1:colcon.colcon_core.package_identification:_identify(src/amr_control) by extension 'colcon_meta'
[0.771s] Level 1:colcon.colcon_core.package_identification:_identify(src/amr_control) by extensions ['ros']
[0.772s] Level 1:colcon.colcon_core.package_identification:_identify(src/amr_control) by extension 'ros'
[0.774s] DEBUG:colcon.colcon_core.package_identification:Package 'src/amr_control' with type 'ros.ament_cmake' and name 'amr_control'
[0.774s] Level 1:colcon.colcon_core.package_identification:_identify(src/amr_description) by extensions ['ignore', 'ignore_ament_install']
[0.774s] Level 1:colcon.colcon_core.package_identification:_identify(src/amr_description) by extension 'ignore'
[0.774s] Level 1:colcon.colcon_core.package_identification:_identify(src/amr_description) by extension 'ignore_ament_install'
[0.775s] Level 1:colcon.colcon_core.package_identification:_identify(src/amr_description) by extensions ['colcon_pkg']
[0.775s] Level 1:colcon.colcon_core.package_identification:_identify(src/amr_description) by extension 'colcon_pkg'
[0.775s] Level 1:colcon.colcon_core.package_identification:_identify(src/amr_description) by extensions ['colcon_meta']
[0.775s] Level 1:colcon.colcon_core.package_identification:_identify(src/amr_description) by extension 'colcon_meta'
[0.775s] Level 1:colcon.colcon_core.package_identification:_identify(src/amr_description) by extensions ['ros']
[0.775s] Level 1:colcon.colcon_core.package_identification:_identify(src/amr_description) by extension 'ros'
[0.776s] DEBUG:colcon.colcon_core.package_identification:Package 'src/amr_description' with type 'ros.ament_cmake' and name 'amr_description'
[0.776s] Level 1:colcon.colcon_core.package_identification:_identify(src/amr_interfaces) by extensions ['ignore', 'ignore_ament_install']
[0.777s] Level 1:colcon.colcon_core.package_identification:_identify(src/amr_interfaces) by extension 'ignore'
[0.777s] Level 1:colcon.colcon_core.package_identification:_identify(src/amr_interfaces) by extension 'ignore_ament_install'
[0.777s] Level 1:colcon.colcon_core.package_identification:_identify(src/amr_interfaces) by extensions ['colcon_pkg']
[0.777s] Level 1:colcon.colcon_core.package_identification:_identify(src/amr_interfaces) by extension 'colcon_pkg'
[0.777s] Level 1:colcon.colcon_core.package_identification:_identify(src/amr_interfaces) by extensions ['colcon_meta']
[0.777s] Level 1:colcon.colcon_core.package_identification:_identify(src/amr_interfaces) by extension 'colcon_meta'
[0.777s] Level 1:colcon.colcon_core.package_identification:_identify(src/amr_interfaces) by extensions ['ros']
[0.777s] Level 1:colcon.colcon_core.package_identification:_identify(src/amr_interfaces) by extension 'ros'
[0.778s] DEBUG:colcon.colcon_core.package_identification:Package 'src/amr_interfaces' with type 'ros.ament_cmake' and name 'amr_interfaces'
[0.779s] Level 1:colcon.colcon_core.package_identification:_identify(src/amr_navigation) by extensions ['ignore', 'ignore_ament_install']
[0.779s] Level 1:colcon.colcon_core.package_identification:_identify(src/amr_navigation) by extension 'ignore'
[0.779s] Level 1:colcon.colcon_core.package_identification:_identify(src/amr_navigation) by extension 'ignore_ament_install'
[0.779s] Level 1:colcon.colcon_core.package_identification:_identify(src/amr_navigation) by extensions ['colcon_pkg']
[0.779s] Level 1:colcon.colcon_core.package_identification:_identify(src/amr_navigation) by extension 'colcon_pkg'
[0.779s] Level 1:colcon.colcon_core.package_identification:_identify(src/amr_navigation) by extensions ['colcon_meta']
[0.779s] Level 1:colcon.colcon_core.package_identification:_identify(src/amr_navigation) by extension 'colcon_meta'
[0.780s] Level 1:colcon.colcon_core.package_identification:_identify(src/amr_navigation) by extensions ['ros']
[0.780s] Level 1:colcon.colcon_core.package_identification:_identify(src/amr_navigation) by extension 'ros'
[0.781s] DEBUG:colcon.colcon_core.package_identification:Package 'src/amr_navigation' with type 'ros.ament_cmake' and name 'amr_navigation'
[0.781s] Level 1:colcon.colcon_core.package_identification:_identify(src/amr_pointcloud_filter) by extensions ['ignore', 'ignore_ament_install']
[0.781s] Level 1:colcon.colcon_core.package_identification:_identify(src/amr_pointcloud_filter) by extension 'ignore'
[0.782s] Level 1:colcon.colcon_core.package_identification:_identify(src/amr_pointcloud_filter) by extension 'ignore_ament_install'
[0.782s] Level 1:colcon.colcon_core.package_identification:_identify(src/amr_pointcloud_filter) by extensions ['colcon_pkg']
[0.782s] Level 1:colcon.colcon_core.package_identification:_identify(src/amr_pointcloud_filter) by extension 'colcon_pkg'
[0.782s] Level 1:colcon.colcon_core.package_identification:_identify(src/amr_pointcloud_filter) by extensions ['colcon_meta']
[0.782s] Level 1:colcon.colcon_core.package_identification:_identify(src/amr_pointcloud_filter) by extension 'colcon_meta'
[0.782s] Level 1:colcon.colcon_core.package_identification:_identify(src/amr_pointcloud_filter) by extensions ['ros']
[0.782s] Level 1:colcon.colcon_core.package_identification:_identify(src/amr_pointcloud_filter) by extension 'ros'
[0.784s] DEBUG:colcon.colcon_core.package_identification:Package 'src/amr_pointcloud_filter' with type 'ros.ament_cmake' and name 'amr_pointcloud_filter'
[0.784s] Level 1:colcon.colcon_core.package_identification:_identify(src/amr_sensors) by extensions ['ignore', 'ignore_ament_install']
[0.784s] Level 1:colcon.colcon_core.package_identification:_identify(src/amr_sensors) by extension 'ignore'
[0.784s] Level 1:colcon.colcon_core.package_identification:_identify(src/amr_sensors) by extension 'ignore_ament_install'
[0.785s] Level 1:colcon.colcon_core.package_identification:_identify(src/amr_sensors) by extensions ['colcon_pkg']
[0.785s] Level 1:colcon.colcon_core.package_identification:_identify(src/amr_sensors) by extension 'colcon_pkg'
[0.785s] Level 1:colcon.colcon_core.package_identification:_identify(src/amr_sensors) by extensions ['colcon_meta']
[0.785s] Level 1:colcon.colcon_core.package_identification:_identify(src/amr_sensors) by extension 'colcon_meta'
[0.785s] Level 1:colcon.colcon_core.package_identification:_identify(src/amr_sensors) by extensions ['ros']
[0.785s] Level 1:colcon.colcon_core.package_identification:_identify(src/amr_sensors) by extension 'ros'
[0.786s] DEBUG:colcon.colcon_core.package_identification:Package 'src/amr_sensors' with type 'ros.ament_python' and name 'amr_sensors'
[0.786s] Level 1:colcon.colcon_core.package_identification:_identify(src/amr_slam) by extensions ['ignore', 'ignore_ament_install']
[0.787s] Level 1:colcon.colcon_core.package_identification:_identify(src/amr_slam) by extension 'ignore'
[0.787s] Level 1:colcon.colcon_core.package_identification:_identify(src/amr_slam) by extension 'ignore_ament_install'
[0.787s] Level 1:colcon.colcon_core.package_identification:_identify(src/amr_slam) by extensions ['colcon_pkg']
[0.787s] Level 1:colcon.colcon_core.package_identification:_identify(src/amr_slam) by extension 'colcon_pkg'
[0.787s] Level 1:colcon.colcon_core.package_identification:_identify(src/amr_slam) by extensions ['colcon_meta']
[0.787s] Level 1:colcon.colcon_core.package_identification:_identify(src/amr_slam) by extension 'colcon_meta'
[0.787s] Level 1:colcon.colcon_core.package_identification:_identify(src/amr_slam) by extensions ['ros']
[0.787s] Level 1:colcon.colcon_core.package_identification:_identify(src/amr_slam) by extension 'ros'
[0.792s] DEBUG:colcon.colcon_core.package_identification:Package 'src/amr_slam' with type 'ros.ament_cmake' and name 'amr_slam'
[0.793s] Level 1:colcon.colcon_core.package_identification:_identify(src/build) by extensions ['ignore', 'ignore_ament_install']
[0.793s] Level 1:colcon.colcon_core.package_identification:_identify(src/build) by extension 'ignore'
[0.793s] Level 1:colcon.colcon_core.package_identification:_identify(src/build) ignored
[0.793s] Level 1:colcon.colcon_core.package_identification:_identify(src/install) by extensions ['ignore', 'ignore_ament_install']
[0.793s] Level 1:colcon.colcon_core.package_identification:_identify(src/install) by extension 'ignore'
[0.794s] Level 1:colcon.colcon_core.package_identification:_identify(src/install) ignored
[0.794s] Level 1:colcon.colcon_core.package_identification:_identify(src/log) by extensions ['ignore', 'ignore_ament_install']
[0.794s] Level 1:colcon.colcon_core.package_identification:_identify(src/log) by extension 'ignore'
[0.794s] Level 1:colcon.colcon_core.package_identification:_identify(src/log) ignored
[0.794s] Level 1:colcon.colcon_core.package_identification:_identify(src/m-explore-ros2) by extensions ['ignore', 'ignore_ament_install']
[0.795s] Level 1:colcon.colcon_core.package_identification:_identify(src/m-explore-ros2) by extension 'ignore'
[0.795s] Level 1:colcon.colcon_core.package_identification:_identify(src/m-explore-ros2) by extension 'ignore_ament_install'
[0.795s] Level 1:colcon.colcon_core.package_identification:_identify(src/m-explore-ros2) by extensions ['colcon_pkg']
[0.795s] Level 1:colcon.colcon_core.package_identification:_identify(src/m-explore-ros2) by extension 'colcon_pkg'
[0.795s] Level 1:colcon.colcon_core.package_identification:_identify(src/m-explore-ros2) by extensions ['colcon_meta']
[0.795s] Level 1:colcon.colcon_core.package_identification:_identify(src/m-explore-ros2) by extension 'colcon_meta'
[0.795s] Level 1:colcon.colcon_core.package_identification:_identify(src/m-explore-ros2) by extensions ['ros']
[0.795s] Level 1:colcon.colcon_core.package_identification:_identify(src/m-explore-ros2) by extension 'ros'
[0.796s] Level 1:colcon.colcon_core.package_identification:_identify(src/m-explore-ros2) by extensions ['cmake', 'python']
[0.796s] Level 1:colcon.colcon_core.package_identification:_identify(src/m-explore-ros2) by extension 'cmake'
[0.796s] Level 1:colcon.colcon_core.package_identification:_identify(src/m-explore-ros2) by extension 'python'
[0.796s] Level 1:colcon.colcon_core.package_identification:_identify(src/m-explore-ros2) by extensions ['python_setup_py']
[0.796s] Level 1:colcon.colcon_core.package_identification:_identify(src/m-explore-ros2) by extension 'python_setup_py'
[0.796s] Level 1:colcon.colcon_core.package_identification:_identify(src/m-explore-ros2/explore) by extensions ['ignore', 'ignore_ament_install']
[0.797s] Level 1:colcon.colcon_core.package_identification:_identify(src/m-explore-ros2/explore) by extension 'ignore'
[0.797s] Level 1:colcon.colcon_core.package_identification:_identify(src/m-explore-ros2/explore) by extension 'ignore_ament_install'
[0.797s] Level 1:colcon.colcon_core.package_identification:_identify(src/m-explore-ros2/explore) by extensions ['colcon_pkg']
[0.797s] Level 1:colcon.colcon_core.package_identification:_identify(src/m-explore-ros2/explore) by extension 'colcon_pkg'
[0.797s] Level 1:colcon.colcon_core.package_identification:_identify(src/m-explore-ros2/explore) by extensions ['colcon_meta']
[0.797s] Level 1:colcon.colcon_core.package_identification:_identify(src/m-explore-ros2/explore) by extension 'colcon_meta'
[0.797s] Level 1:colcon.colcon_core.package_identification:_identify(src/m-explore-ros2/explore) by extensions ['ros']
[0.797s] Level 1:colcon.colcon_core.package_identification:_identify(src/m-explore-ros2/explore) by extension 'ros'
[0.800s] DEBUG:colcon.colcon_core.package_identification:Package 'src/m-explore-ros2/explore' with type 'ros.ament_cmake' and name 'explore_lite'
[0.800s] Level 1:colcon.colcon_core.package_identification:_identify(src/m-explore-ros2/explore_lite_msgs) by extensions ['ignore', 'ignore_ament_install']
[0.800s] Level 1:colcon.colcon_core.package_identification:_identify(src/m-explore-ros2/explore_lite_msgs) by extension 'ignore'
[0.801s] Level 1:colcon.colcon_core.package_identification:_identify(src/m-explore-ros2/explore_lite_msgs) by extension 'ignore_ament_install'
[0.801s] Level 1:colcon.colcon_core.package_identification:_identify(src/m-explore-ros2/explore_lite_msgs) by extensions ['colcon_pkg']
[0.801s] Level 1:colcon.colcon_core.package_identification:_identify(src/m-explore-ros2/explore_lite_msgs) by extension 'colcon_pkg'
[0.801s] Level 1:colcon.colcon_core.package_identification:_identify(src/m-explore-ros2/explore_lite_msgs) by extensions ['colcon_meta']
[0.801s] Level 1:colcon.colcon_core.package_identification:_identify(src/m-explore-ros2/explore_lite_msgs) by extension 'colcon_meta'
[0.801s] Level 1:colcon.colcon_core.package_identification:_identify(src/m-explore-ros2/explore_lite_msgs) by extensions ['ros']
[0.801s] Level 1:colcon.colcon_core.package_identification:_identify(src/m-explore-ros2/explore_lite_msgs) by extension 'ros'
[0.802s] DEBUG:colcon.colcon_core.package_identification:Package 'src/m-explore-ros2/explore_lite_msgs' with type 'ros.ament_cmake' and name 'explore_lite_msgs'
[0.803s] Level 1:colcon.colcon_core.package_identification:_identify(src/m-explore-ros2/map_merge) by extensions ['ignore', 'ignore_ament_install']
[0.803s] Level 1:colcon.colcon_core.package_identification:_identify(src/m-explore-ros2/map_merge) by extension 'ignore'
[0.803s] Level 1:colcon.colcon_core.package_identification:_identify(src/m-explore-ros2/map_merge) by extension 'ignore_ament_install'
[0.803s] Level 1:colcon.colcon_core.package_identification:_identify(src/m-explore-ros2/map_merge) by extensions ['colcon_pkg']
[0.803s] Level 1:colcon.colcon_core.package_identification:_identify(src/m-explore-ros2/map_merge) by extension 'colcon_pkg'
[0.803s] Level 1:colcon.colcon_core.package_identification:_identify(src/m-explore-ros2/map_merge) by extensions ['colcon_meta']
[0.803s] Level 1:colcon.colcon_core.package_identification:_identify(src/m-explore-ros2/map_merge) by extension 'colcon_meta'
[0.804s] Level 1:colcon.colcon_core.package_identification:_identify(src/m-explore-ros2/map_merge) by extensions ['ros']
[0.804s] Level 1:colcon.colcon_core.package_identification:_identify(src/m-explore-ros2/map_merge) by extension 'ros'
[0.806s] DEBUG:colcon.colcon_core.package_identification:Package 'src/m-explore-ros2/map_merge' with type 'ros.ament_cmake' and name 'multirobot_map_merge'
[0.806s] Level 1:colcon.colcon_core.package_identification:_identify(src/ros2_astra_camera) by extensions ['ignore', 'ignore_ament_install']
[0.806s] Level 1:colcon.colcon_core.package_identification:_identify(src/ros2_astra_camera) by extension 'ignore'
[0.807s] Level 1:colcon.colcon_core.package_identification:_identify(src/ros2_astra_camera) by extension 'ignore_ament_install'
[0.807s] Level 1:colcon.colcon_core.package_identification:_identify(src/ros2_astra_camera) by extensions ['colcon_pkg']
[0.807s] Level 1:colcon.colcon_core.package_identification:_identify(src/ros2_astra_camera) by extension 'colcon_pkg'
[0.807s] Level 1:colcon.colcon_core.package_identification:_identify(src/ros2_astra_camera) by extensions ['colcon_meta']
[0.807s] Level 1:colcon.colcon_core.package_identification:_identify(src/ros2_astra_camera) by extension 'colcon_meta'
[0.807s] Level 1:colcon.colcon_core.package_identification:_identify(src/ros2_astra_camera) by extensions ['ros']
[0.807s] Level 1:colcon.colcon_core.package_identification:_identify(src/ros2_astra_camera) by extension 'ros'
[0.807s] Level 1:colcon.colcon_core.package_identification:_identify(src/ros2_astra_camera) by extensions ['cmake', 'python']
[0.808s] Level 1:colcon.colcon_core.package_identification:_identify(src/ros2_astra_camera) by extension 'cmake'
[0.808s] Level 1:colcon.colcon_core.package_identification:_identify(src/ros2_astra_camera) by extension 'python'
[0.808s] Level 1:colcon.colcon_core.package_identification:_identify(src/ros2_astra_camera) by extensions ['python_setup_py']
[0.808s] Level 1:colcon.colcon_core.package_identification:_identify(src/ros2_astra_camera) by extension 'python_setup_py'
[0.808s] Level 1:colcon.colcon_core.package_identification:_identify(src/ros2_astra_camera/astra_camera) by extensions ['ignore', 'ignore_ament_install']
[0.808s] Level 1:colcon.colcon_core.package_identification:_identify(src/ros2_astra_camera/astra_camera) by extension 'ignore'
[0.808s] Level 1:colcon.colcon_core.package_identification:_identify(src/ros2_astra_camera/astra_camera) by extension 'ignore_ament_install'
[0.809s] Level 1:colcon.colcon_core.package_identification:_identify(src/ros2_astra_camera/astra_camera) by extensions ['colcon_pkg']
[0.809s] Level 1:colcon.colcon_core.package_identification:_identify(src/ros2_astra_camera/astra_camera) by extension 'colcon_pkg'
[0.809s] Level 1:colcon.colcon_core.package_identification:_identify(src/ros2_astra_camera/astra_camera) by extensions ['colcon_meta']
[0.809s] Level 1:colcon.colcon_core.package_identification:_identify(src/ros2_astra_camera/astra_camera) by extension 'colcon_meta'
[0.809s] Level 1:colcon.colcon_core.package_identification:_identify(src/ros2_astra_camera/astra_camera) by extensions ['ros']
[0.809s] Level 1:colcon.colcon_core.package_identification:_identify(src/ros2_astra_camera/astra_camera) by extension 'ros'
[0.860s] DEBUG:colcon.colcon_core.package_identification:Package 'src/ros2_astra_camera/astra_camera' with type 'ros.ament_cmake' and name 'astra_camera'
[0.861s] Level 1:colcon.colcon_core.package_identification:_identify(src/ros2_astra_camera/astra_camera_msgs) by extensions ['ignore', 'ignore_ament_install']
[0.861s] Level 1:colcon.colcon_core.package_identification:_identify(src/ros2_astra_camera/astra_camera_msgs) by extension 'ignore'
[0.861s] Level 1:colcon.colcon_core.package_identification:_identify(src/ros2_astra_camera/astra_camera_msgs) by extension 'ignore_ament_install'
[0.861s] Level 1:colcon.colcon_core.package_identification:_identify(src/ros2_astra_camera/astra_camera_msgs) by extensions ['colcon_pkg']
[0.862s] Level 1:colcon.colcon_core.package_identification:_identify(src/ros2_astra_camera/astra_camera_msgs) by extension 'colcon_pkg'
[0.862s] Level 1:colcon.colcon_core.package_identification:_identify(src/ros2_astra_camera/astra_camera_msgs) by extensions ['colcon_meta']
[0.862s] Level 1:colcon.colcon_core.package_identification:_identify(src/ros2_astra_camera/astra_camera_msgs) by extension 'colcon_meta'
[0.862s] Level 1:colcon.colcon_core.package_identification:_identify(src/ros2_astra_camera/astra_camera_msgs) by extensions ['ros']
[0.862s] Level 1:colcon.colcon_core.package_identification:_identify(src/ros2_astra_camera/astra_camera_msgs) by extension 'ros'
[0.864s] DEBUG:colcon.colcon_core.package_identification:Package 'src/ros2_astra_camera/astra_camera_msgs' with type 'ros.ament_cmake' and name 'astra_camera_msgs'
[0.864s] Level 1:colcon.colcon_core.package_identification:_identify(src/sllidar_ros2) by extensions ['ignore', 'ignore_ament_install']
[0.864s] Level 1:colcon.colcon_core.package_identification:_identify(src/sllidar_ros2) by extension 'ignore'
[0.864s] Level 1:colcon.colcon_core.package_identification:_identify(src/sllidar_ros2) by extension 'ignore_ament_install'
[0.865s] Level 1:colcon.colcon_core.package_identification:_identify(src/sllidar_ros2) by extensions ['colcon_pkg']
[0.865s] Level 1:colcon.colcon_core.package_identification:_identify(src/sllidar_ros2) by extension 'colcon_pkg'
[0.865s] Level 1:colcon.colcon_core.package_identification:_identify(src/sllidar_ros2) by extensions ['colcon_meta']
[0.865s] Level 1:colcon.colcon_core.package_identification:_identify(src/sllidar_ros2) by extension 'colcon_meta'
[0.865s] Level 1:colcon.colcon_core.package_identification:_identify(src/sllidar_ros2) by extensions ['ros']
[0.865s] Level 1:colcon.colcon_core.package_identification:_identify(src/sllidar_ros2) by extension 'ros'
[0.867s] DEBUG:colcon.colcon_core.package_identification:Package 'src/sllidar_ros2' with type 'ros.ament_cmake' and name 'sllidar_ros2'
[0.867s] Level 1:colcon.colcon_core.package_discovery:discover_packages(recursive) using defaults
[0.867s] Level 1:colcon.colcon_core.package_discovery:discover_packages(ignore) discover
[0.867s] Level 1:colcon.colcon_core.package_discovery:discover_packages(ignore) using defaults
[0.867s] Level 1:colcon.colcon_core.package_discovery:discover_packages(path) discover
[0.867s] Level 1:colcon.colcon_core.package_discovery:discover_packages(path) using defaults
[0.928s] INFO:colcon.colcon_core.package_selection:Skipping not selected package 'amr_ai' in 'src/amr_ai'
[0.928s] INFO:colcon.colcon_core.package_selection:Skipping not selected package 'amr_bringup' in 'src/amr_bringup'
[0.928s] INFO:colcon.colcon_core.package_selection:Skipping not selected package 'amr_control' in 'src/amr_control'
[0.928s] INFO:colcon.colcon_core.package_selection:Skipping not selected package 'amr_description' in 'src/amr_description'
[0.928s] INFO:colcon.colcon_core.package_selection:Skipping not selected package 'amr_interfaces' in 'src/amr_interfaces'
[0.928s] INFO:colcon.colcon_core.package_selection:Skipping not selected package 'amr_sensors' in 'src/amr_sensors'
[0.928s] INFO:colcon.colcon_core.package_selection:Skipping not selected package 'amr_slam' in 'src/amr_slam'
[0.928s] INFO:colcon.colcon_core.package_selection:Skipping not selected package 'astra_camera_msgs' in 'src/ros2_astra_camera/astra_camera_msgs'
[0.929s] INFO:colcon.colcon_core.package_selection:Skipping not selected package 'explore_lite_msgs' in 'src/m-explore-ros2/explore_lite_msgs'
[0.929s] INFO:colcon.colcon_core.package_selection:Skipping not selected package 'multirobot_map_merge' in 'src/m-explore-ros2/map_merge'
[0.929s] INFO:colcon.colcon_core.package_selection:Skipping not selected package 'sllidar_ros2' in 'src/sllidar_ros2'
[0.929s] INFO:colcon.colcon_core.package_selection:Skipping not selected package 'amr_navigation' in 'src/amr_navigation'
[0.929s] INFO:colcon.colcon_core.package_selection:Skipping not selected package 'astra_camera' in 'src/ros2_astra_camera/astra_camera'
[0.929s] INFO:colcon.colcon_core.package_selection:Skipping not selected package 'explore_lite' in 'src/m-explore-ros2/explore'
[0.930s] Level 1:colcon.colcon_core.package_discovery:discover_packages(prefix_path) check parameters
[0.930s] Level 1:colcon.colcon_core.package_discovery:discover_packages(prefix_path) discover
[0.937s] DEBUG:colcon.colcon_installed_package_information.package_discovery:Found 15 installed packages in /home/huyjetson/mobile_robot/ros2_ws/install
[0.939s] DEBUG:colcon.colcon_installed_package_information.package_discovery:Found 1 installed packages in /home/huyjetson/mobile_robot/ros2_ws/src/install
[0.942s] DEBUG:colcon.colcon_installed_package_information.package_discovery:Found 366 installed packages in /opt/ros/humble
[0.948s] Level 1:colcon.colcon_core.package_discovery:discover_packages(prefix_path) using defaults
[1.064s] Level 5:colcon.colcon_core.verb:set package 'amr_pointcloud_filter' build argument 'cmake_args' from command line to '['-DCMAKE_BUILD_TYPE=Release']'
[1.064s] Level 5:colcon.colcon_core.verb:set package 'amr_pointcloud_filter' build argument 'cmake_target' from command line to 'None'
[1.064s] Level 5:colcon.colcon_core.verb:set package 'amr_pointcloud_filter' build argument 'cmake_target_skip_unavailable' from command line to 'False'
[1.065s] Level 5:colcon.colcon_core.verb:set package 'amr_pointcloud_filter' build argument 'cmake_clean_cache' from command line to 'False'
[1.065s] Level 5:colcon.colcon_core.verb:set package 'amr_pointcloud_filter' build argument 'cmake_clean_first' from command line to 'False'
[1.065s] Level 5:colcon.colcon_core.verb:set package 'amr_pointcloud_filter' build argument 'cmake_force_configure' from command line to 'False'
[1.065s] Level 5:colcon.colcon_core.verb:set package 'amr_pointcloud_filter' build argument 'ament_cmake_args' from command line to 'None'
[1.065s] Level 5:colcon.colcon_core.verb:set package 'amr_pointcloud_filter' build argument 'catkin_cmake_args' from command line to 'None'
[1.065s] Level 5:colcon.colcon_core.verb:set package 'amr_pointcloud_filter' build argument 'catkin_skip_building_tests' from command line to 'False'
[1.065s] DEBUG:colcon.colcon_core.verb:Building package 'amr_pointcloud_filter' with the following arguments: {'ament_cmake_args': None, 'build_base': '/home/huyjetson/mobile_robot/ros2_ws/build/amr_pointcloud_filter', 'catkin_cmake_args': None, 'catkin_skip_building_tests': False, 'cmake_args': ['-DCMAKE_BUILD_TYPE=Release'], 'cmake_clean_cache': False, 'cmake_clean_first': False, 'cmake_force_configure': False, 'cmake_target': None, 'cmake_target_skip_unavailable': False, 'install_base': '/home/huyjetson/mobile_robot/ros2_ws/install/amr_pointcloud_filter', 'merge_install': False, 'path': '/home/huyjetson/mobile_robot/ros2_ws/src/amr_pointcloud_filter', 'symlink_install': True, 'test_result_base': None}
[1.066s] INFO:colcon.colcon_core.executor:Executing jobs using 'parallel' executor
[1.069s] DEBUG:colcon.colcon_parallel_executor.executor.parallel:run_until_complete
[1.070s] INFO:colcon.colcon_ros.task.ament_cmake.build:Building ROS package in '/home/huyjetson/mobile_robot/ros2_ws/src/amr_pointcloud_filter' with build type 'ament_cmake'
[1.070s] INFO:colcon.colcon_cmake.task.cmake.build:Building CMake package in '/home/huyjetson/mobile_robot/ros2_ws/src/amr_pointcloud_filter'
[1.076s] INFO:colcon.colcon_core.plugin_system:Skipping extension 'colcon_core.shell.bat': Not used on non-Windows systems
[1.077s] INFO:colcon.colcon_core.shell:Skip shell extension 'powershell' for command environment: Not usable outside of PowerShell
[1.077s] DEBUG:colcon.colcon_core.shell:Skip shell extension 'dsv' for command environment
[1.102s] DEBUG:colcon.colcon_core.event_handler.log_command:Invoking command in '/home/huyjetson/mobile_robot/ros2_ws/build/amr_pointcloud_filter': CMAKE_PREFIX_PATH=${CMAKE_PREFIX_PATH}:/home/huyjetson/mobile_robot/ros2_ws/install/amr_sensors:/home/huyjetson/mobile_robot/ros2_ws/install/amr_bringup:/home/huyjetson/mobile_robot/ros2_ws/install/amr_ai:/opt/ros/humble /usr/bin/cmake --build /home/huyjetson/mobile_robot/ros2_ws/build/amr_pointcloud_filter -- -j6 -l6
[35.240s] DEBUG:colcon.colcon_core.event_handler.log_command:Invoked command in '/home/huyjetson/mobile_robot/ros2_ws/build/amr_pointcloud_filter' returned '0': CMAKE_PREFIX_PATH=${CMAKE_PREFIX_PATH}:/home/huyjetson/mobile_robot/ros2_ws/install/amr_sensors:/home/huyjetson/mobile_robot/ros2_ws/install/amr_bringup:/home/huyjetson/mobile_robot/ros2_ws/install/amr_ai:/opt/ros/humble /usr/bin/cmake --build /home/huyjetson/mobile_robot/ros2_ws/build/amr_pointcloud_filter -- -j6 -l6
[35.276s] DEBUG:colcon.colcon_core.event_handler.log_command:Invoking command in '/home/huyjetson/mobile_robot/ros2_ws/build/amr_pointcloud_filter': CMAKE_PREFIX_PATH=${CMAKE_PREFIX_PATH}:/home/huyjetson/mobile_robot/ros2_ws/install/amr_sensors:/home/huyjetson/mobile_robot/ros2_ws/install/amr_bringup:/home/huyjetson/mobile_robot/ros2_ws/install/amr_ai:/opt/ros/humble /usr/bin/cmake --install /home/huyjetson/mobile_robot/ros2_ws/build/amr_pointcloud_filter
[35.331s] Level 1:colcon.colcon_core.environment:create_environment_scripts_only(amr_pointcloud_filter)
[35.333s] DEBUG:colcon.colcon_core.event_handler.log_command:Invoked command in '/home/huyjetson/mobile_robot/ros2_ws/build/amr_pointcloud_filter' returned '0': CMAKE_PREFIX_PATH=${CMAKE_PREFIX_PATH}:/home/huyjetson/mobile_robot/ros2_ws/install/amr_sensors:/home/huyjetson/mobile_robot/ros2_ws/install/amr_bringup:/home/huyjetson/mobile_robot/ros2_ws/install/amr_ai:/opt/ros/humble /usr/bin/cmake --install /home/huyjetson/mobile_robot/ros2_ws/build/amr_pointcloud_filter
[35.343s] Level 1:colcon.colcon_core.environment:checking '/home/huyjetson/mobile_robot/ros2_ws/install/amr_pointcloud_filter' for CMake module files
[35.346s] Level 1:colcon.colcon_core.environment:checking '/home/huyjetson/mobile_robot/ros2_ws/install/amr_pointcloud_filter' for CMake config files
[35.348s] Level 1:colcon.colcon_core.shell:create_environment_hook('amr_pointcloud_filter', 'cmake_prefix_path')
[35.349s] INFO:colcon.colcon_core.shell:Creating environment hook '/home/huyjetson/mobile_robot/ros2_ws/install/amr_pointcloud_filter/share/amr_pointcloud_filter/hook/cmake_prefix_path.ps1'
[35.355s] INFO:colcon.colcon_core.shell:Creating environment descriptor '/home/huyjetson/mobile_robot/ros2_ws/install/amr_pointcloud_filter/share/amr_pointcloud_filter/hook/cmake_prefix_path.dsv'
[35.357s] INFO:colcon.colcon_core.shell:Creating environment hook '/home/huyjetson/mobile_robot/ros2_ws/install/amr_pointcloud_filter/share/amr_pointcloud_filter/hook/cmake_prefix_path.sh'
[35.362s] Level 1:colcon.colcon_core.environment:checking '/home/huyjetson/mobile_robot/ros2_ws/install/amr_pointcloud_filter/lib'
[35.362s] Level 1:colcon.colcon_core.environment:checking '/home/huyjetson/mobile_robot/ros2_ws/install/amr_pointcloud_filter/bin'
[35.363s] Level 1:colcon.colcon_core.environment:checking '/home/huyjetson/mobile_robot/ros2_ws/install/amr_pointcloud_filter/lib/pkgconfig/amr_pointcloud_filter.pc'
[35.364s] Level 1:colcon.colcon_core.environment:checking '/home/huyjetson/mobile_robot/ros2_ws/install/amr_pointcloud_filter/lib/python3.10/site-packages'
[35.365s] Level 1:colcon.colcon_core.environment:checking '/home/huyjetson/mobile_robot/ros2_ws/install/amr_pointcloud_filter/bin'
[35.367s] INFO:colcon.colcon_core.shell:Creating package script '/home/huyjetson/mobile_robot/ros2_ws/install/amr_pointcloud_filter/share/amr_pointcloud_filter/package.ps1'
[35.372s] INFO:colcon.colcon_core.shell:Creating package descriptor '/home/huyjetson/mobile_robot/ros2_ws/install/amr_pointcloud_filter/share/amr_pointcloud_filter/package.dsv'
[35.374s] INFO:colcon.colcon_core.shell:Creating package script '/home/huyjetson/mobile_robot/ros2_ws/install/amr_pointcloud_filter/share/amr_pointcloud_filter/package.sh'
[35.377s] INFO:colcon.colcon_core.shell:Creating package script '/home/huyjetson/mobile_robot/ros2_ws/install/amr_pointcloud_filter/share/amr_pointcloud_filter/package.bash'
[35.381s] INFO:colcon.colcon_core.shell:Creating package script '/home/huyjetson/mobile_robot/ros2_ws/install/amr_pointcloud_filter/share/amr_pointcloud_filter/package.zsh'
[35.384s] Level 1:colcon.colcon_core.environment:create_file_with_runtime_dependencies(/home/huyjetson/mobile_robot/ros2_ws/install/amr_pointcloud_filter/share/colcon-core/packages/amr_pointcloud_filter)
[35.387s] Level 1:colcon.colcon_core.environment:create_environment_scripts_only(amr_pointcloud_filter)
[35.388s] Level 1:colcon.colcon_core.environment:checking '/home/huyjetson/mobile_robot/ros2_ws/install/amr_pointcloud_filter' for CMake module files
[35.390s] Level 1:colcon.colcon_core.environment:checking '/home/huyjetson/mobile_robot/ros2_ws/install/amr_pointcloud_filter' for CMake config files
[35.391s] Level 1:colcon.colcon_core.shell:create_environment_hook('amr_pointcloud_filter', 'cmake_prefix_path')
[35.392s] INFO:colcon.colcon_core.shell:Creating environment hook '/home/huyjetson/mobile_robot/ros2_ws/install/amr_pointcloud_filter/share/amr_pointcloud_filter/hook/cmake_prefix_path.ps1'
[35.394s] INFO:colcon.colcon_core.shell:Creating environment descriptor '/home/huyjetson/mobile_robot/ros2_ws/install/amr_pointcloud_filter/share/amr_pointcloud_filter/hook/cmake_prefix_path.dsv'
[35.395s] INFO:colcon.colcon_core.shell:Creating environment hook '/home/huyjetson/mobile_robot/ros2_ws/install/amr_pointcloud_filter/share/amr_pointcloud_filter/hook/cmake_prefix_path.sh'
[35.398s] Level 1:colcon.colcon_core.environment:checking '/home/huyjetson/mobile_robot/ros2_ws/install/amr_pointcloud_filter/lib'
[35.398s] Level 1:colcon.colcon_core.environment:checking '/home/huyjetson/mobile_robot/ros2_ws/install/amr_pointcloud_filter/bin'
[35.398s] Level 1:colcon.colcon_core.environment:checking '/home/huyjetson/mobile_robot/ros2_ws/install/amr_pointcloud_filter/lib/pkgconfig/amr_pointcloud_filter.pc'
[35.399s] Level 1:colcon.colcon_core.environment:checking '/home/huyjetson/mobile_robot/ros2_ws/install/amr_pointcloud_filter/lib/python3.10/site-packages'
[35.400s] Level 1:colcon.colcon_core.environment:checking '/home/huyjetson/mobile_robot/ros2_ws/install/amr_pointcloud_filter/bin'
[35.401s] INFO:colcon.colcon_core.shell:Creating package script '/home/huyjetson/mobile_robot/ros2_ws/install/amr_pointcloud_filter/share/amr_pointcloud_filter/package.ps1'
[35.403s] INFO:colcon.colcon_core.shell:Creating package descriptor '/home/huyjetson/mobile_robot/ros2_ws/install/amr_pointcloud_filter/share/amr_pointcloud_filter/package.dsv'
[35.404s] INFO:colcon.colcon_core.shell:Creating package script '/home/huyjetson/mobile_robot/ros2_ws/install/amr_pointcloud_filter/share/amr_pointcloud_filter/package.sh'
[35.405s] INFO:colcon.colcon_core.shell:Creating package script '/home/huyjetson/mobile_robot/ros2_ws/install/amr_pointcloud_filter/share/amr_pointcloud_filter/package.bash'
[35.407s] INFO:colcon.colcon_core.shell:Creating package script '/home/huyjetson/mobile_robot/ros2_ws/install/amr_pointcloud_filter/share/amr_pointcloud_filter/package.zsh'
[35.409s] Level 1:colcon.colcon_core.environment:create_file_with_runtime_dependencies(/home/huyjetson/mobile_robot/ros2_ws/install/amr_pointcloud_filter/share/colcon-core/packages/amr_pointcloud_filter)
[35.410s] DEBUG:colcon.colcon_parallel_executor.executor.parallel:closing loop
[35.411s] DEBUG:colcon.colcon_parallel_executor.executor.parallel:loop closed
[35.411s] DEBUG:colcon.colcon_parallel_executor.executor.parallel:run_until_complete finished with '0'
[35.412s] DEBUG:colcon.colcon_core.event_reactor:joining thread
[35.413s] DEBUG:colcon.colcon_core.event_reactor:joined thread
[35.414s] INFO:colcon.colcon_core.shell:Creating prefix script '/home/huyjetson/mobile_robot/ros2_ws/install/local_setup.ps1'
[35.416s] INFO:colcon.colcon_core.shell:Creating prefix util module '/home/huyjetson/mobile_robot/ros2_ws/install/_local_setup_util_ps1.py'
[35.420s] INFO:colcon.colcon_core.shell:Creating prefix chain script '/home/huyjetson/mobile_robot/ros2_ws/install/setup.ps1'
[35.425s] INFO:colcon.colcon_core.shell:Creating prefix script '/home/huyjetson/mobile_robot/ros2_ws/install/local_setup.sh'
[35.427s] INFO:colcon.colcon_core.shell:Creating prefix util module '/home/huyjetson/mobile_robot/ros2_ws/install/_local_setup_util_sh.py'
[35.428s] INFO:colcon.colcon_core.shell:Creating prefix chain script '/home/huyjetson/mobile_robot/ros2_ws/install/setup.sh'
[35.432s] INFO:colcon.colcon_core.shell:Creating prefix script '/home/huyjetson/mobile_robot/ros2_ws/install/local_setup.bash'
[35.433s] INFO:colcon.colcon_core.shell:Creating prefix chain script '/home/huyjetson/mobile_robot/ros2_ws/install/setup.bash'
[35.437s] INFO:colcon.colcon_core.shell:Creating prefix script '/home/huyjetson/mobile_robot/ros2_ws/install/local_setup.zsh'
[35.438s] INFO:colcon.colcon_core.shell:Creating prefix chain script '/home/huyjetson/mobile_robot/ros2_ws/install/setup.zsh'
