[0.740s] Invoking command in '/home/huyjetson/mobile_robot/ros2_ws/build/amr_control': CMAKE_PREFIX_PATH=${CMAKE_PREFIX_PATH}:/home/huyjetson/mobile_robot/ros2_ws/install/amr_sensors:/home/huyjetson/mobile_robot/ros2_ws/install/amr_bringup:/home/huyjetson/mobile_robot/ros2_ws/install/amr_ai:/opt/ros/humble /usr/bin/cmake /home/huyjetson/mobile_robot/ros2_ws/src/amr_control -DAMENT_CMAKE_SYMLINK_INSTALL=1 -DCMAKE_INSTALL_PREFIX=/home/huyjetson/mobile_robot/ros2_ws/install/amr_control
[0.808s] -- Found ament_cmake: 1.3.14 (/opt/ros/humble/share/ament_cmake/cmake)
[1.205s] -- Override CMake install command with custom implementation using symlinks instead of copying resources
[1.277s] -- Found rclcpp: 16.0.19 (/opt/ros/humble/share/rclcpp/cmake)
[1.495s] -- Found rosidl_generator_c: 3.1.8 (/opt/ros/humble/share/rosidl_generator_c/cmake)
[1.510s] -- Found rosidl_adapter: 3.1.8 (/opt/ros/humble/share/rosidl_adapter/cmake)
[1.544s] -- Found rosidl_generator_cpp: 3.1.8 (/opt/ros/humble/share/rosidl_generator_cpp/cmake)
[1.591s] -- Using all available rosidl_typesupport_c: rosidl_typesupport_fastrtps_c;rosidl_typesupport_introspection_c
[1.636s] -- Using all available rosidl_typesupport_cpp: rosidl_typesupport_fastrtps_cpp;rosidl_typesupport_introspection_cpp
[1.756s] -- Found rmw_implementation_cmake: 6.1.2 (/opt/ros/humble/share/rmw_implementation_cmake/cmake)
[1.766s] -- Found rmw_cyclonedds_cpp: 1.3.4 (/opt/ros/humble/share/rmw_cyclonedds_cpp/cmake)
[1.845s] -- Using RMW implementation 'rmw_cyclonedds_cpp' as default
[2.105s] -- Found geometry_msgs: 4.9.1 (/opt/ros/humble/share/geometry_msgs/cmake)
[2.151s] -- Found nav_msgs: 4.9.1 (/opt/ros/humble/share/nav_msgs/cmake)
[2.204s] -- Found tf2: 0.25.20 (/opt/ros/humble/share/tf2/cmake)
[2.245s] -- Found tf2_ros: 0.25.20 (/opt/ros/humble/share/tf2_ros/cmake)
[2.617s] -- Found ament_lint_auto: 0.12.15 (/opt/ros/humble/share/ament_lint_auto/cmake)
[2.883s] -- Added test 'cppcheck' to perform static code analysis on C / C++ code
[2.884s] -- Configured cppcheck include dirs: 
[2.884s] -- Configured cppcheck exclude dirs and/or files: 
[2.885s] -- Added test 'lint_cmake' to check CMake code style
[2.891s] -- Added test 'uncrustify' to check C / C++ code style
[2.891s] -- Configured uncrustify additional arguments: 
[2.892s] -- Added test 'xmllint' to check XML markup files
[2.898s] -- Configuring done
[2.962s] -- Generating done
[2.977s] -- Build files have been written to: /home/huyjetson/mobile_robot/ros2_ws/build/amr_control
[3.009s] Invoked command in '/home/huyjetson/mobile_robot/ros2_ws/build/amr_control' returned '0': CMAKE_PREFIX_PATH=${CMAKE_PREFIX_PATH}:/home/huyjetson/mobile_robot/ros2_ws/install/amr_sensors:/home/huyjetson/mobile_robot/ros2_ws/install/amr_bringup:/home/huyjetson/mobile_robot/ros2_ws/install/amr_ai:/opt/ros/humble /usr/bin/cmake /home/huyjetson/mobile_robot/ros2_ws/src/amr_control -DAMENT_CMAKE_SYMLINK_INSTALL=1 -DCMAKE_INSTALL_PREFIX=/home/huyjetson/mobile_robot/ros2_ws/install/amr_control
[3.014s] Invoking command in '/home/huyjetson/mobile_robot/ros2_ws/build/amr_control': CMAKE_PREFIX_PATH=${CMAKE_PREFIX_PATH}:/home/huyjetson/mobile_robot/ros2_ws/install/amr_sensors:/home/huyjetson/mobile_robot/ros2_ws/install/amr_bringup:/home/huyjetson/mobile_robot/ros2_ws/install/amr_ai:/opt/ros/humble /usr/bin/cmake --build /home/huyjetson/mobile_robot/ros2_ws/build/amr_control -- -j6 -l6
[3.133s] [35m[1mConsolidate compiler generated dependencies of target arduino_bridge[0m
[3.435s] [ 50%] [32mBuilding CXX object CMakeFiles/arduino_bridge.dir/src/arduino_bridge.cpp.o[0m
[30.174s] [100%] [32m[1mLinking CXX executable arduino_bridge[0m
[31.611s] [100%] Built target arduino_bridge
[31.641s] Invoked command in '/home/huyjetson/mobile_robot/ros2_ws/build/amr_control' returned '0': CMAKE_PREFIX_PATH=${CMAKE_PREFIX_PATH}:/home/huyjetson/mobile_robot/ros2_ws/install/amr_sensors:/home/huyjetson/mobile_robot/ros2_ws/install/amr_bringup:/home/huyjetson/mobile_robot/ros2_ws/install/amr_ai:/opt/ros/humble /usr/bin/cmake --build /home/huyjetson/mobile_robot/ros2_ws/build/amr_control -- -j6 -l6
[31.651s] Invoking command in '/home/huyjetson/mobile_robot/ros2_ws/build/amr_control': CMAKE_PREFIX_PATH=${CMAKE_PREFIX_PATH}:/home/huyjetson/mobile_robot/ros2_ws/install/amr_sensors:/home/huyjetson/mobile_robot/ros2_ws/install/amr_bringup:/home/huyjetson/mobile_robot/ros2_ws/install/amr_ai:/opt/ros/humble /usr/bin/cmake --install /home/huyjetson/mobile_robot/ros2_ws/build/amr_control
[31.673s] -- Install configuration: ""
[31.674s] -- Execute custom install script
[31.675s] -- Up-to-date symlink: /home/huyjetson/mobile_robot/ros2_ws/install/amr_control/lib/amr_control/arduino_bridge
[31.675s] -- Up-to-date symlink: /home/huyjetson/mobile_robot/ros2_ws/install/amr_control/share/ament_index/resource_index/package_run_dependencies/amr_control
[31.676s] -- Up-to-date symlink: /home/huyjetson/mobile_robot/ros2_ws/install/amr_control/share/ament_index/resource_index/parent_prefix_path/amr_control
[31.676s] -- Up-to-date symlink: /home/huyjetson/mobile_robot/ros2_ws/install/amr_control/share/amr_control/environment/ament_prefix_path.sh
[31.676s] -- Up-to-date symlink: /home/huyjetson/mobile_robot/ros2_ws/install/amr_control/share/amr_control/environment/ament_prefix_path.dsv
[31.677s] -- Up-to-date symlink: /home/huyjetson/mobile_robot/ros2_ws/install/amr_control/share/amr_control/environment/path.sh
[31.677s] -- Up-to-date symlink: /home/huyjetson/mobile_robot/ros2_ws/install/amr_control/share/amr_control/environment/path.dsv
[31.677s] -- Up-to-date symlink: /home/huyjetson/mobile_robot/ros2_ws/install/amr_control/share/amr_control/local_setup.bash
[31.678s] -- Up-to-date symlink: /home/huyjetson/mobile_robot/ros2_ws/install/amr_control/share/amr_control/local_setup.sh
[31.678s] -- Up-to-date symlink: /home/huyjetson/mobile_robot/ros2_ws/install/amr_control/share/amr_control/local_setup.zsh
[31.678s] -- Up-to-date symlink: /home/huyjetson/mobile_robot/ros2_ws/install/amr_control/share/amr_control/local_setup.dsv
[31.679s] -- Symlinking: /home/huyjetson/mobile_robot/ros2_ws/install/amr_control/share/amr_control/package.dsv
[31.702s] -- Up-to-date symlink: /home/huyjetson/mobile_robot/ros2_ws/install/amr_control/share/ament_index/resource_index/packages/amr_control
[31.702s] -- Up-to-date symlink: /home/huyjetson/mobile_robot/ros2_ws/install/amr_control/share/amr_control/cmake/amr_controlConfig.cmake
[31.703s] -- Up-to-date symlink: /home/huyjetson/mobile_robot/ros2_ws/install/amr_control/share/amr_control/cmake/amr_controlConfig-version.cmake
[31.703s] -- Up-to-date symlink: /home/huyjetson/mobile_robot/ros2_ws/install/amr_control/share/amr_control/package.xml
[31.710s] Invoked command in '/home/huyjetson/mobile_robot/ros2_ws/build/amr_control' returned '0': CMAKE_PREFIX_PATH=${CMAKE_PREFIX_PATH}:/home/huyjetson/mobile_robot/ros2_ws/install/amr_sensors:/home/huyjetson/mobile_robot/ros2_ws/install/amr_bringup:/home/huyjetson/mobile_robot/ros2_ws/install/amr_ai:/opt/ros/humble /usr/bin/cmake --install /home/huyjetson/mobile_robot/ros2_ws/build/amr_control
