[0.032s] Invoking command in '/home/huyjetson/mobile_robot/ros2_ws/build/amr_slam': CMAKE_PREFIX_PATH=${CMAKE_PREFIX_PATH}:/home/huyjetson/mobile_robot/ros2_ws/install/amr_sensors:/home/huyjetson/mobile_robot/ros2_ws/install/amr_bringup:/home/huyjetson/mobile_robot/ros2_ws/install/amr_ai:/opt/ros/humble /usr/bin/cmake --build /home/huyjetson/mobile_robot/ros2_ws/build/amr_slam -- -j6 -l6
[0.142s] Invoked command in '/home/huyjetson/mobile_robot/ros2_ws/build/amr_slam' returned '0': CMAKE_PREFIX_PATH=${CMAKE_PREFIX_PATH}:/home/huyjetson/mobile_robot/ros2_ws/install/amr_sensors:/home/huyjetson/mobile_robot/ros2_ws/install/amr_bringup:/home/huyjetson/mobile_robot/ros2_ws/install/amr_ai:/opt/ros/humble /usr/bin/cmake --build /home/huyjetson/mobile_robot/ros2_ws/build/amr_slam -- -j6 -l6
[0.180s] Invoking command in '/home/huyjetson/mobile_robot/ros2_ws/build/amr_slam': CMAKE_PREFIX_PATH=${CMAKE_PREFIX_PATH}:/home/huyjetson/mobile_robot/ros2_ws/install/amr_sensors:/home/huyjetson/mobile_robot/ros2_ws/install/amr_bringup:/home/huyjetson/mobile_robot/ros2_ws/install/amr_ai:/opt/ros/humble /usr/bin/cmake --install /home/huyjetson/mobile_robot/ros2_ws/build/amr_slam
[0.210s] -- Install configuration: ""
[0.210s] -- Execute custom install script
[0.211s] -- Up-to-date symlink: /home/huyjetson/mobile_robot/ros2_ws/install/amr_slam/share/amr_slam/config/mapper_params_online_async.yaml
[0.212s] -- Up-to-date symlink: /home/huyjetson/mobile_robot/ros2_ws/install/amr_slam/share/amr_slam/launch/fusion_slam.launch.py
[0.212s] -- Up-to-date symlink: /home/huyjetson/mobile_robot/ros2_ws/install/amr_slam/share/amr_slam/launch/slam.launch.py
[0.212s] -- Up-to-date symlink: /home/huyjetson/mobile_robot/ros2_ws/install/amr_slam/share/amr_slam/rviz/view_vslam_teleop.rviz
[0.213s] -- Up-to-date symlink: /home/huyjetson/mobile_robot/ros2_ws/install/amr_slam/share/amr_slam/maps/map1.pgm
[0.213s] -- Up-to-date symlink: /home/huyjetson/mobile_robot/ros2_ws/install/amr_slam/share/amr_slam/maps/map1.yaml
[0.214s] -- Up-to-date symlink: /home/huyjetson/mobile_robot/ros2_ws/install/amr_slam/share/ament_index/resource_index/package_run_dependencies/amr_slam
[0.214s] -- Up-to-date symlink: /home/huyjetson/mobile_robot/ros2_ws/install/amr_slam/share/ament_index/resource_index/parent_prefix_path/amr_slam
[0.214s] -- Up-to-date symlink: /home/huyjetson/mobile_robot/ros2_ws/install/amr_slam/share/amr_slam/environment/ament_prefix_path.sh
[0.215s] -- Up-to-date symlink: /home/huyjetson/mobile_robot/ros2_ws/install/amr_slam/share/amr_slam/environment/ament_prefix_path.dsv
[0.215s] -- Up-to-date symlink: /home/huyjetson/mobile_robot/ros2_ws/install/amr_slam/share/amr_slam/environment/path.sh
[0.215s] -- Up-to-date symlink: /home/huyjetson/mobile_robot/ros2_ws/install/amr_slam/share/amr_slam/environment/path.dsv
[0.216s] -- Up-to-date symlink: /home/huyjetson/mobile_robot/ros2_ws/install/amr_slam/share/amr_slam/local_setup.bash
[0.216s] -- Up-to-date symlink: /home/huyjetson/mobile_robot/ros2_ws/install/amr_slam/share/amr_slam/local_setup.sh
[0.216s] -- Up-to-date symlink: /home/huyjetson/mobile_robot/ros2_ws/install/amr_slam/share/amr_slam/local_setup.zsh
[0.217s] -- Up-to-date symlink: /home/huyjetson/mobile_robot/ros2_ws/install/amr_slam/share/amr_slam/local_setup.dsv
[0.217s] -- Symlinking: /home/huyjetson/mobile_robot/ros2_ws/install/amr_slam/share/amr_slam/package.dsv
[0.245s] -- Up-to-date symlink: /home/huyjetson/mobile_robot/ros2_ws/install/amr_slam/share/ament_index/resource_index/packages/amr_slam
[0.245s] -- Up-to-date symlink: /home/huyjetson/mobile_robot/ros2_ws/install/amr_slam/share/amr_slam/cmake/amr_slamConfig.cmake
[0.245s] -- Up-to-date symlink: /home/huyjetson/mobile_robot/ros2_ws/install/amr_slam/share/amr_slam/cmake/amr_slamConfig-version.cmake
[0.246s] -- Up-to-date symlink: /home/huyjetson/mobile_robot/ros2_ws/install/amr_slam/share/amr_slam/package.xml
[0.253s] Invoked command in '/home/huyjetson/mobile_robot/ros2_ws/build/amr_slam' returned '0': CMAKE_PREFIX_PATH=${CMAKE_PREFIX_PATH}:/home/huyjetson/mobile_robot/ros2_ws/install/amr_sensors:/home/huyjetson/mobile_robot/ros2_ws/install/amr_bringup:/home/huyjetson/mobile_robot/ros2_ws/install/amr_ai:/opt/ros/humble /usr/bin/cmake --install /home/huyjetson/mobile_robot/ros2_ws/build/amr_slam
