running develop
running egg_info
writing amr_bringup.egg-info/PKG-INFO
writing dependency_links to amr_bringup.egg-info/dependency_links.txt
writing entry points to amr_bringup.egg-info/entry_points.txt
writing requirements to amr_bringup.egg-info/requires.txt
writing top-level names to amr_bringup.egg-info/top_level.txt
reading manifest file 'amr_bringup.egg-info/SOURCES.txt'
writing manifest file 'amr_bringup.egg-info/SOURCES.txt'
running build_ext
Creating /home/huyjetson/mobile_robot/ros2_ws/install/amr_bringup/lib/python3.10/site-packages/amr-bringup.egg-link (link to .)

Installed /home/huyjetson/mobile_robot/ros2_ws/build/amr_bringup
running symlink_data
symbolically linking /home/huyjetson/mobile_robot/ros2_ws/build/amr_bringup/resource/amr_bringup -> /home/huyjetson/mobile_robot/ros2_ws/install/amr_bringup/share/ament_index/resource_index/packages
symbolically linking /home/huyjetson/mobile_robot/ros2_ws/build/amr_bringup/package.xml -> /home/huyjetson/mobile_robot/ros2_ws/install/amr_bringup/share/amr_bringup
symbolically linking /home/huyjetson/mobile_robot/ros2_ws/build/amr_bringup/launch/bringup_vslam.launch.py -> /home/huyjetson/mobile_robot/ros2_ws/install/amr_bringup/share/amr_bringup/launch
symbolically linking /home/huyjetson/mobile_robot/ros2_ws/build/amr_bringup/launch/bringup_lidar.launch.py -> /home/huyjetson/mobile_robot/ros2_ws/install/amr_bringup/share/amr_bringup/launch
symbolically linking /home/huyjetson/mobile_robot/ros2_ws/build/amr_bringup/launch/bringup_fusion.launch.py -> /home/huyjetson/mobile_robot/ros2_ws/install/amr_bringup/share/amr_bringup/launch
symbolically linking /home/huyjetson/mobile_robot/ros2_ws/build/amr_bringup/config/box_filter.yaml -> /home/huyjetson/mobile_robot/ros2_ws/install/amr_bringup/share/amr_bringup/config
error: [Errno 2] No such file or directory: '/home/huyjetson/mobile_robot/ros2_ws/install/amr_bringup/share/amr_bringup/config/ukf_params.yaml'
