running develop
running egg_info
creating amr_ai.egg-info
writing amr_ai.egg-info/PKG-INFO
writing dependency_links to amr_ai.egg-info/dependency_links.txt
writing entry points to amr_ai.egg-info/entry_points.txt
writing requirements to amr_ai.egg-info/requires.txt
writing top-level names to amr_ai.egg-info/top_level.txt
writing manifest file 'amr_ai.egg-info/SOURCES.txt'
reading manifest file 'amr_ai.egg-info/SOURCES.txt'
writing manifest file 'amr_ai.egg-info/SOURCES.txt'
running build_ext
Creating /home/huy_ubuntu/mobile_robot/ros2_ws/install/amr_ai/lib/python3.10/site-packages/amr-ai.egg-link (link to .)

Installed /home/huy_ubuntu/mobile_robot/ros2_ws/build/amr_ai
running symlink_data
creating /home/huy_ubuntu/mobile_robot/ros2_ws/install/amr_ai/share/ament_index
creating /home/huy_ubuntu/mobile_robot/ros2_ws/install/amr_ai/share/ament_index/resource_index
creating /home/huy_ubuntu/mobile_robot/ros2_ws/install/amr_ai/share/ament_index/resource_index/packages
symbolically linking /home/huy_ubuntu/mobile_robot/ros2_ws/build/amr_ai/resource/amr_ai -> /home/huy_ubuntu/mobile_robot/ros2_ws/install/amr_ai/share/ament_index/resource_index/packages
symbolically linking /home/huy_ubuntu/mobile_robot/ros2_ws/build/amr_ai/package.xml -> /home/huy_ubuntu/mobile_robot/ros2_ws/install/amr_ai/share/amr_ai
