[0.295s] DEBUG:colcon:Command line arguments: ['/usr/bin/colcon', 'build', '--packages-select', 'amr_ai', 'amr_navigation', '--allow-overriding', 'amr_ai', 'amr_navigation']
[0.295s] DEBUG:colcon:Parsed command line arguments: Namespace(log_base=None, log_level=None, verb_name='build', build_base='build', install_base='install', merge_install=False, symlink_install=False, test_result_base=None, continue_on_error=False, executor='parallel', parallel_workers=6, event_handlers=None, ignore_user_meta=False, metas=['./colcon.meta'], base_paths=['.'], packages_ignore=None, packages_ignore_regex=None, paths=None, packages_up_to=None, packages_up_to_regex=None, packages_above=None, packages_above_and_dependencies=None, packages_above_depth=None, packages_select_by_dep=None, packages_skip_by_dep=None, packages_skip_up_to=None, packages_select_build_failed=False, packages_skip_build_finished=False, packages_select_test_failures=False, packages_skip_test_passed=False, packages_select=['amr_ai', 'amr_navigation'], packages_skip=None, packages_select_regex=None, packages_skip_regex=None, packages_start=None, packages_end=None, allow_overriding=['amr_ai', 'amr_navigation'], cmake_args=None, cmake_target=None, cmake_target_skip_unavailable=False, cmake_clean_cache=False, cmake_clean_first=False, cmake_force_configure=False, ament_cmake_args=None, catkin_cmake_args=None, catkin_skip_building_tests=False, mixin_files=None, mixin=None, verb_parser=<colcon_mixin.mixin.mixin_argument.MixinArgumentDecorator object at 0xffff95b77880>, verb_extension=<colcon_core.verb.build.BuildVerb object at 0xffff95b773d0>, main=<bound method BuildVerb.main of <colcon_core.verb.build.BuildVerb object at 0xffff95b773d0>>, mixin_verb=('build',))
[0.733s] Level 1:colcon.colcon_core.package_discovery:discover_packages(colcon_meta) check parameters
[0.733s] Level 1:colcon.colcon_core.package_discovery:discover_packages(recursive) check parameters
[0.733s] Level 1:colcon.colcon_core.package_discovery:discover_packages(ignore) check parameters
[0.733s] Level 1:colcon.colcon_core.package_discovery:discover_packages(path) check parameters
[0.734s] Level 1:colcon.colcon_core.package_discovery:discover_packages(colcon_meta) discover
[0.734s] Level 1:colcon.colcon_core.package_discovery:discover_packages(recursive) discover
[0.734s] INFO:colcon.colcon_core.package_discovery:Crawling recursively for packages in '/home/huyjetson/mobile_robot/ros2_ws'
[0.734s] Level 1:colcon.colcon_core.package_identification:_identify(.) by extensions ['ignore', 'ignore_ament_install']
[0.735s] Level 1:colcon.colcon_core.package_identification:_identify(.) by extension 'ignore'
[0.735s] Level 1:colcon.colcon_core.package_identification:_identify(.) by extension 'ignore_ament_install'
[0.735s] Level 1:colcon.colcon_core.package_identification:_identify(.) by extensions ['colcon_pkg']
[0.735s] Level 1:colcon.colcon_core.package_identification:_identify(.) by extension 'colcon_pkg'
[0.735s] Level 1:colcon.colcon_core.package_identification:_identify(.) by extensions ['colcon_meta']
[0.735s] Level 1:colcon.colcon_core.package_identification:_identify(.) by extension 'colcon_meta'
[0.735s] Level 1:colcon.colcon_core.package_identification:_identify(.) by extensions ['ros']
[0.735s] Level 1:colcon.colcon_core.package_identification:_identify(.) by extension 'ros'
[0.764s] Level 1:colcon.colcon_core.package_identification:_identify(.) by extensions ['cmake', 'python']
[0.764s] Level 1:colcon.colcon_core.package_identification:_identify(.) by extension 'cmake'
[0.764s] Level 1:colcon.colcon_core.package_identification:_identify(.) by extension 'python'
[0.765s] Level 1:colcon.colcon_core.package_identification:_identify(.) by extensions ['python_setup_py']
[0.765s] Level 1:colcon.colcon_core.package_identification:_identify(.) by extension 'python_setup_py'
[0.765s] Level 1:colcon.colcon_core.package_identification:_identify(build) by extensions ['ignore', 'ignore_ament_install']
[0.765s] Level 1:colcon.colcon_core.package_identification:_identify(build) by extension 'ignore'
[0.765s] Level 1:colcon.colcon_core.package_identification:_identify(build) ignored
[0.766s] Level 1:colcon.colcon_core.package_identification:_identify(install) by extensions ['ignore', 'ignore_ament_install']
[0.766s] Level 1:colcon.colcon_core.package_identification:_identify(install) by extension 'ignore'
[0.766s] Level 1:colcon.colcon_core.package_identification:_identify(install) ignored
[0.767s] Level 1:colcon.colcon_core.package_identification:_identify(log) by extensions ['ignore', 'ignore_ament_install']
[0.767s] Level 1:colcon.colcon_core.package_identification:_identify(log) by extension 'ignore'
[0.767s] Level 1:colcon.colcon_core.package_identification:_identify(log) ignored
[0.767s] Level 1:colcon.colcon_core.package_identification:_identify(scripts) by extensions ['ignore', 'ignore_ament_install']
[0.767s] Level 1:colcon.colcon_core.package_identification:_identify(scripts) by extension 'ignore'
[0.768s] Level 1:colcon.colcon_core.package_identification:_identify(scripts) by extension 'ignore_ament_install'
[0.768s] Level 1:colcon.colcon_core.package_identification:_identify(scripts) by extensions ['colcon_pkg']
[0.768s] Level 1:colcon.colcon_core.package_identification:_identify(scripts) by extension 'colcon_pkg'
[0.768s] Level 1:colcon.colcon_core.package_identification:_identify(scripts) by extensions ['colcon_meta']
[0.768s] Level 1:colcon.colcon_core.package_identification:_identify(scripts) by extension 'colcon_meta'
[0.768s] Level 1:colcon.colcon_core.package_identification:_identify(scripts) by extensions ['ros']
[0.768s] Level 1:colcon.colcon_core.package_identification:_identify(scripts) by extension 'ros'
[0.768s] Level 1:colcon.colcon_core.package_identification:_identify(scripts) by extensions ['cmake', 'python']
[0.768s] Level 1:colcon.colcon_core.package_identification:_identify(scripts) by extension 'cmake'
[0.769s] Level 1:colcon.colcon_core.package_identification:_identify(scripts) by extension 'python'
[0.769s] Level 1:colcon.colcon_core.package_identification:_identify(scripts) by extensions ['python_setup_py']
[0.769s] Level 1:colcon.colcon_core.package_identification:_identify(scripts) by extension 'python_setup_py'
[0.769s] Level 1:colcon.colcon_core.package_identification:_identify(src) by extensions ['ignore', 'ignore_ament_install']
[0.769s] Level 1:colcon.colcon_core.package_identification:_identify(src) by extension 'ignore'
[0.769s] Level 1:colcon.colcon_core.package_identification:_identify(src) by extension 'ignore_ament_install'
[0.770s] Level 1:colcon.colcon_core.package_identification:_identify(src) by extensions ['colcon_pkg']
[0.770s] Level 1:colcon.colcon_core.package_identification:_identify(src) by extension 'colcon_pkg'
[0.770s] Level 1:colcon.colcon_core.package_identification:_identify(src) by extensions ['colcon_meta']
[0.770s] Level 1:colcon.colcon_core.package_identification:_identify(src) by extension 'colcon_meta'
[0.770s] Level 1:colcon.colcon_core.package_identification:_identify(src) by extensions ['ros']
[0.770s] Level 1:colcon.colcon_core.package_identification:_identify(src) by extension 'ros'
[0.770s] Level 1:colcon.colcon_core.package_identification:_identify(src) by extensions ['cmake', 'python']
[0.770s] Level 1:colcon.colcon_core.package_identification:_identify(src) by extension 'cmake'
[0.770s] Level 1:colcon.colcon_core.package_identification:_identify(src) by extension 'python'
[0.771s] Level 1:colcon.colcon_core.package_identification:_identify(src) by extensions ['python_setup_py']
[0.771s] Level 1:colcon.colcon_core.package_identification:_identify(src) by extension 'python_setup_py'
[0.771s] Level 1:colcon.colcon_core.package_identification:_identify(src/amr_ai) by extensions ['ignore', 'ignore_ament_install']
[0.771s] Level 1:colcon.colcon_core.package_identification:_identify(src/amr_ai) by extension 'ignore'
[0.771s] Level 1:colcon.colcon_core.package_identification:_identify(src/amr_ai) by extension 'ignore_ament_install'
[0.771s] Level 1:colcon.colcon_core.package_identification:_identify(src/amr_ai) by extensions ['colcon_pkg']
[0.771s] Level 1:colcon.colcon_core.package_identification:_identify(src/amr_ai) by extension 'colcon_pkg'
[0.772s] Level 1:colcon.colcon_core.package_identification:_identify(src/amr_ai) by extensions ['colcon_meta']
[0.772s] Level 1:colcon.colcon_core.package_identification:_identify(src/amr_ai) by extension 'colcon_meta'
[0.772s] Level 1:colcon.colcon_core.package_identification:_identify(src/amr_ai) by extensions ['ros']
[0.772s] Level 1:colcon.colcon_core.package_identification:_identify(src/amr_ai) by extension 'ros'
[0.780s] DEBUG:colcon.colcon_core.package_identification:Package 'src/amr_ai' with type 'ros.ament_python' and name 'amr_ai'
[0.780s] Level 1:colcon.colcon_core.package_identification:_identify(src/amr_bringup) by extensions ['ignore', 'ignore_ament_install']
[0.781s] Level 1:colcon.colcon_core.package_identification:_identify(src/amr_bringup) by extension 'ignore'
[0.781s] Level 1:colcon.colcon_core.package_identification:_identify(src/amr_bringup) by extension 'ignore_ament_install'
[0.781s] Level 1:colcon.colcon_core.package_identification:_identify(src/amr_bringup) by extensions ['colcon_pkg']
[0.781s] Level 1:colcon.colcon_core.package_identification:_identify(src/amr_bringup) by extension 'colcon_pkg'
[0.781s] Level 1:colcon.colcon_core.package_identification:_identify(src/amr_bringup) by extensions ['colcon_meta']
[0.781s] Level 1:colcon.colcon_core.package_identification:_identify(src/amr_bringup) by extension 'colcon_meta'
[0.781s] Level 1:colcon.colcon_core.package_identification:_identify(src/amr_bringup) by extensions ['ros']
[0.781s] Level 1:colcon.colcon_core.package_identification:_identify(src/amr_bringup) by extension 'ros'
[0.783s] DEBUG:colcon.colcon_core.package_identification:Package 'src/amr_bringup' with type 'ros.ament_python' and name 'amr_bringup'
[0.783s] Level 1:colcon.colcon_core.package_identification:_identify(src/amr_control) by extensions ['ignore', 'ignore_ament_install']
[0.783s] Level 1:colcon.colcon_core.package_identification:_identify(src/amr_control) by extension 'ignore'
[0.783s] Level 1:colcon.colcon_core.package_identification:_identify(src/amr_control) by extension 'ignore_ament_install'
[0.783s] Level 1:colcon.colcon_core.package_identification:_identify(src/amr_control) by extensions ['colcon_pkg']
[0.784s] Level 1:colcon.colcon_core.package_identification:_identify(src/amr_control) by extension 'colcon_pkg'
[0.784s] Level 1:colcon.colcon_core.package_identification:_identify(src/amr_control) by extensions ['colcon_meta']
[0.784s] Level 1:colcon.colcon_core.package_identification:_identify(src/amr_control) by extension 'colcon_meta'
[0.784s] Level 1:colcon.colcon_core.package_identification:_identify(src/amr_control) by extensions ['ros']
[0.784s] Level 1:colcon.colcon_core.package_identification:_identify(src/amr_control) by extension 'ros'
[0.786s] DEBUG:colcon.colcon_core.package_identification:Package 'src/amr_control' with type 'ros.ament_cmake' and name 'amr_control'
[0.786s] Level 1:colcon.colcon_core.package_identification:_identify(src/amr_description) by extensions ['ignore', 'ignore_ament_install']
[0.786s] Level 1:colcon.colcon_core.package_identification:_identify(src/amr_description) by extension 'ignore'
[0.786s] Level 1:colcon.colcon_core.package_identification:_identify(src/amr_description) by extension 'ignore_ament_install'
[0.787s] Level 1:colcon.colcon_core.package_identification:_identify(src/amr_description) by extensions ['colcon_pkg']
[0.787s] Level 1:colcon.colcon_core.package_identification:_identify(src/amr_description) by extension 'colcon_pkg'
[0.787s] Level 1:colcon.colcon_core.package_identification:_identify(src/amr_description) by extensions ['colcon_meta']
[0.787s] Level 1:colcon.colcon_core.package_identification:_identify(src/amr_description) by extension 'colcon_meta'
[0.787s] Level 1:colcon.colcon_core.package_identification:_identify(src/amr_description) by extensions ['ros']
[0.787s] Level 1:colcon.colcon_core.package_identification:_identify(src/amr_description) by extension 'ros'
[0.788s] DEBUG:colcon.colcon_core.package_identification:Package 'src/amr_description' with type 'ros.ament_cmake' and name 'amr_description'
[0.789s] Level 1:colcon.colcon_core.package_identification:_identify(src/amr_interfaces) by extensions ['ignore', 'ignore_ament_install']
[0.789s] Level 1:colcon.colcon_core.package_identification:_identify(src/amr_interfaces) by extension 'ignore'
[0.789s] Level 1:colcon.colcon_core.package_identification:_identify(src/amr_interfaces) by extension 'ignore_ament_install'
[0.789s] Level 1:colcon.colcon_core.package_identification:_identify(src/amr_interfaces) by extensions ['colcon_pkg']
[0.789s] Level 1:colcon.colcon_core.package_identification:_identify(src/amr_interfaces) by extension 'colcon_pkg'
[0.789s] Level 1:colcon.colcon_core.package_identification:_identify(src/amr_interfaces) by extensions ['colcon_meta']
[0.789s] Level 1:colcon.colcon_core.package_identification:_identify(src/amr_interfaces) by extension 'colcon_meta'
[0.789s] Level 1:colcon.colcon_core.package_identification:_identify(src/amr_interfaces) by extensions ['ros']
[0.790s] Level 1:colcon.colcon_core.package_identification:_identify(src/amr_interfaces) by extension 'ros'
[0.791s] DEBUG:colcon.colcon_core.package_identification:Package 'src/amr_interfaces' with type 'ros.ament_cmake' and name 'amr_interfaces'
[0.791s] Level 1:colcon.colcon_core.package_identification:_identify(src/amr_navigation) by extensions ['ignore', 'ignore_ament_install']
[0.792s] Level 1:colcon.colcon_core.package_identification:_identify(src/amr_navigation) by extension 'ignore'
[0.792s] Level 1:colcon.colcon_core.package_identification:_identify(src/amr_navigation) by extension 'ignore_ament_install'
[0.792s] Level 1:colcon.colcon_core.package_identification:_identify(src/amr_navigation) by extensions ['colcon_pkg']
[0.792s] Level 1:colcon.colcon_core.package_identification:_identify(src/amr_navigation) by extension 'colcon_pkg'
[0.792s] Level 1:colcon.colcon_core.package_identification:_identify(src/amr_navigation) by extensions ['colcon_meta']
[0.792s] Level 1:colcon.colcon_core.package_identification:_identify(src/amr_navigation) by extension 'colcon_meta'
[0.792s] Level 1:colcon.colcon_core.package_identification:_identify(src/amr_navigation) by extensions ['ros']
[0.792s] Level 1:colcon.colcon_core.package_identification:_identify(src/amr_navigation) by extension 'ros'
[0.794s] DEBUG:colcon.colcon_core.package_identification:Package 'src/amr_navigation' with type 'ros.ament_cmake' and name 'amr_navigation'
[0.794s] Level 1:colcon.colcon_core.package_identification:_identify(src/amr_pointcloud_filter) by extensions ['ignore', 'ignore_ament_install']
[0.794s] Level 1:colcon.colcon_core.package_identification:_identify(src/amr_pointcloud_filter) by extension 'ignore'
[0.794s] Level 1:colcon.colcon_core.package_identification:_identify(src/amr_pointcloud_filter) by extension 'ignore_ament_install'
[0.795s] Level 1:colcon.colcon_core.package_identification:_identify(src/amr_pointcloud_filter) by extensions ['colcon_pkg']
[0.795s] Level 1:colcon.colcon_core.package_identification:_identify(src/amr_pointcloud_filter) by extension 'colcon_pkg'
[0.795s] Level 1:colcon.colcon_core.package_identification:_identify(src/amr_pointcloud_filter) by extensions ['colcon_meta']
[0.795s] Level 1:colcon.colcon_core.package_identification:_identify(src/amr_pointcloud_filter) by extension 'colcon_meta'
[0.795s] Level 1:colcon.colcon_core.package_identification:_identify(src/amr_pointcloud_filter) by extensions ['ros']
[0.795s] Level 1:colcon.colcon_core.package_identification:_identify(src/amr_pointcloud_filter) by extension 'ros'
[0.797s] DEBUG:colcon.colcon_core.package_identification:Package 'src/amr_pointcloud_filter' with type 'ros.ament_cmake' and name 'amr_pointcloud_filter'
[0.797s] Level 1:colcon.colcon_core.package_identification:_identify(src/amr_sensors) by extensions ['ignore', 'ignore_ament_install']
[0.797s] Level 1:colcon.colcon_core.package_identification:_identify(src/amr_sensors) by extension 'ignore'
[0.797s] Level 1:colcon.colcon_core.package_identification:_identify(src/amr_sensors) by extension 'ignore_ament_install'
[0.798s] Level 1:colcon.colcon_core.package_identification:_identify(src/amr_sensors) by extensions ['colcon_pkg']
[0.798s] Level 1:colcon.colcon_core.package_identification:_identify(src/amr_sensors) by extension 'colcon_pkg'
[0.798s] Level 1:colcon.colcon_core.package_identification:_identify(src/amr_sensors) by extensions ['colcon_meta']
[0.798s] Level 1:colcon.colcon_core.package_identification:_identify(src/amr_sensors) by extension 'colcon_meta'
[0.798s] Level 1:colcon.colcon_core.package_identification:_identify(src/amr_sensors) by extensions ['ros']
[0.798s] Level 1:colcon.colcon_core.package_identification:_identify(src/amr_sensors) by extension 'ros'
[0.799s] DEBUG:colcon.colcon_core.package_identification:Package 'src/amr_sensors' with type 'ros.ament_python' and name 'amr_sensors'
[0.800s] Level 1:colcon.colcon_core.package_identification:_identify(src/amr_slam) by extensions ['ignore', 'ignore_ament_install']
[0.800s] Level 1:colcon.colcon_core.package_identification:_identify(src/amr_slam) by extension 'ignore'
[0.800s] Level 1:colcon.colcon_core.package_identification:_identify(src/amr_slam) by extension 'ignore_ament_install'
[0.800s] Level 1:colcon.colcon_core.package_identification:_identify(src/amr_slam) by extensions ['colcon_pkg']
[0.800s] Level 1:colcon.colcon_core.package_identification:_identify(src/amr_slam) by extension 'colcon_pkg'
[0.800s] Level 1:colcon.colcon_core.package_identification:_identify(src/amr_slam) by extensions ['colcon_meta']
[0.800s] Level 1:colcon.colcon_core.package_identification:_identify(src/amr_slam) by extension 'colcon_meta'
[0.800s] Level 1:colcon.colcon_core.package_identification:_identify(src/amr_slam) by extensions ['ros']
[0.801s] Level 1:colcon.colcon_core.package_identification:_identify(src/amr_slam) by extension 'ros'
[0.802s] DEBUG:colcon.colcon_core.package_identification:Package 'src/amr_slam' with type 'ros.ament_cmake' and name 'amr_slam'
[0.802s] Level 1:colcon.colcon_core.package_identification:_identify(src/m-explore-ros2) by extensions ['ignore', 'ignore_ament_install']
[0.802s] Level 1:colcon.colcon_core.package_identification:_identify(src/m-explore-ros2) by extension 'ignore'
[0.802s] Level 1:colcon.colcon_core.package_identification:_identify(src/m-explore-ros2) by extension 'ignore_ament_install'
[0.802s] Level 1:colcon.colcon_core.package_identification:_identify(src/m-explore-ros2) by extensions ['colcon_pkg']
[0.802s] Level 1:colcon.colcon_core.package_identification:_identify(src/m-explore-ros2) by extension 'colcon_pkg'
[0.803s] Level 1:colcon.colcon_core.package_identification:_identify(src/m-explore-ros2) by extensions ['colcon_meta']
[0.803s] Level 1:colcon.colcon_core.package_identification:_identify(src/m-explore-ros2) by extension 'colcon_meta'
[0.803s] Level 1:colcon.colcon_core.package_identification:_identify(src/m-explore-ros2) by extensions ['ros']
[0.803s] Level 1:colcon.colcon_core.package_identification:_identify(src/m-explore-ros2) by extension 'ros'
[0.803s] Level 1:colcon.colcon_core.package_identification:_identify(src/m-explore-ros2) by extensions ['cmake', 'python']
[0.803s] Level 1:colcon.colcon_core.package_identification:_identify(src/m-explore-ros2) by extension 'cmake'
[0.803s] Level 1:colcon.colcon_core.package_identification:_identify(src/m-explore-ros2) by extension 'python'
[0.803s] Level 1:colcon.colcon_core.package_identification:_identify(src/m-explore-ros2) by extensions ['python_setup_py']
[0.803s] Level 1:colcon.colcon_core.package_identification:_identify(src/m-explore-ros2) by extension 'python_setup_py'
[0.804s] Level 1:colcon.colcon_core.package_identification:_identify(src/m-explore-ros2/explore) by extensions ['ignore', 'ignore_ament_install']
[0.804s] Level 1:colcon.colcon_core.package_identification:_identify(src/m-explore-ros2/explore) by extension 'ignore'
[0.804s] Level 1:colcon.colcon_core.package_identification:_identify(src/m-explore-ros2/explore) by extension 'ignore_ament_install'
[0.804s] Level 1:colcon.colcon_core.package_identification:_identify(src/m-explore-ros2/explore) by extensions ['colcon_pkg']
[0.804s] Level 1:colcon.colcon_core.package_identification:_identify(src/m-explore-ros2/explore) by extension 'colcon_pkg'
[0.804s] Level 1:colcon.colcon_core.package_identification:_identify(src/m-explore-ros2/explore) by extensions ['colcon_meta']
[0.805s] Level 1:colcon.colcon_core.package_identification:_identify(src/m-explore-ros2/explore) by extension 'colcon_meta'
[0.805s] Level 1:colcon.colcon_core.package_identification:_identify(src/m-explore-ros2/explore) by extensions ['ros']
[0.805s] Level 1:colcon.colcon_core.package_identification:_identify(src/m-explore-ros2/explore) by extension 'ros'
[0.807s] DEBUG:colcon.colcon_core.package_identification:Package 'src/m-explore-ros2/explore' with type 'ros.ament_cmake' and name 'explore_lite'
[0.808s] Level 1:colcon.colcon_core.package_identification:_identify(src/m-explore-ros2/explore_lite_msgs) by extensions ['ignore', 'ignore_ament_install']
[0.808s] Level 1:colcon.colcon_core.package_identification:_identify(src/m-explore-ros2/explore_lite_msgs) by extension 'ignore'
[0.808s] Level 1:colcon.colcon_core.package_identification:_identify(src/m-explore-ros2/explore_lite_msgs) by extension 'ignore_ament_install'
[0.808s] Level 1:colcon.colcon_core.package_identification:_identify(src/m-explore-ros2/explore_lite_msgs) by extensions ['colcon_pkg']
[0.808s] Level 1:colcon.colcon_core.package_identification:_identify(src/m-explore-ros2/explore_lite_msgs) by extension 'colcon_pkg'
[0.808s] Level 1:colcon.colcon_core.package_identification:_identify(src/m-explore-ros2/explore_lite_msgs) by extensions ['colcon_meta']
[0.809s] Level 1:colcon.colcon_core.package_identification:_identify(src/m-explore-ros2/explore_lite_msgs) by extension 'colcon_meta'
[0.809s] Level 1:colcon.colcon_core.package_identification:_identify(src/m-explore-ros2/explore_lite_msgs) by extensions ['ros']
[0.809s] Level 1:colcon.colcon_core.package_identification:_identify(src/m-explore-ros2/explore_lite_msgs) by extension 'ros'
[0.810s] DEBUG:colcon.colcon_core.package_identification:Package 'src/m-explore-ros2/explore_lite_msgs' with type 'ros.ament_cmake' and name 'explore_lite_msgs'
[0.810s] Level 1:colcon.colcon_core.package_identification:_identify(src/m-explore-ros2/map_merge) by extensions ['ignore', 'ignore_ament_install']
[0.810s] Level 1:colcon.colcon_core.package_identification:_identify(src/m-explore-ros2/map_merge) by extension 'ignore'
[0.810s] Level 1:colcon.colcon_core.package_identification:_identify(src/m-explore-ros2/map_merge) by extension 'ignore_ament_install'
[0.811s] Level 1:colcon.colcon_core.package_identification:_identify(src/m-explore-ros2/map_merge) by extensions ['colcon_pkg']
[0.811s] Level 1:colcon.colcon_core.package_identification:_identify(src/m-explore-ros2/map_merge) by extension 'colcon_pkg'
[0.811s] Level 1:colcon.colcon_core.package_identification:_identify(src/m-explore-ros2/map_merge) by extensions ['colcon_meta']
[0.811s] Level 1:colcon.colcon_core.package_identification:_identify(src/m-explore-ros2/map_merge) by extension 'colcon_meta'
[0.811s] Level 1:colcon.colcon_core.package_identification:_identify(src/m-explore-ros2/map_merge) by extensions ['ros']
[0.811s] Level 1:colcon.colcon_core.package_identification:_identify(src/m-explore-ros2/map_merge) by extension 'ros'
[0.818s] DEBUG:colcon.colcon_core.package_identification:Package 'src/m-explore-ros2/map_merge' with type 'ros.ament_cmake' and name 'multirobot_map_merge'
[0.818s] Level 1:colcon.colcon_core.package_identification:_identify(src/ros2_astra_camera) by extensions ['ignore', 'ignore_ament_install']
[0.818s] Level 1:colcon.colcon_core.package_identification:_identify(src/ros2_astra_camera) by extension 'ignore'
[0.819s] Level 1:colcon.colcon_core.package_identification:_identify(src/ros2_astra_camera) by extension 'ignore_ament_install'
[0.819s] Level 1:colcon.colcon_core.package_identification:_identify(src/ros2_astra_camera) by extensions ['colcon_pkg']
[0.819s] Level 1:colcon.colcon_core.package_identification:_identify(src/ros2_astra_camera) by extension 'colcon_pkg'
[0.819s] Level 1:colcon.colcon_core.package_identification:_identify(src/ros2_astra_camera) by extensions ['colcon_meta']
[0.819s] Level 1:colcon.colcon_core.package_identification:_identify(src/ros2_astra_camera) by extension 'colcon_meta'
[0.819s] Level 1:colcon.colcon_core.package_identification:_identify(src/ros2_astra_camera) by extensions ['ros']
[0.819s] Level 1:colcon.colcon_core.package_identification:_identify(src/ros2_astra_camera) by extension 'ros'
[0.820s] Level 1:colcon.colcon_core.package_identification:_identify(src/ros2_astra_camera) by extensions ['cmake', 'python']
[0.820s] Level 1:colcon.colcon_core.package_identification:_identify(src/ros2_astra_camera) by extension 'cmake'
[0.820s] Level 1:colcon.colcon_core.package_identification:_identify(src/ros2_astra_camera) by extension 'python'
[0.820s] Level 1:colcon.colcon_core.package_identification:_identify(src/ros2_astra_camera) by extensions ['python_setup_py']
[0.820s] Level 1:colcon.colcon_core.package_identification:_identify(src/ros2_astra_camera) by extension 'python_setup_py'
[0.820s] Level 1:colcon.colcon_core.package_identification:_identify(src/ros2_astra_camera/astra_camera) by extensions ['ignore', 'ignore_ament_install']
[0.821s] Level 1:colcon.colcon_core.package_identification:_identify(src/ros2_astra_camera/astra_camera) by extension 'ignore'
[0.821s] Level 1:colcon.colcon_core.package_identification:_identify(src/ros2_astra_camera/astra_camera) by extension 'ignore_ament_install'
[0.821s] Level 1:colcon.colcon_core.package_identification:_identify(src/ros2_astra_camera/astra_camera) by extensions ['colcon_pkg']
[0.821s] Level 1:colcon.colcon_core.package_identification:_identify(src/ros2_astra_camera/astra_camera) by extension 'colcon_pkg'
[0.821s] Level 1:colcon.colcon_core.package_identification:_identify(src/ros2_astra_camera/astra_camera) by extensions ['colcon_meta']
[0.821s] Level 1:colcon.colcon_core.package_identification:_identify(src/ros2_astra_camera/astra_camera) by extension 'colcon_meta'
[0.821s] Level 1:colcon.colcon_core.package_identification:_identify(src/ros2_astra_camera/astra_camera) by extensions ['ros']
[0.821s] Level 1:colcon.colcon_core.package_identification:_identify(src/ros2_astra_camera/astra_camera) by extension 'ros'
[0.826s] DEBUG:colcon.colcon_core.package_identification:Package 'src/ros2_astra_camera/astra_camera' with type 'ros.ament_cmake' and name 'astra_camera'
[0.826s] Level 1:colcon.colcon_core.package_identification:_identify(src/ros2_astra_camera/astra_camera_msgs) by extensions ['ignore', 'ignore_ament_install']
[0.827s] Level 1:colcon.colcon_core.package_identification:_identify(src/ros2_astra_camera/astra_camera_msgs) by extension 'ignore'
[0.827s] Level 1:colcon.colcon_core.package_identification:_identify(src/ros2_astra_camera/astra_camera_msgs) by extension 'ignore_ament_install'
[0.827s] Level 1:colcon.colcon_core.package_identification:_identify(src/ros2_astra_camera/astra_camera_msgs) by extensions ['colcon_pkg']
[0.827s] Level 1:colcon.colcon_core.package_identification:_identify(src/ros2_astra_camera/astra_camera_msgs) by extension 'colcon_pkg'
[0.827s] Level 1:colcon.colcon_core.package_identification:_identify(src/ros2_astra_camera/astra_camera_msgs) by extensions ['colcon_meta']
[0.827s] Level 1:colcon.colcon_core.package_identification:_identify(src/ros2_astra_camera/astra_camera_msgs) by extension 'colcon_meta'
[0.827s] Level 1:colcon.colcon_core.package_identification:_identify(src/ros2_astra_camera/astra_camera_msgs) by extensions ['ros']
[0.827s] Level 1:colcon.colcon_core.package_identification:_identify(src/ros2_astra_camera/astra_camera_msgs) by extension 'ros'
[0.829s] DEBUG:colcon.colcon_core.package_identification:Package 'src/ros2_astra_camera/astra_camera_msgs' with type 'ros.ament_cmake' and name 'astra_camera_msgs'
[0.829s] Level 1:colcon.colcon_core.package_identification:_identify(src/sllidar_ros2) by extensions ['ignore', 'ignore_ament_install']
[0.829s] Level 1:colcon.colcon_core.package_identification:_identify(src/sllidar_ros2) by extension 'ignore'
[0.830s] Level 1:colcon.colcon_core.package_identification:_identify(src/sllidar_ros2) by extension 'ignore_ament_install'
[0.830s] Level 1:colcon.colcon_core.package_identification:_identify(src/sllidar_ros2) by extensions ['colcon_pkg']
[0.830s] Level 1:colcon.colcon_core.package_identification:_identify(src/sllidar_ros2) by extension 'colcon_pkg'
[0.830s] Level 1:colcon.colcon_core.package_identification:_identify(src/sllidar_ros2) by extensions ['colcon_meta']
[0.830s] Level 1:colcon.colcon_core.package_identification:_identify(src/sllidar_ros2) by extension 'colcon_meta'
[0.830s] Level 1:colcon.colcon_core.package_identification:_identify(src/sllidar_ros2) by extensions ['ros']
[0.830s] Level 1:colcon.colcon_core.package_identification:_identify(src/sllidar_ros2) by extension 'ros'
[0.832s] DEBUG:colcon.colcon_core.package_identification:Package 'src/sllidar_ros2' with type 'ros.ament_cmake' and name 'sllidar_ros2'
[0.832s] Level 1:colcon.colcon_core.package_discovery:discover_packages(recursive) using defaults
[0.832s] Level 1:colcon.colcon_core.package_discovery:discover_packages(ignore) discover
[0.832s] Level 1:colcon.colcon_core.package_discovery:discover_packages(ignore) using defaults
[0.832s] Level 1:colcon.colcon_core.package_discovery:discover_packages(path) discover
[0.832s] Level 1:colcon.colcon_core.package_discovery:discover_packages(path) using defaults
[0.937s] INFO:colcon.colcon_core.package_selection:Skipping not selected package 'amr_bringup' in 'src/amr_bringup'
[0.937s] INFO:colcon.colcon_core.package_selection:Skipping not selected package 'amr_control' in 'src/amr_control'
[0.937s] INFO:colcon.colcon_core.package_selection:Skipping not selected package 'amr_description' in 'src/amr_description'
[0.938s] INFO:colcon.colcon_core.package_selection:Skipping not selected package 'amr_interfaces' in 'src/amr_interfaces'
[0.938s] INFO:colcon.colcon_core.package_selection:Skipping not selected package 'amr_pointcloud_filter' in 'src/amr_pointcloud_filter'
[0.938s] INFO:colcon.colcon_core.package_selection:Skipping not selected package 'amr_sensors' in 'src/amr_sensors'
[0.938s] INFO:colcon.colcon_core.package_selection:Skipping not selected package 'amr_slam' in 'src/amr_slam'
[0.938s] INFO:colcon.colcon_core.package_selection:Skipping not selected package 'astra_camera_msgs' in 'src/ros2_astra_camera/astra_camera_msgs'
[0.938s] INFO:colcon.colcon_core.package_selection:Skipping not selected package 'explore_lite_msgs' in 'src/m-explore-ros2/explore_lite_msgs'
[0.938s] INFO:colcon.colcon_core.package_selection:Skipping not selected package 'multirobot_map_merge' in 'src/m-explore-ros2/map_merge'
[0.938s] INFO:colcon.colcon_core.package_selection:Skipping not selected package 'sllidar_ros2' in 'src/sllidar_ros2'
[0.938s] INFO:colcon.colcon_core.package_selection:Skipping not selected package 'astra_camera' in 'src/ros2_astra_camera/astra_camera'
[0.938s] INFO:colcon.colcon_core.package_selection:Skipping not selected package 'explore_lite' in 'src/m-explore-ros2/explore'
[0.939s] Level 1:colcon.colcon_core.package_discovery:discover_packages(prefix_path) check parameters
[0.939s] Level 1:colcon.colcon_core.package_discovery:discover_packages(prefix_path) discover
[0.946s] DEBUG:colcon.colcon_installed_package_information.package_discovery:Found 15 installed packages in /home/huyjetson/mobile_robot/ros2_ws/install
[0.950s] DEBUG:colcon.colcon_installed_package_information.package_discovery:Found 366 installed packages in /opt/ros/humble
[0.954s] Level 1:colcon.colcon_core.package_discovery:discover_packages(prefix_path) using defaults
[1.069s] Level 5:colcon.colcon_core.verb:set package 'amr_ai' build argument 'cmake_args' from command line to 'None'
[1.069s] Level 5:colcon.colcon_core.verb:set package 'amr_ai' build argument 'cmake_target' from command line to 'None'
[1.069s] Level 5:colcon.colcon_core.verb:set package 'amr_ai' build argument 'cmake_target_skip_unavailable' from command line to 'False'
[1.069s] Level 5:colcon.colcon_core.verb:set package 'amr_ai' build argument 'cmake_clean_cache' from command line to 'False'
[1.069s] Level 5:colcon.colcon_core.verb:set package 'amr_ai' build argument 'cmake_clean_first' from command line to 'False'
[1.069s] Level 5:colcon.colcon_core.verb:set package 'amr_ai' build argument 'cmake_force_configure' from command line to 'False'
[1.069s] Level 5:colcon.colcon_core.verb:set package 'amr_ai' build argument 'ament_cmake_args' from command line to 'None'
[1.070s] Level 5:colcon.colcon_core.verb:set package 'amr_ai' build argument 'catkin_cmake_args' from command line to 'None'
[1.070s] Level 5:colcon.colcon_core.verb:set package 'amr_ai' build argument 'catkin_skip_building_tests' from command line to 'False'
[1.070s] DEBUG:colcon.colcon_core.verb:Building package 'amr_ai' with the following arguments: {'ament_cmake_args': None, 'build_base': '/home/huyjetson/mobile_robot/ros2_ws/build/amr_ai', 'catkin_cmake_args': None, 'catkin_skip_building_tests': False, 'cmake_args': None, 'cmake_clean_cache': False, 'cmake_clean_first': False, 'cmake_force_configure': False, 'cmake_target': None, 'cmake_target_skip_unavailable': False, 'install_base': '/home/huyjetson/mobile_robot/ros2_ws/install/amr_ai', 'merge_install': False, 'path': '/home/huyjetson/mobile_robot/ros2_ws/src/amr_ai', 'symlink_install': False, 'test_result_base': None}
[1.071s] Level 5:colcon.colcon_core.verb:set package 'amr_navigation' build argument 'cmake_args' from command line to 'None'
[1.071s] Level 5:colcon.colcon_core.verb:set package 'amr_navigation' build argument 'cmake_target' from command line to 'None'
[1.071s] Level 5:colcon.colcon_core.verb:set package 'amr_navigation' build argument 'cmake_target_skip_unavailable' from command line to 'False'
[1.071s] Level 5:colcon.colcon_core.verb:set package 'amr_navigation' build argument 'cmake_clean_cache' from command line to 'False'
[1.071s] Level 5:colcon.colcon_core.verb:set package 'amr_navigation' build argument 'cmake_clean_first' from command line to 'False'
[1.071s] Level 5:colcon.colcon_core.verb:set package 'amr_navigation' build argument 'cmake_force_configure' from command line to 'False'
[1.071s] Level 5:colcon.colcon_core.verb:set package 'amr_navigation' build argument 'ament_cmake_args' from command line to 'None'
[1.071s] Level 5:colcon.colcon_core.verb:set package 'amr_navigation' build argument 'catkin_cmake_args' from command line to 'None'
[1.071s] Level 5:colcon.colcon_core.verb:set package 'amr_navigation' build argument 'catkin_skip_building_tests' from command line to 'False'
[1.071s] DEBUG:colcon.colcon_core.verb:Building package 'amr_navigation' with the following arguments: {'ament_cmake_args': None, 'build_base': '/home/huyjetson/mobile_robot/ros2_ws/build/amr_navigation', 'catkin_cmake_args': None, 'catkin_skip_building_tests': False, 'cmake_args': None, 'cmake_clean_cache': False, 'cmake_clean_first': False, 'cmake_force_configure': False, 'cmake_target': None, 'cmake_target_skip_unavailable': False, 'install_base': '/home/huyjetson/mobile_robot/ros2_ws/install/amr_navigation', 'merge_install': False, 'path': '/home/huyjetson/mobile_robot/ros2_ws/src/amr_navigation', 'symlink_install': False, 'test_result_base': None}
[1.072s] INFO:colcon.colcon_core.executor:Executing jobs using 'parallel' executor
[1.075s] DEBUG:colcon.colcon_parallel_executor.executor.parallel:run_until_complete
[1.076s] INFO:colcon.colcon_ros.task.ament_python.build:Building ROS package in '/home/huyjetson/mobile_robot/ros2_ws/src/amr_ai' with build type 'ament_python'
[1.076s] Level 1:colcon.colcon_core.shell:create_environment_hook('amr_ai', 'ament_prefix_path')
[1.082s] INFO:colcon.colcon_core.plugin_system:Skipping extension 'colcon_core.shell.bat': Not used on non-Windows systems
[1.083s] INFO:colcon.colcon_core.shell:Creating environment hook '/home/huyjetson/mobile_robot/ros2_ws/install/amr_ai/share/amr_ai/hook/ament_prefix_path.ps1'
[1.085s] INFO:colcon.colcon_core.shell:Creating environment descriptor '/home/huyjetson/mobile_robot/ros2_ws/install/amr_ai/share/amr_ai/hook/ament_prefix_path.dsv'
[1.086s] INFO:colcon.colcon_core.shell:Creating environment hook '/home/huyjetson/mobile_robot/ros2_ws/install/amr_ai/share/amr_ai/hook/ament_prefix_path.sh'
[1.089s] INFO:colcon.colcon_core.shell:Skip shell extension 'powershell' for command environment: Not usable outside of PowerShell
[1.089s] DEBUG:colcon.colcon_core.shell:Skip shell extension 'dsv' for command environment
[1.100s] INFO:colcon.colcon_ros.task.ament_cmake.build:Building ROS package in '/home/huyjetson/mobile_robot/ros2_ws/src/amr_navigation' with build type 'ament_cmake'
[1.101s] INFO:colcon.colcon_cmake.task.cmake.build:Building CMake package in '/home/huyjetson/mobile_robot/ros2_ws/src/amr_navigation'
[1.102s] INFO:colcon.colcon_core.shell:Skip shell extension 'powershell' for command environment: Not usable outside of PowerShell
[1.102s] DEBUG:colcon.colcon_core.shell:Skip shell extension 'dsv' for command environment
[1.826s] INFO:colcon.colcon_core.task.python.build:Building Python package in '/home/huyjetson/mobile_robot/ros2_ws/src/amr_ai'
[1.828s] INFO:colcon.colcon_core.shell:Skip shell extension 'powershell' for command environment: Not usable outside of PowerShell
[1.828s] DEBUG:colcon.colcon_core.shell:Skip shell extension 'dsv' for command environment
[1.855s] DEBUG:colcon.colcon_core.event_handler.log_command:Invoking command in '/home/huyjetson/mobile_robot/ros2_ws/build/amr_navigation': CMAKE_PREFIX_PATH=/home/huyjetson/mobile_robot/ros2_ws/install/amr_slam:/home/huyjetson/mobile_robot/ros2_ws/install/sllidar_ros2:/home/huyjetson/mobile_robot/ros2_ws/install/multirobot_map_merge:/home/huyjetson/mobile_robot/ros2_ws/install/explore_lite:/home/huyjetson/mobile_robot/ros2_ws/install/explore_lite_msgs:/home/huyjetson/mobile_robot/ros2_ws/install/astra_camera:/home/huyjetson/mobile_robot/ros2_ws/install/astra_camera_msgs:/home/huyjetson/mobile_robot/ros2_ws/install/amr_navigation:/home/huyjetson/mobile_robot/ros2_ws/install/amr_pointcloud_filter:/home/huyjetson/mobile_robot/ros2_ws/install/amr_interfaces:/home/huyjetson/mobile_robot/ros2_ws/install/amr_description:/home/huyjetson/mobile_robot/ros2_ws/install/amr_control:/home/huyjetson/mobile_robot/ros2_ws/install/amr_sensors:/home/huyjetson/mobile_robot/ros2_ws/install/amr_ai:/home/huyjetson/mobile_robot/ros2_ws/install/amr_bringup:/opt/ros/humble PS1=(ai_ros_venv) \[\e]0;\u@\h: \w\a\]${debian_chroot:+($debian_chroot)}\[\033[01;32m\]\u@\h\[\033[00m\]:\[\033[01;34m\]\w\[\033[00m\]\$ VIRTUAL_ENV_PROMPT=(ai_ros_venv) /usr/bin/cmake --build /home/huyjetson/mobile_robot/ros2_ws/build/amr_navigation -- -j6 -l6
[1.983s] DEBUG:colcon.colcon_core.event_handler.log_command:Invoked command in '/home/huyjetson/mobile_robot/ros2_ws/build/amr_navigation' returned '0': CMAKE_PREFIX_PATH=/home/huyjetson/mobile_robot/ros2_ws/install/amr_slam:/home/huyjetson/mobile_robot/ros2_ws/install/sllidar_ros2:/home/huyjetson/mobile_robot/ros2_ws/install/multirobot_map_merge:/home/huyjetson/mobile_robot/ros2_ws/install/explore_lite:/home/huyjetson/mobile_robot/ros2_ws/install/explore_lite_msgs:/home/huyjetson/mobile_robot/ros2_ws/install/astra_camera:/home/huyjetson/mobile_robot/ros2_ws/install/astra_camera_msgs:/home/huyjetson/mobile_robot/ros2_ws/install/amr_navigation:/home/huyjetson/mobile_robot/ros2_ws/install/amr_pointcloud_filter:/home/huyjetson/mobile_robot/ros2_ws/install/amr_interfaces:/home/huyjetson/mobile_robot/ros2_ws/install/amr_description:/home/huyjetson/mobile_robot/ros2_ws/install/amr_control:/home/huyjetson/mobile_robot/ros2_ws/install/amr_sensors:/home/huyjetson/mobile_robot/ros2_ws/install/amr_ai:/home/huyjetson/mobile_robot/ros2_ws/install/amr_bringup:/opt/ros/humble PS1=(ai_ros_venv) \[\e]0;\u@\h: \w\a\]${debian_chroot:+($debian_chroot)}\[\033[01;32m\]\u@\h\[\033[00m\]:\[\033[01;34m\]\w\[\033[00m\]\$ VIRTUAL_ENV_PROMPT=(ai_ros_venv) /usr/bin/cmake --build /home/huyjetson/mobile_robot/ros2_ws/build/amr_navigation -- -j6 -l6
[2.015s] DEBUG:colcon.colcon_core.event_handler.log_command:Invoking command in '/home/huyjetson/mobile_robot/ros2_ws/build/amr_navigation': CMAKE_PREFIX_PATH=/home/huyjetson/mobile_robot/ros2_ws/install/amr_slam:/home/huyjetson/mobile_robot/ros2_ws/install/sllidar_ros2:/home/huyjetson/mobile_robot/ros2_ws/install/multirobot_map_merge:/home/huyjetson/mobile_robot/ros2_ws/install/explore_lite:/home/huyjetson/mobile_robot/ros2_ws/install/explore_lite_msgs:/home/huyjetson/mobile_robot/ros2_ws/install/astra_camera:/home/huyjetson/mobile_robot/ros2_ws/install/astra_camera_msgs:/home/huyjetson/mobile_robot/ros2_ws/install/amr_navigation:/home/huyjetson/mobile_robot/ros2_ws/install/amr_pointcloud_filter:/home/huyjetson/mobile_robot/ros2_ws/install/amr_interfaces:/home/huyjetson/mobile_robot/ros2_ws/install/amr_description:/home/huyjetson/mobile_robot/ros2_ws/install/amr_control:/home/huyjetson/mobile_robot/ros2_ws/install/amr_sensors:/home/huyjetson/mobile_robot/ros2_ws/install/amr_ai:/home/huyjetson/mobile_robot/ros2_ws/install/amr_bringup:/opt/ros/humble PS1=(ai_ros_venv) \[\e]0;\u@\h: \w\a\]${debian_chroot:+($debian_chroot)}\[\033[01;32m\]\u@\h\[\033[00m\]:\[\033[01;34m\]\w\[\033[00m\]\$ VIRTUAL_ENV_PROMPT=(ai_ros_venv) /usr/bin/cmake --install /home/huyjetson/mobile_robot/ros2_ws/build/amr_navigation
[2.082s] Level 1:colcon.colcon_core.environment:create_environment_scripts_only(amr_navigation)
[2.084s] DEBUG:colcon.colcon_core.event_handler.log_command:Invoked command in '/home/huyjetson/mobile_robot/ros2_ws/build/amr_navigation' returned '0': CMAKE_PREFIX_PATH=/home/huyjetson/mobile_robot/ros2_ws/install/amr_slam:/home/huyjetson/mobile_robot/ros2_ws/install/sllidar_ros2:/home/huyjetson/mobile_robot/ros2_ws/install/multirobot_map_merge:/home/huyjetson/mobile_robot/ros2_ws/install/explore_lite:/home/huyjetson/mobile_robot/ros2_ws/install/explore_lite_msgs:/home/huyjetson/mobile_robot/ros2_ws/install/astra_camera:/home/huyjetson/mobile_robot/ros2_ws/install/astra_camera_msgs:/home/huyjetson/mobile_robot/ros2_ws/install/amr_navigation:/home/huyjetson/mobile_robot/ros2_ws/install/amr_pointcloud_filter:/home/huyjetson/mobile_robot/ros2_ws/install/amr_interfaces:/home/huyjetson/mobile_robot/ros2_ws/install/amr_description:/home/huyjetson/mobile_robot/ros2_ws/install/amr_control:/home/huyjetson/mobile_robot/ros2_ws/install/amr_sensors:/home/huyjetson/mobile_robot/ros2_ws/install/amr_ai:/home/huyjetson/mobile_robot/ros2_ws/install/amr_bringup:/opt/ros/humble PS1=(ai_ros_venv) \[\e]0;\u@\h: \w\a\]${debian_chroot:+($debian_chroot)}\[\033[01;32m\]\u@\h\[\033[00m\]:\[\033[01;34m\]\w\[\033[00m\]\$ VIRTUAL_ENV_PROMPT=(ai_ros_venv) /usr/bin/cmake --install /home/huyjetson/mobile_robot/ros2_ws/build/amr_navigation
[2.094s] Level 1:colcon.colcon_core.environment:checking '/home/huyjetson/mobile_robot/ros2_ws/install/amr_navigation' for CMake module files
[2.097s] Level 1:colcon.colcon_core.environment:checking '/home/huyjetson/mobile_robot/ros2_ws/install/amr_navigation' for CMake config files
[2.098s] Level 1:colcon.colcon_core.shell:create_environment_hook('amr_navigation', 'cmake_prefix_path')
[2.099s] INFO:colcon.colcon_core.shell:Creating environment hook '/home/huyjetson/mobile_robot/ros2_ws/install/amr_navigation/share/amr_navigation/hook/cmake_prefix_path.ps1'
[2.103s] INFO:colcon.colcon_core.shell:Creating environment descriptor '/home/huyjetson/mobile_robot/ros2_ws/install/amr_navigation/share/amr_navigation/hook/cmake_prefix_path.dsv'
[2.104s] INFO:colcon.colcon_core.shell:Creating environment hook '/home/huyjetson/mobile_robot/ros2_ws/install/amr_navigation/share/amr_navigation/hook/cmake_prefix_path.sh'
[2.107s] Level 1:colcon.colcon_core.environment:checking '/home/huyjetson/mobile_robot/ros2_ws/install/amr_navigation/lib'
[2.108s] Level 1:colcon.colcon_core.environment:checking '/home/huyjetson/mobile_robot/ros2_ws/install/amr_navigation/bin'
[2.108s] Level 1:colcon.colcon_core.environment:checking '/home/huyjetson/mobile_robot/ros2_ws/install/amr_navigation/lib/pkgconfig/amr_navigation.pc'
[2.109s] Level 1:colcon.colcon_core.environment:checking '/home/huyjetson/mobile_robot/ros2_ws/install/amr_navigation/lib/python3.10/site-packages'
[2.110s] Level 1:colcon.colcon_core.environment:checking '/home/huyjetson/mobile_robot/ros2_ws/install/amr_navigation/bin'
[2.112s] INFO:colcon.colcon_core.shell:Creating package script '/home/huyjetson/mobile_robot/ros2_ws/install/amr_navigation/share/amr_navigation/package.ps1'
[2.116s] INFO:colcon.colcon_core.shell:Creating package descriptor '/home/huyjetson/mobile_robot/ros2_ws/install/amr_navigation/share/amr_navigation/package.dsv'
[2.118s] INFO:colcon.colcon_core.shell:Creating package script '/home/huyjetson/mobile_robot/ros2_ws/install/amr_navigation/share/amr_navigation/package.sh'
[2.121s] INFO:colcon.colcon_core.shell:Creating package script '/home/huyjetson/mobile_robot/ros2_ws/install/amr_navigation/share/amr_navigation/package.bash'
[2.124s] INFO:colcon.colcon_core.shell:Creating package script '/home/huyjetson/mobile_robot/ros2_ws/install/amr_navigation/share/amr_navigation/package.zsh'
[2.126s] Level 1:colcon.colcon_core.environment:create_file_with_runtime_dependencies(/home/huyjetson/mobile_robot/ros2_ws/install/amr_navigation/share/colcon-core/packages/amr_navigation)
[2.129s] Level 1:colcon.colcon_core.environment:create_environment_scripts_only(amr_navigation)
[2.130s] Level 1:colcon.colcon_core.environment:checking '/home/huyjetson/mobile_robot/ros2_ws/install/amr_navigation' for CMake module files
[2.132s] Level 1:colcon.colcon_core.environment:checking '/home/huyjetson/mobile_robot/ros2_ws/install/amr_navigation' for CMake config files
[2.133s] Level 1:colcon.colcon_core.shell:create_environment_hook('amr_navigation', 'cmake_prefix_path')
[2.134s] INFO:colcon.colcon_core.shell:Creating environment hook '/home/huyjetson/mobile_robot/ros2_ws/install/amr_navigation/share/amr_navigation/hook/cmake_prefix_path.ps1'
[2.136s] INFO:colcon.colcon_core.shell:Creating environment descriptor '/home/huyjetson/mobile_robot/ros2_ws/install/amr_navigation/share/amr_navigation/hook/cmake_prefix_path.dsv'
[2.137s] INFO:colcon.colcon_core.shell:Creating environment hook '/home/huyjetson/mobile_robot/ros2_ws/install/amr_navigation/share/amr_navigation/hook/cmake_prefix_path.sh'
[2.139s] Level 1:colcon.colcon_core.environment:checking '/home/huyjetson/mobile_robot/ros2_ws/install/amr_navigation/lib'
[2.139s] Level 1:colcon.colcon_core.environment:checking '/home/huyjetson/mobile_robot/ros2_ws/install/amr_navigation/bin'
[2.139s] Level 1:colcon.colcon_core.environment:checking '/home/huyjetson/mobile_robot/ros2_ws/install/amr_navigation/lib/pkgconfig/amr_navigation.pc'
[2.140s] Level 1:colcon.colcon_core.environment:checking '/home/huyjetson/mobile_robot/ros2_ws/install/amr_navigation/lib/python3.10/site-packages'
[2.141s] Level 1:colcon.colcon_core.environment:checking '/home/huyjetson/mobile_robot/ros2_ws/install/amr_navigation/bin'
[2.142s] INFO:colcon.colcon_core.shell:Creating package script '/home/huyjetson/mobile_robot/ros2_ws/install/amr_navigation/share/amr_navigation/package.ps1'
[2.144s] INFO:colcon.colcon_core.shell:Creating package descriptor '/home/huyjetson/mobile_robot/ros2_ws/install/amr_navigation/share/amr_navigation/package.dsv'
[2.146s] INFO:colcon.colcon_core.shell:Creating package script '/home/huyjetson/mobile_robot/ros2_ws/install/amr_navigation/share/amr_navigation/package.sh'
[2.147s] INFO:colcon.colcon_core.shell:Creating package script '/home/huyjetson/mobile_robot/ros2_ws/install/amr_navigation/share/amr_navigation/package.bash'
[2.148s] INFO:colcon.colcon_core.shell:Creating package script '/home/huyjetson/mobile_robot/ros2_ws/install/amr_navigation/share/amr_navigation/package.zsh'
[2.149s] Level 1:colcon.colcon_core.environment:create_file_with_runtime_dependencies(/home/huyjetson/mobile_robot/ros2_ws/install/amr_navigation/share/colcon-core/packages/amr_navigation)
[2.802s] DEBUG:colcon.colcon_core.event_handler.log_command:Invoking command in '/home/huyjetson/mobile_robot/ros2_ws/src/amr_ai': CMAKE_PREFIX_PATH=/home/huyjetson/mobile_robot/ros2_ws/install/amr_interfaces:/home/huyjetson/mobile_robot/ros2_ws/install/sllidar_ros2:/home/huyjetson/mobile_robot/ros2_ws/install/multirobot_map_merge:/home/huyjetson/mobile_robot/ros2_ws/install/explore_lite:/home/huyjetson/mobile_robot/ros2_ws/install/explore_lite_msgs:/home/huyjetson/mobile_robot/ros2_ws/install/astra_camera:/home/huyjetson/mobile_robot/ros2_ws/install/astra_camera_msgs:/home/huyjetson/mobile_robot/ros2_ws/install/amr_navigation:/home/huyjetson/mobile_robot/ros2_ws/install/amr_slam:/home/huyjetson/mobile_robot/ros2_ws/install/amr_pointcloud_filter:/home/huyjetson/mobile_robot/ros2_ws/install/amr_description:/home/huyjetson/mobile_robot/ros2_ws/install/amr_control LD_LIBRARY_PATH=/home/huyjetson/mobile_robot/ros2_ws/install/amr_interfaces/lib:/home/huyjetson/mobile_robot/ros2_ws/install/multirobot_map_merge/lib:/home/huyjetson/mobile_robot/ros2_ws/install/explore_lite_msgs/lib:/home/huyjetson/mobile_robot/ros2_ws/install/astra_camera/lib:/home/huyjetson/mobile_robot/ros2_ws/install/astra_camera_msgs/lib:/opt/ros/humble/opt/rviz_ogre_vendor/lib:/opt/ros/humble/lib/aarch64-linux-gnu:/opt/ros/humble/lib PS1=(ai_ros_venv) \[\e]0;\u@\h: \w\a\]${debian_chroot:+($debian_chroot)}\[\033[01;32m\]\u@\h\[\033[00m\]:\[\033[01;34m\]\w\[\033[00m\]\$ PYTHONPATH=/home/huyjetson/mobile_robot/ros2_ws/build/amr_ai/prefix_override:/usr/lib/python3/dist-packages/colcon_core/task/python/colcon_distutils_commands:/home/huyjetson/mobile_robot/ros2_ws/install/amr_ai/lib/python3.10/site-packages:${PYTHONPATH} VIRTUAL_ENV_PROMPT=(ai_ros_venv) /usr/bin/python3 -W ignore:setup.py install is deprecated -W ignore:easy_install command is deprecated setup.py egg_info --egg-base ../../build/amr_ai build --build-base /home/huyjetson/mobile_robot/ros2_ws/build/amr_ai/build install --record /home/huyjetson/mobile_robot/ros2_ws/build/amr_ai/install.log --single-version-externally-managed install_data
[3.625s] Level 1:colcon.colcon_core.environment:checking '/home/huyjetson/mobile_robot/ros2_ws/install/amr_ai' for CMake module files
[3.627s] DEBUG:colcon.colcon_core.event_handler.log_command:Invoked command in '/home/huyjetson/mobile_robot/ros2_ws/src/amr_ai' returned '0': CMAKE_PREFIX_PATH=/home/huyjetson/mobile_robot/ros2_ws/install/amr_interfaces:/home/huyjetson/mobile_robot/ros2_ws/install/sllidar_ros2:/home/huyjetson/mobile_robot/ros2_ws/install/multirobot_map_merge:/home/huyjetson/mobile_robot/ros2_ws/install/explore_lite:/home/huyjetson/mobile_robot/ros2_ws/install/explore_lite_msgs:/home/huyjetson/mobile_robot/ros2_ws/install/astra_camera:/home/huyjetson/mobile_robot/ros2_ws/install/astra_camera_msgs:/home/huyjetson/mobile_robot/ros2_ws/install/amr_navigation:/home/huyjetson/mobile_robot/ros2_ws/install/amr_slam:/home/huyjetson/mobile_robot/ros2_ws/install/amr_pointcloud_filter:/home/huyjetson/mobile_robot/ros2_ws/install/amr_description:/home/huyjetson/mobile_robot/ros2_ws/install/amr_control LD_LIBRARY_PATH=/home/huyjetson/mobile_robot/ros2_ws/install/amr_interfaces/lib:/home/huyjetson/mobile_robot/ros2_ws/install/multirobot_map_merge/lib:/home/huyjetson/mobile_robot/ros2_ws/install/explore_lite_msgs/lib:/home/huyjetson/mobile_robot/ros2_ws/install/astra_camera/lib:/home/huyjetson/mobile_robot/ros2_ws/install/astra_camera_msgs/lib:/opt/ros/humble/opt/rviz_ogre_vendor/lib:/opt/ros/humble/lib/aarch64-linux-gnu:/opt/ros/humble/lib PS1=(ai_ros_venv) \[\e]0;\u@\h: \w\a\]${debian_chroot:+($debian_chroot)}\[\033[01;32m\]\u@\h\[\033[00m\]:\[\033[01;34m\]\w\[\033[00m\]\$ PYTHONPATH=/home/huyjetson/mobile_robot/ros2_ws/build/amr_ai/prefix_override:/usr/lib/python3/dist-packages/colcon_core/task/python/colcon_distutils_commands:/home/huyjetson/mobile_robot/ros2_ws/install/amr_ai/lib/python3.10/site-packages:${PYTHONPATH} VIRTUAL_ENV_PROMPT=(ai_ros_venv) /usr/bin/python3 -W ignore:setup.py install is deprecated -W ignore:easy_install command is deprecated setup.py egg_info --egg-base ../../build/amr_ai build --build-base /home/huyjetson/mobile_robot/ros2_ws/build/amr_ai/build install --record /home/huyjetson/mobile_robot/ros2_ws/build/amr_ai/install.log --single-version-externally-managed install_data
[3.628s] Level 1:colcon.colcon_core.environment:checking '/home/huyjetson/mobile_robot/ros2_ws/install/amr_ai' for CMake config files
[3.634s] Level 1:colcon.colcon_core.environment:checking '/home/huyjetson/mobile_robot/ros2_ws/install/amr_ai/lib'
[3.634s] Level 1:colcon.colcon_core.environment:checking '/home/huyjetson/mobile_robot/ros2_ws/install/amr_ai/bin'
[3.634s] Level 1:colcon.colcon_core.environment:checking '/home/huyjetson/mobile_robot/ros2_ws/install/amr_ai/lib/pkgconfig/amr_ai.pc'
[3.636s] Level 1:colcon.colcon_core.environment:checking '/home/huyjetson/mobile_robot/ros2_ws/install/amr_ai/lib/python3.10/site-packages'
[3.636s] Level 1:colcon.colcon_core.shell:create_environment_hook('amr_ai', 'pythonpath')
[3.637s] INFO:colcon.colcon_core.shell:Creating environment hook '/home/huyjetson/mobile_robot/ros2_ws/install/amr_ai/share/amr_ai/hook/pythonpath.ps1'
[3.641s] INFO:colcon.colcon_core.shell:Creating environment descriptor '/home/huyjetson/mobile_robot/ros2_ws/install/amr_ai/share/amr_ai/hook/pythonpath.dsv'
[3.643s] INFO:colcon.colcon_core.shell:Creating environment hook '/home/huyjetson/mobile_robot/ros2_ws/install/amr_ai/share/amr_ai/hook/pythonpath.sh'
[3.646s] Level 1:colcon.colcon_core.environment:checking '/home/huyjetson/mobile_robot/ros2_ws/install/amr_ai/bin'
[3.647s] Level 1:colcon.colcon_core.environment:create_environment_scripts_only(amr_ai)
[3.648s] INFO:colcon.colcon_core.shell:Creating package script '/home/huyjetson/mobile_robot/ros2_ws/install/amr_ai/share/amr_ai/package.ps1'
[3.651s] INFO:colcon.colcon_core.shell:Creating package descriptor '/home/huyjetson/mobile_robot/ros2_ws/install/amr_ai/share/amr_ai/package.dsv'
[3.653s] INFO:colcon.colcon_core.shell:Creating package script '/home/huyjetson/mobile_robot/ros2_ws/install/amr_ai/share/amr_ai/package.sh'
[3.655s] INFO:colcon.colcon_core.shell:Creating package script '/home/huyjetson/mobile_robot/ros2_ws/install/amr_ai/share/amr_ai/package.bash'
[3.657s] INFO:colcon.colcon_core.shell:Creating package script '/home/huyjetson/mobile_robot/ros2_ws/install/amr_ai/share/amr_ai/package.zsh'
[3.659s] Level 1:colcon.colcon_core.environment:create_file_with_runtime_dependencies(/home/huyjetson/mobile_robot/ros2_ws/install/amr_ai/share/colcon-core/packages/amr_ai)
[3.661s] DEBUG:colcon.colcon_parallel_executor.executor.parallel:closing loop
[3.663s] DEBUG:colcon.colcon_parallel_executor.executor.parallel:loop closed
[3.663s] DEBUG:colcon.colcon_parallel_executor.executor.parallel:run_until_complete finished with '0'
[3.664s] DEBUG:colcon.colcon_core.event_reactor:joining thread
[3.667s] DEBUG:colcon.colcon_core.event_reactor:joined thread
[3.669s] INFO:colcon.colcon_core.shell:Creating prefix script '/home/huyjetson/mobile_robot/ros2_ws/install/local_setup.ps1'
[3.673s] INFO:colcon.colcon_core.shell:Creating prefix util module '/home/huyjetson/mobile_robot/ros2_ws/install/_local_setup_util_ps1.py'
[3.679s] INFO:colcon.colcon_core.shell:Creating prefix chain script '/home/huyjetson/mobile_robot/ros2_ws/install/setup.ps1'
[3.687s] INFO:colcon.colcon_core.shell:Creating prefix script '/home/huyjetson/mobile_robot/ros2_ws/install/local_setup.sh'
[3.690s] INFO:colcon.colcon_core.shell:Creating prefix util module '/home/huyjetson/mobile_robot/ros2_ws/install/_local_setup_util_sh.py'
[3.692s] INFO:colcon.colcon_core.shell:Creating prefix chain script '/home/huyjetson/mobile_robot/ros2_ws/install/setup.sh'
[3.701s] INFO:colcon.colcon_core.shell:Creating prefix script '/home/huyjetson/mobile_robot/ros2_ws/install/local_setup.bash'
[3.703s] INFO:colcon.colcon_core.shell:Creating prefix chain script '/home/huyjetson/mobile_robot/ros2_ws/install/setup.bash'
[3.709s] INFO:colcon.colcon_core.shell:Creating prefix script '/home/huyjetson/mobile_robot/ros2_ws/install/local_setup.zsh'
[3.711s] INFO:colcon.colcon_core.shell:Creating prefix chain script '/home/huyjetson/mobile_robot/ros2_ws/install/setup.zsh'
