-- Found ament_cmake: 1.3.14 (/opt/ros/humble/share/ament_cmake/cmake)
-- Override CMake install command with custom implementation using symlinks instead of copying resources
-- Found ament_lint_auto: 0.12.15 (/opt/ros/humble/share/ament_lint_auto/cmake)
-- Added test 'flake8' to check Python code syntax and style conventions
-- Added test 'lint_cmake' to check CMake code style
-- Added test 'pep257' to check Python code against some of the docstring style conventions in PEP 257
-- Added test 'xmllint' to check XML markup files
-- Configuring done
-- Generating done
-- Build files have been written to: /home/huyjetson/mobile_robot/ros2_ws/build/amr_slam
-- Install configuration: ""
-- Execute custom install script
-- Up-to-date symlink: /home/huyjetson/mobile_robot/ros2_ws/install/amr_slam/share/amr_slam/config/mapper_params_online_async.yaml
-- Up-to-date symlink: /home/huyjetson/mobile_robot/ros2_ws/install/amr_slam/share/amr_slam/launch/fusion_slam.launch.py
-- Up-to-date symlink: /home/huyjetson/mobile_robot/ros2_ws/install/amr_slam/share/amr_slam/launch/manual_vslam.launch.py
-- Up-to-date symlink: /home/huyjetson/mobile_robot/ros2_ws/install/amr_slam/share/amr_slam/launch/slam.launch.py
-- Up-to-date symlink: /home/huyjetson/mobile_robot/ros2_ws/install/amr_slam/share/amr_slam/launch/vslam.launch.py
-- Up-to-date symlink: /home/huyjetson/mobile_robot/ros2_ws/install/amr_slam/share/amr_slam/launch/vslam_loc.launch.py
-- Up-to-date symlink: /home/huyjetson/mobile_robot/ros2_ws/install/amr_slam/share/amr_slam/rviz/view_vslam_teleop.rviz
-- Symlinking: /home/huyjetson/mobile_robot/ros2_ws/install/amr_slam/share/amr_slam/maps/map2.pgm
-- Symlinking: /home/huyjetson/mobile_robot/ros2_ws/install/amr_slam/share/amr_slam/maps/map2.yaml
-- Symlinking: /home/huyjetson/mobile_robot/ros2_ws/install/amr_slam/share/amr_slam/maps/map3.pgm
-- Symlinking: /home/huyjetson/mobile_robot/ros2_ws/install/amr_slam/share/amr_slam/maps/map3.yaml
-- Up-to-date symlink: /home/huyjetson/mobile_robot/ros2_ws/install/amr_slam/share/ament_index/resource_index/package_run_dependencies/amr_slam
-- Up-to-date symlink: /home/huyjetson/mobile_robot/ros2_ws/install/amr_slam/share/ament_index/resource_index/parent_prefix_path/amr_slam
-- Up-to-date symlink: /home/huyjetson/mobile_robot/ros2_ws/install/amr_slam/share/amr_slam/environment/ament_prefix_path.sh
-- Up-to-date symlink: /home/huyjetson/mobile_robot/ros2_ws/install/amr_slam/share/amr_slam/environment/ament_prefix_path.dsv
-- Up-to-date symlink: /home/huyjetson/mobile_robot/ros2_ws/install/amr_slam/share/amr_slam/environment/path.sh
-- Up-to-date symlink: /home/huyjetson/mobile_robot/ros2_ws/install/amr_slam/share/amr_slam/environment/path.dsv
-- Up-to-date symlink: /home/huyjetson/mobile_robot/ros2_ws/install/amr_slam/share/amr_slam/local_setup.bash
-- Up-to-date symlink: /home/huyjetson/mobile_robot/ros2_ws/install/amr_slam/share/amr_slam/local_setup.sh
-- Up-to-date symlink: /home/huyjetson/mobile_robot/ros2_ws/install/amr_slam/share/amr_slam/local_setup.zsh
-- Up-to-date symlink: /home/huyjetson/mobile_robot/ros2_ws/install/amr_slam/share/amr_slam/local_setup.dsv
-- Symlinking: /home/huyjetson/mobile_robot/ros2_ws/install/amr_slam/share/amr_slam/package.dsv
-- Up-to-date symlink: /home/huyjetson/mobile_robot/ros2_ws/install/amr_slam/share/ament_index/resource_index/packages/amr_slam
-- Up-to-date symlink: /home/huyjetson/mobile_robot/ros2_ws/install/amr_slam/share/amr_slam/cmake/amr_slamConfig.cmake
-- Up-to-date symlink: /home/huyjetson/mobile_robot/ros2_ws/install/amr_slam/share/amr_slam/cmake/amr_slamConfig-version.cmake
-- Up-to-date symlink: /home/huyjetson/mobile_robot/ros2_ws/install/amr_slam/share/amr_slam/package.xml
