[0.031s] Invoking command in '/home/huyjetson/mobile_robot/ros2_ws/build/amr_description': CMAKE_PREFIX_PATH=${CMAKE_PREFIX_PATH}:/home/huyjetson/mobile_robot/ros2_ws/install/amr_sensors:/home/huyjetson/mobile_robot/ros2_ws/install/amr_bringup:/home/huyjetson/mobile_robot/ros2_ws/install/amr_ai:/opt/ros/humble /usr/bin/cmake /home/huyjetson/mobile_robot/ros2_ws/src/amr_description -DAMENT_CMAKE_SYMLINK_INSTALL=1 -DCMAKE_INSTALL_PREFIX=/home/huyjetson/mobile_robot/ros2_ws/install/amr_description
[0.096s] -- Found ament_cmake: 1.3.14 (/opt/ros/humble/share/ament_cmake/cmake)
[0.471s] -- Override CMake install command with custom implementation using symlinks instead of copying resources
[0.537s] -- Found ament_lint_auto: 0.12.15 (/opt/ros/humble/share/ament_lint_auto/cmake)
[0.774s] -- Added test 'flake8' to check Python code syntax and style conventions
[0.775s] -- Added test 'lint_cmake' to check CMake code style
[0.777s] -- Added test 'pep257' to check Python code against some of the docstring style conventions in PEP 257
[0.784s] -- Added test 'xmllint' to check XML markup files
[0.792s] -- Configuring done
[0.818s] -- Generating done
[0.824s] -- Build files have been written to: /home/huyjetson/mobile_robot/ros2_ws/build/amr_description
[0.836s] Invoked command in '/home/huyjetson/mobile_robot/ros2_ws/build/amr_description' returned '0': CMAKE_PREFIX_PATH=${CMAKE_PREFIX_PATH}:/home/huyjetson/mobile_robot/ros2_ws/install/amr_sensors:/home/huyjetson/mobile_robot/ros2_ws/install/amr_bringup:/home/huyjetson/mobile_robot/ros2_ws/install/amr_ai:/opt/ros/humble /usr/bin/cmake /home/huyjetson/mobile_robot/ros2_ws/src/amr_description -DAMENT_CMAKE_SYMLINK_INSTALL=1 -DCMAKE_INSTALL_PREFIX=/home/huyjetson/mobile_robot/ros2_ws/install/amr_description
[0.842s] Invoking command in '/home/huyjetson/mobile_robot/ros2_ws/build/amr_description': CMAKE_PREFIX_PATH=${CMAKE_PREFIX_PATH}:/home/huyjetson/mobile_robot/ros2_ws/install/amr_sensors:/home/huyjetson/mobile_robot/ros2_ws/install/amr_bringup:/home/huyjetson/mobile_robot/ros2_ws/install/amr_ai:/opt/ros/humble /usr/bin/cmake --build /home/huyjetson/mobile_robot/ros2_ws/build/amr_description -- -j6 -l6
[0.938s] Invoked command in '/home/huyjetson/mobile_robot/ros2_ws/build/amr_description' returned '0': CMAKE_PREFIX_PATH=${CMAKE_PREFIX_PATH}:/home/huyjetson/mobile_robot/ros2_ws/install/amr_sensors:/home/huyjetson/mobile_robot/ros2_ws/install/amr_bringup:/home/huyjetson/mobile_robot/ros2_ws/install/amr_ai:/opt/ros/humble /usr/bin/cmake --build /home/huyjetson/mobile_robot/ros2_ws/build/amr_description -- -j6 -l6
[0.969s] Invoking command in '/home/huyjetson/mobile_robot/ros2_ws/build/amr_description': CMAKE_PREFIX_PATH=${CMAKE_PREFIX_PATH}:/home/huyjetson/mobile_robot/ros2_ws/install/amr_sensors:/home/huyjetson/mobile_robot/ros2_ws/install/amr_bringup:/home/huyjetson/mobile_robot/ros2_ws/install/amr_ai:/opt/ros/humble /usr/bin/cmake --install /home/huyjetson/mobile_robot/ros2_ws/build/amr_description
[0.994s] -- Install configuration: ""
[0.995s] -- Execute custom install script
[0.996s] -- Up-to-date symlink: /home/huyjetson/mobile_robot/ros2_ws/install/amr_description/share/amr_description/urdf/robot.urdf
[0.996s] -- Up-to-date symlink: /home/huyjetson/mobile_robot/ros2_ws/install/amr_description/share/amr_description/meshes/base_footprint.STL
[0.997s] -- Up-to-date symlink: /home/huyjetson/mobile_robot/ros2_ws/install/amr_description/share/amr_description/meshes/base_link.STL
[0.997s] -- Up-to-date symlink: /home/huyjetson/mobile_robot/ros2_ws/install/amr_description/share/amr_description/meshes/camera_depth_link.STL
[0.998s] -- Up-to-date symlink: /home/huyjetson/mobile_robot/ros2_ws/install/amr_description/share/amr_description/meshes/camera_depth_link_optical.STL
[0.998s] -- Up-to-date symlink: /home/huyjetson/mobile_robot/ros2_ws/install/amr_description/share/amr_description/meshes/camera_rgb_link.STL
[0.998s] -- Up-to-date symlink: /home/huyjetson/mobile_robot/ros2_ws/install/amr_description/share/amr_description/meshes/camera_rgb_link_optical.STL
[0.999s] -- Up-to-date symlink: /home/huyjetson/mobile_robot/ros2_ws/install/amr_description/share/amr_description/meshes/laser_frame.STL
[0.999s] -- Up-to-date symlink: /home/huyjetson/mobile_robot/ros2_ws/install/amr_description/share/amr_description/meshes/left_wheel.STL
[0.999s] -- Up-to-date symlink: /home/huyjetson/mobile_robot/ros2_ws/install/amr_description/share/amr_description/meshes/right_wheel.STL
[1.000s] -- Up-to-date symlink: /home/huyjetson/mobile_robot/ros2_ws/install/amr_description/share/amr_description/launch/display.launch.py
[1.000s] -- Up-to-date symlink: /home/huyjetson/mobile_robot/ros2_ws/install/amr_description/share/amr_description/launch/gazebo.launch.py
[1.001s] -- Up-to-date symlink: /home/huyjetson/mobile_robot/ros2_ws/install/amr_description/share/amr_description/config/ekf.yaml
[1.001s] -- Up-to-date symlink: /home/huyjetson/mobile_robot/ros2_ws/install/amr_description/share/amr_description/worlds/room.world
[1.001s] -- Up-to-date symlink: /home/huyjetson/mobile_robot/ros2_ws/install/amr_description/share/amr_description/worlds/room_vslam.world
[1.002s] -- Up-to-date symlink: /home/huyjetson/mobile_robot/ros2_ws/install/amr_description/share/ament_index/resource_index/package_run_dependencies/amr_description
[1.002s] -- Up-to-date symlink: /home/huyjetson/mobile_robot/ros2_ws/install/amr_description/share/ament_index/resource_index/parent_prefix_path/amr_description
[1.002s] -- Up-to-date symlink: /home/huyjetson/mobile_robot/ros2_ws/install/amr_description/share/amr_description/environment/ament_prefix_path.sh
[1.003s] -- Up-to-date symlink: /home/huyjetson/mobile_robot/ros2_ws/install/amr_description/share/amr_description/environment/ament_prefix_path.dsv
[1.003s] -- Up-to-date symlink: /home/huyjetson/mobile_robot/ros2_ws/install/amr_description/share/amr_description/environment/path.sh
[1.003s] -- Up-to-date symlink: /home/huyjetson/mobile_robot/ros2_ws/install/amr_description/share/amr_description/environment/path.dsv
[1.004s] -- Up-to-date symlink: /home/huyjetson/mobile_robot/ros2_ws/install/amr_description/share/amr_description/local_setup.bash
[1.004s] -- Up-to-date symlink: /home/huyjetson/mobile_robot/ros2_ws/install/amr_description/share/amr_description/local_setup.sh
[1.004s] -- Up-to-date symlink: /home/huyjetson/mobile_robot/ros2_ws/install/amr_description/share/amr_description/local_setup.zsh
[1.004s] -- Up-to-date symlink: /home/huyjetson/mobile_robot/ros2_ws/install/amr_description/share/amr_description/local_setup.dsv
[1.005s] -- Symlinking: /home/huyjetson/mobile_robot/ros2_ws/install/amr_description/share/amr_description/package.dsv
[1.030s] -- Up-to-date symlink: /home/huyjetson/mobile_robot/ros2_ws/install/amr_description/share/ament_index/resource_index/packages/amr_description
[1.031s] -- Up-to-date symlink: /home/huyjetson/mobile_robot/ros2_ws/install/amr_description/share/amr_description/cmake/amr_descriptionConfig.cmake
[1.031s] -- Up-to-date symlink: /home/huyjetson/mobile_robot/ros2_ws/install/amr_description/share/amr_description/cmake/amr_descriptionConfig-version.cmake
[1.031s] -- Up-to-date symlink: /home/huyjetson/mobile_robot/ros2_ws/install/amr_description/share/amr_description/package.xml
[1.038s] Invoked command in '/home/huyjetson/mobile_robot/ros2_ws/build/amr_description' returned '0': CMAKE_PREFIX_PATH=${CMAKE_PREFIX_PATH}:/home/huyjetson/mobile_robot/ros2_ws/install/amr_sensors:/home/huyjetson/mobile_robot/ros2_ws/install/amr_bringup:/home/huyjetson/mobile_robot/ros2_ws/install/amr_ai:/opt/ros/humble /usr/bin/cmake --install /home/huyjetson/mobile_robot/ros2_ws/build/amr_description
