[0.317s] Invoking command in '/home/huy_ubuntu/mobile_robot/ros2_ws/build/amr_navigation': CMAKE_PREFIX_PATH=/opt/ros/humble /usr/bin/cmake /home/huy_ubuntu/mobile_robot/ros2_ws/src/amr_navigation -DAMENT_CMAKE_SYMLINK_INSTALL=1 -DCMAKE_INSTALL_PREFIX=/home/huy_ubuntu/mobile_robot/ros2_ws/install/amr_navigation
[0.476s] -- The C compiler identification is GNU 11.4.0
[1.347s] -- The CXX compiler identification is GNU 11.4.0
[2.480s] -- Detecting C compiler ABI info
[2.795s] -- Detecting C compiler ABI info - done
[2.798s] -- Check for working C compiler: /usr/bin/cc - skipped
[2.799s] -- Detecting C compile features
[2.799s] -- Detecting C compile features - done
[2.800s] -- Detecting CXX compiler ABI info
[3.086s] -- Detecting CXX compiler ABI info - done
[3.090s] -- Check for working CXX compiler: /usr/bin/c++ - skipped
[3.090s] -- Detecting CXX compile features
[3.091s] -- Detecting CXX compile features - done
[3.092s] -- Found ament_cmake: 1.3.14 (/opt/ros/humble/share/ament_cmake/cmake)
[3.173s] -- Found Python3: /usr/bin/python3 (found version "3.10.12") found components: Interpreter 
[3.210s] -- Override CMake install command with custom implementation using symlinks instead of copying resources
[3.226s] -- Found ament_lint_auto: 0.12.15 (/opt/ros/humble/share/ament_lint_auto/cmake)
[3.283s] -- Added test 'flake8' to check Python code syntax and style conventions
[3.284s] -- Added test 'lint_cmake' to check CMake code style
[3.284s] -- Added test 'pep257' to check Python code against some of the docstring style conventions in PEP 257
[3.285s] -- Added test 'xmllint' to check XML markup files
[3.286s] -- Configuring done
[3.288s] -- Generating done
[3.290s] -- Build files have been written to: /home/huy_ubuntu/mobile_robot/ros2_ws/build/amr_navigation
[3.294s] Invoked command in '/home/huy_ubuntu/mobile_robot/ros2_ws/build/amr_navigation' returned '0': CMAKE_PREFIX_PATH=/opt/ros/humble /usr/bin/cmake /home/huy_ubuntu/mobile_robot/ros2_ws/src/amr_navigation -DAMENT_CMAKE_SYMLINK_INSTALL=1 -DCMAKE_INSTALL_PREFIX=/home/huy_ubuntu/mobile_robot/ros2_ws/install/amr_navigation
[3.295s] Invoking command in '/home/huy_ubuntu/mobile_robot/ros2_ws/build/amr_navigation': CMAKE_PREFIX_PATH=/opt/ros/humble /usr/bin/cmake --build /home/huy_ubuntu/mobile_robot/ros2_ws/build/amr_navigation -- -j20 -l20
[3.326s] Invoked command in '/home/huy_ubuntu/mobile_robot/ros2_ws/build/amr_navigation' returned '0': CMAKE_PREFIX_PATH=/opt/ros/humble /usr/bin/cmake --build /home/huy_ubuntu/mobile_robot/ros2_ws/build/amr_navigation -- -j20 -l20
[3.328s] Invoking command in '/home/huy_ubuntu/mobile_robot/ros2_ws/build/amr_navigation': CMAKE_PREFIX_PATH=/opt/ros/humble /usr/bin/cmake --install /home/huy_ubuntu/mobile_robot/ros2_ws/build/amr_navigation
[3.332s] -- Install configuration: ""
[3.332s] -- Execute custom install script
[3.334s] -- Symlinking: /home/huy_ubuntu/mobile_robot/ros2_ws/install/amr_navigation/share/amr_navigation/config/explore.yaml
[3.339s] -- Symlinking: /home/huy_ubuntu/mobile_robot/ros2_ws/install/amr_navigation/share/amr_navigation/config/nav2_params.yaml
[3.344s] -- Symlinking: /home/huy_ubuntu/mobile_robot/ros2_ws/install/amr_navigation/share/amr_navigation/config/nav2_params_fusion.yaml
[3.350s] -- Symlinking: /home/huy_ubuntu/mobile_robot/ros2_ws/install/amr_navigation/share/amr_navigation/config/nav2_params_vslam.yaml
[3.357s] -- Symlinking: /home/huy_ubuntu/mobile_robot/ros2_ws/install/amr_navigation/share/amr_navigation/launch/auto_fusion.launch.py
[3.362s] -- Symlinking: /home/huy_ubuntu/mobile_robot/ros2_ws/install/amr_navigation/share/amr_navigation/launch/explore.launch.py
[3.368s] -- Symlinking: /home/huy_ubuntu/mobile_robot/ros2_ws/install/amr_navigation/share/amr_navigation/launch/nav_fusion.launch.py
[3.374s] -- Symlinking: /home/huy_ubuntu/mobile_robot/ros2_ws/install/amr_navigation/share/amr_navigation/launch/nav_visual.launch.py
[3.379s] -- Symlinking: /home/huy_ubuntu/mobile_robot/ros2_ws/install/amr_navigation/share/amr_navigation/launch/navigation.launch.py
[3.386s] -- Symlinking: /home/huy_ubuntu/mobile_robot/ros2_ws/install/amr_navigation/share/amr_navigation/maps/my_room.bt
[3.391s] -- Symlinking: /home/huy_ubuntu/mobile_robot/ros2_ws/install/amr_navigation/share/amr_navigation/maps/my_room_map.pgm
[3.398s] -- Symlinking: /home/huy_ubuntu/mobile_robot/ros2_ws/install/amr_navigation/share/amr_navigation/maps/my_room_map.yaml
[3.404s] -- Symlinking: /home/huy_ubuntu/mobile_robot/ros2_ws/install/amr_navigation/share/amr_navigation/maps/my_vslam_map.pgm
[3.409s] -- Symlinking: /home/huy_ubuntu/mobile_robot/ros2_ws/install/amr_navigation/share/amr_navigation/maps/my_vslam_map.yaml
[3.415s] -- Symlinking: /home/huy_ubuntu/mobile_robot/ros2_ws/install/amr_navigation/share/amr_navigation/rviz/view_robot.rviz
[3.421s] -- Symlinking: /home/huy_ubuntu/mobile_robot/ros2_ws/install/amr_navigation/lib/amr_navigation/auto_map_saver.py
[3.426s] -- Symlinking: /home/huy_ubuntu/mobile_robot/ros2_ws/install/amr_navigation/lib/amr_navigation/init_move.py
[3.431s] -- Symlinking: /home/huy_ubuntu/mobile_robot/ros2_ws/install/amr_navigation/share/ament_index/resource_index/package_run_dependencies/amr_navigation
[3.437s] -- Symlinking: /home/huy_ubuntu/mobile_robot/ros2_ws/install/amr_navigation/share/ament_index/resource_index/parent_prefix_path/amr_navigation
[3.443s] -- Symlinking: /home/huy_ubuntu/mobile_robot/ros2_ws/install/amr_navigation/share/amr_navigation/environment/ament_prefix_path.sh
[3.448s] -- Symlinking: /home/huy_ubuntu/mobile_robot/ros2_ws/install/amr_navigation/share/amr_navigation/environment/ament_prefix_path.dsv
[3.454s] -- Symlinking: /home/huy_ubuntu/mobile_robot/ros2_ws/install/amr_navigation/share/amr_navigation/environment/path.sh
[3.458s] -- Symlinking: /home/huy_ubuntu/mobile_robot/ros2_ws/install/amr_navigation/share/amr_navigation/environment/path.dsv
[3.463s] -- Symlinking: /home/huy_ubuntu/mobile_robot/ros2_ws/install/amr_navigation/share/amr_navigation/local_setup.bash
[3.469s] -- Symlinking: /home/huy_ubuntu/mobile_robot/ros2_ws/install/amr_navigation/share/amr_navigation/local_setup.sh
[3.474s] -- Symlinking: /home/huy_ubuntu/mobile_robot/ros2_ws/install/amr_navigation/share/amr_navigation/local_setup.zsh
[3.479s] -- Symlinking: /home/huy_ubuntu/mobile_robot/ros2_ws/install/amr_navigation/share/amr_navigation/local_setup.dsv
[3.485s] -- Symlinking: /home/huy_ubuntu/mobile_robot/ros2_ws/install/amr_navigation/share/amr_navigation/package.dsv
[3.490s] -- Symlinking: /home/huy_ubuntu/mobile_robot/ros2_ws/install/amr_navigation/share/ament_index/resource_index/packages/amr_navigation
[3.494s] -- Symlinking: /home/huy_ubuntu/mobile_robot/ros2_ws/install/amr_navigation/share/amr_navigation/cmake/amr_navigationConfig.cmake
[3.499s] -- Symlinking: /home/huy_ubuntu/mobile_robot/ros2_ws/install/amr_navigation/share/amr_navigation/cmake/amr_navigationConfig-version.cmake
[3.504s] -- Symlinking: /home/huy_ubuntu/mobile_robot/ros2_ws/install/amr_navigation/share/amr_navigation/package.xml
[3.511s] Invoked command in '/home/huy_ubuntu/mobile_robot/ros2_ws/build/amr_navigation' returned '0': CMAKE_PREFIX_PATH=/opt/ros/humble /usr/bin/cmake --install /home/huy_ubuntu/mobile_robot/ros2_ws/build/amr_navigation
