[0.463s] Invoking command in '/home/huy_ubuntu/mobile_robot/ros2_ws/build/multirobot_map_merge': CMAKE_PREFIX_PATH=/opt/ros/humble /usr/bin/cmake /home/huy_ubuntu/mobile_robot/ros2_ws/src/m-explore-ros2/map_merge -DAMENT_CMAKE_SYMLINK_INSTALL=1 -DCMAKE_INSTALL_PREFIX=/home/huy_ubuntu/mobile_robot/ros2_ws/install/multirobot_map_merge
[0.666s] -- The C compiler identification is GNU 11.4.0
[1.746s] -- The CXX compiler identification is GNU 11.4.0
[2.892s] -- Detecting C compiler ABI info
[3.139s] -- Detecting C compiler ABI info - done
[3.143s] -- Check for working C compiler: /usr/bin/cc - skipped
[3.143s] -- Detecting C compile features
[3.143s] -- Detecting C compile features - done
[3.145s] -- Detecting CXX compiler ABI info
[3.326s] -- Detecting CXX compiler ABI info - done
[3.330s] -- Check for working CXX compiler: /usr/bin/c++ - skipped
[3.331s] -- Detecting CXX compile features
[3.331s] -- Detecting CXX compile features - done
[3.332s] -- Found ament_cmake: 1.3.14 (/opt/ros/humble/share/ament_cmake/cmake)
[3.426s] -- Found Python3: /usr/bin/python3 (found version "3.10.12") found components: Interpreter 
[3.463s] -- Override CMake install command with custom implementation using symlinks instead of copying resources
[3.478s] -- Found rclcpp: 16.0.19 (/opt/ros/humble/share/rclcpp/cmake)
[3.777s] -- Found rosidl_generator_c: 3.1.8 (/opt/ros/humble/share/rosidl_generator_c/cmake)
[3.780s] -- Found rosidl_adapter: 3.1.8 (/opt/ros/humble/share/rosidl_adapter/cmake)
[3.784s] -- Found rosidl_generator_cpp: 3.1.8 (/opt/ros/humble/share/rosidl_generator_cpp/cmake)
[3.791s] -- Using all available rosidl_typesupport_c: rosidl_typesupport_fastrtps_c;rosidl_typesupport_introspection_c
[3.799s] -- Using all available rosidl_typesupport_cpp: rosidl_typesupport_fastrtps_cpp;rosidl_typesupport_introspection_cpp
[3.822s] -- Found rmw_implementation_cmake: 6.1.2 (/opt/ros/humble/share/rmw_implementation_cmake/cmake)
[3.824s] -- Found rmw_fastrtps_cpp: 6.2.10 (/opt/ros/humble/share/rmw_fastrtps_cpp/cmake)
[7.132s] -- Found OpenSSL: /usr/lib/x86_64-linux-gnu/libcrypto.so (found version "3.0.2")  
[10.738s] -- Found FastRTPS: /opt/ros/humble/include  
[16.215s] -- Using RMW implementation 'rmw_fastrtps_cpp' as default
[16.221s] -- Looking for pthread.h
[16.360s] -- Looking for pthread.h - found
[16.360s] -- Performing Test CMAKE_HAVE_LIBC_PTHREAD
[16.513s] -- Performing Test CMAKE_HAVE_LIBC_PTHREAD - Success
[16.513s] -- Found Threads: TRUE  
[16.540s] -- Found geometry_msgs: 4.9.1 (/opt/ros/humble/share/geometry_msgs/cmake)
[16.550s] -- Found image_geometry: 3.2.1 (/opt/ros/humble/share/image_geometry/cmake)
[16.575s] -- Found map_msgs: 2.1.0 (/opt/ros/humble/share/map_msgs/cmake)
[16.601s] -- Found tf2_geometry_msgs: 0.25.20 (/opt/ros/humble/share/tf2_geometry_msgs/cmake)
[16.662s] -- Found eigen3_cmake_module: 0.1.1 (/opt/ros/humble/share/eigen3_cmake_module/cmake)
[16.663s] -- Found Eigen3: TRUE (found version "3.4.0") 
[16.664s] -- Ensuring Eigen3 include directory is part of orocos-kdl CMake target
[16.769s] -- Found Boost: /usr/lib/x86_64-linux-gnu/cmake/Boost-1.74.0/BoostConfig.cmake (found version "1.74.0") found components: thread 
[16.773s] -- Found OpenCV: /usr (found version "4.5.4") 
[16.780s] -- Found ament_lint_auto: 0.12.15 (/opt/ros/humble/share/ament_lint_auto/cmake)
[16.821s] -- Found ament_cmake_gtest: 1.3.14 (/opt/ros/humble/share/ament_cmake_gtest/cmake)
[16.827s] --2026-04-15 21:54:54--  https://raw.githubusercontent.com/hrnr/m-explore-extra/master/map_merge/hector_maps/map00.pgm
[16.860s] Resolving raw.githubusercontent.com (raw.githubusercontent.com)... 185.199.109.133, 185.199.110.133, 185.199.108.133, ...
[16.917s] Connecting to raw.githubusercontent.com (raw.githubusercontent.com)|185.199.109.133|:443... connected.
[19.182s] HTTP request sent, awaiting response... 200 OK
[19.182s] Length: 4194362 (4.0M) [application/octet-stream]
[19.183s] Saving to: ‘/home/huy_ubuntu/mobile_robot/ros2_ws/build/multirobot_map_merge/map00.pgm’
[19.183s] 
[19.244s]      0K .......... .......... .......... .......... ..........  1%  806K 5s
[19.261s]     50K .......... .......... .......... .......... ..........  2% 2.87M 3s
[19.301s]    100K .......... .......... .......... .......... ..........  3% 1.23M 3s
[19.310s]    150K .......... .......... .......... .......... ..........  4% 5.03M 3s
[19.319s]    200K .......... .......... .......... .......... ..........  6% 5.52M 2s
[19.346s]    250K .......... .......... .......... .......... ..........  7% 1.83M 2s
[19.352s]    300K .......... .......... .......... .......... ..........  8% 7.51M 2s
[19.361s]    350K .......... .......... .......... .......... ..........  9% 5.58M 2s
[19.367s]    400K .......... .......... .......... .......... .......... 10% 9.28M 1s
[19.371s]    450K .......... .......... .......... .......... .......... 12% 11.5M 1s
[19.376s]    500K .......... .......... .......... .......... .......... 13% 9.64M 1s
[19.396s]    550K .......... .......... .......... .......... .......... 14% 2.38M 1s
[19.401s]    600K .......... .......... .......... .......... .......... 15% 9.93M 1s
[19.404s]    650K .......... .......... .......... .......... .......... 17% 16.0M 1s
[19.410s]    700K .......... .......... .......... .......... .......... 18% 8.32M 1s
[19.414s]    750K .......... .......... .......... .......... .......... 19% 14.0M 1s
[19.423s]    800K .......... .......... .......... .......... .......... 20% 5.42M 1s
[19.423s]    850K .......... .......... .......... .......... .......... 21%  508M 1s
[19.424s]    900K .......... .......... .......... .......... .......... 23% 34.9M 1s
[19.425s]    950K .......... .......... .......... .......... .......... 24% 50.0M 1s
[19.428s]   1000K .......... .......... .......... .......... .......... 25% 19.5M 1s
[19.429s]   1050K .......... .......... .......... .......... .......... 26% 31.2M 1s
[19.431s]   1100K .......... .......... .......... .......... .......... 28% 22.5M 1s
[19.435s]   1150K .......... .......... .......... .......... .......... 29% 15.8M 1s
[19.450s]   1200K .......... .......... .......... .......... .......... 30% 3.17M 1s
[19.454s]   1250K .......... .......... .......... .......... .......... 31% 11.2M 1s
[19.457s]   1300K .......... .......... .......... .......... .......... 32% 20.6M 1s
[19.458s]   1350K .......... .......... .......... .......... .......... 34% 27.7M 1s
[19.461s]   1400K .......... .......... .......... .......... .......... 35% 16.5M 1s
[19.463s]   1450K .......... .......... .......... .......... .......... 36% 22.9M 0s
[19.466s]   1500K .......... .......... .......... .......... .......... 37% 19.9M 0s
[19.473s]   1550K .......... .......... .......... .......... .......... 39% 7.40M 0s
[19.474s]   1600K .......... .......... .......... .......... .......... 40% 48.1M 0s
[19.482s]   1650K .......... .......... .......... .......... .......... 41% 5.70M 0s
[19.483s]   1700K .......... .......... .......... .......... .......... 42%  171M 0s
[19.485s]   1750K .......... .......... .......... .......... .......... 43% 20.5M 0s
[19.485s]   1800K .......... .......... .......... .......... .......... 45%  300M 0s
[19.488s]   1850K .......... .......... .......... .......... .......... 46% 18.3M 0s
[19.492s]   1900K .......... .......... .......... .......... .......... 47% 11.2M 0s
[19.492s]   1950K .......... .......... .......... .......... .......... 48%  151M 0s
[19.492s]   2000K .......... .......... .......... .......... .......... 50%  355M 0s
[19.497s]   2050K .......... .......... .......... .......... .......... 51% 9.90M 0s
[19.498s]   2100K .......... .......... .......... .......... .......... 52%  221M 0s
[19.498s]   2150K .......... .......... .......... .......... .......... 53%  412M 0s
[19.503s]   2200K .......... .......... .......... .......... .......... 54%  735M 0s
[19.503s]   2250K .......... .......... .......... .......... .......... 56% 9.67M 0s
[19.503s]   2300K .......... .......... .......... .......... .......... 57%  259M 0s
[19.503s]   2350K .......... .......... .......... .......... .......... 58%  237M 0s
[19.505s]   2400K .......... .......... .......... .......... .......... 59% 31.0M 0s
[19.505s]   2450K .......... .......... .......... .......... .......... 61%  265M 0s
[19.507s]   2500K .......... .......... .......... .......... .......... 62% 19.9M 0s
[19.511s]   2550K .......... .......... .......... .......... .......... 63% 14.5M 0s
[19.515s]   2600K .......... .......... .......... .......... .......... 64% 12.4M 0s
[19.518s]   2650K .......... .......... .......... .......... .......... 65% 13.2M 0s
[19.518s]   2700K .......... .......... .......... .......... .......... 67%  510M 0s
[19.519s]   2750K .......... .......... .......... .......... .......... 68%  473M 0s
[19.524s]   2800K .......... .......... .......... .......... .......... 69% 9.30M 0s
[19.524s]   2850K .......... .......... .......... .......... .......... 70%  402M 0s
[19.524s]   2900K .......... .......... .......... .......... .......... 72%  557M 0s
[19.529s]   2950K .......... .......... .......... .......... .......... 73% 10.4M 0s
[19.529s]   3000K .......... .......... .......... .......... .......... 74%  394M 0s
[19.529s]   3050K .......... .......... .......... .......... .......... 75%  638M 0s
[19.529s]   3100K .......... .......... .......... .......... .......... 76%  542M 0s
[19.535s]   3150K .......... .......... .......... .......... .......... 78% 8.87M 0s
[19.535s]   3200K .......... .......... .......... .......... .......... 79%  257M 0s
[19.535s]   3250K .......... .......... .......... .......... .......... 80%  511M 0s
[19.536s]   3300K .......... .......... .......... .......... .......... 81% 40.8M 0s
[19.541s]   3350K .......... .......... .......... .......... .......... 83%  518M 0s
[19.544s]   3400K .......... .......... .......... .......... .......... 84% 5.87M 0s
[19.545s]   3450K .......... .......... .......... .......... .......... 85%  307M 0s
[19.545s]   3500K .......... .......... .......... .......... .......... 86%  390M 0s
[19.550s]   3550K .......... .......... .......... .......... .......... 87% 9.87M 0s
[19.550s]   3600K .......... .......... .......... .......... .......... 89%  496M 0s
[19.550s]   3650K .......... .......... .......... .......... .......... 90%  637M 0s
[19.551s]   3700K .......... .......... .......... .......... .......... 91% 66.3M 0s
[19.559s]   3750K .......... .......... .......... .......... .......... 92% 5.97M 0s
[19.563s]   3800K .......... .......... .......... .......... .......... 93% 11.3M 0s
[19.563s]   3850K .......... .......... .......... .......... .......... 95%  542M 0s
[19.563s]   3900K .......... .......... .......... .......... .......... 96%  444M 0s
[19.567s]   3950K .......... .......... .......... .......... .......... 97% 14.2M 0s
[19.567s]   4000K .......... .......... .......... .......... .......... 98%  519M 0s
[19.567s]   4050K .......... .......... .......... .......... ......    100%  298M=0.4s
[19.567s] 
[19.567s] 2026-04-15 21:54:57 (10.4 MB/s) - ‘/home/huy_ubuntu/mobile_robot/ros2_ws/build/multirobot_map_merge/map00.pgm’ saved [4194362/4194362]
[19.567s] 
[19.568s] Checking MD5 sum of /home/huy_ubuntu/mobile_robot/ros2_ws/build/multirobot_map_merge/map00.pgm
[19.574s] /home/huy_ubuntu/mobile_robot/ros2_ws/build/multirobot_map_merge/map00.pgm: OK
[19.577s] --2026-04-15 21:54:57--  https://raw.githubusercontent.com/hrnr/m-explore-extra/master/map_merge/hector_maps/map05.pgm
[19.584s] Resolving raw.githubusercontent.com (raw.githubusercontent.com)... 185.199.111.133, 185.199.108.133, 185.199.110.133, ...
[19.645s] Connecting to raw.githubusercontent.com (raw.githubusercontent.com)|185.199.111.133|:443... connected.
[21.636s] HTTP request sent, awaiting response... 200 OK
[21.636s] Length: 4194362 (4.0M) [application/octet-stream]
[21.636s] Saving to: ‘/home/huy_ubuntu/mobile_robot/ros2_ws/build/multirobot_map_merge/map05.pgm’
[21.636s] 
[21.708s]      0K .......... .......... .......... .......... ..........  1%  703K 6s
[21.753s]     50K .......... .......... .......... .......... ..........  2% 1.05M 5s
[21.768s]    100K .......... .......... .......... .......... ..........  3% 3.14M 3s
[21.783s]    150K .......... .......... .......... .......... ..........  4% 3.23M 3s
[21.791s]    200K .......... .......... .......... .......... ..........  6% 6.84M 2s
[21.820s]    250K .......... .......... .......... .......... ..........  7% 1.66M 2s
[21.826s]    300K .......... .......... .......... .......... ..........  8% 7.84M 2s
[21.834s]    350K .......... .......... .......... .......... ..........  9% 6.27M 2s
[21.845s]    400K .......... .......... .......... .......... .......... 10% 4.35M 2s
[21.850s]    450K .......... .......... .......... .......... .......... 12% 9.81M 2s
[21.854s]    500K .......... .......... .......... .......... .......... 13% 11.2M 1s
[21.880s]    550K .......... .......... .......... .......... .......... 14% 1.91M 1s
[21.888s]    600K .......... .......... .......... .......... .......... 15% 5.88M 1s
[21.889s]    650K .......... .......... .......... .......... .......... 17% 69.1M 1s
[21.892s]    700K .......... .......... .......... .......... .......... 18% 17.2M 1s
[21.895s]    750K .......... .......... .......... .......... .......... 19% 16.0M 1s
[21.899s]    800K .......... .......... .......... .......... .......... 20% 13.0M 1s
[21.902s]    850K .......... .......... .......... .......... .......... 21% 13.5M 1s
[21.911s]    900K .......... .......... .......... .......... .......... 23% 5.48M 1s
[21.911s]    950K .......... .......... .......... .......... .......... 24%  314M 1s
[21.913s]   1000K .......... .......... .......... .......... .......... 25% 33.5M 1s
[21.914s]   1050K .......... .......... .......... .......... .......... 26% 32.5M 1s
[21.928s]   1100K .......... .......... .......... .......... .......... 28% 3.69M 1s
[21.941s]   1150K .......... .......... .......... .......... .......... 29% 3.61M 1s
[21.942s]   1200K .......... .......... .......... .......... .......... 30% 51.4M 1s
[21.945s]   1250K .......... .......... .......... .......... .......... 31% 14.3M 1s
[21.948s]   1300K .......... .......... .......... .......... .......... 32% 16.2M 1s
[21.951s]   1350K .......... .......... .......... .......... .......... 34% 31.3M 1s
[21.952s]   1400K .......... .......... .......... .......... .......... 35% 23.4M 1s
[21.954s]   1450K .......... .......... .......... .......... .......... 36% 23.8M 1s
[21.956s]   1500K .......... .......... .......... .......... .......... 37% 31.3M 1s
[21.958s]   1550K .......... .......... .......... .......... .......... 39% 27.1M 1s
[21.960s]   1600K .......... .......... .......... .......... .......... 40% 17.1M 0s
[21.962s]   1650K .......... .......... .......... .......... .......... 41% 37.7M 0s
[21.963s]   1700K .......... .......... .......... .......... .......... 42% 37.8M 0s
[21.967s]   1750K .......... .......... .......... .......... .......... 43% 34.2M 0s
[21.968s]   1800K .......... .......... .......... .......... .......... 45% 15.4M 0s
[21.975s]   1850K .......... .......... .......... .......... .......... 46% 7.10M 0s
[21.978s]   1900K .......... .......... .......... .......... .......... 47% 14.0M 0s
[21.978s]   1950K .......... .......... .......... .......... .......... 48%  319M 0s
[21.978s]   2000K .......... .......... .......... .......... .......... 50%  765M 0s
[21.982s]   2050K .......... .......... .......... .......... .......... 51% 11.6M 0s
[21.983s]   2100K .......... .......... .......... .......... .......... 52%  348M 0s
[21.987s]   2150K .......... .......... .......... .......... .......... 53% 12.4M 0s
[21.987s]   2200K .......... .......... .......... .......... .......... 54%  191M 0s
[21.987s]   2250K .......... .......... .......... .......... .......... 56%  115M 0s
[21.988s]   2300K .......... .......... .......... .......... .......... 57% 97.4M 0s
[22.003s]   2350K .......... .......... .......... .......... .......... 58% 3.19M 0s
[22.007s]   2400K .......... .......... .......... .......... .......... 59% 12.9M 0s
[22.007s]   2450K .......... .......... .......... .......... .......... 61%  293M 0s
[22.007s]   2500K .......... .......... .......... .......... .......... 62%  528M 0s
[22.010s]   2550K .......... .......... .......... .......... .......... 63% 13.6M 0s
[22.011s]   2600K .......... .......... .......... .......... .......... 64%  408M 0s
[22.018s]   2650K .......... .......... .......... .......... .......... 65% 6.54M 0s
[22.021s]   2700K .......... .......... .......... .......... .......... 67% 18.2M 0s
[22.021s]   2750K .......... .......... .......... .......... .......... 68%  612M 0s
[22.025s]   2800K .......... .......... .......... .......... .......... 69% 12.1M 0s
[22.025s]   2850K .......... .......... .......... .......... .......... 70%  441M 0s
[22.030s]   2900K .......... .......... .......... .......... .......... 72% 9.22M 0s
[22.036s]   2950K .......... .......... .......... .......... .......... 73%  477M 0s
[22.036s]   3000K .......... .......... .......... .......... .......... 74% 9.13M 0s
[22.036s]   3050K .......... .......... .......... .......... .......... 75%  354M 0s
[22.036s]   3100K .......... .......... .......... .......... .......... 76%  563M 0s
[22.036s]   3150K .......... .......... .......... .......... .......... 78%  523M 0s
[22.036s]   3200K .......... .......... .......... .......... .......... 79%  551M 0s
[22.042s]   3250K .......... .......... .......... .......... .......... 80% 8.21M 0s
[22.042s]   3300K .......... .......... .......... .......... .......... 81%  307M 0s
[22.042s]   3350K .......... .......... .......... .......... .......... 83%  414M 0s
[22.043s]   3400K .......... .......... .......... .......... .......... 84%  438M 0s
[22.047s]   3450K .......... .......... .......... .......... .......... 85% 10.5M 0s
[22.047s]   3500K .......... .......... .......... .......... .......... 86%  509M 0s
[22.048s]   3550K .......... .......... .......... .......... .......... 87%  337M 0s
[22.053s]   3600K .......... .......... .......... .......... .......... 89% 10.0M 0s
[22.053s]   3650K .......... .......... .......... .......... .......... 90%  385M 0s
[22.053s]   3700K .......... .......... .......... .......... .......... 91%  519M 0s
[22.053s]   3750K .......... .......... .......... .......... .......... 92%  398M 0s
[22.057s]   3800K .......... .......... .......... .......... .......... 93% 10.3M 0s
[22.058s]   3850K .......... .......... .......... .......... .......... 95%  520M 0s
[22.058s]   3900K .......... .......... .......... .......... .......... 96% 99.5M 0s
[22.061s]   3950K .......... .......... .......... .......... .......... 97% 14.3M 0s
[22.062s]   4000K .......... .......... .......... .......... .......... 98%  457M 0s
[22.062s]   4050K .......... .......... .......... .......... ......    100%  360M=0.4s
[22.062s] 
[22.062s] 2026-04-15 21:54:59 (9.38 MB/s) - ‘/home/huy_ubuntu/mobile_robot/ros2_ws/build/multirobot_map_merge/map05.pgm’ saved [4194362/4194362]
[22.062s] 
[22.062s] Checking MD5 sum of /home/huy_ubuntu/mobile_robot/ros2_ws/build/multirobot_map_merge/map05.pgm
[22.068s] /home/huy_ubuntu/mobile_robot/ros2_ws/build/multirobot_map_merge/map05.pgm: OK
[22.072s] --2026-04-15 21:54:59--  https://raw.githubusercontent.com/hrnr/m-explore-extra/master/map_merge/gmapping_maps/2011-08-09-12-22-52.pgm
[22.079s] Resolving raw.githubusercontent.com (raw.githubusercontent.com)... 185.199.109.133, 185.199.111.133, 185.199.108.133, ...
[22.135s] Connecting to raw.githubusercontent.com (raw.githubusercontent.com)|185.199.109.133|:443... connected.
[23.595s] HTTP request sent, awaiting response... 200 OK
[23.595s] Length: 16000058 (15M) [application/octet-stream]
[23.595s] Saving to: ‘/home/huy_ubuntu/mobile_robot/ros2_ws/build/multirobot_map_merge/2011-08-09-12-22-52.pgm’
[23.601s] 
[23.660s]      0K .......... .......... .......... .......... ..........  0%  769K 20s
[23.705s]     50K .......... .......... .......... .......... ..........  0% 1.07M 17s
[23.719s]    100K .......... .......... .......... .......... ..........  0% 3.60M 13s
[23.729s]    150K .......... .......... .......... .......... ..........  1% 4.66M 10s
[23.760s]    200K .......... .......... .......... .......... ..........  1% 1.60M 10s
[23.768s]    250K .......... .......... .......... .......... ..........  1% 6.02M 9s
[23.782s]    300K .......... .......... .......... .......... ..........  2% 3.48M 8s
[23.783s]    350K .......... .......... .......... .......... ..........  2% 95.6M 7s
[23.789s]    400K .......... .......... .......... .......... ..........  2% 8.01M 7s
[23.793s]    450K .......... .......... .......... .......... ..........  3% 11.0M 6s
[23.816s]    500K .......... .......... .......... .......... ..........  3% 2.17M 6s
[23.819s]    550K .......... .......... .......... .......... ..........  3% 13.2M 6s
[23.823s]    600K .......... .......... .......... .......... ..........  4% 12.3M 5s
[23.827s]    650K .......... .......... .......... .......... ..........  4% 14.5M 5s
[23.847s]    700K .......... .......... .......... .......... ..........  4% 2.46M 5s
[23.847s]    750K .......... .......... .......... .......... ..........  5%  538M 5s
[23.849s]    800K .......... .......... .......... .......... ..........  5% 23.4M 4s
[23.849s]    850K .......... .......... .......... .......... ..........  5%  102M 4s
[23.860s]    900K .......... .......... .......... .......... ..........  6% 4.49M 4s
[23.860s]    950K .......... .......... .......... .......... ..........  6%  196M 4s
[23.860s]   1000K .......... .......... .......... .......... ..........  6%  409M 4s
[23.873s]   1050K .......... .......... .......... .......... ..........  7% 4.01M 4s
[23.873s]   1100K .......... .......... .......... .......... ..........  7%  516M 4s
[23.875s]   1150K .......... .......... .......... .......... ..........  7% 18.7M 3s
[23.877s]   1200K .......... .......... .......... .......... ..........  7% 29.5M 3s
[23.880s]   1250K .......... .......... .......... .......... ..........  8% 19.6M 3s
[23.893s]   1300K .......... .......... .......... .......... ..........  8% 3.59M 3s
[23.894s]   1350K .......... .......... .......... .......... ..........  8%  229M 3s
[23.894s]   1400K .......... .......... .......... .......... ..........  9%  348M 3s
[23.898s]   1450K .......... .......... .......... .......... ..........  9% 11.1M 3s
[23.905s]   1500K .......... .......... .......... .......... ..........  9% 6.96M 3s
[23.906s]   1550K .......... .......... .......... .......... .......... 10% 77.2M 3s
[23.907s]   1600K .......... .......... .......... .......... .......... 10% 28.2M 3s
[23.920s]   1650K .......... .......... .......... .......... .......... 10% 3.88M 3s
[23.920s]   1700K .......... .......... .......... .......... .......... 11%  280M 3s
[23.926s]   1750K .......... .......... .......... .......... .......... 11% 8.94M 3s
[23.926s]   1800K .......... .......... .......... .......... .......... 11%  159M 2s
[23.926s]   1850K .......... .......... .......... .......... .......... 12%  108M 2s
[23.927s]   1900K .......... .......... .......... .......... .......... 12% 94.8M 2s
[23.933s]   1950K .......... .......... .......... .......... .......... 12% 8.83M 2s
[23.933s]   2000K .......... .......... .......... .......... .......... 13%  182M 2s
[23.940s]   2050K .......... .......... .......... .......... .......... 13% 7.11M 2s
[23.940s]   2100K .......... .......... .......... .......... .......... 13%  455M 2s
[23.950s]   2150K .......... .......... .......... .......... .......... 14% 4.99M 2s
[23.950s]   2200K .......... .......... .......... .......... .......... 14%  229M 2s
[23.950s]   2250K .......... .......... .......... .......... .......... 14%  112M 2s
[23.950s]   2300K .......... .......... .......... .......... .......... 15%  103M 2s
[23.953s]   2350K .......... .......... .......... .......... .......... 15% 24.1M 2s
[23.953s]   2400K .......... .......... .......... .......... .......... 15%  308M 2s
[23.953s]   2450K .......... .......... .......... .......... .......... 15%  403M 2s
[23.959s]   2500K .......... .......... .......... .......... .......... 16% 8.35M 2s
[23.959s]   2550K .......... .......... .......... .......... .......... 16%  369M 2s
[23.959s]   2600K .......... .......... .......... .......... .......... 16%  245M 2s
[23.964s]   2650K .......... .......... .......... .......... .......... 17% 11.4M 2s
[23.964s]   2700K .......... .......... .......... .......... .......... 17%  483M 2s
[23.964s]   2750K .......... .......... .......... .......... .......... 17%  203M 2s
[23.964s]   2800K .......... .......... .......... .......... .......... 18%  370M 2s
[23.971s]   2850K .......... .......... .......... .......... .......... 18% 6.64M 2s
[23.972s]   2900K .......... .......... .......... .......... .......... 18%  308M 2s
[23.972s]   2950K .......... .......... .......... .......... .......... 19%  540M 2s
[23.972s]   3000K .......... .......... .......... .......... .......... 19%  107M 2s
[23.973s]   3050K .......... .......... .......... .......... .......... 19% 32.9M 2s
[23.974s]   3100K .......... .......... .......... .......... .......... 20%  217M 2s
[23.974s]   3150K .......... .......... .......... .......... .......... 20%  331M 1s
[23.979s]   3200K .......... .......... .......... .......... .......... 20% 9.88M 1s
[23.979s]   3250K .......... .......... .......... .......... .......... 21%  225M 1s
[23.979s]   3300K .......... .......... .......... .......... .......... 21%  435M 1s
[23.992s]   3350K .......... .......... .......... .......... .......... 21% 3.87M 1s
[23.992s]   3400K .......... .......... .......... .......... .......... 22%  333M 1s
[23.992s]   3450K .......... .......... .......... .......... .......... 22%  522M 1s
[23.992s]   3500K .......... .......... .......... .......... .......... 22%  119M 1s
[23.992s]   3550K .......... .......... .......... .......... .......... 23%  258M 1s
[23.992s]   3600K .......... .......... .......... .......... .......... 23%  223M 1s
[23.993s]   3650K .......... .......... .......... .......... .......... 23%  208M 1s
[23.996s]   3700K .......... .......... .......... .......... .......... 23% 17.1M 1s
[23.996s]   3750K .......... .......... .......... .......... .......... 24%  295M 1s
[23.996s]   3800K .......... .......... .......... .......... .......... 24%  370M 1s
[24.003s]   3850K .......... .......... .......... .......... .......... 24% 6.99M 1s
[24.003s]   3900K .......... .......... .......... .......... .......... 25%  154M 1s
[24.004s]   3950K .......... .......... .......... .......... .......... 25%  537M 1s
[24.004s]   4000K .......... .......... .......... .......... .......... 25%  183M 1s
[24.004s]   4050K .......... .......... .......... .......... .......... 26%  536M 1s
[24.004s]   4100K .......... .......... .......... .......... .......... 26% 77.0M 1s
[24.006s]   4150K .......... .......... .......... .......... .......... 26% 28.1M 1s
[24.009s]   4200K .......... .......... .......... .......... .......... 27% 16.9M 1s
[24.015s]   4250K .......... .......... .......... .......... .......... 27% 9.36M 1s
[24.015s]   4300K .......... .......... .......... .......... .......... 27%  206M 1s
[24.015s]   4350K .......... .......... .......... .......... .......... 28%  366M 1s
[24.015s]   4400K .......... .......... .......... .......... .......... 28%  794M 1s
[24.020s]   4450K .......... .......... .......... .......... .......... 28% 10.0M 1s
[24.020s]   4500K .......... .......... .......... .......... .......... 29%  148M 1s
[24.020s]   4550K .......... .......... .......... .......... .......... 29%  267M 1s
[24.024s]   4600K .......... .......... .......... .......... .......... 29% 13.5M 1s
[24.024s]   4650K .......... .......... .......... .......... .......... 30%  388M 1s
[24.024s]   4700K .......... .......... .......... .......... .......... 30%  502M 1s
[24.030s]   4750K .......... .......... .......... .......... .......... 30% 8.03M 1s
[24.030s]   4800K .......... .......... .......... .......... .......... 31%  329M 1s
[24.044s]   4850K .......... .......... .......... .......... .......... 31% 3.50M 1s
[24.045s]   4900K .......... .......... .......... .......... .......... 31%  114M 1s
[24.045s]   4950K .......... .......... .......... .......... .......... 31%  154M 1s
[24.045s]   5000K .......... .......... .......... .......... .......... 32%  330M 1s
[24.049s]   5050K .......... .......... .......... .......... .......... 32% 12.0M 1s
[24.049s]   5100K .......... .......... .......... .......... .......... 32%  354M 1s
[24.049s]   5150K .......... .......... .......... .......... .......... 33%  374M 1s
[24.054s]   5200K .......... .......... .......... .......... .......... 33% 9.94M 1s
[24.055s]   5250K .......... .......... .......... .......... .......... 33%  249M 1s
[24.055s]   5300K .......... .......... .......... .......... .......... 34%  365M 1s
[24.055s]   5350K .......... .......... .......... .......... .......... 34%  540M 1s
[24.064s]   5400K .......... .......... .......... .......... .......... 34% 5.16M 1s
[24.064s]   5450K .......... .......... .......... .......... .......... 35%  565M 1s
[24.065s]   5500K .......... .......... .......... .......... .......... 35%  467M 1s
[24.065s]   5550K .......... .......... .......... .......... .......... 35%  285M 1s
[24.065s]   5600K .......... .......... .......... .......... .......... 36%  279M 1s
[24.065s]   5650K .......... .......... .......... .......... .......... 36%  399M 1s
[24.065s]   5700K .......... .......... .......... .......... .......... 36%  816M 1s
[24.070s]   5750K .......... .......... .......... .......... .......... 37% 10.1M 1s
[24.070s]   5800K .......... .......... .......... .......... .......... 37%  556M 1s
[24.070s]   5850K .......... .......... .......... .......... .......... 37%  755M 1s
[24.075s]   5900K .......... .......... .......... .......... .......... 38% 9.69M 1s
[24.075s]   5950K .......... .......... .......... .......... .......... 38%  307M 1s
[24.075s]   6000K .......... .......... .......... .......... .......... 38%  660M 1s
[24.075s]   6050K .......... .......... .......... .......... .......... 39%  683M 1s
[24.080s]   6100K .......... .......... .......... .......... .......... 39% 10.2M 1s
[24.080s]   6150K .......... .......... .......... .......... .......... 39%  441M 1s
[24.080s]   6200K .......... .......... .......... .......... .......... 39%  661M 1s
[24.085s]   6250K .......... .......... .......... .......... .......... 40% 9.24M 1s
[24.086s]   6300K .......... .......... .......... .......... .......... 40%  459M 1s
[24.086s]   6350K .......... .......... .......... .......... .......... 40%  726M 1s
[24.086s]   6400K .......... .......... .......... .......... .......... 41%  841M 1s
[24.090s]   6450K .......... .......... .......... .......... .......... 41% 10.5M 1s
[24.090s]   6500K .......... .......... .......... .......... .......... 41%  462M 1s
[24.090s]   6550K .......... .......... .......... .......... .......... 42%  632M 1s
[24.096s]   6600K .......... .......... .......... .......... .......... 42% 9.02M 1s
[24.096s]   6650K .......... .......... .......... .......... .......... 42%  430M 1s
[24.096s]   6700K .......... .......... .......... .......... .......... 43%  425M 1s
[24.101s]   6750K .......... .......... .......... .......... .......... 43% 10.5M 1s
[24.101s]   6800K .......... .......... .......... .......... .......... 43%  347M 1s
[24.101s]   6850K .......... .......... .......... .......... .......... 44%  433M 1s
[24.101s]   6900K .......... .......... .......... .......... .......... 44%  401M 1s
[24.106s]   6950K .......... .......... .......... .......... .......... 44% 9.44M 1s
[24.112s]   7000K .......... .......... .......... .......... .......... 45% 9.24M 1s
[24.112s]   7050K .......... .......... .......... .......... .......... 45%  615M 1s
[24.112s]   7100K .......... .......... .......... .......... .......... 45%  492M 1s
[24.112s]   7150K .......... .......... .......... .......... .......... 46%  544M 1s
[24.112s]   7200K .......... .......... .......... .......... .......... 46%  745M 1s
[24.115s]   7250K .......... .......... .......... .......... .......... 46% 13.9M 1s
[24.116s]   7300K .......... .......... .......... .......... .......... 47%  300M 1s
[24.119s]   7350K .......... .......... .......... .......... .......... 47% 12.9M 1s
[24.119s]   7400K .......... .......... .......... .......... .......... 47%  327M 1s
[24.123s]   7450K .......... .......... .......... .......... .......... 47% 13.5M 1s
[24.123s]   7500K .......... .......... .......... .......... .......... 48%  473M 1s
[24.128s]   7550K .......... .......... .......... .......... .......... 48% 10.6M 1s
[24.128s]   7600K .......... .......... .......... .......... .......... 48%  178M 1s
[24.133s]   7650K .......... .......... .......... .......... .......... 49% 10.2M 1s
[24.133s]   7700K .......... .......... .......... .......... .......... 49%  529M 1s
[24.133s]   7750K .......... .......... .......... .......... .......... 49%  376M 1s
[24.133s]   7800K .......... .......... .......... .......... .......... 50%  383M 1s
[24.137s]   7850K .......... .......... .......... .......... .......... 50% 11.7M 1s
[24.144s]   7900K .......... .......... .......... .......... .......... 50% 7.95M 1s
[24.144s]   7950K .......... .......... .......... .......... .......... 51%  438M 1s
[24.144s]   8000K .......... .......... .......... .......... .......... 51%  590M 1s
[24.144s]   8050K .......... .......... .......... .......... .......... 51%  721M 1s
[24.144s]   8100K .......... .......... .......... .......... .......... 52%  691M 1s
[24.148s]   8150K .......... .......... .......... .......... .......... 52% 13.2M 1s
[24.148s]   8200K .......... .......... .......... .......... .......... 52%  304M 0s
[24.148s]   8250K .......... .......... .......... .......... .......... 53%  560M 0s
[24.148s]   8300K .......... .......... .......... .......... .......... 53%  507M 0s
[24.156s]   8350K .......... .......... .......... .......... .......... 53% 6.06M 0s
[24.156s]   8400K .......... .......... .......... .......... .......... 54%  164M 0s
[24.157s]   8450K .......... .......... .......... .......... .......... 54%  120M 0s
[24.157s]   8500K .......... .......... .......... .......... .......... 54% 99.5M 0s
[24.158s]   8550K .......... .......... .......... .......... .......... 55% 83.8M 0s
[24.158s]   8600K .......... .......... .......... .......... .......... 55%  130M 0s
[24.158s]   8650K .......... .......... .......... .......... .......... 55%  733M 0s
[24.164s]   8700K .......... .......... .......... .......... .......... 55% 8.62M 0s
[24.164s]   8750K .......... .......... .......... .......... .......... 56%  705M 0s
[24.164s]   8800K .......... .......... .......... .......... .......... 56%  662M 0s
[24.169s]   8850K .......... .......... .......... .......... .......... 56% 10.7M 0s
[24.169s]   8900K .......... .......... .......... .......... .......... 57%  514M 0s
[24.169s]   8950K .......... .......... .......... .......... .......... 57%  730M 0s
[24.169s]   9000K .......... .......... .......... .......... .......... 57%  665M 0s
[24.173s]   9050K .......... .......... .......... .......... .......... 58% 10.8M 0s
[24.173s]   9100K .......... .......... .......... .......... .......... 58%  515M 0s
[24.173s]   9150K .......... .......... .......... .......... .......... 58%  508M 0s
[24.178s]   9200K .......... .......... .......... .......... .......... 59% 10.5M 0s
[24.178s]   9250K .......... .......... .......... .......... .......... 59%  504M 0s
[24.178s]   9300K .......... .......... .......... .......... .......... 59%  524M 0s
[24.185s]   9350K .......... .......... .......... .......... .......... 60% 7.61M 0s
[24.185s]   9400K .......... .......... .......... .......... .......... 60% 96.0M 0s
[24.186s]   9450K .......... .......... .......... .......... .......... 60%  185M 0s
[24.186s]   9500K .......... .......... .......... .......... .......... 61%  125M 0s
[24.190s]   9550K .......... .......... .......... .......... .......... 61% 12.2M 0s
[24.191s]   9600K .......... .......... .......... .......... .......... 61%  105M 0s
[24.191s]   9650K .......... .......... .......... .......... .......... 62%  159M 0s
[24.191s]   9700K .......... .......... .......... .......... .......... 62%  122M 0s
[24.195s]   9750K .......... .......... .......... .......... .......... 62% 11.8M 0s
[24.195s]   9800K .......... .......... .......... .......... .......... 63%  414M 0s
[24.195s]   9850K .......... .......... .......... .......... .......... 63%  744M 0s
[24.201s]   9900K .......... .......... .......... .......... .......... 63% 8.98M 0s
[24.201s]   9950K .......... .......... .......... .......... .......... 63%  103M 0s
[24.202s]  10000K .......... .......... .......... .......... .......... 64%  145M 0s
[24.206s]  10050K .......... .......... .......... .......... .......... 64% 13.1M 0s
[24.206s]  10100K .......... .......... .......... .......... .......... 64%  390M 0s
[24.206s]  10150K .......... .......... .......... .......... .......... 65%  672M 0s
[24.206s]  10200K .......... .......... .......... .......... .......... 65%  790M 0s
[24.208s]  10250K .......... .......... .......... .......... .......... 65% 24.3M 0s
[24.208s]  10300K .......... .......... .......... .......... .......... 66%  419M 0s
[24.215s]  10350K .......... .......... .......... .......... .......... 66% 6.49M 0s
[24.215s]  10400K .......... .......... .......... .......... .......... 66%  424M 0s
[24.219s]  10450K .......... .......... .......... .......... .......... 67% 14.0M 0s
[24.219s]  10500K .......... .......... .......... .......... .......... 67%  596M 0s
[24.225s]  10550K .......... .......... .......... .......... .......... 67% 9.08M 0s
[24.225s]  10600K .......... .......... .......... .......... .......... 68%  208M 0s
[24.225s]  10650K .......... .......... .......... .......... .......... 68%  566M 0s
[24.225s]  10700K .......... .......... .......... .......... .......... 68%  847M 0s
[24.230s]  10750K .......... .......... .......... .......... .......... 69% 10.2M 0s
[24.230s]  10800K .......... .......... .......... .......... .......... 69%  435M 0s
[24.230s]  10850K .......... .......... .......... .......... .......... 69%  688M 0s
[24.235s]  10900K .......... .......... .......... .......... .......... 70% 9.39M 0s
[24.235s]  10950K .......... .......... .......... .......... .......... 70%  115M 0s
[24.235s]  11000K .......... .......... .......... .......... .......... 70%  182M 0s
[24.236s]  11050K .......... .......... .......... .......... .......... 71%  727M 0s
[24.245s]  11100K .......... .......... .......... .......... .......... 71% 5.46M 0s
[24.245s]  11150K .......... .......... .......... .......... .......... 71%  511M 0s
[24.245s]  11200K .......... .......... .......... .......... .......... 71%  584M 0s
[24.251s]  11250K .......... .......... .......... .......... .......... 72% 8.39M 0s
[24.251s]  11300K .......... .......... .......... .......... .......... 72%  565M 0s
[24.251s]  11350K .......... .......... .......... .......... .......... 72%  421M 0s
[24.251s]  11400K .......... .......... .......... .......... .......... 73%  588M 0s
[24.256s]  11450K .......... .......... .......... .......... .......... 73% 10.1M 0s
[24.256s]  11500K .......... .......... .......... .......... .......... 73%  562M 0s
[24.256s]  11550K .......... .......... .......... .......... .......... 74%  552M 0s
[24.261s]  11600K .......... .......... .......... .......... .......... 74% 9.69M 0s
[24.261s]  11650K .......... .......... .......... .......... .......... 74%  564M 0s
[24.261s]  11700K .......... .......... .......... .......... .......... 75%  493M 0s
[24.261s]  11750K .......... .......... .......... .......... .......... 75%  494M 0s
[24.268s]  11800K .......... .......... .......... .......... .......... 75% 7.05M 0s
[24.268s]  11850K .......... .......... .......... .......... .......... 76%  532M 0s
[24.269s]  11900K .......... .......... .......... .......... .......... 76%  574M 0s
[24.269s]  11950K .......... .......... .......... .......... .......... 76%  739M 0s
[24.271s]  12000K .......... .......... .......... .......... .......... 77% 19.1M 0s
[24.271s]  12050K .......... .......... .......... .......... .......... 77%  673M 0s
[24.271s]  12100K .......... .......... .......... .......... .......... 77%  660M 0s
[24.276s]  12150K .......... .......... .......... .......... .......... 78% 9.53M 0s
[24.277s]  12200K .......... .......... .......... .......... .......... 78%  620M 0s
[24.277s]  12250K .......... .......... .......... .......... .......... 78%  109M 0s
[24.283s]  12300K .......... .......... .......... .......... .......... 79% 8.28M 0s
[24.283s]  12350K .......... .......... .......... .......... .......... 79%  589M 0s
[24.283s]  12400K .......... .......... .......... .......... .......... 79%  535M 0s
[24.288s]  12450K .......... .......... .......... .......... .......... 79% 9.93M 0s
[24.288s]  12500K .......... .......... .......... .......... .......... 80%  626M 0s
[24.288s]  12550K .......... .......... .......... .......... .......... 80%  567M 0s
[24.289s]  12600K .......... .......... .......... .......... .......... 80%  281M 0s
[24.299s]  12650K .......... .......... .......... .......... .......... 81% 4.41M 0s
[24.300s]  12700K .......... .......... .......... .......... .......... 81%  277M 0s
[24.300s]  12750K .......... .......... .......... .......... .......... 81%  493M 0s
[24.300s]  12800K .......... .......... .......... .......... .......... 82%  526M 0s
[24.300s]  12850K .......... .......... .......... .......... .......... 82%  488M 0s
[24.300s]  12900K .......... .......... .......... .......... .......... 82%  412M 0s
[24.300s]  12950K .......... .......... .......... .......... .......... 83% 91.6M 0s
[24.301s]  13000K .......... .......... .......... .......... .......... 83%  119M 0s
[24.307s]  13050K .......... .......... .......... .......... .......... 83% 7.38M 0s
[24.313s]  13100K .......... .......... .......... .......... .......... 84% 8.45M 0s
[24.314s]  13150K .......... .......... .......... .......... .......... 84%  253M 0s
[24.314s]  13200K .......... .......... .......... .......... .......... 84%  172M 0s
[24.317s]  13250K .......... .......... .......... .......... .......... 85% 14.2M 0s
[24.317s]  13300K .......... .......... .......... .......... .......... 85%  568M 0s
[24.317s]  13350K .......... .......... .......... .......... .......... 85%  412M 0s
[24.317s]  13400K .......... .......... .......... .......... .......... 86%  531M 0s
[24.322s]  13450K .......... .......... .......... .......... .......... 86% 11.4M 0s
[24.322s]  13500K .......... .......... .......... .......... .......... 86%  347M 0s
[24.322s]  13550K .......... .......... .......... .......... .......... 87%  268M 0s
[24.334s]  13600K .......... .......... .......... .......... .......... 87% 4.33M 0s
[24.334s]  13650K .......... .......... .......... .......... .......... 87%  195M 0s
[24.334s]  13700K .......... .......... .......... .......... .......... 87%  322M 0s
[24.334s]  13750K .......... .......... .......... .......... .......... 88%  271M 0s
[24.334s]  13800K .......... .......... .......... .......... .......... 88%  386M 0s
[24.334s]  13850K .......... .......... .......... .......... .......... 88%  434M 0s
[24.334s]  13900K .......... .......... .......... .......... .......... 89%  809M 0s
[24.342s]  13950K .......... .......... .......... .......... .......... 89% 6.04M 0s
[24.343s]  14000K .......... .......... .......... .......... .......... 89%  274M 0s
[24.343s]  14050K .......... .......... .......... .......... .......... 90%  363M 0s
[24.343s]  14100K .......... .......... .......... .......... .......... 90%  732M 0s
[24.343s]  14150K .......... .......... .......... .......... .......... 90%  774M 0s
[24.343s]  14200K .......... .......... .......... .......... .......... 91%  690M 0s
[24.348s]  14250K .......... .......... .......... .......... .......... 91% 10.2M 0s
[24.348s]  14300K .......... .......... .......... .......... .......... 91%  550M 0s
[24.348s]  14350K .......... .......... .......... .......... .......... 92%  375M 0s
[24.348s]  14400K .......... .......... .......... .......... .......... 92%  646M 0s
[24.348s]  14450K .......... .......... .......... .......... .......... 92%  787M 0s
[24.353s]  14500K .......... .......... .......... .......... .......... 93% 9.88M 0s
[24.353s]  14550K .......... .......... .......... .......... .......... 93%  461M 0s
[24.353s]  14600K .......... .......... .......... .......... .......... 93%  416M 0s
[24.358s]  14650K .......... .......... .......... .......... .......... 94% 9.98M 0s
[24.358s]  14700K .......... .......... .......... .......... .......... 94%  446M 0s
[24.358s]  14750K .......... .......... .......... .......... .......... 94%  512M 0s
[24.358s]  14800K .......... .......... .......... .......... .......... 95%  609M 0s
[24.363s]  14850K .......... .......... .......... .......... .......... 95% 9.51M 0s
[24.364s]  14900K .......... .......... .......... .......... .......... 95%  200M 0s
[24.364s]  14950K .......... .......... .......... .......... .......... 95%  228M 0s
[24.374s]  15000K .......... .......... .......... .......... .......... 96% 4.97M 0s
[24.374s]  15050K .......... .......... .......... .......... .......... 96%  145M 0s
[24.374s]  15100K .......... .......... .......... .......... .......... 96%  121M 0s
[24.375s]  15150K .......... .......... .......... .......... .......... 97%  186M 0s
[24.375s]  15200K .......... .......... .......... .......... .......... 97%  355M 0s
[24.375s]  15250K .......... .......... .......... .......... .......... 97%  721M 0s
[24.375s]  15300K .......... .......... .......... .......... .......... 98%  764M 0s
[24.378s]  15350K .......... .......... .......... .......... .......... 98% 14.5M 0s
[24.378s]  15400K .......... .......... .......... .......... .......... 98%  582M 0s
[24.378s]  15450K .......... .......... .......... .......... .......... 99%  565M 0s
[24.381s]  15500K .......... .......... .......... .......... .......... 99% 20.1M 0s
[24.381s]  15550K .......... .......... .......... .......... .......... 99%  405M 0s
[24.381s]  15600K .......... .......... .....                           100%  682M=0.8s
[24.381s] 
[24.381s] 2026-04-15 21:55:01 (19.4 MB/s) - ‘/home/huy_ubuntu/mobile_robot/ros2_ws/build/multirobot_map_merge/2011-08-09-12-22-52.pgm’ saved [16000058/16000058]
[24.381s] 
[24.382s] Checking MD5 sum of /home/huy_ubuntu/mobile_robot/ros2_ws/build/multirobot_map_merge/2011-08-09-12-22-52.pgm
[24.402s] /home/huy_ubuntu/mobile_robot/ros2_ws/build/multirobot_map_merge/2011-08-09-12-22-52.pgm: OK
[24.405s] --2026-04-15 21:55:02--  https://raw.githubusercontent.com/hrnr/m-explore-extra/master/map_merge/gmapping_maps/2012-01-28-11-12-01.pgm
[24.415s] Resolving raw.githubusercontent.com (raw.githubusercontent.com)... 185.199.110.133, 185.199.109.133, 185.199.111.133, ...
[24.475s] Connecting to raw.githubusercontent.com (raw.githubusercontent.com)|185.199.110.133|:443... connected.
[26.372s] HTTP request sent, awaiting response... 200 OK
[26.372s] Length: 16000058 (15M) [application/octet-stream]
[26.372s] Saving to: ‘/home/huy_ubuntu/mobile_robot/ros2_ws/build/multirobot_map_merge/2012-01-28-11-12-01.pgm’
[26.380s] 
[26.442s]      0K .......... .......... .......... .......... ..........  0%  709K 22s
[26.495s]     50K .......... .......... .......... .......... ..........  0%  961K 19s
[26.509s]    100K .......... .......... .......... .......... ..........  0% 3.41M 14s
[26.520s]    150K .......... .......... .......... .......... ..........  1% 4.30M 11s
[26.553s]    200K .......... .......... .......... .......... ..........  1% 1.49M 11s
[26.563s]    250K .......... .......... .......... .......... ..........  1% 4.78M 10s
[26.572s]    300K .......... .......... .......... .......... ..........  2% 6.75M 9s
[26.581s]    350K .......... .......... .......... .......... ..........  2% 4.51M 8s
[26.585s]    400K .......... .......... .......... .......... ..........  2% 12.7M 7s
[26.594s]    450K .......... .......... .......... .......... ..........  3% 5.46M 7s
[26.613s]    500K .......... .......... .......... .......... ..........  3% 2.61M 7s
[26.620s]    550K .......... .......... .......... .......... ..........  3% 8.53M 6s
[26.625s]    600K .......... .......... .......... .......... ..........  4% 7.33M 6s
[26.629s]    650K .......... .......... .......... .......... ..........  4% 13.6M 5s
[26.632s]    700K .......... .......... .......... .......... ..........  4% 13.8M 5s
[26.635s]    750K .......... .......... .......... .......... ..........  5% 15.5M 5s
[26.651s]    800K .......... .......... .......... .......... ..........  5% 3.09M 5s
[26.651s]    850K .......... .......... .......... .......... ..........  5%  298M 5s
[26.652s]    900K .......... .......... .......... .......... ..........  6% 35.6M 4s
[26.654s]    950K .......... .......... .......... .......... ..........  6% 43.5M 4s
[26.655s]   1000K .......... .......... .......... .......... ..........  6% 37.5M 4s
[26.671s]   1050K .......... .......... .......... .......... ..........  7% 2.99M 4s
[26.674s]   1100K .......... .......... .......... .......... ..........  7% 18.4M 4s
[26.677s]   1150K .......... .......... .......... .......... ..........  7% 16.9M 4s
[26.678s]   1200K .......... .......... .......... .......... ..........  7% 30.7M 4s
[26.681s]   1250K .......... .......... .......... .......... ..........  8% 16.8M 3s
[26.685s]   1300K .......... .......... .......... .......... ..........  8% 13.0M 3s
[26.687s]   1350K .......... .......... .......... .......... ..........  8% 32.1M 3s
[26.689s]   1400K .......... .......... .......... .......... ..........  9% 21.8M 3s
[26.691s]   1450K .......... .......... .......... .......... ..........  9% 19.9M 3s
[26.696s]   1500K .......... .......... .......... .......... ..........  9% 10.4M 3s
[26.703s]   1550K .......... .......... .......... .......... .......... 10% 7.09M 3s
[26.703s]   1600K .......... .......... .......... .......... .......... 10%  422M 3s
[26.717s]   1650K .......... .......... .......... .......... .......... 10% 3.55M 3s
[26.718s]   1700K .......... .......... .......... .......... .......... 11% 37.1M 3s
[26.720s]   1750K .......... .......... .......... .......... .......... 11% 22.8M 3s
[26.722s]   1800K .......... .......... .......... .......... .......... 11% 27.8M 3s
[26.726s]   1850K .......... .......... .......... .......... .......... 12% 13.6M 3s
[26.726s]   1900K .......... .......... .......... .......... .......... 12%  731M 2s
[26.729s]   1950K .......... .......... .......... .......... .......... 12% 16.1M 2s
[26.729s]   2000K .......... .......... .......... .......... .......... 13%  512M 2s
[26.731s]   2050K .......... .......... .......... .......... .......... 13% 21.3M 2s
[26.731s]   2100K .......... .......... .......... .......... .......... 13%  615M 2s
[26.738s]   2150K .......... .......... .......... .......... .......... 14% 10.2M 2s
[26.738s]   2200K .......... .......... .......... .......... .......... 14% 26.9M 2s
[26.740s]   2250K .......... .......... .......... .......... .......... 14% 24.9M 2s
[26.743s]   2300K .......... .......... .......... .......... .......... 15% 14.2M 2s
[26.743s]   2350K .......... .......... .......... .......... .......... 15%  539M 2s
[26.747s]   2400K .......... .......... .......... .......... .......... 15% 12.2M 2s
[26.747s]   2450K .......... .......... .......... .......... .......... 15%  346M 2s
[26.752s]   2500K .......... .......... .......... .......... .......... 16% 10.5M 2s
[26.752s]   2550K .......... .......... .......... .......... .......... 16%  401M 2s
[26.752s]   2600K .......... .......... .......... .......... .......... 16%  408M 2s
[26.752s]   2650K .......... .......... .......... .......... .......... 17%  681M 2s
[26.754s]   2700K .......... .......... .......... .......... .......... 17% 21.9M 2s
[26.754s]   2750K .......... .......... .......... .......... .......... 17%  311M 2s
[26.760s]   2800K .......... .......... .......... .......... .......... 18% 10.0M 2s
[26.760s]   2850K .......... .......... .......... .......... .......... 18%  367M 2s
[26.760s]   2900K .......... .......... .......... .......... .......... 18%  714M 2s
[26.765s]   2950K .......... .......... .......... .......... .......... 19% 10.4M 2s
[26.765s]   3000K .......... .......... .......... .......... .......... 19%  645M 2s
[26.765s]   3050K .......... .......... .......... .......... .......... 19%  352M 2s
[26.770s]   3100K .......... .......... .......... .......... .......... 20% 9.49M 2s
[26.770s]   3150K .......... .......... .......... .......... .......... 20%  451M 2s
[26.770s]   3200K .......... .......... .......... .......... .......... 20%  471M 2s
[26.770s]   3250K .......... .......... .......... .......... .......... 21%  414M 1s
[26.780s]   3300K .......... .......... .......... .......... .......... 21% 4.81M 1s
[26.783s]   3350K .......... .......... .......... .......... .......... 21% 22.4M 1s
[26.786s]   3400K .......... .......... .......... .......... .......... 22% 15.7M 1s
[26.786s]   3450K .......... .......... .......... .......... .......... 22%  389M 1s
[26.788s]   3500K .......... .......... .......... .......... .......... 22% 19.6M 1s
[26.792s]   3550K .......... .......... .......... .......... .......... 23% 13.8M 1s
[26.796s]   3600K .......... .......... .......... .......... .......... 23% 11.7M 1s
[26.796s]   3650K .......... .......... .......... .......... .......... 23%  752M 1s
[26.806s]   3700K .......... .......... .......... .......... .......... 23% 5.08M 1s
[26.806s]   3750K .......... .......... .......... .......... .......... 24%  604M 1s
[26.806s]   3800K .......... .......... .......... .......... .......... 24%  383M 1s
[26.806s]   3850K .......... .......... .......... .......... .......... 24%  579M 1s
[26.806s]   3900K .......... .......... .......... .......... .......... 25%  829M 1s
[26.806s]   3950K .......... .......... .......... .......... .......... 25%  781M 1s
[26.810s]   4000K .......... .......... .......... .......... .......... 25% 12.8M 1s
[26.810s]   4050K .......... .......... .......... .......... .......... 26%  654M 1s
[26.810s]   4100K .......... .......... .......... .......... .......... 26%  428M 1s
[26.815s]   4150K .......... .......... .......... .......... .......... 26% 9.50M 1s
[26.815s]   4200K .......... .......... .......... .......... .......... 27%  427M 1s
[26.815s]   4250K .......... .......... .......... .......... .......... 27%  524M 1s
[26.816s]   4300K .......... .......... .......... .......... .......... 27%  879M 1s
[26.820s]   4350K .......... .......... .......... .......... .......... 28% 10.1M 1s
[26.820s]   4400K .......... .......... .......... .......... .......... 28%  536M 1s
[26.820s]   4450K .......... .......... .......... .......... .......... 28%  819M 1s
[26.825s]   4500K .......... .......... .......... .......... .......... 29% 10.4M 1s
[26.831s]   4550K .......... .......... .......... .......... .......... 29% 9.20M 1s
[26.831s]   4600K .......... .......... .......... .......... .......... 29%  320M 1s
[26.831s]   4650K .......... .......... .......... .......... .......... 30%  494M 1s
[26.831s]   4700K .......... .......... .......... .......... .......... 30%  803M 1s
[26.831s]   4750K .......... .......... .......... .......... .......... 30%  745M 1s
[26.831s]   4800K .......... .......... .......... .......... .......... 31%  791M 1s
[26.837s]   4850K .......... .......... .......... .......... .......... 31% 8.84M 1s
[26.837s]   4900K .......... .......... .......... .......... .......... 31%  679M 1s
[26.837s]   4950K .......... .......... .......... .......... .......... 31%  368M 1s
[26.841s]   5000K .......... .......... .......... .......... .......... 32% 11.0M 1s
[26.841s]   5050K .......... .......... .......... .......... .......... 32%  364M 1s
[26.842s]   5100K .......... .......... .......... .......... .......... 32%  533M 1s
[26.842s]   5150K .......... .......... .......... .......... .......... 33%  403M 1s
[26.848s]   5200K .......... .......... .......... .......... .......... 33% 7.66M 1s
[26.848s]   5250K .......... .......... .......... .......... .......... 33%  518M 1s
[26.848s]   5300K .......... .......... .......... .......... .......... 34%  677M 1s
[26.853s]   5350K .......... .......... .......... .......... .......... 34% 10.2M 1s
[26.853s]   5400K .......... .......... .......... .......... .......... 34%  626M 1s
[26.853s]   5450K .......... .......... .......... .......... .......... 35%  600M 1s
[26.853s]   5500K .......... .......... .......... .......... .......... 35%  626M 1s
[26.858s]   5550K .......... .......... .......... .......... .......... 35% 9.04M 1s
[26.858s]   5600K .......... .......... .......... .......... .......... 36%  711M 1s
[26.858s]   5650K .......... .......... .......... .......... .......... 36%  595M 1s
[26.863s]   5700K .......... .......... .......... .......... .......... 36% 10.3M 1s
[26.863s]   5750K .......... .......... .......... .......... .......... 37%  611M 1s
[26.863s]   5800K .......... .......... .......... .......... .......... 37%  626M 1s
[26.863s]   5850K .......... .......... .......... .......... .......... 37%  561M 1s
[26.874s]   5900K .......... .......... .......... .......... .......... 38% 4.93M 1s
[26.874s]   5950K .......... .......... .......... .......... .......... 38%  486M 1s
[26.874s]   6000K .......... .......... .......... .......... .......... 38%  552M 1s
[26.874s]   6050K .......... .......... .......... .......... .......... 39%  457M 1s
[26.874s]   6100K .......... .......... .......... .......... .......... 39%  488M 1s
[26.881s]   6150K .......... .......... .......... .......... .......... 39% 7.10M 1s
[26.881s]   6200K .......... .......... .......... .......... .......... 39%  532M 1s
[26.881s]   6250K .......... .......... .......... .......... .......... 40%  545M 1s
[26.881s]   6300K .......... .......... .......... .......... .......... 40%  616M 1s
[26.888s]   6350K .......... .......... .......... .......... .......... 40% 6.93M 1s
[26.888s]   6400K .......... .......... .......... .......... .......... 41%  503M 1s
[26.888s]   6450K .......... .......... .......... .......... .......... 41%  778M 1s
[26.896s]   6500K .......... .......... .......... .......... .......... 41% 5.91M 1s
[26.902s]   6550K .......... .......... .......... .......... .......... 42% 8.57M 1s
[26.902s]   6600K .......... .......... .......... .......... .......... 42%  620M 1s
[26.902s]   6650K .......... .......... .......... .......... .......... 42%  699M 1s
[26.903s]   6700K .......... .......... .......... .......... .......... 43%  677M 1s
[26.903s]   6750K .......... .......... .......... .......... .......... 43%  787M 1s
[26.903s]   6800K .......... .......... .......... .......... .......... 43%  789M 1s
[26.907s]   6850K .......... .......... .......... .......... .......... 44% 10.9M 1s
[26.912s]   6900K .......... .......... .......... .......... .......... 44% 8.99M 1s
[26.913s]   6950K .......... .......... .......... .......... .......... 44%  452M 1s
[26.913s]   7000K .......... .......... .......... .......... .......... 45%  622M 1s
[26.913s]   7050K .......... .......... .......... .......... .......... 45%  572M 1s
[26.929s]   7100K .......... .......... .......... .......... .......... 45% 3.10M 1s
[26.929s]   7150K .......... .......... .......... .......... .......... 46%  515M 1s
[26.929s]   7200K .......... .......... .......... .......... .......... 46%  784M 1s
[26.934s]   7250K .......... .......... .......... .......... .......... 46% 10.3M 1s
[26.934s]   7300K .......... .......... .......... .......... .......... 47%  538M 1s
[26.934s]   7350K .......... .......... .......... .......... .......... 47%  518M 1s
[26.945s]   7400K .......... .......... .......... .......... .......... 47% 4.34M 1s
[26.945s]   7450K .......... .......... .......... .......... .......... 47%  653M 1s
[26.945s]   7500K .......... .......... .......... .......... .......... 48%  528M 1s
[26.945s]   7550K .......... .......... .......... .......... .......... 48%  476M 1s
[26.945s]   7600K .......... .......... .......... .......... .......... 48%  661M 1s
[26.945s]   7650K .......... .......... .......... .......... .......... 49%  448M 1s
[26.951s]   7700K .......... .......... .......... .......... .......... 49% 9.31M 1s
[26.957s]   7750K .......... .......... .......... .......... .......... 49% 8.01M 1s
[26.957s]   7800K .......... .......... .......... .......... .......... 50%  695M 1s
[26.957s]   7850K .......... .......... .......... .......... .......... 50%  392M 1s
[26.957s]   7900K .......... .......... .......... .......... .......... 50%  526M 1s
[26.957s]   7950K .......... .......... .......... .......... .......... 51%  805M 1s
[26.962s]   8000K .......... .......... .......... .......... .......... 51% 10.2M 1s
[26.962s]   8050K .......... .......... .......... .......... .......... 51%  735M 1s
[26.962s]   8100K .......... .......... .......... .......... .......... 52%  591M 1s
[26.967s]   8150K .......... .......... .......... .......... .......... 52% 8.89M 1s
[26.967s]   8200K .......... .......... .......... .......... .......... 52%  626M 1s
[26.968s]   8250K .......... .......... .......... .......... .......... 53%  483M 1s
[26.972s]   8300K .......... .......... .......... .......... .......... 53% 11.4M 1s
[26.972s]   8350K .......... .......... .......... .......... .......... 53%  322M 1s
[26.972s]   8400K .......... .......... .......... .......... .......... 54%  457M 1s
[26.972s]   8450K .......... .......... .......... .......... .......... 54%  674M 1s
[26.980s]   8500K .......... .......... .......... .......... .......... 54% 6.10M 1s
[26.980s]   8550K .......... .......... .......... .......... .......... 55%  547M 0s
[26.984s]   8600K .......... .......... .......... .......... .......... 55%  579M 0s
[26.984s]   8650K .......... .......... .......... .......... .......... 55% 13.0M 0s
[26.989s]   8700K .......... .......... .......... .......... .......... 55% 8.99M 0s
[26.990s]   8750K .......... .......... .......... .......... .......... 56%  598M 0s
[26.990s]   8800K .......... .......... .......... .......... .......... 56%  440M 0s
[26.990s]   8850K .......... .......... .......... .......... .......... 56%  550M 0s
[26.995s]   8900K .......... .......... .......... .......... .......... 57% 10.3M 0s
[26.995s]   8950K .......... .......... .......... .......... .......... 57%  230M 0s
[26.995s]   9000K .......... .......... .......... .......... .......... 57%  612M 0s
[27.000s]   9050K .......... .......... .......... .......... .......... 58% 10.1M 0s
[27.000s]   9100K .......... .......... .......... .......... .......... 58%  458M 0s
[27.000s]   9150K .......... .......... .......... .......... .......... 58%  523M 0s
[27.000s]   9200K .......... .......... .......... .......... .......... 59%  810M 0s
[27.005s]   9250K .......... .......... .......... .......... .......... 59% 10.2M 0s
[27.005s]   9300K .......... .......... .......... .......... .......... 59%  413M 0s
[27.005s]   9350K .......... .......... .......... .......... .......... 60%  904M 0s
[27.010s]   9400K .......... .......... .......... .......... .......... 60% 9.77M 0s
[27.010s]   9450K .......... .......... .......... .......... .......... 60%  596M 0s
[27.010s]   9500K .......... .......... .......... .......... .......... 61%  765M 0s
[27.015s]   9550K .......... .......... .......... .......... .......... 61%  859M 0s
[27.015s]   9600K .......... .......... .......... .......... .......... 61% 10.4M 0s
[27.015s]   9650K .......... .......... .......... .......... .......... 62%  498M 0s
[27.022s]   9700K .......... .......... .......... .......... .......... 62% 7.68M 0s
[27.022s]   9750K .......... .......... .......... .......... .......... 62%  290M 0s
[27.022s]   9800K .......... .......... .......... .......... .......... 63%  643M 0s
[27.022s]   9850K .......... .......... .......... .......... .......... 63%  720M 0s
[27.026s]   9900K .......... .......... .......... .......... .......... 63% 10.4M 0s
[27.026s]   9950K .......... .......... .......... .......... .......... 63%  642M 0s
[27.027s]  10000K .......... .......... .......... .......... .......... 64%  332M 0s
[27.027s]  10050K .......... .......... .......... .......... .......... 64%  570M 0s
[27.031s]  10100K .......... .......... .......... .......... .......... 64% 10.7M 0s
[27.031s]  10150K .......... .......... .......... .......... .......... 65%  724M 0s
[27.032s]  10200K .......... .......... .......... .......... .......... 65%  873M 0s
[27.038s]  10250K .......... .......... .......... .......... .......... 65% 6.79M 0s
[27.039s]  10300K .......... .......... .......... .......... .......... 66%  516M 0s
[27.039s]  10350K .......... .......... .......... .......... .......... 66%  344M 0s
[27.039s]  10400K .......... .......... .......... .......... .......... 66%  749M 0s
[27.045s]  10450K .......... .......... .......... .......... .......... 67% 8.26M 0s
[27.051s]  10500K .......... .......... .......... .......... .......... 67% 8.00M 0s
[27.051s]  10550K .......... .......... .......... .......... .......... 67%  182M 0s
[27.051s]  10600K .......... .......... .......... .......... .......... 68%  736M 0s
[27.051s]  10650K .......... .......... .......... .......... .......... 68%  558M 0s
[27.051s]  10700K .......... .......... .......... .......... .......... 68%  500M 0s
[27.051s]  10750K .......... .......... .......... .......... .......... 69%  447M 0s
[27.057s]  10800K .......... .......... .......... .......... .......... 69% 7.98M 0s
[27.065s]  10850K .......... .......... .......... .......... .......... 69% 6.33M 0s
[27.066s]  10900K .......... .......... .......... .......... .......... 70%  380M 0s
[27.066s]  10950K .......... .......... .......... .......... .......... 70%  436M 0s
[27.066s]  11000K .......... .......... .......... .......... .......... 70%  408M 0s
[27.066s]  11050K .......... .......... .......... .......... .......... 71%  812M 0s
[27.072s]  11100K .......... .......... .......... .......... .......... 71% 7.28M 0s
[27.072s]  11150K .......... .......... .......... .......... .......... 71%  715M 0s
[27.077s]  11200K .......... .......... .......... .......... .......... 71% 12.5M 0s
[27.077s]  11250K .......... .......... .......... .......... .......... 72%  381M 0s
[27.077s]  11300K .......... .......... .......... .......... .......... 72%  492M 0s
[27.081s]  11350K .......... .......... .......... .......... .......... 72% 10.5M 0s
[27.081s]  11400K .......... .......... .......... .......... .......... 73%  340M 0s
[27.086s]  11450K .......... .......... .......... .......... .......... 73% 9.97M 0s
[27.086s]  11500K .......... .......... .......... .......... .......... 73%  542M 0s
[27.086s]  11550K .......... .......... .......... .......... .......... 74%  676M 0s
[27.092s]  11600K .......... .......... .......... .......... .......... 74% 8.99M 0s
[27.092s]  11650K .......... .......... .......... .......... .......... 74%  647M 0s
[27.092s]  11700K .......... .......... .......... .......... .......... 75%  467M 0s
[27.092s]  11750K .......... .......... .......... .......... .......... 75%  792M 0s
[27.092s]  11800K .......... .......... .......... .......... .......... 75%  685M 0s
[27.092s]  11850K .......... .......... .......... .......... .......... 76%  728M 0s
[27.097s]  11900K .......... .......... .......... .......... .......... 76% 11.3M 0s
[27.097s]  11950K .......... .......... .......... .......... .......... 76%  767M 0s
[27.097s]  12000K .......... .......... .......... .......... .......... 77%  264M 0s
[27.107s]  12050K .......... .......... .......... .......... .......... 77% 4.75M 0s
[27.107s]  12100K .......... .......... .......... .......... .......... 77%  726M 0s
[27.107s]  12150K .......... .......... .......... .......... .......... 78%  383M 0s
[27.112s]  12200K .......... .......... .......... .......... .......... 78% 10.5M 0s
[27.112s]  12250K .......... .......... .......... .......... .......... 78%  506M 0s
[27.112s]  12300K .......... .......... .......... .......... .......... 79%  574M 0s
[27.112s]  12350K .......... .......... .......... .......... .......... 79%  615M 0s
[27.117s]  12400K .......... .......... .......... .......... .......... 79% 9.51M 0s
[27.117s]  12450K .......... .......... .......... .......... .......... 79%  322M 0s
[27.117s]  12500K .......... .......... .......... .......... .......... 80%  599M 0s
[27.122s]  12550K .......... .......... .......... .......... .......... 80% 10.5M 0s
[27.122s]  12600K .......... .......... .......... .......... .......... 80%  342M 0s
[27.122s]  12650K .......... .......... .......... .......... .......... 81%  429M 0s
[27.122s]  12700K .......... .......... .......... .......... .......... 81%  572M 0s
[27.133s]  12750K .......... .......... .......... .......... .......... 81% 4.67M 0s
[27.133s]  12800K .......... .......... .......... .......... .......... 82%  546M 0s
[27.133s]  12850K .......... .......... .......... .......... .......... 82%  447M 0s
[27.133s]  12900K .......... .......... .......... .......... .......... 82%  567M 0s
[27.133s]  12950K .......... .......... .......... .......... .......... 83%  471M 0s
[27.133s]  13000K .......... .......... .......... .......... .......... 83%  663M 0s
[27.133s]  13050K .......... .......... .......... .......... .......... 83%  746M 0s
[27.138s]  13100K .......... .......... .......... .......... .......... 84% 10.6M 0s
[27.138s]  13150K .......... .......... .......... .......... .......... 84%  613M 0s
[27.138s]  13200K .......... .......... .......... .......... .......... 84%  686M 0s
[27.143s]  13250K .......... .......... .......... .......... .......... 85% 9.89M 0s
[27.143s]  13300K .......... .......... .......... .......... .......... 85%  396M 0s
[27.143s]  13350K .......... .......... .......... .......... .......... 85%  395M 0s
[27.149s]  13400K .......... .......... .......... .......... .......... 86% 9.49M 0s
[27.149s]  13450K .......... .......... .......... .......... .......... 86%  256M 0s
[27.149s]  13500K .......... .......... .......... .......... .......... 86%  584M 0s
[27.149s]  13550K .......... .......... .......... .......... .......... 87%  484M 0s
[27.154s]  13600K .......... .......... .......... .......... .......... 87% 10.6M 0s
[27.154s]  13650K .......... .......... .......... .......... .......... 87%  461M 0s
[27.154s]  13700K .......... .......... .......... .......... .......... 87%  659M 0s
[27.157s]  13750K .......... .......... .......... .......... .......... 88%  726M 0s
[27.157s]  13800K .......... .......... .......... .......... .......... 88% 15.6M 0s
[27.164s]  13850K .......... .......... .......... .......... .......... 88% 6.67M 0s
[27.164s]  13900K .......... .......... .......... .......... .......... 89%  415M 0s
[27.168s]  13950K .......... .......... .......... .......... .......... 89% 13.1M 0s
[27.168s]  14000K .......... .......... .......... .......... .......... 89%  304M 0s
[27.173s]  14050K .......... .......... .......... .......... .......... 90% 9.85M 0s
[27.173s]  14100K .......... .......... .......... .......... .......... 90%  574M 0s
[27.179s]  14150K .......... .......... .......... .......... .......... 90%  658M 0s
[27.179s]  14200K .......... .......... .......... .......... .......... 91% 9.09M 0s
[27.179s]  14250K .......... .......... .......... .......... .......... 91%  374M 0s
[27.179s]  14300K .......... .......... .......... .......... .......... 91%  581M 0s
[27.179s]  14350K .......... .......... .......... .......... .......... 92%  648M 0s
[27.179s]  14400K .......... .......... .......... .......... .......... 92%  587M 0s
[27.184s]  14450K .......... .......... .......... .......... .......... 92% 11.3M 0s
[27.184s]  14500K .......... .......... .......... .......... .......... 93%  422M 0s
[27.184s]  14550K .......... .......... .......... .......... .......... 93%  437M 0s
[27.184s]  14600K .......... .......... .......... .......... .......... 93%  474M 0s
[27.189s]  14650K .......... .......... .......... .......... .......... 94% 10.3M 0s
[27.189s]  14700K .......... .......... .......... .......... .......... 94%  419M 0s
[27.189s]  14750K .......... .......... .......... .......... .......... 94%  547M 0s
[27.193s]  14800K .......... .......... .......... .......... .......... 95% 10.8M 0s
[27.199s]  14850K .......... .......... .......... .......... .......... 95% 9.17M 0s
[27.199s]  14900K .......... .......... .......... .......... .......... 95%  598M 0s
[27.199s]  14950K .......... .......... .......... .......... .......... 95%  641M 0s
[27.199s]  15000K .......... .......... .......... .......... .......... 96%  740M 0s
[27.199s]  15050K .......... .......... .......... .......... .......... 96%  818M 0s
[27.199s]  15100K .......... .......... .......... .......... .......... 96%  790M 0s
[27.204s]  15150K .......... .......... .......... .......... .......... 97% 9.56M 0s
[27.204s]  15200K .......... .......... .......... .......... .......... 97%  580M 0s
[27.204s]  15250K .......... .......... .......... .......... .......... 97%  638M 0s
[27.209s]  15300K .......... .......... .......... .......... .......... 98% 9.72M 0s
[27.209s]  15350K .......... .......... .......... .......... .......... 98%  339M 0s
[27.210s]  15400K .......... .......... .......... .......... .......... 98%  760M 0s
[27.210s]  15450K .......... .......... .......... .......... .......... 99%  805M 0s
[27.212s]  15500K .......... .......... .......... .......... .......... 99% 18.1M 0s
[27.212s]  15550K .......... .......... .......... .......... .......... 99%  542M 0s
[27.212s]  15600K .......... .......... .....                           100%  518M=0.8s
[27.212s] 
[27.212s] 2026-04-15 21:55:04 (18.2 MB/s) - ‘/home/huy_ubuntu/mobile_robot/ros2_ws/build/multirobot_map_merge/2012-01-28-11-12-01.pgm’ saved [16000058/16000058]
[27.212s] 
[27.213s] Checking MD5 sum of /home/huy_ubuntu/mobile_robot/ros2_ws/build/multirobot_map_merge/2012-01-28-11-12-01.pgm
[27.232s] /home/huy_ubuntu/mobile_robot/ros2_ws/build/multirobot_map_merge/2012-01-28-11-12-01.pgm: OK
[27.234s] -- Found gtest sources under '/opt/ros/humble/src/gtest_vendor': C++ tests using 'Google Test' will be built
[27.244s] -- Added test 'cppcheck' to perform static code analysis on C / C++ code
[27.245s] -- Configured cppcheck include dirs: /home/huy_ubuntu/mobile_robot/ros2_ws/src/m-explore-ros2/map_merge/include;$<BUILD_INTERFACE:/home/huy_ubuntu/mobile_robot/ros2_ws/src/m-explore-ros2/map_merge/include>
[27.245s] -- Configured cppcheck exclude dirs and/or files: 
[27.245s] -- Added test 'flake8' to check Python code syntax and style conventions
[27.246s] -- Added test 'lint_cmake' to check CMake code style
[27.246s] -- Added test 'pep257' to check Python code against some of the docstring style conventions in PEP 257
[27.247s] -- Added test 'uncrustify' to check C / C++ code style
[27.247s] -- Configured uncrustify additional arguments: 
[27.248s] -- Added test 'xmllint' to check XML markup files
[27.250s] -- Configuring done
[27.297s] -- Generating done
[27.304s] -- Build files have been written to: /home/huy_ubuntu/mobile_robot/ros2_ws/build/multirobot_map_merge
[27.314s] Invoked command in '/home/huy_ubuntu/mobile_robot/ros2_ws/build/multirobot_map_merge' returned '0': CMAKE_PREFIX_PATH=/opt/ros/humble /usr/bin/cmake /home/huy_ubuntu/mobile_robot/ros2_ws/src/m-explore-ros2/map_merge -DAMENT_CMAKE_SYMLINK_INSTALL=1 -DCMAKE_INSTALL_PREFIX=/home/huy_ubuntu/mobile_robot/ros2_ws/install/multirobot_map_merge
[27.315s] Invoking command in '/home/huy_ubuntu/mobile_robot/ros2_ws/build/multirobot_map_merge': CMAKE_PREFIX_PATH=/opt/ros/humble /usr/bin/cmake --build /home/huy_ubuntu/mobile_robot/ros2_ws/build/multirobot_map_merge -- -j20 -l20
[27.344s] [ 25%] [32mBuilding CXX object gtest/CMakeFiles/gtest.dir/src/gtest-all.cc.o[0m
[27.345s] [ 25%] [32mBuilding CXX object gtest/CMakeFiles/gtest_main.dir/src/gtest_main.cc.o[0m
[27.345s] [ 25%] [32mBuilding CXX object CMakeFiles/combine_grids.dir/src/combine_grids/grid_compositor.cpp.o[0m
[27.346s] [ 33%] [32mBuilding CXX object CMakeFiles/combine_grids.dir/src/combine_grids/grid_warper.cpp.o[0m
[27.346s] [ 41%] [32mBuilding CXX object CMakeFiles/combine_grids.dir/src/combine_grids/merging_pipeline.cpp.o[0m
[28.003s] [ 50%] [32m[1mLinking CXX static library libgtest_main.a[0m
[28.027s] [ 50%] Built target gtest_main
[29.291s] [ 58%] [32m[1mLinking CXX static library libgtest.a[0m
[29.326s] [ 58%] Built target gtest
[29.698s] [ 66%] [32m[1mLinking CXX static library libcombine_grids.a[0m
[29.721s] [ 66%] Built target combine_grids
[29.733s] [ 83%] [32mBuilding CXX object CMakeFiles/test_merging_pipeline.dir/test/test_merging_pipeline.cpp.o[0m
[29.733s] [ 83%] [32mBuilding CXX object CMakeFiles/map_merge.dir/src/map_merge.cpp.o[0m
[32.360s] [ 91%] [32m[1mLinking CXX executable test_merging_pipeline[0m
[33.230s] [ 91%] Built target test_merging_pipeline
[37.327s] [100%] [32m[1mLinking CXX executable map_merge[0m
[37.989s] [100%] Built target map_merge
[37.997s] Invoked command in '/home/huy_ubuntu/mobile_robot/ros2_ws/build/multirobot_map_merge' returned '0': CMAKE_PREFIX_PATH=/opt/ros/humble /usr/bin/cmake --build /home/huy_ubuntu/mobile_robot/ros2_ws/build/multirobot_map_merge -- -j20 -l20
[37.999s] Invoking command in '/home/huy_ubuntu/mobile_robot/ros2_ws/build/multirobot_map_merge': CMAKE_PREFIX_PATH=/opt/ros/humble /usr/bin/cmake --install /home/huy_ubuntu/mobile_robot/ros2_ws/build/multirobot_map_merge
[38.002s] -- Install configuration: ""
[38.003s] -- Execute custom install script
[38.003s] -- Symlinking: /home/huy_ubuntu/mobile_robot/ros2_ws/install/multirobot_map_merge/include/map_merge//map_merge.h
[38.008s] -- Symlinking: /home/huy_ubuntu/mobile_robot/ros2_ws/install/multirobot_map_merge/include/map_merge//ros1_names.hpp
[38.013s] -- Symlinking: /home/huy_ubuntu/mobile_robot/ros2_ws/install/multirobot_map_merge/share/multirobot_map_merge/launch/from_map_server.launch.py
[38.018s] -- Symlinking: /home/huy_ubuntu/mobile_robot/ros2_ws/install/multirobot_map_merge/share/multirobot_map_merge/launch/map_merge.launch.py
[38.023s] -- Symlinking: /home/huy_ubuntu/mobile_robot/ros2_ws/install/multirobot_map_merge/share/multirobot_map_merge/launch/map_merge.rviz
[38.027s] -- Symlinking: /home/huy_ubuntu/mobile_robot/ros2_ws/install/multirobot_map_merge/share/multirobot_map_merge/launch/tb3_simulation/bringup_launch.py
[38.032s] -- Symlinking: /home/huy_ubuntu/mobile_robot/ros2_ws/install/multirobot_map_merge/share/multirobot_map_merge/launch/tb3_simulation/config/nav2_multirobot_params_1.yaml
[38.037s] -- Symlinking: /home/huy_ubuntu/mobile_robot/ros2_ws/install/multirobot_map_merge/share/multirobot_map_merge/launch/tb3_simulation/config/nav2_multirobot_params_2.yaml
[38.041s] -- Symlinking: /home/huy_ubuntu/mobile_robot/ros2_ws/install/multirobot_map_merge/share/multirobot_map_merge/launch/tb3_simulation/multi_tb3_simulation_launch.py
[38.046s] -- Symlinking: /home/huy_ubuntu/mobile_robot/ros2_ws/install/multirobot_map_merge/share/multirobot_map_merge/launch/tb3_simulation/slam_toolbox.py
[38.051s] -- Symlinking: /home/huy_ubuntu/mobile_robot/ros2_ws/install/multirobot_map_merge/share/multirobot_map_merge/launch/tb3_simulation/tb3_simulation_launch.py
[38.057s] -- Symlinking: /home/huy_ubuntu/mobile_robot/ros2_ws/install/multirobot_map_merge/share/multirobot_map_merge/launch/tb3_simulation/worlds/world_only.model
[38.061s] -- Symlinking: /home/huy_ubuntu/mobile_robot/ros2_ws/install/multirobot_map_merge/share/multirobot_map_merge/config/params.yaml
[38.066s] -- Symlinking: /home/huy_ubuntu/mobile_robot/ros2_ws/install/multirobot_map_merge/lib/multirobot_map_merge/map_merge
[38.070s] -- Symlinking: /home/huy_ubuntu/mobile_robot/ros2_ws/install/multirobot_map_merge/share/multirobot_map_merge/environment/library_path.sh
[38.075s] -- Symlinking: /home/huy_ubuntu/mobile_robot/ros2_ws/install/multirobot_map_merge/share/multirobot_map_merge/environment/library_path.dsv
[38.079s] -- Symlinking: /home/huy_ubuntu/mobile_robot/ros2_ws/install/multirobot_map_merge/share/ament_index/resource_index/package_run_dependencies/multirobot_map_merge
[38.084s] -- Symlinking: /home/huy_ubuntu/mobile_robot/ros2_ws/install/multirobot_map_merge/share/ament_index/resource_index/parent_prefix_path/multirobot_map_merge
[38.089s] -- Symlinking: /home/huy_ubuntu/mobile_robot/ros2_ws/install/multirobot_map_merge/share/multirobot_map_merge/environment/ament_prefix_path.sh
[38.093s] -- Symlinking: /home/huy_ubuntu/mobile_robot/ros2_ws/install/multirobot_map_merge/share/multirobot_map_merge/environment/ament_prefix_path.dsv
[38.098s] -- Symlinking: /home/huy_ubuntu/mobile_robot/ros2_ws/install/multirobot_map_merge/share/multirobot_map_merge/environment/path.sh
[38.102s] -- Symlinking: /home/huy_ubuntu/mobile_robot/ros2_ws/install/multirobot_map_merge/share/multirobot_map_merge/environment/path.dsv
[38.107s] -- Symlinking: /home/huy_ubuntu/mobile_robot/ros2_ws/install/multirobot_map_merge/share/multirobot_map_merge/local_setup.bash
[38.111s] -- Symlinking: /home/huy_ubuntu/mobile_robot/ros2_ws/install/multirobot_map_merge/share/multirobot_map_merge/local_setup.sh
[38.116s] -- Symlinking: /home/huy_ubuntu/mobile_robot/ros2_ws/install/multirobot_map_merge/share/multirobot_map_merge/local_setup.zsh
[38.120s] -- Symlinking: /home/huy_ubuntu/mobile_robot/ros2_ws/install/multirobot_map_merge/share/multirobot_map_merge/local_setup.dsv
[38.125s] -- Symlinking: /home/huy_ubuntu/mobile_robot/ros2_ws/install/multirobot_map_merge/share/multirobot_map_merge/package.dsv
[38.130s] -- Symlinking: /home/huy_ubuntu/mobile_robot/ros2_ws/install/multirobot_map_merge/share/ament_index/resource_index/packages/multirobot_map_merge
[38.135s] -- Symlinking: /home/huy_ubuntu/mobile_robot/ros2_ws/install/multirobot_map_merge/share/multirobot_map_merge/cmake/ament_cmake_export_include_directories-extras.cmake
[38.140s] -- Symlinking: /home/huy_ubuntu/mobile_robot/ros2_ws/install/multirobot_map_merge/share/multirobot_map_merge/cmake/ament_cmake_export_libraries-extras.cmake
[38.144s] -- Symlinking: /home/huy_ubuntu/mobile_robot/ros2_ws/install/multirobot_map_merge/share/multirobot_map_merge/cmake/multirobot_map_mergeConfig.cmake
[38.149s] -- Symlinking: /home/huy_ubuntu/mobile_robot/ros2_ws/install/multirobot_map_merge/share/multirobot_map_merge/cmake/multirobot_map_mergeConfig-version.cmake
[38.153s] -- Symlinking: /home/huy_ubuntu/mobile_robot/ros2_ws/install/multirobot_map_merge/share/multirobot_map_merge/package.xml
[38.157s] -- Installing: /home/huy_ubuntu/mobile_robot/ros2_ws/install/multirobot_map_merge/lib/libcombine_grids.a
[38.159s] Invoked command in '/home/huy_ubuntu/mobile_robot/ros2_ws/build/multirobot_map_merge' returned '0': CMAKE_PREFIX_PATH=/opt/ros/humble /usr/bin/cmake --install /home/huy_ubuntu/mobile_robot/ros2_ws/build/multirobot_map_merge
