[0.029s] Invoking command in '/home/huyjetson/mobile_robot/ros2_ws/build/amr_navigation': CMAKE_PREFIX_PATH=/home/huyjetson/mobile_robot/ros2_ws/install/amr_slam:/home/huyjetson/mobile_robot/ros2_ws/install/sllidar_ros2:/home/huyjetson/mobile_robot/ros2_ws/install/multirobot_map_merge:/home/huyjetson/mobile_robot/ros2_ws/install/explore_lite:/home/huyjetson/mobile_robot/ros2_ws/install/explore_lite_msgs:/home/huyjetson/mobile_robot/ros2_ws/install/astra_camera:/home/huyjetson/mobile_robot/ros2_ws/install/astra_camera_msgs:/home/huyjetson/mobile_robot/ros2_ws/install/amr_navigation:/home/huyjetson/mobile_robot/ros2_ws/install/amr_pointcloud_filter:/home/huyjetson/mobile_robot/ros2_ws/install/amr_interfaces:/home/huyjetson/mobile_robot/ros2_ws/install/amr_description:/home/huyjetson/mobile_robot/ros2_ws/install/amr_control:/home/huyjetson/mobile_robot/ros2_ws/install/amr_sensors:/home/huyjetson/mobile_robot/ros2_ws/install/amr_ai:/home/huyjetson/mobile_robot/ros2_ws/install/amr_bringup:/opt/ros/humble /usr/bin/cmake --build /home/huyjetson/mobile_robot/ros2_ws/build/amr_navigation -- -j6 -l6
[0.090s] -- Found ament_cmake: 1.3.14 (/opt/ros/humble/share/ament_cmake/cmake)
[0.425s] -- Override CMake install command with custom implementation using symlinks instead of copying resources
[0.456s] -- Found ament_lint_auto: 0.12.15 (/opt/ros/humble/share/ament_lint_auto/cmake)
[0.669s] -- Added test 'flake8' to check Python code syntax and style conventions
[0.670s] -- Added test 'lint_cmake' to check CMake code style
[0.670s] -- Added test 'pep257' to check Python code against some of the docstring style conventions in PEP 257
[0.675s] -- Added test 'xmllint' to check XML markup files
[0.680s] -- Configuring done
[0.694s] -- Generating done
[0.700s] -- Build files have been written to: /home/huyjetson/mobile_robot/ros2_ws/build/amr_navigation
[0.758s] Invoked command in '/home/huyjetson/mobile_robot/ros2_ws/build/amr_navigation' returned '0': CMAKE_PREFIX_PATH=/home/huyjetson/mobile_robot/ros2_ws/install/amr_slam:/home/huyjetson/mobile_robot/ros2_ws/install/sllidar_ros2:/home/huyjetson/mobile_robot/ros2_ws/install/multirobot_map_merge:/home/huyjetson/mobile_robot/ros2_ws/install/explore_lite:/home/huyjetson/mobile_robot/ros2_ws/install/explore_lite_msgs:/home/huyjetson/mobile_robot/ros2_ws/install/astra_camera:/home/huyjetson/mobile_robot/ros2_ws/install/astra_camera_msgs:/home/huyjetson/mobile_robot/ros2_ws/install/amr_navigation:/home/huyjetson/mobile_robot/ros2_ws/install/amr_pointcloud_filter:/home/huyjetson/mobile_robot/ros2_ws/install/amr_interfaces:/home/huyjetson/mobile_robot/ros2_ws/install/amr_description:/home/huyjetson/mobile_robot/ros2_ws/install/amr_control:/home/huyjetson/mobile_robot/ros2_ws/install/amr_sensors:/home/huyjetson/mobile_robot/ros2_ws/install/amr_ai:/home/huyjetson/mobile_robot/ros2_ws/install/amr_bringup:/opt/ros/humble /usr/bin/cmake --build /home/huyjetson/mobile_robot/ros2_ws/build/amr_navigation -- -j6 -l6
[0.790s] Invoking command in '/home/huyjetson/mobile_robot/ros2_ws/build/amr_navigation': CMAKE_PREFIX_PATH=/home/huyjetson/mobile_robot/ros2_ws/install/amr_slam:/home/huyjetson/mobile_robot/ros2_ws/install/sllidar_ros2:/home/huyjetson/mobile_robot/ros2_ws/install/multirobot_map_merge:/home/huyjetson/mobile_robot/ros2_ws/install/explore_lite:/home/huyjetson/mobile_robot/ros2_ws/install/explore_lite_msgs:/home/huyjetson/mobile_robot/ros2_ws/install/astra_camera:/home/huyjetson/mobile_robot/ros2_ws/install/astra_camera_msgs:/home/huyjetson/mobile_robot/ros2_ws/install/amr_navigation:/home/huyjetson/mobile_robot/ros2_ws/install/amr_pointcloud_filter:/home/huyjetson/mobile_robot/ros2_ws/install/amr_interfaces:/home/huyjetson/mobile_robot/ros2_ws/install/amr_description:/home/huyjetson/mobile_robot/ros2_ws/install/amr_control:/home/huyjetson/mobile_robot/ros2_ws/install/amr_sensors:/home/huyjetson/mobile_robot/ros2_ws/install/amr_ai:/home/huyjetson/mobile_robot/ros2_ws/install/amr_bringup:/opt/ros/humble /usr/bin/cmake --install /home/huyjetson/mobile_robot/ros2_ws/build/amr_navigation
[0.818s] -- Install configuration: "Release"
[0.819s] -- Execute custom install script
[0.820s] -- Up-to-date symlink: /home/huyjetson/mobile_robot/ros2_ws/install/amr_navigation/share/amr_navigation/config/explore.yaml
[0.820s] -- Up-to-date symlink: /home/huyjetson/mobile_robot/ros2_ws/install/amr_navigation/share/amr_navigation/config/nav2_params_MPPI.yaml
[0.821s] -- Up-to-date symlink: /home/huyjetson/mobile_robot/ros2_ws/install/amr_navigation/share/amr_navigation/config/nav2_params_fusion.yaml
[0.821s] -- Up-to-date symlink: /home/huyjetson/mobile_robot/ros2_ws/install/amr_navigation/share/amr_navigation/config/nav2_params_vslam.yaml
[0.821s] -- Up-to-date symlink: /home/huyjetson/mobile_robot/ros2_ws/install/amr_navigation/share/amr_navigation/launch/auto_fusion.launch.py
[0.822s] -- Up-to-date symlink: /home/huyjetson/mobile_robot/ros2_ws/install/amr_navigation/share/amr_navigation/launch/explore.launch.py
[0.822s] -- Up-to-date symlink: /home/huyjetson/mobile_robot/ros2_ws/install/amr_navigation/share/amr_navigation/launch/nav_fusion.launch.py
[0.822s] -- Up-to-date symlink: /home/huyjetson/mobile_robot/ros2_ws/install/amr_navigation/share/amr_navigation/launch/navigation.launch.py
[0.823s] -- Up-to-date symlink: /home/huyjetson/mobile_robot/ros2_ws/install/amr_navigation/share/amr_navigation/rviz/view_robot.rviz
[0.823s] -- Up-to-date symlink: /home/huyjetson/mobile_robot/ros2_ws/install/amr_navigation/lib/amr_navigation/auto_map_saver.py
[0.823s] -- Up-to-date symlink: /home/huyjetson/mobile_robot/ros2_ws/install/amr_navigation/lib/amr_navigation/init_move.py
[0.824s] -- Up-to-date symlink: /home/huyjetson/mobile_robot/ros2_ws/install/amr_navigation/lib/amr_navigation/esp32_waypoint_server.py
[0.824s] -- Up-to-date symlink: /home/huyjetson/mobile_robot/ros2_ws/install/amr_navigation/lib/amr_navigation/live_octomap_reset.py
[0.825s] -- Symlinking: /home/huyjetson/mobile_robot/ros2_ws/install/amr_navigation/lib/amr_navigation/live_octomap_manager.py
[0.850s] -- Up-to-date symlink: /home/huyjetson/mobile_robot/ros2_ws/install/amr_navigation/share/ament_index/resource_index/package_run_dependencies/amr_navigation
[0.851s] -- Up-to-date symlink: /home/huyjetson/mobile_robot/ros2_ws/install/amr_navigation/share/ament_index/resource_index/parent_prefix_path/amr_navigation
[0.852s] -- Up-to-date symlink: /home/huyjetson/mobile_robot/ros2_ws/install/amr_navigation/share/amr_navigation/environment/ament_prefix_path.sh
[0.853s] -- Up-to-date symlink: /home/huyjetson/mobile_robot/ros2_ws/install/amr_navigation/share/amr_navigation/environment/ament_prefix_path.dsv
[0.853s] -- Up-to-date symlink: /home/huyjetson/mobile_robot/ros2_ws/install/amr_navigation/share/amr_navigation/environment/path.sh
[0.853s] -- Up-to-date symlink: /home/huyjetson/mobile_robot/ros2_ws/install/amr_navigation/share/amr_navigation/environment/path.dsv
[0.854s] -- Up-to-date symlink: /home/huyjetson/mobile_robot/ros2_ws/install/amr_navigation/share/amr_navigation/local_setup.bash
[0.854s] -- Up-to-date symlink: /home/huyjetson/mobile_robot/ros2_ws/install/amr_navigation/share/amr_navigation/local_setup.sh
[0.854s] -- Up-to-date symlink: /home/huyjetson/mobile_robot/ros2_ws/install/amr_navigation/share/amr_navigation/local_setup.zsh
[0.854s] -- Up-to-date symlink: /home/huyjetson/mobile_robot/ros2_ws/install/amr_navigation/share/amr_navigation/local_setup.dsv
[0.854s] -- Symlinking: /home/huyjetson/mobile_robot/ros2_ws/install/amr_navigation/share/amr_navigation/package.dsv
[0.879s] -- Up-to-date symlink: /home/huyjetson/mobile_robot/ros2_ws/install/amr_navigation/share/ament_index/resource_index/packages/amr_navigation
[0.880s] -- Up-to-date symlink: /home/huyjetson/mobile_robot/ros2_ws/install/amr_navigation/share/amr_navigation/cmake/amr_navigationConfig.cmake
[0.880s] -- Up-to-date symlink: /home/huyjetson/mobile_robot/ros2_ws/install/amr_navigation/share/amr_navigation/cmake/amr_navigationConfig-version.cmake
[0.880s] -- Up-to-date symlink: /home/huyjetson/mobile_robot/ros2_ws/install/amr_navigation/share/amr_navigation/package.xml
[0.889s] Invoked command in '/home/huyjetson/mobile_robot/ros2_ws/build/amr_navigation' returned '0': CMAKE_PREFIX_PATH=/home/huyjetson/mobile_robot/ros2_ws/install/amr_slam:/home/huyjetson/mobile_robot/ros2_ws/install/sllidar_ros2:/home/huyjetson/mobile_robot/ros2_ws/install/multirobot_map_merge:/home/huyjetson/mobile_robot/ros2_ws/install/explore_lite:/home/huyjetson/mobile_robot/ros2_ws/install/explore_lite_msgs:/home/huyjetson/mobile_robot/ros2_ws/install/astra_camera:/home/huyjetson/mobile_robot/ros2_ws/install/astra_camera_msgs:/home/huyjetson/mobile_robot/ros2_ws/install/amr_navigation:/home/huyjetson/mobile_robot/ros2_ws/install/amr_pointcloud_filter:/home/huyjetson/mobile_robot/ros2_ws/install/amr_interfaces:/home/huyjetson/mobile_robot/ros2_ws/install/amr_description:/home/huyjetson/mobile_robot/ros2_ws/install/amr_control:/home/huyjetson/mobile_robot/ros2_ws/install/amr_sensors:/home/huyjetson/mobile_robot/ros2_ws/install/amr_ai:/home/huyjetson/mobile_robot/ros2_ws/install/amr_bringup:/opt/ros/humble /usr/bin/cmake --install /home/huyjetson/mobile_robot/ros2_ws/build/amr_navigation
