[0.065s] Invoking command in '/home/huyjetson/mobile_robot/ros2_ws/build/explore_lite_msgs': CMAKE_PREFIX_PATH=${CMAKE_PREFIX_PATH}:/home/huyjetson/mobile_robot/ros2_ws/install/amr_sensors:/home/huyjetson/mobile_robot/ros2_ws/install/amr_bringup:/home/huyjetson/mobile_robot/ros2_ws/install/amr_ai:/opt/ros/humble /usr/bin/cmake /home/huyjetson/mobile_robot/ros2_ws/src/m-explore-ros2/explore_lite_msgs -DAMENT_CMAKE_SYMLINK_INSTALL=1 -DCMAKE_INSTALL_PREFIX=/home/huyjetson/mobile_robot/ros2_ws/install/explore_lite_msgs
[1.475s] -- The C compiler identification is GNU 11.4.0
[1.732s] -- The CXX compiler identification is GNU 11.4.0
[1.764s] -- Detecting C compiler ABI info
[1.982s] -- Detecting C compiler ABI info - done
[1.999s] -- Check for working C compiler: /usr/bin/cc - skipped
[2.004s] -- Detecting C compile features
[2.007s] -- Detecting C compile features - done
[2.026s] -- Detecting CXX compiler ABI info
[2.286s] -- Detecting CXX compiler ABI info - done
[2.309s] -- Check for working CXX compiler: /usr/bin/c++ - skipped
[2.309s] -- Detecting CXX compile features
[2.311s] -- Detecting CXX compile features - done
[2.325s] -- Found ament_cmake: 1.3.14 (/opt/ros/humble/share/ament_cmake/cmake)
[2.830s] -- Found Python3: /usr/bin/python3 (found version "3.10.12") found components: Interpreter 
[3.051s] -- Override CMake install command with custom implementation using symlinks instead of copying resources
[3.167s] -- Found rosidl_default_generators: 1.2.1 (/opt/ros/humble/share/rosidl_default_generators/cmake)
[3.186s] -- Using all available rosidl_typesupport_c: rosidl_typesupport_fastrtps_c;rosidl_typesupport_introspection_c
[3.391s] -- Found rosidl_adapter: 3.1.8 (/opt/ros/humble/share/rosidl_adapter/cmake)
[3.568s] -- Using all available rosidl_typesupport_cpp: rosidl_typesupport_fastrtps_cpp;rosidl_typesupport_introspection_cpp
[4.539s] -- Found ament_cmake_ros: 0.10.0 (/opt/ros/humble/share/ament_cmake_ros/cmake)
[5.216s] -- Using all available rosidl_typesupport_c: rosidl_typesupport_fastrtps_c;rosidl_typesupport_introspection_c
[6.000s] -- Using all available rosidl_typesupport_cpp: rosidl_typesupport_fastrtps_cpp;rosidl_typesupport_introspection_cpp
[6.109s] -- Found PythonInterp: /usr/bin/python3 (found suitable version "3.10.12", minimum required is "3.6") 
[6.112s] -- Found python_cmake_module: 0.10.0 (/opt/ros/humble/share/python_cmake_module/cmake)
[6.205s] -- Found PythonLibs: /usr/lib/aarch64-linux-gnu/libpython3.10.so (found suitable version "3.10.12", minimum required is "3.5") 
[6.208s] -- Using PYTHON_EXECUTABLE: /usr/bin/python3
[6.208s] -- Using PYTHON_INCLUDE_DIRS: /usr/include/python3.10
[6.208s] -- Using PYTHON_LIBRARIES: /usr/lib/aarch64-linux-gnu/libpython3.10.so
[6.273s] -- Found PythonExtra: .so  
[6.734s] -- Configuring done
[6.825s] -- Generating done
[6.858s] -- Build files have been written to: /home/huyjetson/mobile_robot/ros2_ws/build/explore_lite_msgs
[6.917s] Invoked command in '/home/huyjetson/mobile_robot/ros2_ws/build/explore_lite_msgs' returned '0': CMAKE_PREFIX_PATH=${CMAKE_PREFIX_PATH}:/home/huyjetson/mobile_robot/ros2_ws/install/amr_sensors:/home/huyjetson/mobile_robot/ros2_ws/install/amr_bringup:/home/huyjetson/mobile_robot/ros2_ws/install/amr_ai:/opt/ros/humble /usr/bin/cmake /home/huyjetson/mobile_robot/ros2_ws/src/m-explore-ros2/explore_lite_msgs -DAMENT_CMAKE_SYMLINK_INSTALL=1 -DCMAKE_INSTALL_PREFIX=/home/huyjetson/mobile_robot/ros2_ws/install/explore_lite_msgs
[6.918s] Invoking command in '/home/huyjetson/mobile_robot/ros2_ws/build/explore_lite_msgs': CMAKE_PREFIX_PATH=${CMAKE_PREFIX_PATH}:/home/huyjetson/mobile_robot/ros2_ws/install/amr_sensors:/home/huyjetson/mobile_robot/ros2_ws/install/amr_bringup:/home/huyjetson/mobile_robot/ros2_ws/install/amr_ai:/opt/ros/humble /usr/bin/cmake --build /home/huyjetson/mobile_robot/ros2_ws/build/explore_lite_msgs -- -j6 -l6
[7.062s] [  3%] [34m[1mGenerating C code for ROS interfaces[0m
[7.077s] [  6%] [34m[1mGenerating Rust code for ROS interfaces[0m
[7.122s] [  9%] [34m[1mGenerating C++ code for ROS interfaces[0m
[7.123s] [  9%] Built target ament_cmake_python_symlink_explore_lite_msgs
[7.944s] running egg_info
[7.947s] creating explore_lite_msgs.egg-info
[7.949s] writing explore_lite_msgs.egg-info/PKG-INFO
[7.951s] writing dependency_links to explore_lite_msgs.egg-info/dependency_links.txt
[7.952s] writing top-level names to explore_lite_msgs.egg-info/top_level.txt
[7.953s] writing manifest file 'explore_lite_msgs.egg-info/SOURCES.txt'
[7.961s] reading manifest file 'explore_lite_msgs.egg-info/SOURCES.txt'
[7.965s] writing manifest file 'explore_lite_msgs.egg-info/SOURCES.txt'
[8.162s] [  9%] Built target ament_cmake_python_build_explore_lite_msgs_egg
[8.363s] [ 12%] [32mBuilding C object CMakeFiles/explore_lite_msgs__rosidl_generator_c.dir/rosidl_generator_c/explore_lite_msgs/msg/detail/explore_status__functions.c.o[0m
[8.379s] [ 12%] Built target explore_lite_msgs__rs
[8.431s] [ 12%] Built target explore_lite_msgs__cpp
[8.470s] [ 15%] [34m[1mGenerating C++ introspection for ROS interfaces[0m
[8.486s] [ 18%] [34m[1mGenerating C++ type support dispatch for ROS interfaces[0m
[8.494s] [ 21%] [34m[1mGenerating C++ type support for eProsima Fast-RTPS[0m
[8.610s] [ 25%] [32m[1mLinking C shared library libexplore_lite_msgs__rosidl_generator_c.so[0m
[8.805s] [ 25%] Built target explore_lite_msgs__rosidl_generator_c
[8.912s] [ 31%] [34m[1mGenerating C introspection for ROS interfaces[0m
[8.912s] [ 31%] [34m[1mGenerating C type support dispatch for ROS interfaces[0m
[8.933s] [ 34%] [34m[1mGenerating C type support for eProsima Fast-RTPS[0m
[10.037s] [ 37%] [32mBuilding CXX object CMakeFiles/explore_lite_msgs__rosidl_typesupport_cpp.dir/rosidl_typesupport_cpp/explore_lite_msgs/msg/explore_status__type_support.cpp.o[0m
[10.114s] [ 40%] [32mBuilding CXX object CMakeFiles/explore_lite_msgs__rosidl_typesupport_introspection_cpp.dir/rosidl_typesupport_introspection_cpp/explore_lite_msgs/msg/detail/explore_status__type_support.cpp.o[0m
[10.627s] [ 43%] [32mBuilding CXX object CMakeFiles/explore_lite_msgs__rosidl_typesupport_fastrtps_c.dir/rosidl_typesupport_fastrtps_c/explore_lite_msgs/msg/detail/explore_status__type_support_c.cpp.o[0m
[10.667s] [ 46%] [32mBuilding CXX object CMakeFiles/explore_lite_msgs__rosidl_typesupport_fastrtps_cpp.dir/rosidl_typesupport_fastrtps_cpp/explore_lite_msgs/msg/detail/dds_fastrtps/explore_status__type_support.cpp.o[0m
[10.993s] [ 50%] [32mBuilding C object CMakeFiles/explore_lite_msgs__rosidl_typesupport_introspection_c.dir/rosidl_typesupport_introspection_c/explore_lite_msgs/msg/detail/explore_status__type_support.c.o[0m
[11.013s] [ 53%] [32mBuilding CXX object CMakeFiles/explore_lite_msgs__rosidl_typesupport_c.dir/rosidl_typesupport_c/explore_lite_msgs/msg/explore_status__type_support.cpp.o[0m
[11.221s] [ 56%] [32m[1mLinking CXX shared library libexplore_lite_msgs__rosidl_typesupport_c.so[0m
[11.232s] [ 59%] [32m[1mLinking C shared library libexplore_lite_msgs__rosidl_typesupport_introspection_c.so[0m
[11.502s] [ 59%] Built target explore_lite_msgs__rosidl_typesupport_introspection_c
[11.574s] [ 59%] Built target explore_lite_msgs__rosidl_typesupport_c
[11.940s] [ 62%] [32m[1mLinking CXX shared library libexplore_lite_msgs__rosidl_typesupport_cpp.so[0m
[12.141s] [ 62%] Built target explore_lite_msgs__rosidl_typesupport_cpp
[12.472s] [ 65%] [32m[1mLinking CXX shared library libexplore_lite_msgs__rosidl_typesupport_introspection_cpp.so[0m
[12.539s] [ 68%] [32m[1mLinking CXX shared library libexplore_lite_msgs__rosidl_typesupport_fastrtps_c.so[0m
[12.603s] [ 71%] [32m[1mLinking CXX shared library libexplore_lite_msgs__rosidl_typesupport_fastrtps_cpp.so[0m
[12.817s] [ 71%] Built target explore_lite_msgs__rosidl_typesupport_introspection_cpp
[12.941s] [ 71%] Built target explore_lite_msgs__rosidl_typesupport_fastrtps_c
[12.968s] [ 71%] Built target explore_lite_msgs__rosidl_typesupport_fastrtps_cpp
[13.029s] [ 71%] Built target explore_lite_msgs
[13.142s] [ 75%] [34m[1mGenerating Python code for ROS interfaces[0m
[14.813s] [ 75%] Built target explore_lite_msgs__py
[14.955s] [ 78%] [32mBuilding C object CMakeFiles/explore_lite_msgs__rosidl_generator_py.dir/rosidl_generator_py/explore_lite_msgs/msg/_explore_status_s.c.o[0m
[15.628s] [ 81%] [32m[1mLinking C shared library rosidl_generator_py/explore_lite_msgs/libexplore_lite_msgs__rosidl_generator_py.so[0m
[15.864s] [ 81%] Built target explore_lite_msgs__rosidl_generator_py
[15.988s] [ 84%] [32mBuilding C object CMakeFiles/explore_lite_msgs__rosidl_typesupport_c__pyext.dir/rosidl_generator_py/explore_lite_msgs/_explore_lite_msgs_s.ep.rosidl_typesupport_c.c.o[0m
[16.039s] [ 90%] [32mBuilding C object CMakeFiles/explore_lite_msgs__rosidl_typesupport_fastrtps_c__pyext.dir/rosidl_generator_py/explore_lite_msgs/_explore_lite_msgs_s.ep.rosidl_typesupport_fastrtps_c.c.o[0m
[16.039s] [ 90%] [32mBuilding C object CMakeFiles/explore_lite_msgs__rosidl_typesupport_introspection_c__pyext.dir/rosidl_generator_py/explore_lite_msgs/_explore_lite_msgs_s.ep.rosidl_typesupport_introspection_c.c.o[0m
[16.692s] [ 93%] [32m[1mLinking C shared library rosidl_generator_py/explore_lite_msgs/explore_lite_msgs_s__rosidl_typesupport_fastrtps_c.cpython-310-aarch64-linux-gnu.so[0m
[16.804s] [ 96%] [32m[1mLinking C shared library rosidl_generator_py/explore_lite_msgs/explore_lite_msgs_s__rosidl_typesupport_introspection_c.cpython-310-aarch64-linux-gnu.so[0m
[16.902s] [100%] [32m[1mLinking C shared library rosidl_generator_py/explore_lite_msgs/explore_lite_msgs_s__rosidl_typesupport_c.cpython-310-aarch64-linux-gnu.so[0m
[16.982s] [100%] Built target explore_lite_msgs__rosidl_typesupport_fastrtps_c__pyext
[17.063s] [100%] Built target explore_lite_msgs__rosidl_typesupport_introspection_c__pyext
[17.282s] [100%] Built target explore_lite_msgs__rosidl_typesupport_c__pyext
[17.405s] Invoked command in '/home/huyjetson/mobile_robot/ros2_ws/build/explore_lite_msgs' returned '0': CMAKE_PREFIX_PATH=${CMAKE_PREFIX_PATH}:/home/huyjetson/mobile_robot/ros2_ws/install/amr_sensors:/home/huyjetson/mobile_robot/ros2_ws/install/amr_bringup:/home/huyjetson/mobile_robot/ros2_ws/install/amr_ai:/opt/ros/humble /usr/bin/cmake --build /home/huyjetson/mobile_robot/ros2_ws/build/explore_lite_msgs -- -j6 -l6
[17.407s] Invoking command in '/home/huyjetson/mobile_robot/ros2_ws/build/explore_lite_msgs': CMAKE_PREFIX_PATH=${CMAKE_PREFIX_PATH}:/home/huyjetson/mobile_robot/ros2_ws/install/amr_sensors:/home/huyjetson/mobile_robot/ros2_ws/install/amr_bringup:/home/huyjetson/mobile_robot/ros2_ws/install/amr_ai:/opt/ros/humble /usr/bin/cmake --install /home/huyjetson/mobile_robot/ros2_ws/build/explore_lite_msgs
[17.466s] -- Install configuration: ""
[17.479s] -- Execute custom install script
[17.480s] -- Symlinking: /home/huyjetson/mobile_robot/ros2_ws/install/explore_lite_msgs/share/ament_index/resource_index/rosidl_interfaces/explore_lite_msgs
[17.591s] -- Symlinking: /home/huyjetson/mobile_robot/ros2_ws/install/explore_lite_msgs/include/explore_lite_msgs/explore_lite_msgs/msg/detail/explore_status__functions.h
[17.700s] -- Symlinking: /home/huyjetson/mobile_robot/ros2_ws/install/explore_lite_msgs/include/explore_lite_msgs/explore_lite_msgs/msg/detail/explore_status__struct.h
[17.766s] -- Symlinking: /home/huyjetson/mobile_robot/ros2_ws/install/explore_lite_msgs/include/explore_lite_msgs/explore_lite_msgs/msg/detail/explore_status__type_support.h
[17.861s] -- Symlinking: /home/huyjetson/mobile_robot/ros2_ws/install/explore_lite_msgs/include/explore_lite_msgs/explore_lite_msgs/msg/explore_status.h
[17.943s] -- Symlinking: /home/huyjetson/mobile_robot/ros2_ws/install/explore_lite_msgs/include/explore_lite_msgs/explore_lite_msgs/msg/rosidl_generator_c__visibility_control.h
[18.018s] -- Symlinking: /home/huyjetson/mobile_robot/ros2_ws/install/explore_lite_msgs/share/explore_lite_msgs/environment/library_path.sh
[18.066s] -- Symlinking: /home/huyjetson/mobile_robot/ros2_ws/install/explore_lite_msgs/share/explore_lite_msgs/environment/library_path.dsv
[18.135s] -- Symlinking: /home/huyjetson/mobile_robot/ros2_ws/install/explore_lite_msgs/include/explore_lite_msgs/explore_lite_msgs/msg/detail/explore_status__rosidl_typesupport_fastrtps_c.h
[18.197s] -- Symlinking: /home/huyjetson/mobile_robot/ros2_ws/install/explore_lite_msgs/include/explore_lite_msgs/explore_lite_msgs/msg/rosidl_typesupport_fastrtps_c__visibility_control.h
[18.279s] -- Symlinking: /home/huyjetson/mobile_robot/ros2_ws/install/explore_lite_msgs/include/explore_lite_msgs/explore_lite_msgs/msg/detail/explore_status__rosidl_typesupport_introspection_c.h
[18.365s] -- Symlinking: /home/huyjetson/mobile_robot/ros2_ws/install/explore_lite_msgs/include/explore_lite_msgs/explore_lite_msgs/msg/rosidl_typesupport_introspection_c__visibility_control.h
[18.442s] -- Symlinking: /home/huyjetson/mobile_robot/ros2_ws/install/explore_lite_msgs/include/explore_lite_msgs/explore_lite_msgs/msg/detail/explore_status__builder.hpp
[18.505s] -- Symlinking: /home/huyjetson/mobile_robot/ros2_ws/install/explore_lite_msgs/include/explore_lite_msgs/explore_lite_msgs/msg/detail/explore_status__struct.hpp
[18.572s] -- Symlinking: /home/huyjetson/mobile_robot/ros2_ws/install/explore_lite_msgs/include/explore_lite_msgs/explore_lite_msgs/msg/detail/explore_status__traits.hpp
[18.671s] -- Symlinking: /home/huyjetson/mobile_robot/ros2_ws/install/explore_lite_msgs/include/explore_lite_msgs/explore_lite_msgs/msg/detail/explore_status__type_support.hpp
[18.781s] -- Symlinking: /home/huyjetson/mobile_robot/ros2_ws/install/explore_lite_msgs/include/explore_lite_msgs/explore_lite_msgs/msg/explore_status.hpp
[18.869s] -- Symlinking: /home/huyjetson/mobile_robot/ros2_ws/install/explore_lite_msgs/include/explore_lite_msgs/explore_lite_msgs/msg/rosidl_generator_cpp__visibility_control.hpp
[18.943s] -- Symlinking: /home/huyjetson/mobile_robot/ros2_ws/install/explore_lite_msgs/include/explore_lite_msgs/explore_lite_msgs/msg/detail/explore_status__rosidl_typesupport_fastrtps_cpp.hpp
[19.021s] -- Symlinking: /home/huyjetson/mobile_robot/ros2_ws/install/explore_lite_msgs/include/explore_lite_msgs/explore_lite_msgs/msg/rosidl_typesupport_fastrtps_cpp__visibility_control.h
[19.088s] -- Symlinking: /home/huyjetson/mobile_robot/ros2_ws/install/explore_lite_msgs/include/explore_lite_msgs/explore_lite_msgs/msg/detail/explore_status__rosidl_typesupport_introspection_cpp.hpp
[19.169s] -- Symlinking: /home/huyjetson/mobile_robot/ros2_ws/install/explore_lite_msgs/share/explore_lite_msgs/environment/pythonpath.sh
[19.288s] -- Symlinking: /home/huyjetson/mobile_robot/ros2_ws/install/explore_lite_msgs/share/explore_lite_msgs/environment/pythonpath.dsv
[19.427s] -- Symlinking: /home/huyjetson/mobile_robot/ros2_ws/install/explore_lite_msgs/local/lib/python3.10/dist-packages/explore_lite_msgs-1.0.0-py3.10.egg-info/PKG-INFO
[19.510s] -- Symlinking: /home/huyjetson/mobile_robot/ros2_ws/install/explore_lite_msgs/local/lib/python3.10/dist-packages/explore_lite_msgs-1.0.0-py3.10.egg-info/SOURCES.txt
[19.605s] -- Symlinking: /home/huyjetson/mobile_robot/ros2_ws/install/explore_lite_msgs/local/lib/python3.10/dist-packages/explore_lite_msgs-1.0.0-py3.10.egg-info/dependency_links.txt
[19.662s] -- Symlinking: /home/huyjetson/mobile_robot/ros2_ws/install/explore_lite_msgs/local/lib/python3.10/dist-packages/explore_lite_msgs-1.0.0-py3.10.egg-info/top_level.txt
[19.737s] -- Symlinking: /home/huyjetson/mobile_robot/ros2_ws/install/explore_lite_msgs/local/lib/python3.10/dist-packages/explore_lite_msgs/__init__.py
[19.787s] -- Symlinking: /home/huyjetson/mobile_robot/ros2_ws/install/explore_lite_msgs/local/lib/python3.10/dist-packages/explore_lite_msgs/_explore_lite_msgs_s.ep.rosidl_typesupport_c.c
[19.861s] -- Symlinking: /home/huyjetson/mobile_robot/ros2_ws/install/explore_lite_msgs/local/lib/python3.10/dist-packages/explore_lite_msgs/_explore_lite_msgs_s.ep.rosidl_typesupport_fastrtps_c.c
[19.963s] -- Symlinking: /home/huyjetson/mobile_robot/ros2_ws/install/explore_lite_msgs/local/lib/python3.10/dist-packages/explore_lite_msgs/_explore_lite_msgs_s.ep.rosidl_typesupport_introspection_c.c
[20.035s] -- Symlinking: /home/huyjetson/mobile_robot/ros2_ws/install/explore_lite_msgs/local/lib/python3.10/dist-packages/explore_lite_msgs/explore_lite_msgs_s__rosidl_typesupport_c.cpython-310-aarch64-linux-gnu.so
[20.112s] -- Symlinking: /home/huyjetson/mobile_robot/ros2_ws/install/explore_lite_msgs/local/lib/python3.10/dist-packages/explore_lite_msgs/explore_lite_msgs_s__rosidl_typesupport_fastrtps_c.cpython-310-aarch64-linux-gnu.so
[20.175s] -- Symlinking: /home/huyjetson/mobile_robot/ros2_ws/install/explore_lite_msgs/local/lib/python3.10/dist-packages/explore_lite_msgs/explore_lite_msgs_s__rosidl_typesupport_introspection_c.cpython-310-aarch64-linux-gnu.so
[20.254s] -- Symlinking: /home/huyjetson/mobile_robot/ros2_ws/install/explore_lite_msgs/local/lib/python3.10/dist-packages/explore_lite_msgs/libexplore_lite_msgs__rosidl_generator_py.so
[20.362s] -- Symlinking: /home/huyjetson/mobile_robot/ros2_ws/install/explore_lite_msgs/local/lib/python3.10/dist-packages/explore_lite_msgs/msg/__init__.py
[20.466s] -- Symlinking: /home/huyjetson/mobile_robot/ros2_ws/install/explore_lite_msgs/local/lib/python3.10/dist-packages/explore_lite_msgs/msg/_explore_status.py
[20.556s] -- Symlinking: /home/huyjetson/mobile_robot/ros2_ws/install/explore_lite_msgs/local/lib/python3.10/dist-packages/explore_lite_msgs/msg/_explore_status_s.c
[20.654s] -- Up-to-date symlink: /home/huyjetson/mobile_robot/ros2_ws/install/explore_lite_msgs/local/lib/python3.10/dist-packages/explore_lite_msgs/explore_lite_msgs_s__rosidl_typesupport_fastrtps_c.cpython-310-aarch64-linux-gnu.so
[20.655s] -- Up-to-date symlink: /home/huyjetson/mobile_robot/ros2_ws/install/explore_lite_msgs/local/lib/python3.10/dist-packages/explore_lite_msgs/explore_lite_msgs_s__rosidl_typesupport_introspection_c.cpython-310-aarch64-linux-gnu.so
[20.655s] -- Up-to-date symlink: /home/huyjetson/mobile_robot/ros2_ws/install/explore_lite_msgs/local/lib/python3.10/dist-packages/explore_lite_msgs/explore_lite_msgs_s__rosidl_typesupport_c.cpython-310-aarch64-linux-gnu.so
[20.656s] -- Symlinking: /home/huyjetson/mobile_robot/ros2_ws/install/explore_lite_msgs/share/ament_index/resource_index/rust_packages/explore_lite_msgs
[20.721s] -- Symlinking: /home/huyjetson/mobile_robot/ros2_ws/install/explore_lite_msgs/share/explore_lite_msgs/rust/Cargo.toml
[20.791s] -- Symlinking: /home/huyjetson/mobile_robot/ros2_ws/install/explore_lite_msgs/share/explore_lite_msgs/rust/build.rs
[20.862s] -- Symlinking: /home/huyjetson/mobile_robot/ros2_ws/install/explore_lite_msgs/share/explore_lite_msgs/rust/src/lib.rs
[20.918s] -- Symlinking: /home/huyjetson/mobile_robot/ros2_ws/install/explore_lite_msgs/share/explore_lite_msgs/rust/src/msg.rs
[21.009s] -- Symlinking: /home/huyjetson/mobile_robot/ros2_ws/install/explore_lite_msgs/share/explore_lite_msgs/rust/src/msg/rmw.rs
[21.098s] -- Symlinking: /home/huyjetson/mobile_robot/ros2_ws/install/explore_lite_msgs/share/explore_lite_msgs/msg/ExploreStatus.idl
[21.176s] -- Symlinking: /home/huyjetson/mobile_robot/ros2_ws/install/explore_lite_msgs/share/explore_lite_msgs/msg/ExploreStatus.msg
[21.211s] -- Symlinking: /home/huyjetson/mobile_robot/ros2_ws/install/explore_lite_msgs/share/ament_index/resource_index/package_run_dependencies/explore_lite_msgs
[21.266s] -- Symlinking: /home/huyjetson/mobile_robot/ros2_ws/install/explore_lite_msgs/share/ament_index/resource_index/parent_prefix_path/explore_lite_msgs
[21.338s] -- Symlinking: /home/huyjetson/mobile_robot/ros2_ws/install/explore_lite_msgs/share/explore_lite_msgs/environment/ament_prefix_path.sh
[21.434s] -- Symlinking: /home/huyjetson/mobile_robot/ros2_ws/install/explore_lite_msgs/share/explore_lite_msgs/environment/ament_prefix_path.dsv
[21.515s] -- Symlinking: /home/huyjetson/mobile_robot/ros2_ws/install/explore_lite_msgs/share/explore_lite_msgs/environment/path.sh
[21.601s] -- Symlinking: /home/huyjetson/mobile_robot/ros2_ws/install/explore_lite_msgs/share/explore_lite_msgs/environment/path.dsv
[21.670s] -- Symlinking: /home/huyjetson/mobile_robot/ros2_ws/install/explore_lite_msgs/share/explore_lite_msgs/local_setup.bash
[21.734s] -- Symlinking: /home/huyjetson/mobile_robot/ros2_ws/install/explore_lite_msgs/share/explore_lite_msgs/local_setup.sh
[21.800s] -- Symlinking: /home/huyjetson/mobile_robot/ros2_ws/install/explore_lite_msgs/share/explore_lite_msgs/local_setup.zsh
[21.894s] -- Symlinking: /home/huyjetson/mobile_robot/ros2_ws/install/explore_lite_msgs/share/explore_lite_msgs/local_setup.dsv
[21.998s] -- Symlinking: /home/huyjetson/mobile_robot/ros2_ws/install/explore_lite_msgs/share/explore_lite_msgs/package.dsv
[22.092s] -- Symlinking: /home/huyjetson/mobile_robot/ros2_ws/install/explore_lite_msgs/share/ament_index/resource_index/packages/explore_lite_msgs
[22.176s] -- Symlinking: /home/huyjetson/mobile_robot/ros2_ws/install/explore_lite_msgs/share/explore_lite_msgs/cmake/rosidl_cmake-extras.cmake
[22.259s] -- Symlinking: /home/huyjetson/mobile_robot/ros2_ws/install/explore_lite_msgs/share/explore_lite_msgs/cmake/ament_cmake_export_include_directories-extras.cmake
[22.369s] -- Symlinking: /home/huyjetson/mobile_robot/ros2_ws/install/explore_lite_msgs/share/explore_lite_msgs/cmake/ament_cmake_export_libraries-extras.cmake
[22.469s] -- Symlinking: /home/huyjetson/mobile_robot/ros2_ws/install/explore_lite_msgs/share/explore_lite_msgs/cmake/ament_cmake_export_targets-extras.cmake
[22.574s] -- Symlinking: /home/huyjetson/mobile_robot/ros2_ws/install/explore_lite_msgs/share/explore_lite_msgs/cmake/rosidl_cmake_export_typesupport_targets-extras.cmake
[22.676s] -- Symlinking: /home/huyjetson/mobile_robot/ros2_ws/install/explore_lite_msgs/share/explore_lite_msgs/cmake/ament_cmake_export_dependencies-extras.cmake
[22.763s] -- Symlinking: /home/huyjetson/mobile_robot/ros2_ws/install/explore_lite_msgs/share/explore_lite_msgs/cmake/rosidl_cmake_export_typesupport_libraries-extras.cmake
[22.866s] -- Symlinking: /home/huyjetson/mobile_robot/ros2_ws/install/explore_lite_msgs/share/explore_lite_msgs/cmake/explore_lite_msgsConfig.cmake
[22.969s] -- Symlinking: /home/huyjetson/mobile_robot/ros2_ws/install/explore_lite_msgs/share/explore_lite_msgs/cmake/explore_lite_msgsConfig-version.cmake
[23.078s] -- Symlinking: /home/huyjetson/mobile_robot/ros2_ws/install/explore_lite_msgs/share/explore_lite_msgs/package.xml
[23.166s] -- Installing: /home/huyjetson/mobile_robot/ros2_ws/install/explore_lite_msgs/lib/libexplore_lite_msgs__rosidl_generator_c.so
[23.167s] -- Set runtime path of "/home/huyjetson/mobile_robot/ros2_ws/install/explore_lite_msgs/lib/libexplore_lite_msgs__rosidl_generator_c.so" to ""
[23.167s] -- Installing: /home/huyjetson/mobile_robot/ros2_ws/install/explore_lite_msgs/lib/libexplore_lite_msgs__rosidl_typesupport_fastrtps_c.so
[23.169s] -- Set runtime path of "/home/huyjetson/mobile_robot/ros2_ws/install/explore_lite_msgs/lib/libexplore_lite_msgs__rosidl_typesupport_fastrtps_c.so" to ""
[23.169s] -- Installing: /home/huyjetson/mobile_robot/ros2_ws/install/explore_lite_msgs/lib/libexplore_lite_msgs__rosidl_typesupport_introspection_c.so
[23.169s] -- Set runtime path of "/home/huyjetson/mobile_robot/ros2_ws/install/explore_lite_msgs/lib/libexplore_lite_msgs__rosidl_typesupport_introspection_c.so" to ""
[23.170s] -- Installing: /home/huyjetson/mobile_robot/ros2_ws/install/explore_lite_msgs/lib/libexplore_lite_msgs__rosidl_typesupport_c.so
[23.170s] -- Set runtime path of "/home/huyjetson/mobile_robot/ros2_ws/install/explore_lite_msgs/lib/libexplore_lite_msgs__rosidl_typesupport_c.so" to ""
[23.171s] -- Installing: /home/huyjetson/mobile_robot/ros2_ws/install/explore_lite_msgs/lib/libexplore_lite_msgs__rosidl_typesupport_fastrtps_cpp.so
[23.171s] -- Set runtime path of "/home/huyjetson/mobile_robot/ros2_ws/install/explore_lite_msgs/lib/libexplore_lite_msgs__rosidl_typesupport_fastrtps_cpp.so" to ""
[23.171s] -- Installing: /home/huyjetson/mobile_robot/ros2_ws/install/explore_lite_msgs/lib/libexplore_lite_msgs__rosidl_typesupport_introspection_cpp.so
[23.171s] -- Set runtime path of "/home/huyjetson/mobile_robot/ros2_ws/install/explore_lite_msgs/lib/libexplore_lite_msgs__rosidl_typesupport_introspection_cpp.so" to ""
[23.172s] -- Installing: /home/huyjetson/mobile_robot/ros2_ws/install/explore_lite_msgs/lib/libexplore_lite_msgs__rosidl_typesupport_cpp.so
[23.172s] -- Set runtime path of "/home/huyjetson/mobile_robot/ros2_ws/install/explore_lite_msgs/lib/libexplore_lite_msgs__rosidl_typesupport_cpp.so" to ""
[23.667s] Listing '/home/huyjetson/mobile_robot/ros2_ws/install/explore_lite_msgs/local/lib/python3.10/dist-packages/explore_lite_msgs'...
[23.668s] Compiling '/home/huyjetson/mobile_robot/ros2_ws/install/explore_lite_msgs/local/lib/python3.10/dist-packages/explore_lite_msgs/__init__.py'...
[23.668s] Listing '/home/huyjetson/mobile_robot/ros2_ws/install/explore_lite_msgs/local/lib/python3.10/dist-packages/explore_lite_msgs/msg'...
[23.668s] Compiling '/home/huyjetson/mobile_robot/ros2_ws/install/explore_lite_msgs/local/lib/python3.10/dist-packages/explore_lite_msgs/msg/__init__.py'...
[23.668s] Compiling '/home/huyjetson/mobile_robot/ros2_ws/install/explore_lite_msgs/local/lib/python3.10/dist-packages/explore_lite_msgs/msg/_explore_status.py'...
[23.769s] -- Installing: /home/huyjetson/mobile_robot/ros2_ws/install/explore_lite_msgs/lib/libexplore_lite_msgs__rosidl_generator_py.so
[23.769s] -- Set runtime path of "/home/huyjetson/mobile_robot/ros2_ws/install/explore_lite_msgs/lib/libexplore_lite_msgs__rosidl_generator_py.so" to ""
[23.770s] -- Installing: /home/huyjetson/mobile_robot/ros2_ws/install/explore_lite_msgs/share/explore_lite_msgs/cmake/export_explore_lite_msgs__rosidl_generator_cExport.cmake
[23.770s] -- Installing: /home/huyjetson/mobile_robot/ros2_ws/install/explore_lite_msgs/share/explore_lite_msgs/cmake/export_explore_lite_msgs__rosidl_generator_cExport-noconfig.cmake
[23.771s] -- Installing: /home/huyjetson/mobile_robot/ros2_ws/install/explore_lite_msgs/share/explore_lite_msgs/cmake/export_explore_lite_msgs__rosidl_typesupport_fastrtps_cExport.cmake
[23.771s] -- Installing: /home/huyjetson/mobile_robot/ros2_ws/install/explore_lite_msgs/share/explore_lite_msgs/cmake/export_explore_lite_msgs__rosidl_typesupport_fastrtps_cExport-noconfig.cmake
[23.771s] -- Installing: /home/huyjetson/mobile_robot/ros2_ws/install/explore_lite_msgs/share/explore_lite_msgs/cmake/explore_lite_msgs__rosidl_typesupport_introspection_cExport.cmake
[23.772s] -- Installing: /home/huyjetson/mobile_robot/ros2_ws/install/explore_lite_msgs/share/explore_lite_msgs/cmake/explore_lite_msgs__rosidl_typesupport_introspection_cExport-noconfig.cmake
[23.772s] -- Installing: /home/huyjetson/mobile_robot/ros2_ws/install/explore_lite_msgs/share/explore_lite_msgs/cmake/explore_lite_msgs__rosidl_typesupport_cExport.cmake
[23.773s] -- Installing: /home/huyjetson/mobile_robot/ros2_ws/install/explore_lite_msgs/share/explore_lite_msgs/cmake/explore_lite_msgs__rosidl_typesupport_cExport-noconfig.cmake
[23.773s] -- Installing: /home/huyjetson/mobile_robot/ros2_ws/install/explore_lite_msgs/share/explore_lite_msgs/cmake/export_explore_lite_msgs__rosidl_generator_cppExport.cmake
[23.773s] -- Installing: /home/huyjetson/mobile_robot/ros2_ws/install/explore_lite_msgs/share/explore_lite_msgs/cmake/export_explore_lite_msgs__rosidl_typesupport_fastrtps_cppExport.cmake
[23.774s] -- Installing: /home/huyjetson/mobile_robot/ros2_ws/install/explore_lite_msgs/share/explore_lite_msgs/cmake/export_explore_lite_msgs__rosidl_typesupport_fastrtps_cppExport-noconfig.cmake
[23.774s] -- Installing: /home/huyjetson/mobile_robot/ros2_ws/install/explore_lite_msgs/share/explore_lite_msgs/cmake/explore_lite_msgs__rosidl_typesupport_introspection_cppExport.cmake
[23.775s] -- Installing: /home/huyjetson/mobile_robot/ros2_ws/install/explore_lite_msgs/share/explore_lite_msgs/cmake/explore_lite_msgs__rosidl_typesupport_introspection_cppExport-noconfig.cmake
[23.775s] -- Installing: /home/huyjetson/mobile_robot/ros2_ws/install/explore_lite_msgs/share/explore_lite_msgs/cmake/explore_lite_msgs__rosidl_typesupport_cppExport.cmake
[23.776s] -- Installing: /home/huyjetson/mobile_robot/ros2_ws/install/explore_lite_msgs/share/explore_lite_msgs/cmake/explore_lite_msgs__rosidl_typesupport_cppExport-noconfig.cmake
[23.776s] -- Installing: /home/huyjetson/mobile_robot/ros2_ws/install/explore_lite_msgs/share/explore_lite_msgs/cmake/export_explore_lite_msgs__rosidl_generator_pyExport.cmake
[23.776s] -- Installing: /home/huyjetson/mobile_robot/ros2_ws/install/explore_lite_msgs/share/explore_lite_msgs/cmake/export_explore_lite_msgs__rosidl_generator_pyExport-noconfig.cmake
[23.801s] Invoked command in '/home/huyjetson/mobile_robot/ros2_ws/build/explore_lite_msgs' returned '0': CMAKE_PREFIX_PATH=${CMAKE_PREFIX_PATH}:/home/huyjetson/mobile_robot/ros2_ws/install/amr_sensors:/home/huyjetson/mobile_robot/ros2_ws/install/amr_bringup:/home/huyjetson/mobile_robot/ros2_ws/install/amr_ai:/opt/ros/humble /usr/bin/cmake --install /home/huyjetson/mobile_robot/ros2_ws/build/explore_lite_msgs
