[1.776s] Invoking command in '/home/huyjetson/mobile_robot/ros2_ws/build/amr_bringup': PYTHONPATH=/home/huyjetson/mobile_robot/ros2_ws/build/amr_bringup/prefix_override:/usr/lib/python3/dist-packages/colcon_core/task/python/colcon_distutils_commands:/home/huyjetson/mobile_robot/ros2_ws/install/amr_bringup/lib/python3.10/site-packages:${PYTHONPATH} /usr/bin/python3 -W ignore:setup.py install is deprecated -W ignore:easy_install command is deprecated setup.py develop --editable --build-directory /home/huyjetson/mobile_robot/ros2_ws/build/amr_bringup/build --no-deps symlink_data --force
[2.429s] running develop
[2.826s] running egg_info
[2.827s] writing amr_bringup.egg-info/PKG-INFO
[2.828s] writing dependency_links to amr_bringup.egg-info/dependency_links.txt
[2.828s] writing entry points to amr_bringup.egg-info/entry_points.txt
[2.828s] writing requirements to amr_bringup.egg-info/requires.txt
[2.829s] writing top-level names to amr_bringup.egg-info/top_level.txt
[2.835s] reading manifest file 'amr_bringup.egg-info/SOURCES.txt'
[2.837s] writing manifest file 'amr_bringup.egg-info/SOURCES.txt'
[2.841s] running build_ext
[2.841s] Creating /home/huyjetson/mobile_robot/ros2_ws/install/amr_bringup/lib/python3.10/site-packages/amr-bringup.egg-link (link to .)
[2.844s] 
[2.844s] Installed /home/huyjetson/mobile_robot/ros2_ws/build/amr_bringup
[2.844s] running symlink_data
[2.845s] symbolically linking /home/huyjetson/mobile_robot/ros2_ws/build/amr_bringup/resource/amr_bringup -> /home/huyjetson/mobile_robot/ros2_ws/install/amr_bringup/share/ament_index/resource_index/packages
[2.846s] symbolically linking /home/huyjetson/mobile_robot/ros2_ws/build/amr_bringup/package.xml -> /home/huyjetson/mobile_robot/ros2_ws/install/amr_bringup/share/amr_bringup
[2.846s] symbolically linking /home/huyjetson/mobile_robot/ros2_ws/build/amr_bringup/launch/bringup_vslam.launch.py -> /home/huyjetson/mobile_robot/ros2_ws/install/amr_bringup/share/amr_bringup/launch
[2.846s] symbolically linking /home/huyjetson/mobile_robot/ros2_ws/build/amr_bringup/launch/bringup_lidar.launch.py -> /home/huyjetson/mobile_robot/ros2_ws/install/amr_bringup/share/amr_bringup/launch
[2.846s] symbolically linking /home/huyjetson/mobile_robot/ros2_ws/build/amr_bringup/launch/bringup_fusion.launch.py -> /home/huyjetson/mobile_robot/ros2_ws/install/amr_bringup/share/amr_bringup/launch
[2.846s] symbolically linking /home/huyjetson/mobile_robot/ros2_ws/build/amr_bringup/config/box_filter.yaml -> /home/huyjetson/mobile_robot/ros2_ws/install/amr_bringup/share/amr_bringup/config
[2.974s] Invoked command in '/home/huyjetson/mobile_robot/ros2_ws/build/amr_bringup' returned '0': PYTHONPATH=/home/huyjetson/mobile_robot/ros2_ws/build/amr_bringup/prefix_override:/usr/lib/python3/dist-packages/colcon_core/task/python/colcon_distutils_commands:/home/huyjetson/mobile_robot/ros2_ws/install/amr_bringup/lib/python3.10/site-packages:${PYTHONPATH} /usr/bin/python3 -W ignore:setup.py install is deprecated -W ignore:easy_install command is deprecated setup.py develop --editable --build-directory /home/huyjetson/mobile_robot/ros2_ws/build/amr_bringup/build --no-deps symlink_data --force
