[0.029s] Invoking command in '/home/huyjetson/mobile_robot/ros2_ws/build/amr_navigation': CMAKE_PREFIX_PATH=/home/huyjetson/mobile_robot/ros2_ws/install/amr_slam:/home/huyjetson/mobile_robot/ros2_ws/install/sllidar_ros2:/home/huyjetson/mobile_robot/ros2_ws/install/multirobot_map_merge:/home/huyjetson/mobile_robot/ros2_ws/install/explore_lite:/home/huyjetson/mobile_robot/ros2_ws/install/explore_lite_msgs:/home/huyjetson/mobile_robot/ros2_ws/install/astra_camera:/home/huyjetson/mobile_robot/ros2_ws/install/astra_camera_msgs:/home/huyjetson/mobile_robot/ros2_ws/install/amr_navigation:/home/huyjetson/mobile_robot/ros2_ws/install/amr_pointcloud_filter:/home/huyjetson/mobile_robot/ros2_ws/install/amr_interfaces:/home/huyjetson/mobile_robot/ros2_ws/install/amr_description:/home/huyjetson/mobile_robot/ros2_ws/install/amr_control:/home/huyjetson/mobile_robot/ros2_ws/install/amr_sensors:/home/huyjetson/mobile_robot/ros2_ws/install/amr_ai:/home/huyjetson/mobile_robot/ros2_ws/install/amr_bringup:/opt/ros/humble /usr/bin/cmake --build /home/huyjetson/mobile_robot/ros2_ws/build/amr_navigation -- -j6 -l6
[0.130s] Invoked command in '/home/huyjetson/mobile_robot/ros2_ws/build/amr_navigation' returned '0': CMAKE_PREFIX_PATH=/home/huyjetson/mobile_robot/ros2_ws/install/amr_slam:/home/huyjetson/mobile_robot/ros2_ws/install/sllidar_ros2:/home/huyjetson/mobile_robot/ros2_ws/install/multirobot_map_merge:/home/huyjetson/mobile_robot/ros2_ws/install/explore_lite:/home/huyjetson/mobile_robot/ros2_ws/install/explore_lite_msgs:/home/huyjetson/mobile_robot/ros2_ws/install/astra_camera:/home/huyjetson/mobile_robot/ros2_ws/install/astra_camera_msgs:/home/huyjetson/mobile_robot/ros2_ws/install/amr_navigation:/home/huyjetson/mobile_robot/ros2_ws/install/amr_pointcloud_filter:/home/huyjetson/mobile_robot/ros2_ws/install/amr_interfaces:/home/huyjetson/mobile_robot/ros2_ws/install/amr_description:/home/huyjetson/mobile_robot/ros2_ws/install/amr_control:/home/huyjetson/mobile_robot/ros2_ws/install/amr_sensors:/home/huyjetson/mobile_robot/ros2_ws/install/amr_ai:/home/huyjetson/mobile_robot/ros2_ws/install/amr_bringup:/opt/ros/humble /usr/bin/cmake --build /home/huyjetson/mobile_robot/ros2_ws/build/amr_navigation -- -j6 -l6
[0.163s] Invoking command in '/home/huyjetson/mobile_robot/ros2_ws/build/amr_navigation': CMAKE_PREFIX_PATH=/home/huyjetson/mobile_robot/ros2_ws/install/amr_slam:/home/huyjetson/mobile_robot/ros2_ws/install/sllidar_ros2:/home/huyjetson/mobile_robot/ros2_ws/install/multirobot_map_merge:/home/huyjetson/mobile_robot/ros2_ws/install/explore_lite:/home/huyjetson/mobile_robot/ros2_ws/install/explore_lite_msgs:/home/huyjetson/mobile_robot/ros2_ws/install/astra_camera:/home/huyjetson/mobile_robot/ros2_ws/install/astra_camera_msgs:/home/huyjetson/mobile_robot/ros2_ws/install/amr_navigation:/home/huyjetson/mobile_robot/ros2_ws/install/amr_pointcloud_filter:/home/huyjetson/mobile_robot/ros2_ws/install/amr_interfaces:/home/huyjetson/mobile_robot/ros2_ws/install/amr_description:/home/huyjetson/mobile_robot/ros2_ws/install/amr_control:/home/huyjetson/mobile_robot/ros2_ws/install/amr_sensors:/home/huyjetson/mobile_robot/ros2_ws/install/amr_ai:/home/huyjetson/mobile_robot/ros2_ws/install/amr_bringup:/opt/ros/humble /usr/bin/cmake --install /home/huyjetson/mobile_robot/ros2_ws/build/amr_navigation
[0.191s] -- Install configuration: "Release"
[0.192s] -- Execute custom install script
[0.193s] -- Up-to-date symlink: /home/huyjetson/mobile_robot/ros2_ws/install/amr_navigation/share/amr_navigation/config/explore.yaml
[0.193s] -- Up-to-date symlink: /home/huyjetson/mobile_robot/ros2_ws/install/amr_navigation/share/amr_navigation/config/nav2_params_MPPI.yaml
[0.193s] -- Up-to-date symlink: /home/huyjetson/mobile_robot/ros2_ws/install/amr_navigation/share/amr_navigation/config/nav2_params_fusion.yaml
[0.193s] -- Up-to-date symlink: /home/huyjetson/mobile_robot/ros2_ws/install/amr_navigation/share/amr_navigation/config/nav2_params_vslam.yaml
[0.194s] -- Up-to-date symlink: /home/huyjetson/mobile_robot/ros2_ws/install/amr_navigation/share/amr_navigation/launch/auto_fusion.launch.py
[0.194s] -- Up-to-date symlink: /home/huyjetson/mobile_robot/ros2_ws/install/amr_navigation/share/amr_navigation/launch/explore.launch.py
[0.195s] -- Up-to-date symlink: /home/huyjetson/mobile_robot/ros2_ws/install/amr_navigation/share/amr_navigation/launch/nav_fusion.launch.py
[0.195s] -- Up-to-date symlink: /home/huyjetson/mobile_robot/ros2_ws/install/amr_navigation/share/amr_navigation/launch/navigation.launch.py
[0.195s] -- Up-to-date symlink: /home/huyjetson/mobile_robot/ros2_ws/install/amr_navigation/share/amr_navigation/rviz/view_robot.rviz
[0.196s] -- Up-to-date symlink: /home/huyjetson/mobile_robot/ros2_ws/install/amr_navigation/lib/amr_navigation/auto_map_saver.py
[0.196s] -- Up-to-date symlink: /home/huyjetson/mobile_robot/ros2_ws/install/amr_navigation/lib/amr_navigation/init_move.py
[0.197s] -- Up-to-date symlink: /home/huyjetson/mobile_robot/ros2_ws/install/amr_navigation/lib/amr_navigation/esp32_waypoint_server.py
[0.197s] -- Up-to-date symlink: /home/huyjetson/mobile_robot/ros2_ws/install/amr_navigation/lib/amr_navigation/live_octomap_reset.py
[0.197s] -- Up-to-date symlink: /home/huyjetson/mobile_robot/ros2_ws/install/amr_navigation/lib/amr_navigation/live_octomap_manager.py
[0.198s] -- Up-to-date symlink: /home/huyjetson/mobile_robot/ros2_ws/install/amr_navigation/share/ament_index/resource_index/package_run_dependencies/amr_navigation
[0.198s] -- Up-to-date symlink: /home/huyjetson/mobile_robot/ros2_ws/install/amr_navigation/share/ament_index/resource_index/parent_prefix_path/amr_navigation
[0.198s] -- Up-to-date symlink: /home/huyjetson/mobile_robot/ros2_ws/install/amr_navigation/share/amr_navigation/environment/ament_prefix_path.sh
[0.199s] -- Up-to-date symlink: /home/huyjetson/mobile_robot/ros2_ws/install/amr_navigation/share/amr_navigation/environment/ament_prefix_path.dsv
[0.199s] -- Up-to-date symlink: /home/huyjetson/mobile_robot/ros2_ws/install/amr_navigation/share/amr_navigation/environment/path.sh
[0.199s] -- Up-to-date symlink: /home/huyjetson/mobile_robot/ros2_ws/install/amr_navigation/share/amr_navigation/environment/path.dsv
[0.199s] -- Up-to-date symlink: /home/huyjetson/mobile_robot/ros2_ws/install/amr_navigation/share/amr_navigation/local_setup.bash
[0.200s] -- Up-to-date symlink: /home/huyjetson/mobile_robot/ros2_ws/install/amr_navigation/share/amr_navigation/local_setup.sh
[0.200s] -- Up-to-date symlink: /home/huyjetson/mobile_robot/ros2_ws/install/amr_navigation/share/amr_navigation/local_setup.zsh
[0.200s] -- Up-to-date symlink: /home/huyjetson/mobile_robot/ros2_ws/install/amr_navigation/share/amr_navigation/local_setup.dsv
[0.201s] -- Symlinking: /home/huyjetson/mobile_robot/ros2_ws/install/amr_navigation/share/amr_navigation/package.dsv
[0.225s] -- Up-to-date symlink: /home/huyjetson/mobile_robot/ros2_ws/install/amr_navigation/share/ament_index/resource_index/packages/amr_navigation
[0.225s] -- Up-to-date symlink: /home/huyjetson/mobile_robot/ros2_ws/install/amr_navigation/share/amr_navigation/cmake/amr_navigationConfig.cmake
[0.225s] -- Up-to-date symlink: /home/huyjetson/mobile_robot/ros2_ws/install/amr_navigation/share/amr_navigation/cmake/amr_navigationConfig-version.cmake
[0.226s] -- Up-to-date symlink: /home/huyjetson/mobile_robot/ros2_ws/install/amr_navigation/share/amr_navigation/package.xml
[0.232s] Invoked command in '/home/huyjetson/mobile_robot/ros2_ws/build/amr_navigation' returned '0': CMAKE_PREFIX_PATH=/home/huyjetson/mobile_robot/ros2_ws/install/amr_slam:/home/huyjetson/mobile_robot/ros2_ws/install/sllidar_ros2:/home/huyjetson/mobile_robot/ros2_ws/install/multirobot_map_merge:/home/huyjetson/mobile_robot/ros2_ws/install/explore_lite:/home/huyjetson/mobile_robot/ros2_ws/install/explore_lite_msgs:/home/huyjetson/mobile_robot/ros2_ws/install/astra_camera:/home/huyjetson/mobile_robot/ros2_ws/install/astra_camera_msgs:/home/huyjetson/mobile_robot/ros2_ws/install/amr_navigation:/home/huyjetson/mobile_robot/ros2_ws/install/amr_pointcloud_filter:/home/huyjetson/mobile_robot/ros2_ws/install/amr_interfaces:/home/huyjetson/mobile_robot/ros2_ws/install/amr_description:/home/huyjetson/mobile_robot/ros2_ws/install/amr_control:/home/huyjetson/mobile_robot/ros2_ws/install/amr_sensors:/home/huyjetson/mobile_robot/ros2_ws/install/amr_ai:/home/huyjetson/mobile_robot/ros2_ws/install/amr_bringup:/opt/ros/humble /usr/bin/cmake --install /home/huyjetson/mobile_robot/ros2_ws/build/amr_navigation
