[2.408s] Invoking command in '/home/huyjetson/mobile_robot/ros2_ws/build/amr_bringup': PYTHONPATH=/home/huyjetson/mobile_robot/ros2_ws/build/amr_bringup/prefix_override:/usr/lib/python3/dist-packages/colcon_core/task/python/colcon_distutils_commands:/home/huyjetson/mobile_robot/ros2_ws/install/amr_bringup/lib/python3.10/site-packages:${PYTHONPATH} /usr/bin/python3 -W ignore:setup.py install is deprecated -W ignore:easy_install command is deprecated setup.py develop --editable --build-directory /home/huyjetson/mobile_robot/ros2_ws/build/amr_bringup/build --no-deps symlink_data
[3.077s] running develop
[3.504s] running egg_info
[3.504s] creating amr_bringup.egg-info
[3.505s] writing amr_bringup.egg-info/PKG-INFO
[3.505s] writing dependency_links to amr_bringup.egg-info/dependency_links.txt
[3.506s] writing entry points to amr_bringup.egg-info/entry_points.txt
[3.506s] writing requirements to amr_bringup.egg-info/requires.txt
[3.507s] writing top-level names to amr_bringup.egg-info/top_level.txt
[3.507s] writing manifest file 'amr_bringup.egg-info/SOURCES.txt'
[3.512s] reading manifest file 'amr_bringup.egg-info/SOURCES.txt'
[3.514s] writing manifest file 'amr_bringup.egg-info/SOURCES.txt'
[3.518s] running build_ext
[3.518s] Creating /home/huyjetson/mobile_robot/ros2_ws/install/amr_bringup/lib/python3.10/site-packages/amr-bringup.egg-link (link to .)
[3.522s] Installing cloud_qos_relay.py script to /home/huyjetson/mobile_robot/ros2_ws/install/amr_bringup/lib/amr_bringup
[3.523s] 
[3.523s] Installed /home/huyjetson/mobile_robot/ros2_ws/build/amr_bringup
[3.524s] running symlink_data
[3.524s] creating /home/huyjetson/mobile_robot/ros2_ws/install/amr_bringup/share/ament_index
[3.525s] creating /home/huyjetson/mobile_robot/ros2_ws/install/amr_bringup/share/ament_index/resource_index
[3.525s] creating /home/huyjetson/mobile_robot/ros2_ws/install/amr_bringup/share/ament_index/resource_index/packages
[3.525s] symbolically linking /home/huyjetson/mobile_robot/ros2_ws/build/amr_bringup/resource/amr_bringup -> /home/huyjetson/mobile_robot/ros2_ws/install/amr_bringup/share/ament_index/resource_index/packages
[3.526s] symbolically linking /home/huyjetson/mobile_robot/ros2_ws/build/amr_bringup/package.xml -> /home/huyjetson/mobile_robot/ros2_ws/install/amr_bringup/share/amr_bringup
[3.526s] creating /home/huyjetson/mobile_robot/ros2_ws/install/amr_bringup/share/amr_bringup/launch
[3.526s] symbolically linking /home/huyjetson/mobile_robot/ros2_ws/build/amr_bringup/launch/bringup_lidar.launch.py -> /home/huyjetson/mobile_robot/ros2_ws/install/amr_bringup/share/amr_bringup/launch
[3.527s] symbolically linking /home/huyjetson/mobile_robot/ros2_ws/build/amr_bringup/launch/bringup_fusion.launch.py -> /home/huyjetson/mobile_robot/ros2_ws/install/amr_bringup/share/amr_bringup/launch
[3.527s] symbolically linking /home/huyjetson/mobile_robot/ros2_ws/build/amr_bringup/launch/bringup_fusion_direct.launch.py -> /home/huyjetson/mobile_robot/ros2_ws/install/amr_bringup/share/amr_bringup/launch
[3.528s] creating /home/huyjetson/mobile_robot/ros2_ws/install/amr_bringup/share/amr_bringup/config
[3.528s] symbolically linking /home/huyjetson/mobile_robot/ros2_ws/build/amr_bringup/config/box_filter.yaml -> /home/huyjetson/mobile_robot/ros2_ws/install/amr_bringup/share/amr_bringup/config
[3.528s] symbolically linking /home/huyjetson/mobile_robot/ros2_ws/build/amr_bringup/config/ukf_params.yaml -> /home/huyjetson/mobile_robot/ros2_ws/install/amr_bringup/share/amr_bringup/config
[3.667s] Invoked command in '/home/huyjetson/mobile_robot/ros2_ws/build/amr_bringup' returned '0': PYTHONPATH=/home/huyjetson/mobile_robot/ros2_ws/build/amr_bringup/prefix_override:/usr/lib/python3/dist-packages/colcon_core/task/python/colcon_distutils_commands:/home/huyjetson/mobile_robot/ros2_ws/install/amr_bringup/lib/python3.10/site-packages:${PYTHONPATH} /usr/bin/python3 -W ignore:setup.py install is deprecated -W ignore:easy_install command is deprecated setup.py develop --editable --build-directory /home/huyjetson/mobile_robot/ros2_ws/build/amr_bringup/build --no-deps symlink_data
