[0.040s] Invoking command in '/home/huyjetson/mobile_robot/ros2_ws/build/amr_control': CMAKE_PREFIX_PATH=${CMAKE_PREFIX_PATH}:/home/huyjetson/mobile_robot/ros2_ws/install/amr_sensors:/home/huyjetson/mobile_robot/ros2_ws/install/amr_bringup:/home/huyjetson/mobile_robot/ros2_ws/install/amr_ai:/opt/ros/humble /usr/bin/cmake --build /home/huyjetson/mobile_robot/ros2_ws/build/amr_control -- -j6 -l6
[0.233s] [35m[1mConsolidate compiler generated dependencies of target arduino_bridge[0m
[0.464s] [ 50%] [32mBuilding CXX object CMakeFiles/arduino_bridge.dir/src/arduino_bridge.cpp.o[0m
[27.657s] [100%] [32m[1mLinking CXX executable arduino_bridge[0m
[29.239s] [100%] Built target arduino_bridge
[29.277s] Invoked command in '/home/huyjetson/mobile_robot/ros2_ws/build/amr_control' returned '0': CMAKE_PREFIX_PATH=${CMAKE_PREFIX_PATH}:/home/huyjetson/mobile_robot/ros2_ws/install/amr_sensors:/home/huyjetson/mobile_robot/ros2_ws/install/amr_bringup:/home/huyjetson/mobile_robot/ros2_ws/install/amr_ai:/opt/ros/humble /usr/bin/cmake --build /home/huyjetson/mobile_robot/ros2_ws/build/amr_control -- -j6 -l6
[29.285s] Invoking command in '/home/huyjetson/mobile_robot/ros2_ws/build/amr_control': CMAKE_PREFIX_PATH=${CMAKE_PREFIX_PATH}:/home/huyjetson/mobile_robot/ros2_ws/install/amr_sensors:/home/huyjetson/mobile_robot/ros2_ws/install/amr_bringup:/home/huyjetson/mobile_robot/ros2_ws/install/amr_ai:/opt/ros/humble /usr/bin/cmake --install /home/huyjetson/mobile_robot/ros2_ws/build/amr_control
[29.312s] -- Install configuration: ""
[29.313s] -- Execute custom install script
[29.314s] -- Up-to-date symlink: /home/huyjetson/mobile_robot/ros2_ws/install/amr_control/lib/amr_control/arduino_bridge
[29.315s] -- Up-to-date symlink: /home/huyjetson/mobile_robot/ros2_ws/install/amr_control/share/ament_index/resource_index/package_run_dependencies/amr_control
[29.315s] -- Up-to-date symlink: /home/huyjetson/mobile_robot/ros2_ws/install/amr_control/share/ament_index/resource_index/parent_prefix_path/amr_control
[29.315s] -- Up-to-date symlink: /home/huyjetson/mobile_robot/ros2_ws/install/amr_control/share/amr_control/environment/ament_prefix_path.sh
[29.316s] -- Up-to-date symlink: /home/huyjetson/mobile_robot/ros2_ws/install/amr_control/share/amr_control/environment/ament_prefix_path.dsv
[29.316s] -- Up-to-date symlink: /home/huyjetson/mobile_robot/ros2_ws/install/amr_control/share/amr_control/environment/path.sh
[29.316s] -- Up-to-date symlink: /home/huyjetson/mobile_robot/ros2_ws/install/amr_control/share/amr_control/environment/path.dsv
[29.317s] -- Up-to-date symlink: /home/huyjetson/mobile_robot/ros2_ws/install/amr_control/share/amr_control/local_setup.bash
[29.317s] -- Up-to-date symlink: /home/huyjetson/mobile_robot/ros2_ws/install/amr_control/share/amr_control/local_setup.sh
[29.318s] -- Up-to-date symlink: /home/huyjetson/mobile_robot/ros2_ws/install/amr_control/share/amr_control/local_setup.zsh
[29.318s] -- Up-to-date symlink: /home/huyjetson/mobile_robot/ros2_ws/install/amr_control/share/amr_control/local_setup.dsv
[29.318s] -- Symlinking: /home/huyjetson/mobile_robot/ros2_ws/install/amr_control/share/amr_control/package.dsv
[29.342s] -- Up-to-date symlink: /home/huyjetson/mobile_robot/ros2_ws/install/amr_control/share/ament_index/resource_index/packages/amr_control
[29.343s] -- Up-to-date symlink: /home/huyjetson/mobile_robot/ros2_ws/install/amr_control/share/amr_control/cmake/amr_controlConfig.cmake
[29.343s] -- Up-to-date symlink: /home/huyjetson/mobile_robot/ros2_ws/install/amr_control/share/amr_control/cmake/amr_controlConfig-version.cmake
[29.343s] -- Up-to-date symlink: /home/huyjetson/mobile_robot/ros2_ws/install/amr_control/share/amr_control/package.xml
[29.349s] Invoked command in '/home/huyjetson/mobile_robot/ros2_ws/build/amr_control' returned '0': CMAKE_PREFIX_PATH=${CMAKE_PREFIX_PATH}:/home/huyjetson/mobile_robot/ros2_ws/install/amr_sensors:/home/huyjetson/mobile_robot/ros2_ws/install/amr_bringup:/home/huyjetson/mobile_robot/ros2_ws/install/amr_ai:/opt/ros/humble /usr/bin/cmake --install /home/huyjetson/mobile_robot/ros2_ws/build/amr_control
