[0.039s] Invoking command in '/home/huyjetson/mobile_robot/ros2_ws/build/amr_navigation': CMAKE_PREFIX_PATH=${CMAKE_PREFIX_PATH}:/home/huyjetson/mobile_robot/ros2_ws/install/amr_sensors:/home/huyjetson/mobile_robot/ros2_ws/install/amr_bringup:/home/huyjetson/mobile_robot/ros2_ws/install/amr_ai:/opt/ros/humble /usr/bin/cmake --build /home/huyjetson/mobile_robot/ros2_ws/build/amr_navigation -- -j6 -l6
[0.298s] Invoked command in '/home/huyjetson/mobile_robot/ros2_ws/build/amr_navigation' returned '0': CMAKE_PREFIX_PATH=${CMAKE_PREFIX_PATH}:/home/huyjetson/mobile_robot/ros2_ws/install/amr_sensors:/home/huyjetson/mobile_robot/ros2_ws/install/amr_bringup:/home/huyjetson/mobile_robot/ros2_ws/install/amr_ai:/opt/ros/humble /usr/bin/cmake --build /home/huyjetson/mobile_robot/ros2_ws/build/amr_navigation -- -j6 -l6
[0.332s] Invoking command in '/home/huyjetson/mobile_robot/ros2_ws/build/amr_navigation': CMAKE_PREFIX_PATH=${CMAKE_PREFIX_PATH}:/home/huyjetson/mobile_robot/ros2_ws/install/amr_sensors:/home/huyjetson/mobile_robot/ros2_ws/install/amr_bringup:/home/huyjetson/mobile_robot/ros2_ws/install/amr_ai:/opt/ros/humble /usr/bin/cmake --install /home/huyjetson/mobile_robot/ros2_ws/build/amr_navigation
[0.357s] -- Install configuration: ""
[0.359s] -- Execute custom install script
[0.360s] -- Up-to-date symlink: /home/huyjetson/mobile_robot/ros2_ws/install/amr_navigation/share/amr_navigation/config/explore.yaml
[0.360s] -- Up-to-date symlink: /home/huyjetson/mobile_robot/ros2_ws/install/amr_navigation/share/amr_navigation/config/nav2_params.yaml
[0.360s] -- Symlinking: /home/huyjetson/mobile_robot/ros2_ws/install/amr_navigation/share/amr_navigation/config/nav2_params_MPPI.yaml
[0.382s] -- Up-to-date symlink: /home/huyjetson/mobile_robot/ros2_ws/install/amr_navigation/share/amr_navigation/config/nav2_params_fusion.yaml
[0.383s] -- Up-to-date symlink: /home/huyjetson/mobile_robot/ros2_ws/install/amr_navigation/share/amr_navigation/config/nav2_params_vslam.yaml
[0.383s] -- Up-to-date symlink: /home/huyjetson/mobile_robot/ros2_ws/install/amr_navigation/share/amr_navigation/launch/auto_fusion.launch.py
[0.383s] -- Up-to-date symlink: /home/huyjetson/mobile_robot/ros2_ws/install/amr_navigation/share/amr_navigation/launch/explore.launch.py
[0.384s] -- Up-to-date symlink: /home/huyjetson/mobile_robot/ros2_ws/install/amr_navigation/share/amr_navigation/launch/nav_fusion.launch.py
[0.384s] -- Up-to-date symlink: /home/huyjetson/mobile_robot/ros2_ws/install/amr_navigation/share/amr_navigation/launch/nav_visual.launch.py
[0.384s] -- Up-to-date symlink: /home/huyjetson/mobile_robot/ros2_ws/install/amr_navigation/share/amr_navigation/launch/navigation.launch.py
[0.385s] -- Up-to-date symlink: /home/huyjetson/mobile_robot/ros2_ws/install/amr_navigation/share/amr_navigation/rviz/view_robot.rviz
[0.385s] -- Up-to-date symlink: /home/huyjetson/mobile_robot/ros2_ws/install/amr_navigation/lib/amr_navigation/auto_map_saver.py
[0.386s] -- Up-to-date symlink: /home/huyjetson/mobile_robot/ros2_ws/install/amr_navigation/lib/amr_navigation/init_move.py
[0.386s] -- Up-to-date symlink: /home/huyjetson/mobile_robot/ros2_ws/install/amr_navigation/share/ament_index/resource_index/package_run_dependencies/amr_navigation
[0.387s] -- Up-to-date symlink: /home/huyjetson/mobile_robot/ros2_ws/install/amr_navigation/share/ament_index/resource_index/parent_prefix_path/amr_navigation
[0.387s] -- Up-to-date symlink: /home/huyjetson/mobile_robot/ros2_ws/install/amr_navigation/share/amr_navigation/environment/ament_prefix_path.sh
[0.388s] -- Up-to-date symlink: /home/huyjetson/mobile_robot/ros2_ws/install/amr_navigation/share/amr_navigation/environment/ament_prefix_path.dsv
[0.388s] -- Up-to-date symlink: /home/huyjetson/mobile_robot/ros2_ws/install/amr_navigation/share/amr_navigation/environment/path.sh
[0.388s] -- Up-to-date symlink: /home/huyjetson/mobile_robot/ros2_ws/install/amr_navigation/share/amr_navigation/environment/path.dsv
[0.389s] -- Up-to-date symlink: /home/huyjetson/mobile_robot/ros2_ws/install/amr_navigation/share/amr_navigation/local_setup.bash
[0.389s] -- Up-to-date symlink: /home/huyjetson/mobile_robot/ros2_ws/install/amr_navigation/share/amr_navigation/local_setup.sh
[0.390s] -- Up-to-date symlink: /home/huyjetson/mobile_robot/ros2_ws/install/amr_navigation/share/amr_navigation/local_setup.zsh
[0.390s] -- Up-to-date symlink: /home/huyjetson/mobile_robot/ros2_ws/install/amr_navigation/share/amr_navigation/local_setup.dsv
[0.390s] -- Symlinking: /home/huyjetson/mobile_robot/ros2_ws/install/amr_navigation/share/amr_navigation/package.dsv
[0.413s] -- Up-to-date symlink: /home/huyjetson/mobile_robot/ros2_ws/install/amr_navigation/share/ament_index/resource_index/packages/amr_navigation
[0.413s] -- Up-to-date symlink: /home/huyjetson/mobile_robot/ros2_ws/install/amr_navigation/share/amr_navigation/cmake/amr_navigationConfig.cmake
[0.413s] -- Up-to-date symlink: /home/huyjetson/mobile_robot/ros2_ws/install/amr_navigation/share/amr_navigation/cmake/amr_navigationConfig-version.cmake
[0.413s] -- Up-to-date symlink: /home/huyjetson/mobile_robot/ros2_ws/install/amr_navigation/share/amr_navigation/package.xml
[0.419s] Invoked command in '/home/huyjetson/mobile_robot/ros2_ws/build/amr_navigation' returned '0': CMAKE_PREFIX_PATH=${CMAKE_PREFIX_PATH}:/home/huyjetson/mobile_robot/ros2_ws/install/amr_sensors:/home/huyjetson/mobile_robot/ros2_ws/install/amr_bringup:/home/huyjetson/mobile_robot/ros2_ws/install/amr_ai:/opt/ros/humble /usr/bin/cmake --install /home/huyjetson/mobile_robot/ros2_ws/build/amr_navigation
