running develop
running egg_info
writing amr_ai.egg-info/PKG-INFO
writing dependency_links to amr_ai.egg-info/dependency_links.txt
writing entry points to amr_ai.egg-info/entry_points.txt
writing requirements to amr_ai.egg-info/requires.txt
writing top-level names to amr_ai.egg-info/top_level.txt
reading manifest file 'amr_ai.egg-info/SOURCES.txt'
writing manifest file 'amr_ai.egg-info/SOURCES.txt'
running build_ext
Creating /home/huyjetson/mobile_robot/ros2_ws/install/amr_ai/lib/python3.10/site-packages/amr-ai.egg-link (link to .)
Installing ai_detector script to /home/huyjetson/mobile_robot/ros2_ws/install/amr_ai/lib/amr_ai
Installing ai_image_probe script to /home/huyjetson/mobile_robot/ros2_ws/install/amr_ai/lib/amr_ai
Installing ai_mode_manager script to /home/huyjetson/mobile_robot/ros2_ws/install/amr_ai/lib/amr_ai
Installing cmd_vel_safety_mux script to /home/huyjetson/mobile_robot/ros2_ws/install/amr_ai/lib/amr_ai
Installing follow_goal script to /home/huyjetson/mobile_robot/ros2_ws/install/amr_ai/lib/amr_ai
Installing follow_servo script to /home/huyjetson/mobile_robot/ros2_ws/install/amr_ai/lib/amr_ai
Installing operator_gui script to /home/huyjetson/mobile_robot/ros2_ws/install/amr_ai/lib/amr_ai
Installing person_tracker script to /home/huyjetson/mobile_robot/ros2_ws/install/amr_ai/lib/amr_ai

Installed /home/huyjetson/mobile_robot/ros2_ws/build/amr_ai
running symlink_data
symbolically linking /home/huyjetson/mobile_robot/ros2_ws/build/amr_ai/resource/amr_ai -> /home/huyjetson/mobile_robot/ros2_ws/install/amr_ai/share/ament_index/resource_index/packages
symbolically linking /home/huyjetson/mobile_robot/ros2_ws/build/amr_ai/package.xml -> /home/huyjetson/mobile_robot/ros2_ws/install/amr_ai/share/amr_ai
symbolically linking /home/huyjetson/mobile_robot/ros2_ws/build/amr_ai/launch/amr_ai.launch.py -> /home/huyjetson/mobile_robot/ros2_ws/install/amr_ai/share/amr_ai/launch
symbolically linking /home/huyjetson/mobile_robot/ros2_ws/build/amr_ai/config/ai_params.yaml -> /home/huyjetson/mobile_robot/ros2_ws/install/amr_ai/share/amr_ai/config
symbolically linking /home/huyjetson/mobile_robot/ros2_ws/build/amr_ai/models/fire_smoke_s.engine -> /home/huyjetson/mobile_robot/ros2_ws/install/amr_ai/share/amr_ai/models
symbolically linking /home/huyjetson/mobile_robot/ros2_ws/build/amr_ai/models/yolo26n-pose.engine -> /home/huyjetson/mobile_robot/ros2_ws/install/amr_ai/share/amr_ai/models
symbolically linking /home/huyjetson/mobile_robot/ros2_ws/build/amr_ai/models/yolo26n.engine -> /home/huyjetson/mobile_robot/ros2_ws/install/amr_ai/share/amr_ai/models
