[2.092s] Invoking command in '/home/huyjetson/mobile_robot/ros2_ws/build/amr_ai': CMAKE_PREFIX_PATH=/home/huyjetson/mobile_robot/ros2_ws/install/amr_interfaces:/home/huyjetson/mobile_robot/ros2_ws/install/sllidar_ros2:/home/huyjetson/mobile_robot/ros2_ws/install/multirobot_map_merge:/home/huyjetson/mobile_robot/ros2_ws/install/explore_lite:/home/huyjetson/mobile_robot/ros2_ws/install/explore_lite_msgs:/home/huyjetson/mobile_robot/ros2_ws/install/astra_camera:/home/huyjetson/mobile_robot/ros2_ws/install/astra_camera_msgs:/home/huyjetson/mobile_robot/ros2_ws/install/amr_navigation:/home/huyjetson/mobile_robot/ros2_ws/install/amr_slam:/home/huyjetson/mobile_robot/ros2_ws/install/amr_pointcloud_filter:/home/huyjetson/mobile_robot/ros2_ws/install/amr_description:/home/huyjetson/mobile_robot/ros2_ws/install/amr_control LD_LIBRARY_PATH=/home/huyjetson/mobile_robot/ros2_ws/install/amr_interfaces/lib:/home/huyjetson/mobile_robot/ros2_ws/install/multirobot_map_merge/lib:/home/huyjetson/mobile_robot/ros2_ws/install/explore_lite_msgs/lib:/home/huyjetson/mobile_robot/ros2_ws/install/astra_camera/lib:/home/huyjetson/mobile_robot/ros2_ws/install/astra_camera_msgs/lib:/opt/ros/humble/opt/rviz_ogre_vendor/lib:/opt/ros/humble/lib/aarch64-linux-gnu:/opt/ros/humble/lib PS1=(ai_ros_venv) \[\e]0;\u@\h: \w\a\]${debian_chroot:+($debian_chroot)}\[\033[01;32m\]\u@\h\[\033[00m\]:\[\033[01;34m\]\w\[\033[00m\]\$ PYTHONPATH=/home/huyjetson/mobile_robot/ros2_ws/build/amr_ai/prefix_override:/usr/lib/python3/dist-packages/colcon_core/task/python/colcon_distutils_commands:/home/huyjetson/mobile_robot/ros2_ws/install/amr_ai/lib/python3.10/site-packages:${PYTHONPATH} VIRTUAL_ENV_PROMPT=(ai_ros_venv) /usr/bin/python3 -W ignore:setup.py install is deprecated -W ignore:easy_install command is deprecated setup.py develop --editable --build-directory /home/huyjetson/mobile_robot/ros2_ws/build/amr_ai/build --no-deps symlink_data --force
[2.808s] running develop
[3.255s] running egg_info
[3.256s] writing amr_ai.egg-info/PKG-INFO
[3.257s] writing dependency_links to amr_ai.egg-info/dependency_links.txt
[3.257s] writing entry points to amr_ai.egg-info/entry_points.txt
[3.258s] writing requirements to amr_ai.egg-info/requires.txt
[3.258s] writing top-level names to amr_ai.egg-info/top_level.txt
[3.265s] reading manifest file 'amr_ai.egg-info/SOURCES.txt'
[3.273s] writing manifest file 'amr_ai.egg-info/SOURCES.txt'
[3.277s] running build_ext
[3.278s] Creating /home/huyjetson/mobile_robot/ros2_ws/install/amr_ai/lib/python3.10/site-packages/amr-ai.egg-link (link to .)
[3.280s] Installing ai_detector script to /home/huyjetson/mobile_robot/ros2_ws/install/amr_ai/lib/amr_ai
[3.281s] Installing ai_image_probe script to /home/huyjetson/mobile_robot/ros2_ws/install/amr_ai/lib/amr_ai
[3.281s] Installing ai_mode_manager script to /home/huyjetson/mobile_robot/ros2_ws/install/amr_ai/lib/amr_ai
[3.281s] Installing cmd_vel_safety_mux script to /home/huyjetson/mobile_robot/ros2_ws/install/amr_ai/lib/amr_ai
[3.282s] Installing follow_goal script to /home/huyjetson/mobile_robot/ros2_ws/install/amr_ai/lib/amr_ai
[3.282s] Installing follow_servo script to /home/huyjetson/mobile_robot/ros2_ws/install/amr_ai/lib/amr_ai
[3.282s] Installing operator_gui script to /home/huyjetson/mobile_robot/ros2_ws/install/amr_ai/lib/amr_ai
[3.283s] Installing person_tracker script to /home/huyjetson/mobile_robot/ros2_ws/install/amr_ai/lib/amr_ai
[3.283s] 
[3.284s] Installed /home/huyjetson/mobile_robot/ros2_ws/build/amr_ai
[3.284s] running symlink_data
[3.284s] symbolically linking /home/huyjetson/mobile_robot/ros2_ws/build/amr_ai/resource/amr_ai -> /home/huyjetson/mobile_robot/ros2_ws/install/amr_ai/share/ament_index/resource_index/packages
[3.284s] symbolically linking /home/huyjetson/mobile_robot/ros2_ws/build/amr_ai/package.xml -> /home/huyjetson/mobile_robot/ros2_ws/install/amr_ai/share/amr_ai
[3.285s] symbolically linking /home/huyjetson/mobile_robot/ros2_ws/build/amr_ai/launch/amr_ai.launch.py -> /home/huyjetson/mobile_robot/ros2_ws/install/amr_ai/share/amr_ai/launch
[3.285s] symbolically linking /home/huyjetson/mobile_robot/ros2_ws/build/amr_ai/config/ai_params.yaml -> /home/huyjetson/mobile_robot/ros2_ws/install/amr_ai/share/amr_ai/config
[3.289s] symbolically linking /home/huyjetson/mobile_robot/ros2_ws/build/amr_ai/models/fire_smoke_s.engine -> /home/huyjetson/mobile_robot/ros2_ws/install/amr_ai/share/amr_ai/models
[3.290s] symbolically linking /home/huyjetson/mobile_robot/ros2_ws/build/amr_ai/models/yolo26n-pose.engine -> /home/huyjetson/mobile_robot/ros2_ws/install/amr_ai/share/amr_ai/models
[3.292s] symbolically linking /home/huyjetson/mobile_robot/ros2_ws/build/amr_ai/models/yolo26n.engine -> /home/huyjetson/mobile_robot/ros2_ws/install/amr_ai/share/amr_ai/models
[3.433s] Invoked command in '/home/huyjetson/mobile_robot/ros2_ws/build/amr_ai' returned '0': CMAKE_PREFIX_PATH=/home/huyjetson/mobile_robot/ros2_ws/install/amr_interfaces:/home/huyjetson/mobile_robot/ros2_ws/install/sllidar_ros2:/home/huyjetson/mobile_robot/ros2_ws/install/multirobot_map_merge:/home/huyjetson/mobile_robot/ros2_ws/install/explore_lite:/home/huyjetson/mobile_robot/ros2_ws/install/explore_lite_msgs:/home/huyjetson/mobile_robot/ros2_ws/install/astra_camera:/home/huyjetson/mobile_robot/ros2_ws/install/astra_camera_msgs:/home/huyjetson/mobile_robot/ros2_ws/install/amr_navigation:/home/huyjetson/mobile_robot/ros2_ws/install/amr_slam:/home/huyjetson/mobile_robot/ros2_ws/install/amr_pointcloud_filter:/home/huyjetson/mobile_robot/ros2_ws/install/amr_description:/home/huyjetson/mobile_robot/ros2_ws/install/amr_control LD_LIBRARY_PATH=/home/huyjetson/mobile_robot/ros2_ws/install/amr_interfaces/lib:/home/huyjetson/mobile_robot/ros2_ws/install/multirobot_map_merge/lib:/home/huyjetson/mobile_robot/ros2_ws/install/explore_lite_msgs/lib:/home/huyjetson/mobile_robot/ros2_ws/install/astra_camera/lib:/home/huyjetson/mobile_robot/ros2_ws/install/astra_camera_msgs/lib:/opt/ros/humble/opt/rviz_ogre_vendor/lib:/opt/ros/humble/lib/aarch64-linux-gnu:/opt/ros/humble/lib PS1=(ai_ros_venv) \[\e]0;\u@\h: \w\a\]${debian_chroot:+($debian_chroot)}\[\033[01;32m\]\u@\h\[\033[00m\]:\[\033[01;34m\]\w\[\033[00m\]\$ PYTHONPATH=/home/huyjetson/mobile_robot/ros2_ws/build/amr_ai/prefix_override:/usr/lib/python3/dist-packages/colcon_core/task/python/colcon_distutils_commands:/home/huyjetson/mobile_robot/ros2_ws/install/amr_ai/lib/python3.10/site-packages:${PYTHONPATH} VIRTUAL_ENV_PROMPT=(ai_ros_venv) /usr/bin/python3 -W ignore:setup.py install is deprecated -W ignore:easy_install command is deprecated setup.py develop --editable --build-directory /home/huyjetson/mobile_robot/ros2_ws/build/amr_ai/build --no-deps symlink_data --force
