--2026-04-18 10:41:40--  https://raw.githubusercontent.com/hrnr/m-explore-extra/master/map_merge/hector_maps/map00.pgm
Resolving raw.githubusercontent.com (raw.githubusercontent.com)... 185.199.109.133, 185.199.108.133, 185.199.111.133, ...
Connecting to raw.githubusercontent.com (raw.githubusercontent.com)|185.199.109.133|:443... connected.
HTTP request sent, awaiting response... 200 OK
Length: 4194362 (4.0M) [application/octet-stream]
Saving to: ‘/home/huyjetson/mobile_robot/ros2_ws/build/multirobot_map_merge/map00.pgm’

     0K .......... .......... .......... .......... ..........  1%  931K 4s
    50K .......... .......... .......... .......... ..........  2% 1.12M 4s
   100K .......... .......... .......... .......... ..........  3% 4.47M 3s
   150K .......... .......... .......... .......... ..........  4% 1.90M 3s
   200K .......... .......... .......... .......... ..........  6% 5.36M 2s
   250K .......... .......... .......... .......... ..........  7% 7.89M 2s
   300K .......... .......... .......... .......... ..........  8% 3.49M 2s
   350K .......... .......... .......... .......... ..........  9%  111M 2s
   400K .......... .......... .......... .......... .......... 10% 3.20M 1s
   450K .......... .......... .......... .......... .......... 12% 10.4M 1s
   500K .......... .......... .......... .......... .......... 13% 5.71M 1s
   550K .......... .......... .......... .......... .......... 14%  102M 1s
   600K .......... .......... .......... .......... .......... 15% 15.4M 1s
   650K .......... .......... .......... .......... .......... 17% 6.08M 1s
   700K .......... .......... .......... .......... .......... 18% 11.8M 1s
   750K .......... .......... .......... .......... .......... 19% 17.7M 1s
   800K .......... .......... .......... .......... .......... 20% 18.2M 1s
   850K .......... .......... .......... .......... .......... 21% 5.40M 1s
   900K .......... .......... .......... .......... .......... 23% 18.1M 1s
   950K .......... .......... .......... .......... .......... 24% 5.79M 1s
  1000K .......... .......... .......... .......... .......... 25%  583K 1s
  1050K .......... .......... .......... .......... .......... 26% 3.08M 1s
  1100K .......... .......... .......... .......... .......... 28% 3.28M 1s
  1150K .......... .......... .......... .......... .......... 29% 2.69M 1s
  1200K .......... .......... .......... .......... .......... 30%  272K 1s
  1250K .......... .......... .......... .......... .......... 31% 40.8M 1s
  1300K .......... .......... .......... .......... .......... 32% 18.8M 1s
  1350K .......... .......... .......... .......... .......... 34% 87.9M 1s
  1400K .......... .......... .......... .......... .......... 35%  121M 1s
  1450K .......... .......... .......... .......... .......... 36% 99.3M 1s
  1500K .......... .......... .......... .......... .......... 37%  122M 1s
  1550K .......... .......... .......... .......... .......... 39% 90.9M 1s
  1600K .......... .......... .......... .......... .......... 40% 1.29M 1s
  1650K .......... .......... .......... .......... .......... 41% 7.37M 1s
  1700K .......... .......... .......... .......... .......... 42% 17.9M 1s
  1750K .......... .......... .......... .......... .......... 43% 1.57M 1s
  1800K .......... .......... .......... .......... .......... 45% 5.28M 1s
  1850K .......... .......... .......... .......... .......... 46% 13.7M 1s
  1900K .......... .......... .......... .......... .......... 47% 17.8M 1s
  1950K .......... .......... .......... .......... .......... 48% 1.94M 1s
  2000K .......... .......... .......... .......... .......... 50% 3.41M 1s
  2050K .......... .......... .......... .......... .......... 51% 3.24M 1s
  2100K .......... .......... .......... .......... .......... 52%  360K 1s
  2150K .......... .......... .......... .......... .......... 53% 8.14M 1s
  2200K .......... .......... .......... .......... .......... 54%  102M 1s
  2250K .......... .......... .......... .......... .......... 56% 63.2M 1s
  2300K .......... .......... .......... .......... .......... 57% 81.7M 1s
  2350K .......... .......... .......... .......... .......... 58%  914K 1s
  2400K .......... .......... .......... .......... .......... 59%  573K 1s
  2450K .......... .......... .......... .......... .......... 61% 53.5M 1s
  2500K .......... .......... .......... .......... .......... 62% 99.8M 1s
  2550K .......... .......... .......... .......... .......... 63%  102M 1s
  2600K .......... .......... .......... .......... .......... 64% 1.11M 1s
  2650K .......... .......... .......... .......... .......... 65% 89.4M 1s
  2700K .......... .......... .......... .......... .......... 67% 71.1M 1s
  2750K .......... .......... .......... .......... .......... 68% 2.68M 0s
  2800K .......... .......... .......... .......... .......... 69% 2.08M 0s
  2850K .......... .......... .......... .......... .......... 70% 2.76M 0s
  2900K .......... .......... .......... .......... .......... 72% 5.35M 0s
  2950K .......... .......... .......... .......... .......... 73% 5.71M 0s
  3000K .......... .......... .......... .......... .......... 74% 6.62M 0s
  3050K .......... .......... .......... .......... .......... 75% 3.56M 0s
  3100K .......... .......... .......... .......... .......... 76% 4.90M 0s
  3150K .......... .......... .......... .......... .......... 78% 2.32M 0s
  3200K .......... .......... .......... .......... .......... 79%  597K 0s
  3250K .......... .......... .......... .......... .......... 80% 5.13M 0s
  3300K .......... .......... .......... .......... .......... 81% 6.00M 0s
  3350K .......... .......... .......... .......... .......... 83% 3.29M 0s
  3400K .......... .......... .......... .......... .......... 84% 91.9M 0s
  3450K .......... .......... .......... .......... .......... 85% 7.67M 0s
  3500K .......... .......... .......... .......... .......... 86% 2.17M 0s
  3550K .......... .......... .......... .......... .......... 87%  787K 0s
  3600K .......... .......... .......... .......... .......... 89% 74.7M 0s
  3650K .......... .......... .......... .......... .......... 90% 16.0M 0s
  3700K .......... .......... .......... .......... .......... 91% 2.55M 0s
  3750K .......... .......... .......... .......... .......... 92%  153K 0s
  3800K .......... .......... .......... .......... .......... 93% 8.61M 0s
  3850K .......... .......... .......... .......... .......... 95%  672K 0s
  3900K .......... .......... .......... .......... .......... 96% 1.22M 0s
  3950K .......... .......... .......... .......... .......... 97% 1.91M 0s
  4000K .......... .......... .......... .......... .......... 98% 2.54M 0s
  4050K .......... .......... .......... .......... ......    100% 2.90M=1.9s

2026-04-18 10:41:42 (2.09 MB/s) - ‘/home/huyjetson/mobile_robot/ros2_ws/build/multirobot_map_merge/map00.pgm’ saved [4194362/4194362]

--2026-04-18 10:41:42--  https://raw.githubusercontent.com/hrnr/m-explore-extra/master/map_merge/hector_maps/map05.pgm
Resolving raw.githubusercontent.com (raw.githubusercontent.com)... 185.199.109.133, 185.199.111.133, 185.199.110.133, ...
Connecting to raw.githubusercontent.com (raw.githubusercontent.com)|185.199.109.133|:443... connected.
HTTP request sent, awaiting response... 200 OK
Length: 4194362 (4.0M) [application/octet-stream]
Saving to: ‘/home/huyjetson/mobile_robot/ros2_ws/build/multirobot_map_merge/map05.pgm’

     0K .......... .......... .......... .......... ..........  1%  726K 6s
    50K .......... .......... .......... .......... ..........  2% 1.66M 4s
   100K .......... .......... .......... .......... ..........  3% 4.20M 3s
   150K .......... .......... .......... .......... ..........  4% 4.30M 2s
   200K .......... .......... .......... .......... ..........  6% 2.67M 2s
   250K .......... .......... .......... .......... ..........  7% 6.02M 2s
   300K .......... .......... .......... .......... ..........  8% 4.75M 2s
   350K .......... .......... .......... .......... ..........  9% 12.8M 1s
   400K .......... .......... .......... .......... .......... 10%  155K 4s
   450K .......... .......... .......... .......... .......... 12%  101M 3s
   500K .......... .......... .......... .......... .......... 13% 8.51M 3s
   550K .......... .......... .......... .......... .......... 14%  105M 3s
   600K .......... .......... .......... .......... .......... 15% 81.6M 3s
   650K .......... .......... .......... .......... .......... 17% 9.19M 2s
   700K .......... .......... .......... .......... .......... 18%  104M 2s
   750K .......... .......... .......... .......... .......... 19% 11.5M 2s
   800K .......... .......... .......... .......... .......... 20% 1.58M 2s
   850K .......... .......... .......... .......... .......... 21% 2.44M 2s
   900K .......... .......... .......... .......... .......... 23% 2.73M 2s
   950K .......... .......... .......... .......... .......... 24% 6.57M 2s
  1000K .......... .......... .......... .......... .......... 25% 8.64M 2s
  1050K .......... .......... .......... .......... .......... 26% 17.2M 2s
  1100K .......... .......... .......... .......... .......... 28% 12.2M 2s
  1150K .......... .......... .......... .......... .......... 29% 12.9M 1s
  1200K .......... .......... .......... .......... .......... 30% 12.8M 1s
  1250K .......... .......... .......... .......... .......... 31% 7.79M 1s
  1300K .......... .......... .......... .......... .......... 32% 89.8M 1s
  1350K .......... .......... .......... .......... .......... 34% 5.14M 1s
  1400K .......... .......... .......... .......... .......... 35% 45.8M 1s
  1450K .......... .......... .......... .......... .......... 36% 3.14M 1s
  1500K .......... .......... .......... .......... .......... 37% 84.7M 1s
  1550K .......... .......... .......... .......... .......... 39% 4.58M 1s
  1600K .......... .......... .......... .......... .......... 40% 11.2M 1s
  1650K .......... .......... .......... .......... .......... 41%  387K 1s
  1700K .......... .......... .......... .......... .......... 42% 4.30M 1s
  1750K .......... .......... .......... .......... .......... 43% 66.7M 1s
  1800K .......... .......... .......... .......... .......... 45% 65.3M 1s
  1850K .......... .......... .......... .......... .......... 46%  109M 1s
  1900K .......... .......... .......... .......... .......... 47% 2.91M 1s
  1950K .......... .......... .......... .......... .......... 48% 54.4M 1s
  2000K .......... .......... .......... .......... .......... 50% 3.01M 1s
  2050K .......... .......... .......... .......... .......... 51%  359K 1s
  2100K .......... .......... .......... .......... .......... 52% 15.8M 1s
  2150K .......... .......... .......... .......... .......... 53% 96.5M 1s
  2200K .......... .......... .......... .......... .......... 54% 63.1M 1s
  2250K .......... .......... .......... .......... .......... 56% 87.1M 1s
  2300K .......... .......... .......... .......... .......... 57% 71.9M 1s
  2350K .......... .......... .......... .......... .......... 58%  115M 1s
  2400K .......... .......... .......... .......... .......... 59% 17.1M 1s
  2450K .......... .......... .......... .......... .......... 61% 2.47M 1s
  2500K .......... .......... .......... .......... .......... 62% 1.88M 1s
  2550K .......... .......... .......... .......... .......... 63%  574K 1s
  2600K .......... .......... .......... .......... .......... 64% 5.53M 1s
  2650K .......... .......... .......... .......... .......... 65% 3.21M 1s
  2700K .......... .......... .......... .......... .......... 67% 3.13M 1s
  2750K .......... .......... .......... .......... .......... 68%  374K 1s
  2800K .......... .......... .......... .......... .......... 69% 71.0M 1s
  2850K .......... .......... .......... .......... .......... 70% 83.6M 1s
  2900K .......... .......... .......... .......... .......... 72% 58.6M 0s
  2950K .......... .......... .......... .......... .......... 73%  110M 0s
  3000K .......... .......... .......... .......... .......... 74%  110M 0s
  3050K .......... .......... .......... .......... .......... 75% 69.2M 0s
  3100K .......... .......... .......... .......... .......... 76% 74.8M 0s
  3150K .......... .......... .......... .......... .......... 78% 4.52M 0s
  3200K .......... .......... .......... .......... .......... 79% 2.39M 0s
  3250K .......... .......... .......... .......... .......... 80% 2.49M 0s
  3300K .......... .......... .......... .......... .......... 81%  599K 0s
  3350K .......... .......... .......... .......... .......... 83% 3.00M 0s
  3400K .......... .......... .......... .......... .......... 84% 4.71M 0s
  3450K .......... .......... .......... .......... .......... 85% 2.89M 0s
  3500K .......... .......... .......... .......... .......... 86%  372K 0s
  3550K .......... .......... .......... .......... .......... 87% 60.7M 0s
  3600K .......... .......... .......... .......... .......... 89% 80.1M 0s
  3650K .......... .......... .......... .......... .......... 90% 74.6M 0s
  3700K .......... .......... .......... .......... .......... 91% 82.4M 0s
  3750K .......... .......... .......... .......... .......... 92% 86.3M 0s
  3800K .......... .......... .......... .......... .......... 93% 66.8M 0s
  3850K .......... .......... .......... .......... .......... 95% 70.4M 0s
  3900K .......... .......... .......... .......... .......... 96%  753K 0s
  3950K .......... .......... .......... .......... .......... 97% 66.2M 0s
  4000K .......... .......... .......... .......... .......... 98%  120M 0s
  4050K .......... .......... .......... .......... ......    100%  986K=1.7s

2026-04-18 10:41:46 (2.34 MB/s) - ‘/home/huyjetson/mobile_robot/ros2_ws/build/multirobot_map_merge/map05.pgm’ saved [4194362/4194362]

--2026-04-18 10:41:46--  https://raw.githubusercontent.com/hrnr/m-explore-extra/master/map_merge/gmapping_maps/2011-08-09-12-22-52.pgm
Resolving raw.githubusercontent.com (raw.githubusercontent.com)... 185.199.111.133, 185.199.108.133, 185.199.110.133, ...
Connecting to raw.githubusercontent.com (raw.githubusercontent.com)|185.199.111.133|:443... connected.
HTTP request sent, awaiting response... 200 OK
Length: 16000058 (15M) [application/octet-stream]
Saving to: ‘/home/huyjetson/mobile_robot/ros2_ws/build/multirobot_map_merge/2011-08-09-12-22-52.pgm’

     0K .......... .......... .......... .......... ..........  0% 1.18M 13s
    50K .......... .......... .......... .......... ..........  0% 1.56M 11s
   100K .......... .......... .......... .......... ..........  0% 6.76M 8s
   150K .......... .......... .......... .......... ..........  1% 6.16M 7s
   200K .......... .......... .......... .......... ..........  1% 2.42M 7s
   250K .......... .......... .......... .......... ..........  1% 12.1M 6s
   300K .......... .......... .......... .......... ..........  2% 10.0M 5s
   350K .......... .......... .......... .......... ..........  2% 7.83M 5s
   400K .......... .......... .......... .......... ..........  2% 13.7M 4s
   450K .......... .......... .......... .......... ..........  3% 3.67M 4s
   500K .......... .......... .......... .......... ..........  3% 5.80M 4s
   550K .......... .......... .......... .......... ..........  3% 4.68M 4s
   600K .......... .......... .......... .......... ..........  4% 5.09M 4s
   650K .......... .......... .......... .......... ..........  4% 6.17M 4s
   700K .......... .......... .......... .......... ..........  4% 10.4M 4s
   750K .......... .......... .......... .......... ..........  5% 4.85M 4s
   800K .......... .......... .......... .......... ..........  5% 7.83M 3s
   850K .......... .......... .......... .......... ..........  5% 6.71M 3s
   900K .......... .......... .......... .......... ..........  6% 1.36M 4s
   950K .......... .......... .......... .......... ..........  6% 2.29M 4s
  1000K .......... .......... .......... .......... ..........  6% 5.46M 4s
  1050K .......... .......... .......... .......... ..........  7%  842K 4s
  1100K .......... .......... .......... .......... ..........  7% 1.98M 4s
  1150K .......... .......... .......... .......... ..........  7% 2.82M 4s
  1200K .......... .......... .......... .......... ..........  7% 5.93M 4s
  1250K .......... .......... .......... .......... ..........  8%  862K 5s
  1300K .......... .......... .......... .......... ..........  8% 76.3M 5s
  1350K .......... .......... .......... .......... ..........  8% 2.62M 5s
  1400K .......... .......... .......... .......... ..........  9% 8.69M 5s
  1450K .......... .......... .......... .......... ..........  9% 28.0M 4s
  1500K .......... .......... .......... .......... ..........  9% 90.3M 4s
  1550K .......... .......... .......... .......... .......... 10% 2.51M 4s
  1600K .......... .......... .......... .......... .......... 10% 2.64M 4s
  1650K .......... .......... .......... .......... .......... 10%  704K 5s
  1700K .......... .......... .......... .......... .......... 11% 66.8M 5s
  1750K .......... .......... .......... .......... .......... 11% 30.2M 4s
  1800K .......... .......... .......... .......... .......... 11% 14.1M 4s
  1850K .......... .......... .......... .......... .......... 12% 3.14M 4s
  1900K .......... .......... .......... .......... .......... 12% 3.87M 4s
  1950K .......... .......... .......... .......... .......... 12%  650K 5s
  2000K .......... .......... .......... .......... .......... 13% 66.3M 5s
  2050K .......... .......... .......... .......... .......... 13% 75.2M 4s
  2100K .......... .......... .......... .......... .......... 13% 1.39M 5s
  2150K .......... .......... .......... .......... .......... 14% 59.5M 4s
  2200K .......... .......... .......... .......... .......... 14% 2.91M 4s
  2250K .......... .......... .......... .......... .......... 14% 2.68M 4s
  2300K .......... .......... .......... .......... .......... 15% 1.81M 4s
  2350K .......... .......... .......... .......... .......... 15% 2.35M 4s
  2400K .......... .......... .......... .......... .......... 15% 2.31M 4s
  2450K .......... .......... .......... .......... .......... 15% 2.54M 4s
  2500K .......... .......... .......... .......... .......... 16% 2.19M 4s
  2550K .......... .......... .......... .......... .......... 16% 2.46M 4s
  2600K .......... .......... .......... .......... .......... 16% 2.46M 4s
  2650K .......... .......... .......... .......... .......... 17% 2.42M 4s
  2700K .......... .......... .......... .......... .......... 17% 1.80M 4s
  2750K .......... .......... .......... .......... .......... 17% 2.42M 4s
  2800K .......... .......... .......... .......... .......... 18% 2.32M 4s
  2850K .......... .......... .......... .......... .......... 18% 2.39M 4s
  2900K .......... .......... .......... .......... .......... 18% 1.09M 5s
  2950K .......... .......... .......... .......... .......... 19% 21.4M 4s
  3000K .......... .......... .......... .......... .......... 19% 3.44M 4s
  3050K .......... .......... .......... .......... .......... 19% 1.43M 4s
  3100K .......... .......... .......... .......... .......... 20% 2.30M 4s
  3150K .......... .......... .......... .......... .......... 20% 2.89M 4s
  3200K .......... .......... .......... .......... .......... 20% 2.95M 4s
  3250K .......... .......... .......... .......... .......... 21% 2.44M 4s
  3300K .......... .......... .......... .......... .......... 21% 2.18M 4s
  3350K .......... .......... .......... .......... .......... 21% 2.62M 4s
  3400K .......... .......... .......... .......... .......... 22% 2.13M 4s
  3450K .......... .......... .......... .......... .......... 22% 2.74M 4s
  3500K .......... .......... .......... .......... .......... 22% 1.77M 4s
  3550K .......... .......... .......... .......... .......... 23% 2.33M 4s
  3600K .......... .......... .......... .......... .......... 23% 2.51M 4s
  3650K .......... .......... .......... .......... .......... 23% 2.45M 4s
  3700K .......... .......... .......... .......... .......... 23% 2.31M 4s
  3750K .......... .......... .......... .......... .......... 24% 2.35M 4s
  3800K .......... .......... .......... .......... .......... 24% 1.80M 4s
  3850K .......... .......... .......... .......... .......... 24% 3.73M 4s
  3900K .......... .......... .......... .......... .......... 25% 1.48M 4s
  3950K .......... .......... .......... .......... .......... 25% 3.36M 4s
  4000K .......... .......... .......... .......... .......... 25% 2.34M 4s
  4050K .......... .......... .......... .......... .......... 26% 2.46M 4s
  4100K .......... .......... .......... .......... .......... 26% 2.33M 4s
  4150K .......... .......... .......... .......... .......... 26% 2.41M 4s
  4200K .......... .......... .......... .......... .......... 27% 2.32M 4s
  4250K .......... .......... .......... .......... .......... 27% 2.48M 4s
  4300K .......... .......... .......... .......... .......... 27% 1.83M 4s
  4350K .......... .......... .......... .......... .......... 28% 2.07M 4s
  4400K .......... .......... .......... .......... .......... 28% 2.72M 4s
  4450K .......... .......... .......... .......... .......... 28% 2.43M 4s
  4500K .......... .......... .......... .......... .......... 29% 2.33M 4s
  4550K .......... .......... .......... .......... .......... 29% 2.70M 4s
  4600K .......... .......... .......... .......... .......... 29% 1.78M 4s
  4650K .......... .......... .......... .......... .......... 30% 2.37M 4s
  4700K .......... .......... .......... .......... .......... 30% 2.42M 4s
  4750K .......... .......... .......... .......... .......... 30% 2.34M 4s
  4800K .......... .......... .......... .......... .......... 31% 2.40M 4s
  4850K .......... .......... .......... .......... .......... 31% 2.39M 4s
  4900K .......... .......... .......... .......... .......... 31% 2.34M 4s
  4950K .......... .......... .......... .......... .......... 31% 2.40M 4s
  5000K .......... .......... .......... .......... .......... 32% 1.85M 4s
  5050K .......... .......... .......... .......... .......... 32% 2.34M 4s
  5100K .......... .......... .......... .......... .......... 32% 2.42M 4s
  5150K .......... .......... .......... .......... .......... 33% 2.39M 4s
  5200K .......... .......... .......... .......... .......... 33% 2.42M 4s
  5250K .......... .......... .......... .......... .......... 33% 2.35M 4s
  5300K .......... .......... .......... .......... .......... 34% 2.40M 4s
  5350K .......... .......... .......... .......... .......... 34% 2.43M 4s
  5400K .......... .......... .......... .......... .......... 34% 1.80M 4s
  5450K .......... .......... .......... .......... .......... 35% 2.37M 4s
  5500K .......... .......... .......... .......... .......... 35% 2.33M 4s
  5550K .......... .......... .......... .......... .......... 35% 2.38M 4s
  5600K .......... .......... .......... .......... .......... 36% 2.41M 4s
  5650K .......... .......... .......... .......... .......... 36% 2.38M 4s
  5700K .......... .......... .......... .......... .......... 36% 2.45M 4s
  5750K .......... .......... .......... .......... .......... 37% 2.32M 4s
  5800K .......... .......... .......... .......... .......... 37% 1.84M 4s
  5850K .......... .......... .......... .......... .......... 37% 2.41M 4s
  5900K .......... .......... .......... .......... .......... 38% 2.39M 4s
  5950K .......... .......... .......... .......... .......... 38% 2.33M 4s
  6000K .......... .......... .......... .......... .......... 38% 2.42M 4s
  6050K .......... .......... .......... .......... .......... 39% 2.21M 4s
  6100K .......... .......... .......... .......... .......... 39% 2.50M 4s
  6150K .......... .......... .......... .......... .......... 39% 2.45M 4s
  6200K .......... .......... .......... .......... .......... 39% 1.80M 4s
  6250K .......... .......... .......... .......... .......... 40% 2.31M 4s
  6300K .......... .......... .......... .......... .......... 40% 2.42M 4s
  6350K .......... .......... .......... .......... .......... 40% 2.41M 4s
  6400K .......... .......... .......... .......... .......... 41% 2.48M 4s
  6450K .......... .......... .......... .......... .......... 41% 2.33M 4s
  6500K .......... .......... .......... .......... .......... 41% 2.33M 4s
  6550K .......... .......... .......... .......... .......... 42% 2.39M 4s
  6600K .......... .......... .......... .......... .......... 42% 1.82M 4s
  6650K .......... .......... .......... .......... .......... 42% 2.40M 4s
  6700K .......... .......... .......... .......... .......... 43% 2.43M 3s
  6750K .......... .......... .......... .......... .......... 43% 2.34M 3s
  6800K .......... .......... .......... .......... .......... 43% 2.39M 3s
  6850K .......... .......... .......... .......... .......... 44% 2.56M 3s
  6900K .......... .......... .......... .......... .......... 44% 1.80M 3s
  6950K .......... .......... .......... .......... .......... 44% 2.42M 3s
  7000K .......... .......... .......... .......... .......... 45% 2.21M 3s
  7050K .......... .......... .......... .......... .......... 45% 2.60M 3s
  7100K .......... .......... .......... .......... .......... 45% 2.23M 3s
  7150K .......... .......... .......... .......... .......... 46% 2.53M 3s
  7200K .......... .......... .......... .......... .......... 46% 2.32M 3s
  7250K .......... .......... .......... .......... .......... 46% 2.17M 3s
  7300K .......... .......... .......... .......... .......... 47% 2.01M 3s
  7350K .......... .......... .......... .......... .......... 47%  710K 3s
  7400K .......... .......... .......... .......... .......... 47% 52.2M 3s
  7450K .......... .......... .......... .......... .......... 47%  115M 3s
  7500K .......... .......... .......... .......... .......... 48% 4.78M 3s
  7550K .......... .......... .......... .......... .......... 48% 2.48M 3s
  7600K .......... .......... .......... .......... .......... 48% 1.90M 3s
  7650K .......... .......... .......... .......... .......... 49% 2.40M 3s
  7700K .......... .......... .......... .......... .......... 49% 1.92M 3s
  7750K .......... .......... .......... .......... .......... 49% 2.80M 3s
  7800K .......... .......... .......... .......... .......... 50% 2.38M 3s
  7850K .......... .......... .......... .......... .......... 50% 2.47M 3s
  7900K .......... .......... .......... .......... .......... 50% 2.27M 3s
  7950K .......... .......... .......... .......... .......... 51% 2.47M 3s
  8000K .......... .......... .......... .......... .......... 51% 2.34M 3s
  8050K .......... .......... .......... .......... .......... 51% 1.86M 3s
  8100K .......... .......... .......... .......... .......... 52% 2.26M 3s
  8150K .......... .......... .......... .......... .......... 52% 2.43M 3s
  8200K .......... .......... .......... .......... .......... 52% 2.14M 3s
  8250K .......... .......... .......... .......... .......... 53% 2.69M 3s
  8300K .......... .......... .......... .......... .......... 53% 2.35M 3s
  8350K .......... .......... .......... .......... .......... 53% 2.46M 3s
  8400K .......... .......... .......... .......... .......... 54% 2.42M 3s
  8450K .......... .......... .......... .......... .......... 54% 2.48M 3s
  8500K .......... .......... .......... .......... .......... 54% 1.70M 3s
  8550K .......... .......... .......... .......... .......... 55% 2.53M 3s
  8600K .......... .......... .......... .......... .......... 55% 2.25M 3s
  8650K .......... .......... .......... .......... .......... 55% 2.48M 3s
  8700K .......... .......... .......... .......... .......... 55% 2.36M 3s
  8750K .......... .......... .......... .......... .......... 56% 2.45M 3s
  8800K .......... .......... .......... .......... .......... 56% 2.29M 3s
  8850K .......... .......... .......... .......... .......... 56% 2.48M 3s
  8900K .......... .......... .......... .......... .......... 57% 1.70M 3s
  8950K .......... .......... .......... .......... .......... 57% 2.84M 3s
  9000K .......... .......... .......... .......... .......... 57% 2.41M 3s
  9050K .......... .......... .......... .......... .......... 58% 2.38M 3s
  9100K .......... .......... .......... .......... .......... 58% 2.37M 3s
  9150K .......... .......... .......... .......... .......... 58%  540K 3s
  9200K .......... .......... .......... .......... .......... 59% 29.7M 3s
  9250K .......... .......... .......... .......... .......... 59%  946K 3s
  9300K .......... .......... .......... .......... .......... 59% 1.44M 3s
  9350K .......... .......... .......... .......... .......... 60% 2.57M 3s
  9400K .......... .......... .......... .......... .......... 60% 3.24M 3s
  9450K .......... .......... .......... .......... .......... 60% 2.73M 3s
  9500K .......... .......... .......... .......... .......... 61% 3.51M 2s
  9550K .......... .......... .......... .......... .......... 61% 3.38M 2s
  9600K .......... .......... .......... .......... .......... 61% 2.19M 2s
  9650K .......... .......... .......... .......... .......... 62% 3.43M 2s
  9700K .......... .......... .......... .......... .......... 62% 2.60M 2s
  9750K .......... .......... .......... .......... .......... 62% 3.79M 2s
  9800K .......... .......... .......... .......... .......... 63% 2.19M 2s
  9850K .......... .......... .......... .......... .......... 63% 3.83M 2s
  9900K .......... .......... .......... .......... .......... 63% 2.66M 2s
  9950K .......... .......... .......... .......... .......... 63% 3.84M 2s
 10000K .......... .......... .......... .......... .......... 64% 2.09M 2s
 10050K .......... .......... .......... .......... .......... 64% 3.92M 2s
 10100K .......... .......... .......... .......... .......... 64% 3.62M 2s
 10150K .......... .......... .......... .......... .......... 65% 2.80M 2s
 10200K .......... .......... .......... .......... .......... 65% 2.35M 2s
 10250K .......... .......... .......... .......... .......... 65% 3.81M 2s
 10300K .......... .......... .......... .......... .......... 66%  559K 2s
 10350K .......... .......... .......... .......... .......... 66% 36.1M 2s
 10400K .......... .......... .......... .......... .......... 66% 1.36M 2s
 10450K .......... .......... .......... .......... .......... 67% 1.62M 2s
 10500K .......... .......... .......... .......... .......... 67% 2.46M 2s
 10550K .......... .......... .......... .......... .......... 67% 3.47M 2s
 10600K .......... .......... .......... .......... .......... 68% 3.29M 2s
 10650K .......... .......... .......... .......... .......... 68% 3.18M 2s
 10700K .......... .......... .......... .......... .......... 68% 4.20M 2s
 10750K .......... .......... .......... .......... .......... 69% 2.81M 2s
 10800K .......... .......... .......... .......... .......... 69% 2.79M 2s
 10850K .......... .......... .......... .......... .......... 69% 3.12M 2s
 10900K .......... .......... .......... .......... .......... 70% 2.84M 2s
 10950K .......... .......... .......... .......... .......... 70% 4.35M 2s
 11000K .......... .......... .......... .......... .......... 70% 2.92M 2s
 11050K .......... .......... .......... .......... .......... 71% 3.41M 2s
 11100K .......... .......... .......... .......... .......... 71% 3.22M 2s
 11150K .......... .......... .......... .......... .......... 71% 2.59M 2s
 11200K .......... .......... .......... .......... .......... 71% 1.87M 2s
 11250K .......... .......... .......... .......... .......... 72% 2.58M 2s
 11300K .......... .......... .......... .......... .......... 72% 2.36M 2s
 11350K .......... .......... .......... .......... .......... 72% 2.39M 2s
 11400K .......... .......... .......... .......... .......... 73% 2.29M 2s
 11450K .......... .......... .......... .......... .......... 73%  502K 2s
 11500K .......... .......... .......... .......... .......... 73% 66.4M 2s
 11550K .......... .......... .......... .......... .......... 74% 19.3M 2s
 11600K .......... .......... .......... .......... .......... 74%  991K 2s
 11650K .......... .......... .......... .......... .......... 74% 1.89M 2s
 11700K .......... .......... .......... .......... .......... 75% 3.97M 2s
 11750K .......... .......... .......... .......... .......... 75% 4.13M 2s
 11800K .......... .......... .......... .......... .......... 75% 2.21M 2s
 11850K .......... .......... .......... .......... .......... 76% 3.72M 2s
 11900K .......... .......... .......... .......... .......... 76% 2.49M 2s
 11950K .......... .......... .......... .......... .......... 76% 4.20M 1s
 12000K .......... .......... .......... .......... .......... 77% 2.88M 1s
 12050K .......... .......... .......... .......... .......... 77% 4.02M 1s
 12100K .......... .......... .......... .......... .......... 77% 3.16M 1s
 12150K .......... .......... .......... .......... .......... 78% 3.31M 1s
 12200K .......... .......... .......... .......... .......... 78% 2.74M 1s
 12250K .......... .......... .......... .......... .......... 78% 3.22M 1s
 12300K .......... .......... .......... .......... .......... 79% 1.95M 1s
 12350K .......... .......... .......... .......... .......... 79% 2.43M 1s
 12400K .......... .......... .......... .......... .......... 79% 2.35M 1s
 12450K .......... .......... .......... .......... .......... 79% 2.43M 1s
 12500K .......... .......... .......... .......... .......... 80% 2.28M 1s
 12550K .......... .......... .......... .......... .......... 80% 2.39M 1s
 12600K .......... .......... .......... .......... .......... 80% 2.47M 1s
 12650K .......... .......... .......... .......... .......... 81%  155K 1s
 12700K .......... .......... .......... .......... .......... 81% 7.85M 1s
 12750K .......... .......... .......... .......... .......... 81%  597K 1s
 12800K .......... .......... .......... .......... .......... 82% 1.31M 1s
 12850K .......... .......... .......... .......... .......... 82% 2.67M 1s
 12900K .......... .......... .......... .......... .......... 82% 3.06M 1s
 12950K .......... .......... .......... .......... .......... 83% 3.58M 1s
 13000K .......... .......... .......... .......... .......... 83% 4.12M 1s
 13050K .......... .......... .......... .......... .......... 83% 2.24M 1s
 13100K .......... .......... .......... .......... .......... 84% 3.39M 1s
 13150K .......... .......... .......... .......... .......... 84% 4.09M 1s
 13200K .......... .......... .......... .......... .......... 84% 2.83M 1s
 13250K .......... .......... .......... .......... .......... 85% 4.19M 1s
 13300K .......... .......... .......... .......... .......... 85% 2.78M 1s
 13350K .......... .......... .......... .......... .......... 85% 3.73M 1s
 13400K .......... .......... .......... .......... .......... 86% 4.13M 1s
 13450K .......... .......... .......... .......... .......... 86% 2.59M 1s
 13500K .......... .......... .......... .......... .......... 86% 3.49M 1s
 13550K .......... .......... .......... .......... .......... 87% 2.13M 1s
 13600K .......... .......... .......... .......... .......... 87% 4.37M 1s
 13650K .......... .......... .......... .......... .......... 87% 4.57M 1s
 13700K .......... .......... .......... .......... .......... 87% 2.72M 1s
 13750K .......... .......... .......... .......... .......... 88%  149K 1s
 13800K .......... .......... .......... .......... .......... 88% 77.1M 1s
 13850K .......... .......... .......... .......... .......... 88% 1.53M 1s
 13900K .......... .......... .......... .......... .......... 89%  704K 1s
 13950K .......... .......... .......... .......... .......... 89% 1.75M 1s
 14000K .......... .......... .......... .......... .......... 89% 2.72M 1s
 14050K .......... .......... .......... .......... .......... 90% 3.79M 1s
 14100K .......... .......... .......... .......... .......... 90% 3.69M 1s
 14150K .......... .......... .......... .......... .......... 90% 3.17M 1s
 14200K .......... .......... .......... .......... .......... 91% 3.32M 1s
 14250K .......... .......... .......... .......... .......... 91% 3.07M 1s
 14300K .......... .......... .......... .......... .......... 91% 3.39M 1s
 14350K .......... .......... .......... .......... .......... 92% 4.66M 1s
 14400K .......... .......... .......... .......... .......... 92% 2.55M 1s
 14450K .......... .......... .......... .......... .......... 92% 4.43M 1s
 14500K .......... .......... .......... .......... .......... 93% 3.08M 0s
 14550K .......... .......... .......... .......... .......... 93% 4.14M 0s
 14600K .......... .......... .......... .......... .......... 93% 2.30M 0s
 14650K .......... .......... .......... .......... .......... 94% 4.37M 0s
 14700K .......... .......... .......... .......... .......... 94% 3.43M 0s
 14750K .......... .......... .......... .......... .......... 94% 3.35M 0s
 14800K .......... .......... .......... .......... .......... 95% 4.44M 0s
 14850K .......... .......... .......... .......... .......... 95% 3.03M 0s
 14900K .......... .......... .......... .......... .......... 95% 4.69M 0s
 14950K .......... .......... .......... .......... .......... 95%  153K 0s
 15000K .......... .......... .......... .......... .......... 96% 23.5M 0s
 15050K .......... .......... .......... .......... .......... 96% 1.48M 0s
 15100K .......... .......... .......... .......... .......... 96%  714K 0s
 15150K .......... .......... .......... .......... .......... 97% 1.60M 0s
 15200K .......... .......... .......... .......... .......... 97% 2.56M 0s
 15250K .......... .......... .......... .......... .......... 97% 3.55M 0s
 15300K .......... .......... .......... .......... .......... 98% 4.64M 0s
 15350K .......... .......... .......... .......... .......... 98% 2.91M 0s
 15400K .......... .......... .......... .......... .......... 98% 2.71M 0s
 15450K .......... .......... .......... .......... .......... 99% 4.30M 0s
 15500K .......... .......... .......... .......... .......... 99% 4.28M 0s
 15550K .......... .......... .......... .......... .......... 99% 2.81M 0s
 15600K .......... .......... .....                           100% 5.99M=7.2s

2026-04-18 10:41:54 (2.12 MB/s) - ‘/home/huyjetson/mobile_robot/ros2_ws/build/multirobot_map_merge/2011-08-09-12-22-52.pgm’ saved [16000058/16000058]

--2026-04-18 10:41:54--  https://raw.githubusercontent.com/hrnr/m-explore-extra/master/map_merge/gmapping_maps/2012-01-28-11-12-01.pgm
Resolving raw.githubusercontent.com (raw.githubusercontent.com)... 185.199.108.133, 185.199.109.133, 185.199.110.133, ...
Connecting to raw.githubusercontent.com (raw.githubusercontent.com)|185.199.108.133|:443... connected.
HTTP request sent, awaiting response... 200 OK
Length: 16000058 (15M) [application/octet-stream]
Saving to: ‘/home/huyjetson/mobile_robot/ros2_ws/build/multirobot_map_merge/2012-01-28-11-12-01.pgm’

     0K .......... .......... .......... .......... ..........  0% 1.27M 12s
    50K .......... .......... .......... .......... ..........  0% 1.60M 11s
   100K .......... .......... .......... .......... ..........  0% 6.58M 8s
   150K .......... .......... .......... .......... ..........  1% 2.29M 8s
   200K .......... .......... .......... .......... ..........  1% 17.0M 6s
   250K .......... .......... .......... .......... ..........  1% 4.98M 6s
   300K .......... .......... .......... .......... ..........  2% 23.8M 5s
   350K .......... .......... .......... .......... ..........  2% 4.43M 5s
   400K .......... .......... .......... .......... ..........  2% 9.67M 4s
   450K .......... .......... .......... .......... ..........  3% 8.32M 4s
   500K .......... .......... .......... .......... ..........  3% 22.1M 4s
   550K .......... .......... .......... .......... ..........  3% 8.49M 4s
   600K .......... .......... .......... .......... ..........  4% 11.0M 3s
   650K .......... .......... .......... .......... ..........  4% 11.3M 3s
   700K .......... .......... .......... .......... ..........  4%  107M 3s
   750K .......... .......... .......... .......... ..........  5% 13.3M 3s
   800K .......... .......... .......... .......... ..........  5% 17.0M 3s
   850K .......... .......... .......... .......... ..........  5% 8.39M 3s
   900K .......... .......... .......... .......... ..........  6%  135K 8s
   950K .......... .......... .......... .......... ..........  6% 28.0M 8s
  1000K .......... .......... .......... .......... ..........  6% 1.13M 8s
  1050K .......... .......... .......... .......... ..........  7% 2.17M 8s
  1100K .......... .......... .......... .......... ..........  7% 8.88M 8s
  1150K .......... .......... .......... .......... ..........  7% 12.7M 7s
  1200K .......... .......... .......... .......... ..........  7% 7.72M 7s
  1250K .......... .......... .......... .......... ..........  8% 2.55M 7s
  1300K .......... .......... .......... .......... ..........  8% 16.5M 7s
  1350K .......... .......... .......... .......... ..........  8% 22.1M 7s
  1400K .......... .......... .......... .......... ..........  9% 18.9M 6s
  1450K .......... .......... .......... .......... ..........  9% 8.96M 6s
  1500K .......... .......... .......... .......... ..........  9% 8.27M 6s
  1550K .......... .......... .......... .......... .......... 10% 74.5M 6s
  1600K .......... .......... .......... .......... .......... 10% 4.84M 6s
  1650K .......... .......... .......... .......... .......... 10% 19.5M 5s
  1700K .......... .......... .......... .......... .......... 11% 11.4M 5s
  1750K .......... .......... .......... .......... .......... 11% 19.8M 5s
  1800K .......... .......... .......... .......... .......... 11% 20.7M 5s
  1850K .......... .......... .......... .......... .......... 12% 7.54M 5s
  1900K .......... .......... .......... .......... .......... 12% 22.2M 5s
  1950K .......... .......... .......... .......... .......... 12%  744K 5s
  2000K .......... .......... .......... .......... .......... 13% 2.58M 5s
  2050K .......... .......... .......... .......... .......... 13%  424K 6s
  2100K .......... .......... .......... .......... .......... 13% 64.8M 6s
  2150K .......... .......... .......... .......... .......... 14%  114M 5s
  2200K .......... .......... .......... .......... .......... 14% 30.7M 5s
  2250K .......... .......... .......... .......... .......... 14% 81.7M 5s
  2300K .......... .......... .......... .......... .......... 15% 79.0M 5s
  2350K .......... .......... .......... .......... .......... 15%  125K 7s
  2400K .......... .......... .......... .......... .......... 15% 41.1M 7s
  2450K .......... .......... .......... .......... .......... 15%  108M 7s
  2500K .......... .......... .......... .......... .......... 16% 24.6M 7s
  2550K .......... .......... .......... .......... .......... 16% 37.2M 7s
  2600K .......... .......... .......... .......... .......... 16% 83.2M 6s
  2650K .......... .......... .......... .......... .......... 17% 6.84M 6s
  2700K .......... .......... .......... .......... .......... 17% 2.47M 6s
  2750K .......... .......... .......... .......... .......... 17% 5.17M 6s
  2800K .......... .......... .......... .......... .......... 18% 9.57M 6s
  2850K .......... .......... .......... .......... .......... 18% 9.05M 6s
  2900K .......... .......... .......... .......... .......... 18% 6.15M 6s
  2950K .......... .......... .......... .......... .......... 19% 9.06M 6s
  3000K .......... .......... .......... .......... .......... 19% 2.63M 6s
  3050K .......... .......... .......... .......... .......... 19% 11.6M 6s
  3100K .......... .......... .......... .......... .......... 20% 12.4M 5s
  3150K .......... .......... .......... .......... .......... 20% 11.0M 5s
  3200K .......... .......... .......... .......... .......... 20% 7.05M 5s
  3250K .......... .......... .......... .......... .......... 21% 5.43M 5s
  3300K .......... .......... .......... .......... .......... 21% 10.4M 5s
  3350K .......... .......... .......... .......... .......... 21% 10.0M 5s
  3400K .......... .......... .......... .......... .......... 22% 11.9M 5s
  3450K .......... .......... .......... .......... .......... 22% 12.8M 5s
  3500K .......... .......... .......... .......... .......... 22% 6.77M 5s
  3550K .......... .......... .......... .......... .......... 23% 5.52M 5s
  3600K .......... .......... .......... .......... .......... 23% 2.98M 5s
  3650K .......... .......... .......... .......... .......... 23%  732K 5s
  3700K .......... .......... .......... .......... .......... 23% 2.29M 5s
  3750K .......... .......... .......... .......... .......... 24% 2.78M 5s
  3800K .......... .......... .......... .......... .......... 24%  857K 5s
  3850K .......... .......... .......... .......... .......... 24% 25.2M 5s
  3900K .......... .......... .......... .......... .......... 25% 8.70M 5s
  3950K .......... .......... .......... .......... .......... 25% 5.55M 5s
  4000K .......... .......... .......... .......... .......... 25%  247K 5s
  4050K .......... .......... .......... .......... .......... 26% 39.6M 5s
  4100K .......... .......... .......... .......... .......... 26% 32.6M 5s
  4150K .......... .......... .......... .......... .......... 26% 1.75M 5s
  4200K .......... .......... .......... .......... .......... 27% 50.5M 5s
  4250K .......... .......... .......... .......... .......... 27% 3.88M 5s
  4300K .......... .......... .......... .......... .......... 27% 1.38M 5s
  4350K .......... .......... .......... .......... .......... 28% 2.26M 5s
  4400K .......... .......... .......... .......... .......... 28% 3.47M 5s
  4450K .......... .......... .......... .......... .......... 28% 2.95M 5s
  4500K .......... .......... .......... .......... .......... 29% 1.99M 5s
  4550K .......... .......... .......... .......... .......... 29% 1.82M 5s
  4600K .......... .......... .......... .......... .......... 29% 18.4M 5s
  4650K .......... .......... .......... .......... .......... 30% 3.58M 5s
  4700K .......... .......... .......... .......... .......... 30% 2.08M 5s
  4750K .......... .......... .......... .......... .......... 30% 4.08M 5s
  4800K .......... .......... .......... .......... .......... 31% 2.64M 5s
  4850K .......... .......... .......... .......... .......... 31% 3.80M 5s
  4900K .......... .......... .......... .......... .......... 31% 1.99M 5s
  4950K .......... .......... .......... .......... .......... 31% 4.26M 5s
  5000K .......... .......... .......... .......... .......... 32% 2.85M 5s
  5050K .......... .......... .......... .......... .......... 32% 3.76M 4s
  5100K .......... .......... .......... .......... .......... 32% 2.82M 4s
  5150K .......... .......... .......... .......... .......... 33% 4.14M 4s
  5200K .......... .......... .......... .......... .......... 33% 2.40M 4s
  5250K .......... .......... .......... .......... .......... 33% 3.42M 4s
  5300K .......... .......... .......... .......... .......... 34% 3.32M 4s
  5350K .......... .......... .......... .......... .......... 34%  583K 4s
  5400K .......... .......... .......... .......... .......... 34% 23.9M 4s
  5450K .......... .......... .......... .......... .......... 35%  947K 4s
  5500K .......... .......... .......... .......... .......... 35% 1.80M 4s
  5550K .......... .......... .......... .......... .......... 35% 2.13M 4s
  5600K .......... .......... .......... .......... .......... 36% 4.57M 4s
  5650K .......... .......... .......... .......... .......... 36% 1.97M 4s
  5700K .......... .......... .......... .......... .......... 36% 4.32M 4s
  5750K .......... .......... .......... .......... .......... 37% 2.77M 4s
  5800K .......... .......... .......... .......... .......... 37% 4.20M 4s
  5850K .......... .......... .......... .......... .......... 37% 4.03M 4s
  5900K .......... .......... .......... .......... .......... 38% 3.05M 4s
  5950K .......... .......... .......... .......... .......... 38% 2.71M 4s
  6000K .......... .......... .......... .......... .......... 38% 3.78M 4s
  6050K .......... .......... .......... .......... .......... 39% 4.13M 4s
  6100K .......... .......... .......... .......... .......... 39% 2.59M 4s
  6150K .......... .......... .......... .......... .......... 39% 4.30M 4s
  6200K .......... .......... .......... .......... .......... 39% 2.86M 4s
  6250K .......... .......... .......... .......... .......... 40% 4.16M 4s
  6300K .......... .......... .......... .......... .......... 40% 4.45M 4s
  6350K .......... .......... .......... .......... .......... 40% 2.35M 4s
  6400K .......... .......... .......... .......... .......... 41% 4.50M 4s
  6450K .......... .......... .......... .......... .......... 41% 2.87M 4s
  6500K .......... .......... .......... .......... .......... 41% 4.31M 4s
  6550K .......... .......... .......... .......... .......... 42% 3.33M 4s
  6600K .......... .......... .......... .......... .......... 42% 4.26M 4s
  6650K .......... .......... .......... .......... .......... 42%  566K 4s
  6700K .......... .......... .......... .......... .......... 43% 60.4M 4s
  6750K .......... .......... .......... .......... .......... 43% 1.35M 4s
  6800K .......... .......... .......... .......... .......... 43% 2.04M 4s
  6850K .......... .......... .......... .......... .......... 44% 3.21M 4s
  6900K .......... .......... .......... .......... .......... 44% 3.88M 4s
  6950K .......... .......... .......... .......... .......... 44% 3.66M 4s
  7000K .......... .......... .......... .......... .......... 45% 2.84M 4s
  7050K .......... .......... .......... .......... .......... 45% 2.33M 4s
  7100K .......... .......... .......... .......... .......... 45% 3.83M 4s
  7150K .......... .......... .......... .......... .......... 46% 4.46M 4s
  7200K .......... .......... .......... .......... .......... 46% 2.52M 3s
  7250K .......... .......... .......... .......... .......... 46% 5.58M 3s
  7300K .......... .......... .......... .......... .......... 47% 2.47M 3s
  7350K .......... .......... .......... .......... .......... 47% 3.97M 3s
  7400K .......... .......... .......... .......... .......... 47% 3.29M 3s
  7450K .......... .......... .......... .......... .......... 47% 1.81M 3s
  7500K .......... .......... .......... .......... .......... 48%  690K 3s
  7550K .......... .......... .......... .......... .......... 48% 6.95M 3s
  7600K .......... .......... .......... .......... .......... 48% 50.9M 3s
  7650K .......... .......... .......... .......... .......... 49% 46.2M 3s
  7700K .......... .......... .......... .......... .......... 49% 2.31M 3s
  7750K .......... .......... .......... .......... .......... 49% 2.36M 3s
  7800K .......... .......... .......... .......... .......... 50% 2.13M 3s
  7850K .......... .......... .......... .......... .......... 50%  598K 3s
  7900K .......... .......... .......... .......... .......... 50% 1.20M 3s
  7950K .......... .......... .......... .......... .......... 51% 1.87M 3s
  8000K .......... .......... .......... .......... .......... 51% 2.70M 3s
  8050K .......... .......... .......... .......... .......... 51% 2.70M 3s
  8100K .......... .......... .......... .......... .......... 52% 2.99M 3s
  8150K .......... .......... .......... .......... .......... 52% 2.99M 3s
  8200K .......... .......... .......... .......... .......... 52% 2.37M 3s
  8250K .......... .......... .......... .......... .......... 53% 2.63M 3s
  8300K .......... .......... .......... .......... .......... 53% 2.68M 3s
  8350K .......... .......... .......... .......... .......... 53% 2.82M 3s
  8400K .......... .......... .......... .......... .......... 54% 2.99M 3s
  8450K .......... .......... .......... .......... .......... 54% 2.96M 3s
  8500K .......... .......... .......... .......... .......... 54% 2.90M 3s
  8550K .......... .......... .......... .......... .......... 55% 2.08M 3s
  8600K .......... .......... .......... .......... .......... 55% 3.03M 3s
  8650K .......... .......... .......... .......... .......... 55% 2.90M 3s
  8700K .......... .......... .......... .......... .......... 55% 3.20M 3s
  8750K .......... .......... .......... .......... .......... 56% 2.16M 3s
  8800K .......... .......... .......... .......... .......... 56% 3.50M 3s
  8850K .......... .......... .......... .......... .......... 56% 2.71M 3s
  8900K .......... .......... .......... .......... .......... 57% 2.99M 3s
  8950K .......... .......... .......... .......... .......... 57%  224K 3s
  9000K .......... .......... .......... .......... .......... 57% 1.97M 3s
  9050K .......... .......... .......... .......... .......... 58% 1.23M 3s
  9100K .......... .......... .......... .......... .......... 58% 2.13M 3s
  9150K .......... .......... .......... .......... .......... 58% 2.73M 3s
  9200K .......... .......... .......... .......... .......... 59% 3.53M 3s
  9250K .......... .......... .......... .......... .......... 59% 2.73M 3s
  9300K .......... .......... .......... .......... .......... 59% 3.65M 3s
  9350K .......... .......... .......... .......... .......... 60% 1.68M 3s
  9400K .......... .......... .......... .......... .......... 60% 3.29M 3s
  9450K .......... .......... .......... .......... .......... 60% 2.66M 3s
  9500K .......... .......... .......... .......... .......... 61% 4.13M 3s
  9550K .......... .......... .......... .......... .......... 61% 2.59M 3s
  9600K .......... .......... .......... .......... .......... 61% 3.62M 3s
  9650K .......... .......... .......... .......... .......... 62% 2.83M 3s
  9700K .......... .......... .......... .......... .......... 62% 3.12M 3s
  9750K .......... .......... .......... .......... .......... 62% 2.17M 3s
  9800K .......... .......... .......... .......... .......... 63% 4.03M 3s
  9850K .......... .......... .......... .......... .......... 63% 2.75M 2s
  9900K .......... .......... .......... .......... .......... 63% 3.42M 2s
  9950K .......... .......... .......... .......... .......... 63% 3.01M 2s
 10000K .......... .......... .......... .......... .......... 64% 3.24M 2s
 10050K .......... .......... .......... .......... .......... 64% 3.28M 2s
 10100K .......... .......... .......... .......... .......... 64% 1.99M 2s
 10150K .......... .......... .......... .......... .......... 65% 3.61M 2s
 10200K .......... .......... .......... .......... .......... 65% 2.20M 2s
 10250K .......... .......... .......... .......... .......... 65% 3.71M 2s
 10300K .......... .......... .......... .......... .......... 66% 2.70M 2s
 10350K .......... .......... .......... .......... .......... 66% 4.08M 2s
 10400K .......... .......... .......... .......... .......... 66% 2.61M 2s
 10450K .......... .......... .......... .......... .......... 67% 3.82M 2s
 10500K .......... .......... .......... .......... .......... 67% 2.46M 2s
 10550K .......... .......... .......... .......... .......... 67% 3.56M 2s
 10600K .......... .......... .......... .......... .......... 68% 2.67M 2s
 10650K .......... .......... .......... .......... .......... 68% 4.35M 2s
 10700K .......... .......... .......... .......... .......... 68% 2.70M 2s
 10750K .......... .......... .......... .......... .......... 69% 4.39M 2s
 10800K .......... .......... .......... .......... .......... 69% 4.32M 2s
 10850K .......... .......... .......... .......... .......... 69% 1.90M 2s
 10900K .......... .......... .......... .......... .......... 70% 3.63M 2s
 10950K .......... .......... .......... .......... .......... 70% 2.72M 2s
 11000K .......... .......... .......... .......... .......... 70% 4.29M 2s
 11050K .......... .......... .......... .......... .......... 71% 2.92M 2s
 11100K .......... .......... .......... .......... .......... 71% 3.34M 2s
 11150K .......... .......... .......... .......... .......... 71% 2.50M 2s
 11200K .......... .......... .......... .......... .......... 71% 6.45M 2s
 11250K .......... .......... .......... .......... .......... 72% 2.14M 2s
 11300K .......... .......... .......... .......... .......... 72% 4.29M 2s
 11350K .......... .......... .......... .......... .......... 72% 4.29M 2s
 11400K .......... .......... .......... .......... .......... 73% 2.85M 2s
 11450K .......... .......... .......... .......... .......... 73% 4.33M 2s
 11500K .......... .......... .......... .......... .......... 73% 2.48M 2s
 11550K .......... .......... .......... .......... .......... 74% 1.77M 2s
 11600K .......... .......... .......... .......... .......... 74% 1.37M 2s
 11650K .......... .......... .......... .......... .......... 74% 9.24M 2s
 11700K .......... .......... .......... .......... .......... 75% 2.45M 2s
 11750K .......... .......... .......... .......... .......... 75% 2.31M 2s
 11800K .......... .......... .......... .......... .......... 75% 2.37M 2s
 11850K .......... .......... .......... .......... .......... 76% 2.46M 2s
 11900K .......... .......... .......... .......... .......... 76% 2.43M 2s
 11950K .......... .......... .......... .......... .......... 76% 1.73M 2s
 12000K .......... .......... .......... .......... .......... 77% 2.54M 1s
 12050K .......... .......... .......... .......... .......... 77% 2.33M 1s
 12100K .......... .......... .......... .......... .......... 77% 2.40M 1s
 12150K .......... .......... .......... .......... .......... 78% 2.38M 1s
 12200K .......... .......... .......... .......... .......... 78% 2.31M 1s
 12250K .......... .......... .......... .......... .......... 78% 2.43M 1s
 12300K .......... .......... .......... .......... .......... 79%  526K 1s
 12350K .......... .......... .......... .......... .......... 79% 26.3M 1s
 12400K .......... .......... .......... .......... .......... 79% 1.44M 1s
 12450K .......... .......... .......... .......... .......... 79% 1.69M 1s
 12500K .......... .......... .......... .......... .......... 80% 2.82M 1s
 12550K .......... .......... .......... .......... .......... 80% 3.46M 1s
 12600K .......... .......... .......... .......... .......... 80% 4.59M 1s
 12650K .......... .......... .......... .......... .......... 81% 3.22M 1s
 12700K .......... .......... .......... .......... .......... 81% 4.30M 1s
 12750K .......... .......... .......... .......... .......... 81% 2.56M 1s
 12800K .......... .......... .......... .......... .......... 82% 4.13M 1s
 12850K .......... .......... .......... .......... .......... 82% 3.63M 1s
 12900K .......... .......... .......... .......... .......... 82% 3.38M 1s
 12950K .......... .......... .......... .......... .......... 83% 4.03M 1s
 13000K .......... .......... .......... .......... .......... 83% 2.29M 1s
 13050K .......... .......... .......... .......... .......... 83% 2.55M 1s
 13100K .......... .......... .......... .......... .......... 84%  728K 1s
 13150K .......... .......... .......... .......... .......... 84% 58.8M 1s
 13200K .......... .......... .......... .......... .......... 84% 69.6M 1s
 13250K .......... .......... .......... .......... .......... 85% 2.65M 1s
 13300K .......... .......... .......... .......... .......... 85% 2.36M 1s
 13350K .......... .......... .......... .......... .......... 85% 2.36M 1s
 13400K .......... .......... .......... .......... .......... 86% 2.43M 1s
 13450K .......... .......... .......... .......... .......... 86%  508K 1s
 13500K .......... .......... .......... .......... .......... 86% 68.0M 1s
 13550K .......... .......... .......... .......... .......... 87%  966K 1s
 13600K .......... .......... .......... .......... .......... 87% 1.98M 1s
 13650K .......... .......... .......... .......... .......... 87% 2.96M 1s
 13700K .......... .......... .......... .......... .......... 87% 2.34M 1s
 13750K .......... .......... .......... .......... .......... 88% 3.69M 1s
 13800K .......... .......... .......... .......... .......... 88% 2.40M 1s
 13850K .......... .......... .......... .......... .......... 88% 3.79M 1s
 13900K .......... .......... .......... .......... .......... 89% 2.33M 1s
 13950K .......... .......... .......... .......... .......... 89% 2.91M 1s
 14000K .......... .......... .......... .......... .......... 89% 1.96M 1s
 14050K .......... .......... .......... .......... .......... 90% 3.74M 1s
 14100K .......... .......... .......... .......... .......... 90% 2.36M 1s
 14150K .......... .......... .......... .......... .......... 90% 4.26M 1s
 14200K .......... .......... .......... .......... .......... 91% 2.00M 1s
 14250K .......... .......... .......... .......... .......... 91% 4.30M 1s
 14300K .......... .......... .......... .......... .......... 91% 2.50M 1s
 14350K .......... .......... .......... .......... .......... 92% 3.06M 1s
 14400K .......... .......... .......... .......... .......... 92% 2.37M 0s
 14450K .......... .......... .......... .......... .......... 92% 3.88M 0s
 14500K .......... .......... .......... .......... .......... 93% 2.62M 0s
 14550K .......... .......... .......... .......... .......... 93% 4.46M 0s
 14600K .......... .......... .......... .......... .......... 93%  557K 0s
 14650K .......... .......... .......... .......... .......... 94% 1.51M 0s
 14700K .......... .......... .......... .......... .......... 94% 2.44M 0s
 14750K .......... .......... .......... .......... .......... 94% 2.25M 0s
 14800K .......... .......... .......... .......... .......... 95% 3.33M 0s
 14850K .......... .......... .......... .......... .......... 95% 2.93M 0s
 14900K .......... .......... .......... .......... .......... 95% 3.83M 0s
 14950K .......... .......... .......... .......... .......... 95% 2.84M 0s
 15000K .......... .......... .......... .......... .......... 96% 2.92M 0s
 15050K .......... .......... .......... .......... .......... 96% 2.46M 0s
 15100K .......... .......... .......... .......... .......... 96% 4.09M 0s
 15150K .......... .......... .......... .......... .......... 97% 2.64M 0s
 15200K .......... .......... .......... .......... .......... 97% 4.19M 0s
 15250K .......... .......... .......... .......... .......... 97% 2.18M 0s
 15300K .......... .......... .......... .......... .......... 98% 4.89M 0s
 15350K .......... .......... .......... .......... .......... 98% 3.13M 0s
 15400K .......... .......... .......... .......... .......... 98% 2.63M 0s
 15450K .......... .......... .......... .......... .......... 99% 2.07M 0s
 15500K .......... .......... .......... .......... .......... 99% 5.52M 0s
 15550K .......... .......... .......... .......... .......... 99% 3.22M 0s
 15600K .......... .......... .....                           100% 2.44M=6.6s

2026-04-18 10:42:02 (2.33 MB/s) - ‘/home/huyjetson/mobile_robot/ros2_ws/build/multirobot_map_merge/2012-01-28-11-12-01.pgm’ saved [16000058/16000058]

