[0.066s] Invoking command in '/home/huyjetson/mobile_robot/ros2_ws/build/multirobot_map_merge': CMAKE_PREFIX_PATH=${CMAKE_PREFIX_PATH}:/home/huyjetson/mobile_robot/ros2_ws/install/amr_sensors:/home/huyjetson/mobile_robot/ros2_ws/install/amr_bringup:/home/huyjetson/mobile_robot/ros2_ws/install/amr_ai:/opt/ros/humble /usr/bin/cmake /home/huyjetson/mobile_robot/ros2_ws/src/m-explore-ros2/map_merge -DAMENT_CMAKE_SYMLINK_INSTALL=1 -DCMAKE_INSTALL_PREFIX=/home/huyjetson/mobile_robot/ros2_ws/install/multirobot_map_merge
[1.676s] -- The C compiler identification is GNU 11.4.0
[1.676s] -- The CXX compiler identification is GNU 11.4.0
[1.677s] -- Detecting C compiler ABI info
[1.677s] -- Detecting C compiler ABI info - done
[1.677s] -- Check for working C compiler: /usr/bin/cc - skipped
[1.677s] -- Detecting C compile features
[1.677s] -- Detecting C compile features - done
[1.677s] -- Detecting CXX compiler ABI info
[1.677s] -- Detecting CXX compiler ABI info - done
[1.714s] -- Check for working CXX compiler: /usr/bin/c++ - skipped
[1.715s] -- Detecting CXX compile features
[1.715s] -- Detecting CXX compile features - done
[1.725s] -- Found ament_cmake: 1.3.14 (/opt/ros/humble/share/ament_cmake/cmake)
[2.500s] -- Found Python3: /usr/bin/python3 (found version "3.10.12") found components: Interpreter 
[3.086s] -- Override CMake install command with custom implementation using symlinks instead of copying resources
[3.339s] -- Found rclcpp: 16.0.18 (/opt/ros/humble/share/rclcpp/cmake)
[3.623s] -- Found rosidl_generator_c: 3.1.8 (/opt/ros/humble/share/rosidl_generator_c/cmake)
[3.664s] -- Found rosidl_adapter: 3.1.8 (/opt/ros/humble/share/rosidl_adapter/cmake)
[3.754s] -- Found rosidl_generator_cpp: 3.1.8 (/opt/ros/humble/share/rosidl_generator_cpp/cmake)
[3.893s] -- Using all available rosidl_typesupport_c: rosidl_typesupport_fastrtps_c;rosidl_typesupport_introspection_c
[4.060s] -- Using all available rosidl_typesupport_cpp: rosidl_typesupport_fastrtps_cpp;rosidl_typesupport_introspection_cpp
[4.379s] -- Found rmw_implementation_cmake: 6.1.2 (/opt/ros/humble/share/rmw_implementation_cmake/cmake)
[4.401s] -- Found rmw_cyclonedds_cpp: 1.3.4 (/opt/ros/humble/share/rmw_cyclonedds_cpp/cmake)
[4.556s] -- Using RMW implementation 'rmw_cyclonedds_cpp' as default
[4.597s] -- Looking for pthread.h
[5.116s] -- Looking for pthread.h - found
[5.116s] -- Performing Test CMAKE_HAVE_LIBC_PTHREAD
[5.680s] -- Performing Test CMAKE_HAVE_LIBC_PTHREAD - Success
[5.686s] -- Found Threads: TRUE  
[5.872s] -- Found geometry_msgs: 4.9.1 (/opt/ros/humble/share/geometry_msgs/cmake)
[5.920s] -- Found image_geometry: 3.2.1 (/opt/ros/humble/share/image_geometry/cmake)
[6.031s] -- Found map_msgs: 2.1.0 (/opt/ros/humble/share/map_msgs/cmake)
[6.251s] -- Found tf2_geometry_msgs: 0.25.19 (/opt/ros/humble/share/tf2_geometry_msgs/cmake)
[6.371s] -- Found eigen3_cmake_module: 0.1.1 (/opt/ros/humble/share/eigen3_cmake_module/cmake)
[6.628s] -- Found Eigen3: TRUE (found version "3.4.0") 
[6.629s] -- Ensuring Eigen3 include directory is part of orocos-kdl CMake target
[7.393s] -- Found Boost: /usr/lib/aarch64-linux-gnu/cmake/Boost-1.74.0/BoostConfig.cmake (found version "1.74.0") found components: thread 
[7.420s] -- Found OpenCV: /usr (found version "4.8.0") 
[7.480s] -- Found ament_lint_auto: 0.12.15 (/opt/ros/humble/share/ament_lint_auto/cmake)
[7.880s] -- Found ament_cmake_gtest: 1.3.14 (/opt/ros/humble/share/ament_cmake_gtest/cmake)
[7.934s] --2026-04-18 10:41:40--  https://raw.githubusercontent.com/hrnr/m-explore-extra/master/map_merge/hector_maps/map00.pgm
[7.951s] Resolving raw.githubusercontent.com (raw.githubusercontent.com)... 185.199.109.133, 185.199.108.133, 185.199.111.133, ...
[7.996s] Connecting to raw.githubusercontent.com (raw.githubusercontent.com)|185.199.109.133|:443... connected.
[8.776s] HTTP request sent, awaiting response... 200 OK
[8.777s] Length: 4194362 (4.0M) [application/octet-stream]
[8.777s] Saving to: ‘/home/huyjetson/mobile_robot/ros2_ws/build/multirobot_map_merge/map00.pgm’
[8.780s] 
[8.831s]      0K .......... .......... .......... .......... ..........  1%  931K 4s
[8.874s]     50K .......... .......... .......... .......... ..........  2% 1.12M 4s
[8.885s]    100K .......... .......... .......... .......... ..........  3% 4.47M 3s
[8.911s]    150K .......... .......... .......... .......... ..........  4% 1.90M 3s
[8.919s]    200K .......... .......... .......... .......... ..........  6% 5.36M 2s
[8.926s]    250K .......... .......... .......... .......... ..........  7% 7.89M 2s
[8.941s]    300K .......... .......... .......... .......... ..........  8% 3.49M 2s
[8.941s]    350K .......... .......... .......... .......... ..........  9%  111M 2s
[8.956s]    400K .......... .......... .......... .......... .......... 10% 3.20M 1s
[8.961s]    450K .......... .......... .......... .......... .......... 12% 10.4M 1s
[8.971s]    500K .......... .......... .......... .......... .......... 13% 5.71M 1s
[8.971s]    550K .......... .......... .......... .......... .......... 14%  102M 1s
[8.972s]    600K .......... .......... .......... .......... .......... 15% 15.4M 1s
[8.981s]    650K .......... .......... .......... .......... .......... 17% 6.08M 1s
[8.984s]    700K .......... .......... .......... .......... .......... 18% 11.8M 1s
[8.987s]    750K .......... .......... .......... .......... .......... 19% 17.7M 1s
[8.990s]    800K .......... .......... .......... .......... .......... 20% 18.2M 1s
[8.999s]    850K .......... .......... .......... .......... .......... 21% 5.40M 1s
[9.001s]    900K .......... .......... .......... .......... .......... 23% 18.1M 1s
[9.010s]    950K .......... .......... .......... .......... .......... 24% 5.79M 1s
[9.097s]   1000K .......... .......... .......... .......... .......... 25%  583K 1s
[9.112s]   1050K .......... .......... .......... .......... .......... 26% 3.08M 1s
[9.127s]   1100K .......... .......... .......... .......... .......... 28% 3.28M 1s
[9.145s]   1150K .......... .......... .......... .......... .......... 29% 2.69M 1s
[9.332s]   1200K .......... .......... .......... .......... .......... 30%  272K 1s
[9.333s]   1250K .......... .......... .......... .......... .......... 31% 40.8M 1s
[9.335s]   1300K .......... .......... .......... .......... .......... 32% 18.8M 1s
[9.335s]   1350K .......... .......... .......... .......... .......... 34% 87.9M 1s
[9.335s]   1400K .......... .......... .......... .......... .......... 35%  121M 1s
[9.335s]   1450K .......... .......... .......... .......... .......... 36% 99.3M 1s
[9.336s]   1500K .......... .......... .......... .......... .......... 37%  122M 1s
[9.336s]   1550K .......... .......... .......... .......... .......... 39% 90.9M 1s
[9.373s]   1600K .......... .......... .......... .......... .......... 40% 1.29M 1s
[9.380s]   1650K .......... .......... .......... .......... .......... 41% 7.37M 1s
[9.382s]   1700K .......... .......... .......... .......... .......... 42% 17.9M 1s
[9.414s]   1750K .......... .......... .......... .......... .......... 43% 1.57M 1s
[9.422s]   1800K .......... .......... .......... .......... .......... 45% 5.28M 1s
[9.425s]   1850K .......... .......... .......... .......... .......... 46% 13.7M 1s
[9.428s]   1900K .......... .......... .......... .......... .......... 47% 17.8M 1s
[9.454s]   1950K .......... .......... .......... .......... .......... 48% 1.94M 1s
[9.469s]   2000K .......... .......... .......... .......... .......... 50% 3.41M 1s
[9.483s]   2050K .......... .......... .......... .......... .......... 51% 3.24M 1s
[9.622s]   2100K .......... .......... .......... .......... .......... 52%  360K 1s
[9.629s]   2150K .......... .......... .......... .......... .......... 53% 8.14M 1s
[9.629s]   2200K .......... .......... .......... .......... .......... 54%  102M 1s
[9.629s]   2250K .......... .......... .......... .......... .......... 56% 63.2M 1s
[9.630s]   2300K .......... .......... .......... .......... .......... 57% 81.7M 1s
[9.685s]   2350K .......... .......... .......... .......... .......... 58%  914K 1s
[9.772s]   2400K .......... .......... .......... .......... .......... 59%  573K 1s
[9.773s]   2450K .......... .......... .......... .......... .......... 61% 53.5M 1s
[9.773s]   2500K .......... .......... .......... .......... .......... 62% 99.8M 1s
[9.773s]   2550K .......... .......... .......... .......... .......... 63%  102M 1s
[9.818s]   2600K .......... .......... .......... .......... .......... 64% 1.11M 1s
[9.818s]   2650K .......... .......... .......... .......... .......... 65% 89.4M 1s
[9.818s]   2700K .......... .......... .......... .......... .......... 67% 71.1M 1s
[9.837s]   2750K .......... .......... .......... .......... .......... 68% 2.68M 0s
[9.861s]   2800K .......... .......... .......... .......... .......... 69% 2.08M 0s
[9.879s]   2850K .......... .......... .......... .......... .......... 70% 2.76M 0s
[9.888s]   2900K .......... .......... .......... .......... .......... 72% 5.35M 0s
[9.896s]   2950K .......... .......... .......... .......... .......... 73% 5.71M 0s
[9.903s]   3000K .......... .......... .......... .......... .......... 74% 6.62M 0s
[9.918s]   3050K .......... .......... .......... .......... .......... 75% 3.56M 0s
[9.928s]   3100K .......... .......... .......... .......... .......... 76% 4.90M 0s
[9.949s]   3150K .......... .......... .......... .......... .......... 78% 2.32M 0s
[10.033s]   3200K .......... .......... .......... .......... .......... 79%  597K 0s
[10.041s]   3250K .......... .......... .......... .......... .......... 80% 5.13M 0s
[10.050s]   3300K .......... .......... .......... .......... .......... 81% 6.00M 0s
[10.064s]   3350K .......... .......... .......... .......... .......... 83% 3.29M 0s
[10.065s]   3400K .......... .......... .......... .......... .......... 84% 91.9M 0s
[10.071s]   3450K .......... .......... .......... .......... .......... 85% 7.67M 0s
[10.094s]   3500K .......... .......... .......... .......... .......... 86% 2.17M 0s
[10.158s]   3550K .......... .......... .......... .......... .......... 87%  787K 0s
[10.159s]   3600K .......... .......... .......... .......... .......... 89% 74.7M 0s
[10.161s]   3650K .......... .......... .......... .......... .......... 90% 16.0M 0s
[10.181s]   3700K .......... .......... .......... .......... .......... 91% 2.55M 0s
[10.508s]   3750K .......... .......... .......... .......... .......... 92%  153K 0s
[10.514s]   3800K .......... .......... .......... .......... .......... 93% 8.61M 0s
[10.588s]   3850K .......... .......... .......... .......... .......... 95%  672K 0s
[10.628s]   3900K .......... .......... .......... .......... .......... 96% 1.22M 0s
[10.654s]   3950K .......... .......... .......... .......... .......... 97% 1.91M 0s
[10.673s]   4000K .......... .......... .......... .......... .......... 98% 2.54M 0s
[10.688s]   4050K .......... .......... .......... .......... ......    100% 2.90M=1.9s
[10.688s] 
[10.690s] 2026-04-18 10:41:42 (2.09 MB/s) - ‘/home/huyjetson/mobile_robot/ros2_ws/build/multirobot_map_merge/map00.pgm’ saved [4194362/4194362]
[10.690s] 
[10.695s] Checking MD5 sum of /home/huyjetson/mobile_robot/ros2_ws/build/multirobot_map_merge/map00.pgm
[10.769s] /home/huyjetson/mobile_robot/ros2_ws/build/multirobot_map_merge/map00.pgm: OK
[10.816s] --2026-04-18 10:41:42--  https://raw.githubusercontent.com/hrnr/m-explore-extra/master/map_merge/hector_maps/map05.pgm
[10.837s] Resolving raw.githubusercontent.com (raw.githubusercontent.com)... 185.199.109.133, 185.199.111.133, 185.199.110.133, ...
[10.881s] Connecting to raw.githubusercontent.com (raw.githubusercontent.com)|185.199.109.133|:443... connected.
[12.226s] HTTP request sent, awaiting response... 200 OK
[12.226s] Length: 4194362 (4.0M) [application/octet-stream]
[12.226s] Saving to: ‘/home/huyjetson/mobile_robot/ros2_ws/build/multirobot_map_merge/map05.pgm’
[12.227s] 
[12.290s]      0K .......... .......... .......... .......... ..........  1%  726K 6s
[12.318s]     50K .......... .......... .......... .......... ..........  2% 1.66M 4s
[12.329s]    100K .......... .......... .......... .......... ..........  3% 4.20M 3s
[12.340s]    150K .......... .......... .......... .......... ..........  4% 4.30M 2s
[12.358s]    200K .......... .......... .......... .......... ..........  6% 2.67M 2s
[12.366s]    250K .......... .......... .......... .......... ..........  7% 6.02M 2s
[12.376s]    300K .......... .......... .......... .......... ..........  8% 4.75M 2s
[12.380s]    350K .......... .......... .......... .......... ..........  9% 12.8M 1s
[12.704s]    400K .......... .......... .......... .......... .......... 10%  155K 4s
[12.705s]    450K .......... .......... .......... .......... .......... 12%  101M 3s
[12.709s]    500K .......... .......... .......... .......... .......... 13% 8.51M 3s
[12.710s]    550K .......... .......... .......... .......... .......... 14%  105M 3s
[12.710s]    600K .......... .......... .......... .......... .......... 15% 81.6M 3s
[12.715s]    650K .......... .......... .......... .......... .......... 17% 9.19M 2s
[12.716s]    700K .......... .......... .......... .......... .......... 18%  104M 2s
[12.720s]    750K .......... .......... .......... .......... .......... 19% 11.5M 2s
[12.751s]    800K .......... .......... .......... .......... .......... 20% 1.58M 2s
[12.771s]    850K .......... .......... .......... .......... .......... 21% 2.44M 2s
[12.789s]    900K .......... .......... .......... .......... .......... 23% 2.73M 2s
[12.796s]    950K .......... .......... .......... .......... .......... 24% 6.57M 2s
[12.802s]   1000K .......... .......... .......... .......... .......... 25% 8.64M 2s
[12.804s]   1050K .......... .......... .......... .......... .......... 26% 17.2M 2s
[12.808s]   1100K .......... .......... .......... .......... .......... 28% 12.2M 2s
[12.812s]   1150K .......... .......... .......... .......... .......... 29% 12.9M 1s
[12.816s]   1200K .......... .......... .......... .......... .......... 30% 12.8M 1s
[12.822s]   1250K .......... .......... .......... .......... .......... 31% 7.79M 1s
[12.823s]   1300K .......... .......... .......... .......... .......... 32% 89.8M 1s
[12.834s]   1350K .......... .......... .......... .......... .......... 34% 5.14M 1s
[12.834s]   1400K .......... .......... .......... .......... .......... 35% 45.8M 1s
[12.849s]   1450K .......... .......... .......... .......... .......... 36% 3.14M 1s
[12.850s]   1500K .......... .......... .......... .......... .......... 37% 84.7M 1s
[12.861s]   1550K .......... .......... .......... .......... .......... 39% 4.58M 1s
[12.864s]   1600K .......... .......... .......... .......... .......... 40% 11.2M 1s
[12.994s]   1650K .......... .......... .......... .......... .......... 41%  387K 1s
[13.006s]   1700K .......... .......... .......... .......... .......... 42% 4.30M 1s
[13.007s]   1750K .......... .......... .......... .......... .......... 43% 66.7M 1s
[13.007s]   1800K .......... .......... .......... .......... .......... 45% 65.3M 1s
[13.007s]   1850K .......... .......... .......... .......... .......... 46%  109M 1s
[13.025s]   1900K .......... .......... .......... .......... .......... 47% 2.91M 1s
[13.025s]   1950K .......... .......... .......... .......... .......... 48% 54.4M 1s
[13.041s]   2000K .......... .......... .......... .......... .......... 50% 3.01M 1s
[13.181s]   2050K .......... .......... .......... .......... .......... 51%  359K 1s
[13.183s]   2100K .......... .......... .......... .......... .......... 52% 15.8M 1s
[13.184s]   2150K .......... .......... .......... .......... .......... 53% 96.5M 1s
[13.184s]   2200K .......... .......... .......... .......... .......... 54% 63.1M 1s
[13.185s]   2250K .......... .......... .......... .......... .......... 56% 87.1M 1s
[13.185s]   2300K .......... .......... .......... .......... .......... 57% 71.9M 1s
[13.186s]   2350K .......... .......... .......... .......... .......... 58%  115M 1s
[13.189s]   2400K .......... .......... .......... .......... .......... 59% 17.1M 1s
[13.216s]   2450K .......... .......... .......... .......... .......... 61% 2.47M 1s
[13.235s]   2500K .......... .......... .......... .......... .......... 62% 1.88M 1s
[13.323s]   2550K .......... .......... .......... .......... .......... 63%  574K 1s
[13.332s]   2600K .......... .......... .......... .......... .......... 64% 5.53M 1s
[13.347s]   2650K .......... .......... .......... .......... .......... 65% 3.21M 1s
[13.362s]   2700K .......... .......... .......... .......... .......... 67% 3.13M 1s
[13.496s]   2750K .......... .......... .......... .......... .......... 68%  374K 1s
[13.496s]   2800K .......... .......... .......... .......... .......... 69% 71.0M 1s
[13.497s]   2850K .......... .......... .......... .......... .......... 70% 83.6M 1s
[13.497s]   2900K .......... .......... .......... .......... .......... 72% 58.6M 0s
[13.497s]   2950K .......... .......... .......... .......... .......... 73%  110M 0s
[13.498s]   3000K .......... .......... .......... .......... .......... 74%  110M 0s
[13.499s]   3050K .......... .......... .......... .......... .......... 75% 69.2M 0s
[13.499s]   3100K .......... .......... .......... .......... .......... 76% 74.8M 0s
[13.511s]   3150K .......... .......... .......... .......... .......... 78% 4.52M 0s
[13.531s]   3200K .......... .......... .......... .......... .......... 79% 2.39M 0s
[13.558s]   3250K .......... .......... .......... .......... .......... 80% 2.49M 0s
[13.637s]   3300K .......... .......... .......... .......... .......... 81%  599K 0s
[13.650s]   3350K .......... .......... .......... .......... .......... 83% 3.00M 0s
[13.661s]   3400K .......... .......... .......... .......... .......... 84% 4.71M 0s
[13.678s]   3450K .......... .......... .......... .......... .......... 85% 2.89M 0s
[13.812s]   3500K .......... .......... .......... .......... .......... 86%  372K 0s
[13.813s]   3550K .......... .......... .......... .......... .......... 87% 60.7M 0s
[13.813s]   3600K .......... .......... .......... .......... .......... 89% 80.1M 0s
[13.814s]   3650K .......... .......... .......... .......... .......... 90% 74.6M 0s
[13.814s]   3700K .......... .......... .......... .......... .......... 91% 82.4M 0s
[13.815s]   3750K .......... .......... .......... .......... .......... 92% 86.3M 0s
[13.816s]   3800K .......... .......... .......... .......... .......... 93% 66.8M 0s
[13.816s]   3850K .......... .......... .......... .......... .......... 95% 70.4M 0s
[13.883s]   3900K .......... .......... .......... .......... .......... 96%  753K 0s
[13.884s]   3950K .......... .......... .......... .......... .......... 97% 66.2M 0s
[13.884s]   4000K .......... .......... .......... .......... .......... 98%  120M 0s
[13.931s]   4050K .......... .......... .......... .......... ......    100%  986K=1.7s
[13.932s] 
[13.932s] 2026-04-18 10:41:46 (2.34 MB/s) - ‘/home/huyjetson/mobile_robot/ros2_ws/build/multirobot_map_merge/map05.pgm’ saved [4194362/4194362]
[13.932s] 
[13.935s] Checking MD5 sum of /home/huyjetson/mobile_robot/ros2_ws/build/multirobot_map_merge/map05.pgm
[14.039s] /home/huyjetson/mobile_robot/ros2_ws/build/multirobot_map_merge/map05.pgm: OK
[14.092s] --2026-04-18 10:41:46--  https://raw.githubusercontent.com/hrnr/m-explore-extra/master/map_merge/gmapping_maps/2011-08-09-12-22-52.pgm
[14.117s] Resolving raw.githubusercontent.com (raw.githubusercontent.com)... 185.199.111.133, 185.199.108.133, 185.199.110.133, ...
[14.152s] Connecting to raw.githubusercontent.com (raw.githubusercontent.com)|185.199.111.133|:443... connected.
[15.092s] HTTP request sent, awaiting response... 200 OK
[15.092s] Length: 16000058 (15M) [application/octet-stream]
[15.092s] Saving to: ‘/home/huyjetson/mobile_robot/ros2_ws/build/multirobot_map_merge/2011-08-09-12-22-52.pgm’
[15.092s] 
[15.133s]      0K .......... .......... .......... .......... ..........  0% 1.18M 13s
[15.164s]     50K .......... .......... .......... .......... ..........  0% 1.56M 11s
[15.170s]    100K .......... .......... .......... .......... ..........  0% 6.76M 8s
[15.179s]    150K .......... .......... .......... .......... ..........  1% 6.16M 7s
[15.199s]    200K .......... .......... .......... .......... ..........  1% 2.42M 7s
[15.202s]    250K .......... .......... .......... .......... ..........  1% 12.1M 6s
[15.208s]    300K .......... .......... .......... .......... ..........  2% 10.0M 5s
[15.218s]    350K .......... .......... .......... .......... ..........  2% 7.83M 5s
[15.218s]    400K .......... .......... .......... .......... ..........  2% 13.7M 4s
[15.233s]    450K .......... .......... .......... .......... ..........  3% 3.67M 4s
[15.239s]    500K .......... .......... .......... .......... ..........  3% 5.80M 4s
[15.250s]    550K .......... .......... .......... .......... ..........  3% 4.68M 4s
[15.259s]    600K .......... .......... .......... .......... ..........  4% 5.09M 4s
[15.267s]    650K .......... .......... .......... .......... ..........  4% 6.17M 4s
[15.277s]    700K .......... .......... .......... .......... ..........  4% 10.4M 4s
[15.282s]    750K .......... .......... .......... .......... ..........  5% 4.85M 4s
[15.297s]    800K .......... .......... .......... .......... ..........  5% 7.83M 3s
[15.298s]    850K .......... .......... .......... .......... ..........  5% 6.71M 3s
[15.332s]    900K .......... .......... .......... .......... ..........  6% 1.36M 4s
[15.353s]    950K .......... .......... .......... .......... ..........  6% 2.29M 4s
[15.362s]   1000K .......... .......... .......... .......... ..........  6% 5.46M 4s
[15.421s]   1050K .......... .......... .......... .......... ..........  7%  842K 4s
[15.449s]   1100K .......... .......... .......... .......... ..........  7% 1.98M 4s
[15.463s]   1150K .......... .......... .......... .......... ..........  7% 2.82M 4s
[15.471s]   1200K .......... .......... .......... .......... ..........  7% 5.93M 4s
[15.530s]   1250K .......... .......... .......... .......... ..........  8%  862K 5s
[15.531s]   1300K .......... .......... .......... .......... ..........  8% 76.3M 5s
[15.548s]   1350K .......... .......... .......... .......... ..........  8% 2.62M 5s
[15.556s]   1400K .......... .......... .......... .......... ..........  9% 8.69M 5s
[15.556s]   1450K .......... .......... .......... .......... ..........  9% 28.0M 4s
[15.557s]   1500K .......... .......... .......... .......... ..........  9% 90.3M 4s
[15.576s]   1550K .......... .......... .......... .......... .......... 10% 2.51M 4s
[15.594s]   1600K .......... .......... .......... .......... .......... 10% 2.64M 4s
[15.666s]   1650K .......... .......... .......... .......... .......... 10%  704K 5s
[15.667s]   1700K .......... .......... .......... .......... .......... 11% 66.8M 5s
[15.667s]   1750K .......... .......... .......... .......... .......... 11% 30.2M 4s
[15.670s]   1800K .......... .......... .......... .......... .......... 11% 14.1M 4s
[15.686s]   1850K .......... .......... .......... .......... .......... 12% 3.14M 4s
[15.706s]   1900K .......... .......... .......... .......... .......... 12% 3.87M 4s
[15.777s]   1950K .......... .......... .......... .......... .......... 12%  650K 5s
[15.778s]   2000K .......... .......... .......... .......... .......... 13% 66.3M 5s
[15.778s]   2050K .......... .......... .......... .......... .......... 13% 75.2M 4s
[15.813s]   2100K .......... .......... .......... .......... .......... 13% 1.39M 5s
[15.814s]   2150K .......... .......... .......... .......... .......... 14% 59.5M 4s
[15.830s]   2200K .......... .......... .......... .......... .......... 14% 2.91M 4s
[15.855s]   2250K .......... .......... .......... .......... .......... 14% 2.68M 4s
[15.875s]   2300K .......... .......... .......... .......... .......... 15% 1.81M 4s
[15.896s]   2350K .......... .......... .......... .......... .......... 15% 2.35M 4s
[15.917s]   2400K .......... .......... .......... .......... .......... 15% 2.31M 4s
[15.937s]   2450K .......... .......... .......... .......... .......... 15% 2.54M 4s
[15.959s]   2500K .......... .......... .......... .......... .......... 16% 2.19M 4s
[15.978s]   2550K .......... .......... .......... .......... .......... 16% 2.46M 4s
[15.998s]   2600K .......... .......... .......... .......... .......... 16% 2.46M 4s
[16.019s]   2650K .......... .......... .......... .......... .......... 17% 2.42M 4s
[16.046s]   2700K .......... .......... .......... .......... .......... 17% 1.80M 4s
[16.066s]   2750K .......... .......... .......... .......... .......... 17% 2.42M 4s
[16.087s]   2800K .......... .......... .......... .......... .......... 18% 2.32M 4s
[16.108s]   2850K .......... .......... .......... .......... .......... 18% 2.39M 4s
[16.153s]   2900K .......... .......... .......... .......... .......... 18% 1.09M 5s
[16.154s]   2950K .......... .......... .......... .......... .......... 19% 21.4M 4s
[16.168s]   3000K .......... .......... .......... .......... .......... 19% 3.44M 4s
[16.202s]   3050K .......... .......... .......... .......... .......... 19% 1.43M 4s
[16.224s]   3100K .......... .......... .......... .......... .......... 20% 2.30M 4s
[16.241s]   3150K .......... .......... .......... .......... .......... 20% 2.89M 4s
[16.257s]   3200K .......... .......... .......... .......... .......... 20% 2.95M 4s
[16.277s]   3250K .......... .......... .......... .......... .......... 21% 2.44M 4s
[16.299s]   3300K .......... .......... .......... .......... .......... 21% 2.18M 4s
[16.318s]   3350K .......... .......... .......... .......... .......... 21% 2.62M 4s
[16.341s]   3400K .......... .......... .......... .......... .......... 22% 2.13M 4s
[16.359s]   3450K .......... .......... .......... .......... .......... 22% 2.74M 4s
[16.387s]   3500K .......... .......... .......... .......... .......... 22% 1.77M 4s
[16.408s]   3550K .......... .......... .......... .......... .......... 23% 2.33M 4s
[16.427s]   3600K .......... .......... .......... .......... .......... 23% 2.51M 4s
[16.447s]   3650K .......... .......... .......... .......... .......... 23% 2.45M 4s
[16.468s]   3700K .......... .......... .......... .......... .......... 23% 2.31M 4s
[16.489s]   3750K .......... .......... .......... .......... .......... 24% 2.35M 4s
[16.516s]   3800K .......... .......... .......... .......... .......... 24% 1.80M 4s
[16.529s]   3850K .......... .......... .......... .......... .......... 24% 3.73M 4s
[16.562s]   3900K .......... .......... .......... .......... .......... 25% 1.48M 4s
[16.577s]   3950K .......... .......... .......... .......... .......... 25% 3.36M 4s
[16.598s]   4000K .......... .......... .......... .......... .......... 25% 2.34M 4s
[16.617s]   4050K .......... .......... .......... .......... .......... 26% 2.46M 4s
[16.638s]   4100K .......... .......... .......... .......... .......... 26% 2.33M 4s
[16.658s]   4150K .......... .......... .......... .......... .......... 26% 2.41M 4s
[16.679s]   4200K .......... .......... .......... .......... .......... 27% 2.32M 4s
[16.699s]   4250K .......... .......... .......... .......... .......... 27% 2.48M 4s
[16.725s]   4300K .......... .......... .......... .......... .......... 27% 1.83M 4s
[16.759s]   4350K .......... .......... .......... .......... .......... 28% 2.07M 4s
[16.787s]   4400K .......... .......... .......... .......... .......... 28% 2.72M 4s
[16.788s]   4450K .......... .......... .......... .......... .......... 28% 2.43M 4s
[16.808s]   4500K .......... .......... .......... .......... .......... 29% 2.33M 4s
[16.827s]   4550K .......... .......... .......... .......... .......... 29% 2.70M 4s
[16.857s]   4600K .......... .......... .......... .......... .......... 29% 1.78M 4s
[16.879s]   4650K .......... .......... .......... .......... .......... 30% 2.37M 4s
[16.899s]   4700K .......... .......... .......... .......... .......... 30% 2.42M 4s
[16.916s]   4750K .......... .......... .......... .......... .......... 30% 2.34M 4s
[16.936s]   4800K .......... .......... .......... .......... .......... 31% 2.40M 4s
[16.956s]   4850K .......... .......... .......... .......... .......... 31% 2.39M 4s
[16.977s]   4900K .......... .......... .......... .......... .......... 31% 2.34M 4s
[16.998s]   4950K .......... .......... .......... .......... .......... 31% 2.40M 4s
[17.024s]   5000K .......... .......... .......... .......... .......... 32% 1.85M 4s
[17.055s]   5050K .......... .......... .......... .......... .......... 32% 2.34M 4s
[17.065s]   5100K .......... .......... .......... .......... .......... 32% 2.42M 4s
[17.086s]   5150K .......... .......... .......... .......... .......... 33% 2.39M 4s
[17.106s]   5200K .......... .......... .......... .......... .......... 33% 2.42M 4s
[17.127s]   5250K .......... .......... .......... .......... .......... 33% 2.35M 4s
[17.147s]   5300K .......... .......... .......... .......... .......... 34% 2.40M 4s
[17.167s]   5350K .......... .......... .......... .......... .......... 34% 2.43M 4s
[17.195s]   5400K .......... .......... .......... .......... .......... 34% 1.80M 4s
[17.215s]   5450K .......... .......... .......... .......... .......... 35% 2.37M 4s
[17.236s]   5500K .......... .......... .......... .......... .......... 35% 2.33M 4s
[17.257s]   5550K .......... .......... .......... .......... .......... 35% 2.38M 4s
[17.276s]   5600K .......... .......... .......... .......... .......... 36% 2.41M 4s
[17.296s]   5650K .......... .......... .......... .......... .......... 36% 2.38M 4s
[17.317s]   5700K .......... .......... .......... .......... .......... 36% 2.45M 4s
[17.338s]   5750K .......... .......... .......... .......... .......... 37% 2.32M 4s
[17.365s]   5800K .......... .......... .......... .......... .......... 37% 1.84M 4s
[17.385s]   5850K .......... .......... .......... .......... .......... 37% 2.41M 4s
[17.406s]   5900K .......... .......... .......... .......... .......... 38% 2.39M 4s
[17.426s]   5950K .......... .......... .......... .......... .......... 38% 2.33M 4s
[17.446s]   6000K .......... .......... .......... .......... .......... 38% 2.42M 4s
[17.468s]   6050K .......... .......... .......... .......... .......... 39% 2.21M 4s
[17.488s]   6100K .......... .......... .......... .......... .......... 39% 2.50M 4s
[17.508s]   6150K .......... .......... .......... .......... .......... 39% 2.45M 4s
[17.535s]   6200K .......... .......... .......... .......... .......... 39% 1.80M 4s
[17.556s]   6250K .......... .......... .......... .......... .......... 40% 2.31M 4s
[17.576s]   6300K .......... .......... .......... .......... .......... 40% 2.42M 4s
[17.597s]   6350K .......... .......... .......... .......... .......... 40% 2.41M 4s
[17.616s]   6400K .......... .......... .......... .......... .......... 41% 2.48M 4s
[17.637s]   6450K .......... .......... .......... .......... .......... 41% 2.33M 4s
[17.658s]   6500K .......... .......... .......... .......... .......... 41% 2.33M 4s
[17.679s]   6550K .......... .......... .......... .......... .......... 42% 2.39M 4s
[17.705s]   6600K .......... .......... .......... .......... .......... 42% 1.82M 4s
[17.726s]   6650K .......... .......... .......... .......... .......... 42% 2.40M 4s
[17.746s]   6700K .......... .......... .......... .......... .......... 43% 2.43M 3s
[17.767s]   6750K .......... .......... .......... .......... .......... 43% 2.34M 3s
[17.787s]   6800K .......... .......... .......... .......... .......... 43% 2.39M 3s
[17.806s]   6850K .......... .......... .......... .......... .......... 44% 2.56M 3s
[17.833s]   6900K .......... .......... .......... .......... .......... 44% 1.80M 3s
[17.853s]   6950K .......... .......... .......... .......... .......... 44% 2.42M 3s
[17.875s]   7000K .......... .......... .......... .......... .......... 45% 2.21M 3s
[17.894s]   7050K .......... .......... .......... .......... .......... 45% 2.60M 3s
[17.916s]   7100K .......... .......... .......... .......... .......... 45% 2.23M 3s
[17.935s]   7150K .......... .......... .......... .......... .......... 46% 2.53M 3s
[17.956s]   7200K .......... .......... .......... .......... .......... 46% 2.32M 3s
[17.979s]   7250K .......... .......... .......... .......... .......... 46% 2.17M 3s
[18.003s]   7300K .......... .......... .......... .......... .......... 47% 2.01M 3s
[18.074s]   7350K .......... .......... .......... .......... .......... 47%  710K 3s
[18.075s]   7400K .......... .......... .......... .......... .......... 47% 52.2M 3s
[18.075s]   7450K .......... .......... .......... .......... .......... 47%  115M 3s
[18.085s]   7500K .......... .......... .......... .......... .......... 48% 4.78M 3s
[18.105s]   7550K .......... .......... .......... .......... .......... 48% 2.48M 3s
[18.130s]   7600K .......... .......... .......... .......... .......... 48% 1.90M 3s
[18.151s]   7650K .......... .......... .......... .......... .......... 49% 2.40M 3s
[18.176s]   7700K .......... .......... .......... .......... .......... 49% 1.92M 3s
[18.194s]   7750K .......... .......... .......... .......... .......... 49% 2.80M 3s
[18.215s]   7800K .......... .......... .......... .......... .......... 50% 2.38M 3s
[18.234s]   7850K .......... .......... .......... .......... .......... 50% 2.47M 3s
[18.255s]   7900K .......... .......... .......... .......... .......... 50% 2.27M 3s
[18.275s]   7950K .......... .......... .......... .......... .......... 51% 2.47M 3s
[18.296s]   8000K .......... .......... .......... .......... .......... 51% 2.34M 3s
[18.322s]   8050K .......... .......... .......... .......... .......... 51% 1.86M 3s
[18.344s]   8100K .......... .......... .......... .......... .......... 52% 2.26M 3s
[18.364s]   8150K .......... .......... .......... .......... .......... 52% 2.43M 3s
[18.387s]   8200K .......... .......... .......... .......... .......... 52% 2.14M 3s
[18.405s]   8250K .......... .......... .......... .......... .......... 53% 2.69M 3s
[18.426s]   8300K .......... .......... .......... .......... .......... 53% 2.35M 3s
[18.446s]   8350K .......... .......... .......... .......... .......... 53% 2.46M 3s
[18.466s]   8400K .......... .......... .......... .......... .......... 54% 2.42M 3s
[18.485s]   8450K .......... .......... .......... .......... .......... 54% 2.48M 3s
[18.514s]   8500K .......... .......... .......... .......... .......... 54% 1.70M 3s
[18.534s]   8550K .......... .......... .......... .......... .......... 55% 2.53M 3s
[18.555s]   8600K .......... .......... .......... .......... .......... 55% 2.25M 3s
[18.575s]   8650K .......... .......... .......... .......... .......... 55% 2.48M 3s
[18.595s]   8700K .......... .......... .......... .......... .......... 55% 2.36M 3s
[18.615s]   8750K .......... .......... .......... .......... .......... 56% 2.45M 3s
[18.637s]   8800K .......... .......... .......... .......... .......... 56% 2.29M 3s
[18.656s]   8850K .......... .......... .......... .......... .......... 56% 2.48M 3s
[18.685s]   8900K .......... .......... .......... .......... .......... 57% 1.70M 3s
[18.703s]   8950K .......... .......... .......... .......... .......... 57% 2.84M 3s
[18.723s]   9000K .......... .......... .......... .......... .......... 57% 2.41M 3s
[18.743s]   9050K .......... .......... .......... .......... .......... 58% 2.38M 3s
[18.764s]   9100K .......... .......... .......... .......... .......... 58% 2.37M 3s
[18.857s]   9150K .......... .......... .......... .......... .......... 58%  540K 3s
[18.857s]   9200K .......... .......... .......... .......... .......... 59% 29.7M 3s
[18.911s]   9250K .......... .......... .......... .......... .......... 59%  946K 3s
[18.945s]   9300K .......... .......... .......... .......... .......... 59% 1.44M 3s
[18.964s]   9350K .......... .......... .......... .......... .......... 60% 2.57M 3s
[18.979s]   9400K .......... .......... .......... .......... .......... 60% 3.24M 3s
[18.997s]   9450K .......... .......... .......... .......... .......... 60% 2.73M 3s
[19.011s]   9500K .......... .......... .......... .......... .......... 61% 3.51M 2s
[19.025s]   9550K .......... .......... .......... .......... .......... 61% 3.38M 2s
[19.048s]   9600K .......... .......... .......... .......... .......... 61% 2.19M 2s
[19.062s]   9650K .......... .......... .......... .......... .......... 62% 3.43M 2s
[19.080s]   9700K .......... .......... .......... .......... .......... 62% 2.60M 2s
[19.093s]   9750K .......... .......... .......... .......... .......... 62% 3.79M 2s
[19.116s]   9800K .......... .......... .......... .......... .......... 63% 2.19M 2s
[19.128s]   9850K .......... .......... .......... .......... .......... 63% 3.83M 2s
[19.147s]   9900K .......... .......... .......... .......... .......... 63% 2.66M 2s
[19.166s]   9950K .......... .......... .......... .......... .......... 63% 3.84M 2s
[19.183s]  10000K .......... .......... .......... .......... .......... 64% 2.09M 2s
[19.195s]  10050K .......... .......... .......... .......... .......... 64% 3.92M 2s
[19.209s]  10100K .......... .......... .......... .......... .......... 64% 3.62M 2s
[19.226s]  10150K .......... .......... .......... .......... .......... 65% 2.80M 2s
[19.247s]  10200K .......... .......... .......... .......... .......... 65% 2.35M 2s
[19.260s]  10250K .......... .......... .......... .......... .......... 65% 3.81M 2s
[19.350s]  10300K .......... .......... .......... .......... .......... 66%  559K 2s
[19.350s]  10350K .......... .......... .......... .......... .......... 66% 36.1M 2s
[19.395s]  10400K .......... .......... .......... .......... .......... 66% 1.36M 2s
[19.417s]  10450K .......... .......... .......... .......... .......... 67% 1.62M 2s
[19.437s]  10500K .......... .......... .......... .......... .......... 67% 2.46M 2s
[19.451s]  10550K .......... .......... .......... .......... .......... 67% 3.47M 2s
[19.465s]  10600K .......... .......... .......... .......... .......... 68% 3.29M 2s
[19.480s]  10650K .......... .......... .......... .......... .......... 68% 3.18M 2s
[19.492s]  10700K .......... .......... .......... .......... .......... 68% 4.20M 2s
[19.510s]  10750K .......... .......... .......... .......... .......... 69% 2.81M 2s
[19.527s]  10800K .......... .......... .......... .......... .......... 69% 2.79M 2s
[19.543s]  10850K .......... .......... .......... .......... .......... 69% 3.12M 2s
[19.560s]  10900K .......... .......... .......... .......... .......... 70% 2.84M 2s
[19.571s]  10950K .......... .......... .......... .......... .......... 70% 4.35M 2s
[19.588s]  11000K .......... .......... .......... .......... .......... 70% 2.92M 2s
[19.602s]  11050K .......... .......... .......... .......... .......... 71% 3.41M 2s
[19.617s]  11100K .......... .......... .......... .......... .......... 71% 3.22M 2s
[19.636s]  11150K .......... .......... .......... .......... .......... 71% 2.59M 2s
[19.663s]  11200K .......... .......... .......... .......... .......... 71% 1.87M 2s
[19.681s]  11250K .......... .......... .......... .......... .......... 72% 2.58M 2s
[19.702s]  11300K .......... .......... .......... .......... .......... 72% 2.36M 2s
[19.722s]  11350K .......... .......... .......... .......... .......... 72% 2.39M 2s
[19.744s]  11400K .......... .......... .......... .......... .......... 73% 2.29M 2s
[19.843s]  11450K .......... .......... .......... .......... .......... 73%  502K 2s
[19.844s]  11500K .......... .......... .......... .......... .......... 73% 66.4M 2s
[19.846s]  11550K .......... .......... .......... .......... .......... 74% 19.3M 2s
[19.897s]  11600K .......... .......... .......... .......... .......... 74%  991K 2s
[19.923s]  11650K .......... .......... .......... .......... .......... 74% 1.89M 2s
[19.935s]  11700K .......... .......... .......... .......... .......... 75% 3.97M 2s
[19.947s]  11750K .......... .......... .......... .......... .......... 75% 4.13M 2s
[19.969s]  11800K .......... .......... .......... .......... .......... 75% 2.21M 2s
[19.982s]  11850K .......... .......... .......... .......... .......... 76% 3.72M 2s
[20.002s]  11900K .......... .......... .......... .......... .......... 76% 2.49M 2s
[20.013s]  11950K .......... .......... .......... .......... .......... 76% 4.20M 1s
[20.030s]  12000K .......... .......... .......... .......... .......... 77% 2.88M 1s
[20.042s]  12050K .......... .......... .......... .......... .......... 77% 4.02M 1s
[20.058s]  12100K .......... .......... .......... .......... .......... 77% 3.16M 1s
[20.073s]  12150K .......... .......... .......... .......... .......... 78% 3.31M 1s
[20.090s]  12200K .......... .......... .......... .......... .......... 78% 2.74M 1s
[20.105s]  12250K .......... .......... .......... .......... .......... 78% 3.22M 1s
[20.130s]  12300K .......... .......... .......... .......... .......... 79% 1.95M 1s
[20.151s]  12350K .......... .......... .......... .......... .......... 79% 2.43M 1s
[20.172s]  12400K .......... .......... .......... .......... .......... 79% 2.35M 1s
[20.192s]  12450K .......... .......... .......... .......... .......... 79% 2.43M 1s
[20.213s]  12500K .......... .......... .......... .......... .......... 80% 2.28M 1s
[20.233s]  12550K .......... .......... .......... .......... .......... 80% 2.39M 1s
[20.253s]  12600K .......... .......... .......... .......... .......... 80% 2.47M 1s
[20.575s]  12650K .......... .......... .......... .......... .......... 81%  155K 1s
[20.582s]  12700K .......... .......... .......... .......... .......... 81% 7.85M 1s
[20.666s]  12750K .......... .......... .......... .......... .......... 81%  597K 1s
[20.703s]  12800K .......... .......... .......... .......... .......... 82% 1.31M 1s
[20.721s]  12850K .......... .......... .......... .......... .......... 82% 2.67M 1s
[20.737s]  12900K .......... .......... .......... .......... .......... 82% 3.06M 1s
[20.750s]  12950K .......... .......... .......... .......... .......... 83% 3.58M 1s
[20.762s]  13000K .......... .......... .......... .......... .......... 83% 4.12M 1s
[20.785s]  13050K .......... .......... .......... .......... .......... 83% 2.24M 1s
[20.799s]  13100K .......... .......... .......... .......... .......... 84% 3.39M 1s
[20.811s]  13150K .......... .......... .......... .......... .......... 84% 4.09M 1s
[20.828s]  13200K .......... .......... .......... .......... .......... 84% 2.83M 1s
[20.840s]  13250K .......... .......... .......... .......... .......... 85% 4.19M 1s
[20.857s]  13300K .......... .......... .......... .......... .......... 85% 2.78M 1s
[20.870s]  13350K .......... .......... .......... .......... .......... 85% 3.73M 1s
[20.882s]  13400K .......... .......... .......... .......... .......... 86% 4.13M 1s
[20.901s]  13450K .......... .......... .......... .......... .......... 86% 2.59M 1s
[20.915s]  13500K .......... .......... .......... .......... .......... 86% 3.49M 1s
[20.938s]  13550K .......... .......... .......... .......... .......... 87% 2.13M 1s
[20.949s]  13600K .......... .......... .......... .......... .......... 87% 4.37M 1s
[20.959s]  13650K .......... .......... .......... .......... .......... 87% 4.57M 1s
[20.977s]  13700K .......... .......... .......... .......... .......... 87% 2.72M 1s
[21.313s]  13750K .......... .......... .......... .......... .......... 88%  149K 1s
[21.313s]  13800K .......... .......... .......... .......... .......... 88% 77.1M 1s
[21.345s]  13850K .......... .......... .......... .......... .......... 88% 1.53M 1s
[21.417s]  13900K .......... .......... .......... .......... .......... 89%  704K 1s
[21.445s]  13950K .......... .......... .......... .......... .......... 89% 1.75M 1s
[21.462s]  14000K .......... .......... .......... .......... .......... 89% 2.72M 1s
[21.475s]  14050K .......... .......... .......... .......... .......... 90% 3.79M 1s
[21.489s]  14100K .......... .......... .......... .......... .......... 90% 3.69M 1s
[21.504s]  14150K .......... .......... .......... .......... .......... 90% 3.17M 1s
[21.518s]  14200K .......... .......... .......... .......... .......... 91% 3.32M 1s
[21.534s]  14250K .......... .......... .......... .......... .......... 91% 3.07M 1s
[21.549s]  14300K .......... .......... .......... .......... .......... 91% 3.39M 1s
[21.559s]  14350K .......... .......... .......... .......... .......... 92% 4.66M 1s
[21.578s]  14400K .......... .......... .......... .......... .......... 92% 2.55M 1s
[21.589s]  14450K .......... .......... .......... .......... .......... 92% 4.43M 1s
[21.605s]  14500K .......... .......... .......... .......... .......... 93% 3.08M 0s
[21.617s]  14550K .......... .......... .......... .......... .......... 93% 4.14M 0s
[21.639s]  14600K .......... .......... .......... .......... .......... 93% 2.30M 0s
[21.650s]  14650K .......... .......... .......... .......... .......... 94% 4.37M 0s
[21.664s]  14700K .......... .......... .......... .......... .......... 94% 3.43M 0s
[21.678s]  14750K .......... .......... .......... .......... .......... 94% 3.35M 0s
[21.689s]  14800K .......... .......... .......... .......... .......... 95% 4.44M 0s
[21.705s]  14850K .......... .......... .......... .......... .......... 95% 3.03M 0s
[21.715s]  14900K .......... .......... .......... .......... .......... 95% 4.69M 0s
[22.043s]  14950K .......... .......... .......... .......... .......... 95%  153K 0s
[22.045s]  15000K .......... .......... .......... .......... .......... 96% 23.5M 0s
[22.079s]  15050K .......... .......... .......... .......... .......... 96% 1.48M 0s
[22.149s]  15100K .......... .......... .......... .......... .......... 96%  714K 0s
[22.179s]  15150K .......... .......... .......... .......... .......... 97% 1.60M 0s
[22.198s]  15200K .......... .......... .......... .......... .......... 97% 2.56M 0s
[22.212s]  15250K .......... .......... .......... .......... .......... 97% 3.55M 0s
[22.222s]  15300K .......... .......... .......... .......... .......... 98% 4.64M 0s
[22.239s]  15350K .......... .......... .......... .......... .......... 98% 2.91M 0s
[22.257s]  15400K .......... .......... .......... .......... .......... 98% 2.71M 0s
[22.269s]  15450K .......... .......... .......... .......... .......... 99% 4.30M 0s
[22.280s]  15500K .......... .......... .......... .......... .......... 99% 4.28M 0s
[22.297s]  15550K .......... .......... .......... .......... .......... 99% 2.81M 0s
[22.301s]  15600K .......... .......... .....                           100% 5.99M=7.2s
[22.302s] 
[22.302s] 2026-04-18 10:41:54 (2.12 MB/s) - ‘/home/huyjetson/mobile_robot/ros2_ws/build/multirobot_map_merge/2011-08-09-12-22-52.pgm’ saved [16000058/16000058]
[22.302s] 
[22.305s] Checking MD5 sum of /home/huyjetson/mobile_robot/ros2_ws/build/multirobot_map_merge/2011-08-09-12-22-52.pgm
[22.562s] /home/huyjetson/mobile_robot/ros2_ws/build/multirobot_map_merge/2011-08-09-12-22-52.pgm: OK
[22.614s] --2026-04-18 10:41:54--  https://raw.githubusercontent.com/hrnr/m-explore-extra/master/map_merge/gmapping_maps/2012-01-28-11-12-01.pgm
[22.636s] Resolving raw.githubusercontent.com (raw.githubusercontent.com)... 185.199.108.133, 185.199.109.133, 185.199.110.133, ...
[22.806s] Connecting to raw.githubusercontent.com (raw.githubusercontent.com)|185.199.108.133|:443... connected.
[23.708s] HTTP request sent, awaiting response... 200 OK
[23.708s] Length: 16000058 (15M) [application/octet-stream]
[23.709s] Saving to: ‘/home/huyjetson/mobile_robot/ros2_ws/build/multirobot_map_merge/2012-01-28-11-12-01.pgm’
[23.714s] 
[23.747s]      0K .......... .......... .......... .......... ..........  0% 1.27M 12s
[23.778s]     50K .......... .......... .......... .......... ..........  0% 1.60M 11s
[23.785s]    100K .......... .......... .......... .......... ..........  0% 6.58M 8s
[23.807s]    150K .......... .......... .......... .......... ..........  1% 2.29M 8s
[23.809s]    200K .......... .......... .......... .......... ..........  1% 17.0M 6s
[23.819s]    250K .......... .......... .......... .......... ..........  1% 4.98M 6s
[23.821s]    300K .......... .......... .......... .......... ..........  2% 23.8M 5s
[23.833s]    350K .......... .......... .......... .......... ..........  2% 4.43M 5s
[23.837s]    400K .......... .......... .......... .......... ..........  2% 9.67M 4s
[23.843s]    450K .......... .......... .......... .......... ..........  3% 8.32M 4s
[23.844s]    500K .......... .......... .......... .......... ..........  3% 22.1M 4s
[23.850s]    550K .......... .......... .......... .......... ..........  3% 8.49M 4s
[23.855s]    600K .......... .......... .......... .......... ..........  4% 11.0M 3s
[23.862s]    650K .......... .......... .......... .......... ..........  4% 11.3M 3s
[23.862s]    700K .......... .......... .......... .......... ..........  4%  107M 3s
[23.863s]    750K .......... .......... .......... .......... ..........  5% 13.3M 3s
[23.866s]    800K .......... .......... .......... .......... ..........  5% 17.0M 3s
[23.872s]    850K .......... .......... .......... .......... ..........  5% 8.39M 3s
[24.244s]    900K .......... .......... .......... .......... ..........  6%  135K 8s
[24.247s]    950K .......... .......... .......... .......... ..........  6% 28.0M 8s
[24.288s]   1000K .......... .......... .......... .......... ..........  6% 1.13M 8s
[24.312s]   1050K .......... .......... .......... .......... ..........  7% 2.17M 8s
[24.316s]   1100K .......... .......... .......... .......... ..........  7% 8.88M 8s
[24.320s]   1150K .......... .......... .......... .......... ..........  7% 12.7M 7s
[24.326s]   1200K .......... .......... .......... .......... ..........  7% 7.72M 7s
[24.346s]   1250K .......... .......... .......... .......... ..........  8% 2.55M 7s
[24.353s]   1300K .......... .......... .......... .......... ..........  8% 16.5M 7s
[24.353s]   1350K .......... .......... .......... .......... ..........  8% 22.1M 7s
[24.354s]   1400K .......... .......... .......... .......... ..........  9% 18.9M 6s
[24.359s]   1450K .......... .......... .......... .......... ..........  9% 8.96M 6s
[24.365s]   1500K .......... .......... .......... .......... ..........  9% 8.27M 6s
[24.366s]   1550K .......... .......... .......... .......... .......... 10% 74.5M 6s
[24.377s]   1600K .......... .......... .......... .......... .......... 10% 4.84M 6s
[24.378s]   1650K .......... .......... .......... .......... .......... 10% 19.5M 5s
[24.382s]   1700K .......... .......... .......... .......... .......... 11% 11.4M 5s
[24.384s]   1750K .......... .......... .......... .......... .......... 11% 19.8M 5s
[24.387s]   1800K .......... .......... .......... .......... .......... 11% 20.7M 5s
[24.394s]   1850K .......... .......... .......... .......... .......... 12% 7.54M 5s
[24.395s]   1900K .......... .......... .......... .......... .......... 12% 22.2M 5s
[24.463s]   1950K .......... .......... .......... .......... .......... 12%  744K 5s
[24.482s]   2000K .......... .......... .......... .......... .......... 13% 2.58M 5s
[24.602s]   2050K .......... .......... .......... .......... .......... 13%  424K 6s
[24.602s]   2100K .......... .......... .......... .......... .......... 13% 64.8M 6s
[24.603s]   2150K .......... .......... .......... .......... .......... 14%  114M 5s
[24.603s]   2200K .......... .......... .......... .......... .......... 14% 30.7M 5s
[24.604s]   2250K .......... .......... .......... .......... .......... 14% 81.7M 5s
[24.604s]   2300K .......... .......... .......... .......... .......... 15% 79.0M 5s
[25.003s]   2350K .......... .......... .......... .......... .......... 15%  125K 7s
[25.004s]   2400K .......... .......... .......... .......... .......... 15% 41.1M 7s
[25.004s]   2450K .......... .......... .......... .......... .......... 15%  108M 7s
[25.008s]   2500K .......... .......... .......... .......... .......... 16% 24.6M 7s
[25.009s]   2550K .......... .......... .......... .......... .......... 16% 37.2M 7s
[25.009s]   2600K .......... .......... .......... .......... .......... 16% 83.2M 6s
[25.015s]   2650K .......... .......... .......... .......... .......... 17% 6.84M 6s
[25.036s]   2700K .......... .......... .......... .......... .......... 17% 2.47M 6s
[25.045s]   2750K .......... .......... .......... .......... .......... 17% 5.17M 6s
[25.050s]   2800K .......... .......... .......... .......... .......... 18% 9.57M 6s
[25.056s]   2850K .......... .......... .......... .......... .......... 18% 9.05M 6s
[25.063s]   2900K .......... .......... .......... .......... .......... 18% 6.15M 6s
[25.068s]   2950K .......... .......... .......... .......... .......... 19% 9.06M 6s
[25.088s]   3000K .......... .......... .......... .......... .......... 19% 2.63M 6s
[25.091s]   3050K .......... .......... .......... .......... .......... 19% 11.6M 6s
[25.094s]   3100K .......... .......... .......... .......... .......... 20% 12.4M 5s
[25.099s]   3150K .......... .......... .......... .......... .......... 20% 11.0M 5s
[25.107s]   3200K .......... .......... .......... .......... .......... 20% 7.05M 5s
[25.117s]   3250K .......... .......... .......... .......... .......... 21% 5.43M 5s
[25.120s]   3300K .......... .......... .......... .......... .......... 21% 10.4M 5s
[25.125s]   3350K .......... .......... .......... .......... .......... 21% 10.0M 5s
[25.129s]   3400K .......... .......... .......... .......... .......... 22% 11.9M 5s
[25.132s]   3450K .......... .......... .......... .......... .......... 22% 12.8M 5s
[25.140s]   3500K .......... .......... .......... .......... .......... 22% 6.77M 5s
[25.149s]   3550K .......... .......... .......... .......... .......... 23% 5.52M 5s
[25.165s]   3600K .......... .......... .......... .......... .......... 23% 2.98M 5s
[25.238s]   3650K .......... .......... .......... .......... .......... 23%  732K 5s
[25.255s]   3700K .......... .......... .......... .......... .......... 23% 2.29M 5s
[25.273s]   3750K .......... .......... .......... .......... .......... 24% 2.78M 5s
[25.331s]   3800K .......... .......... .......... .......... .......... 24%  857K 5s
[25.332s]   3850K .......... .......... .......... .......... .......... 24% 25.2M 5s
[25.338s]   3900K .......... .......... .......... .......... .......... 25% 8.70M 5s
[25.347s]   3950K .......... .......... .......... .......... .......... 25% 5.55M 5s
[25.552s]   4000K .......... .......... .......... .......... .......... 25%  247K 5s
[25.553s]   4050K .......... .......... .......... .......... .......... 26% 39.6M 5s
[25.553s]   4100K .......... .......... .......... .......... .......... 26% 32.6M 5s
[25.581s]   4150K .......... .......... .......... .......... .......... 26% 1.75M 5s
[25.582s]   4200K .......... .......... .......... .......... .......... 27% 50.5M 5s
[25.594s]   4250K .......... .......... .......... .......... .......... 27% 3.88M 5s
[25.629s]   4300K .......... .......... .......... .......... .......... 27% 1.38M 5s
[25.650s]   4350K .......... .......... .......... .......... .......... 28% 2.26M 5s
[25.664s]   4400K .......... .......... .......... .......... .......... 28% 3.47M 5s
[25.695s]   4450K .......... .......... .......... .......... .......... 28% 2.95M 5s
[25.706s]   4500K .......... .......... .......... .......... .......... 29% 1.99M 5s
[25.734s]   4550K .......... .......... .......... .......... .......... 29% 1.82M 5s
[25.735s]   4600K .......... .......... .......... .......... .......... 29% 18.4M 5s
[25.749s]   4650K .......... .......... .......... .......... .......... 30% 3.58M 5s
[25.773s]   4700K .......... .......... .......... .......... .......... 30% 2.08M 5s
[25.784s]   4750K .......... .......... .......... .......... .......... 30% 4.08M 5s
[25.803s]   4800K .......... .......... .......... .......... .......... 31% 2.64M 5s
[25.818s]   4850K .......... .......... .......... .......... .......... 31% 3.80M 5s
[25.840s]   4900K .......... .......... .......... .......... .......... 31% 1.99M 5s
[25.852s]   4950K .......... .......... .......... .......... .......... 31% 4.26M 5s
[25.869s]   5000K .......... .......... .......... .......... .......... 32% 2.85M 5s
[25.882s]   5050K .......... .......... .......... .......... .......... 32% 3.76M 4s
[25.899s]   5100K .......... .......... .......... .......... .......... 32% 2.82M 4s
[25.910s]   5150K .......... .......... .......... .......... .......... 33% 4.14M 4s
[25.931s]   5200K .......... .......... .......... .......... .......... 33% 2.40M 4s
[25.946s]   5250K .......... .......... .......... .......... .......... 33% 3.42M 4s
[25.960s]   5300K .......... .......... .......... .......... .......... 34% 3.32M 4s
[26.047s]   5350K .......... .......... .......... .......... .......... 34%  583K 4s
[26.047s]   5400K .......... .......... .......... .......... .......... 34% 23.9M 4s
[26.101s]   5450K .......... .......... .......... .......... .......... 35%  947K 4s
[26.128s]   5500K .......... .......... .......... .......... .......... 35% 1.80M 4s
[26.150s]   5550K .......... .......... .......... .......... .......... 35% 2.13M 4s
[26.162s]   5600K .......... .......... .......... .......... .......... 36% 4.57M 4s
[26.186s]   5650K .......... .......... .......... .......... .......... 36% 1.97M 4s
[26.198s]   5700K .......... .......... .......... .......... .......... 36% 4.32M 4s
[26.215s]   5750K .......... .......... .......... .......... .......... 37% 2.77M 4s
[26.227s]   5800K .......... .......... .......... .......... .......... 37% 4.20M 4s
[26.239s]   5850K .......... .......... .......... .......... .......... 37% 4.03M 4s
[26.255s]   5900K .......... .......... .......... .......... .......... 38% 3.05M 4s
[26.273s]   5950K .......... .......... .......... .......... .......... 38% 2.71M 4s
[26.286s]   6000K .......... .......... .......... .......... .......... 38% 3.78M 4s
[26.298s]   6050K .......... .......... .......... .......... .......... 39% 4.13M 4s
[26.317s]   6100K .......... .......... .......... .......... .......... 39% 2.59M 4s
[26.328s]   6150K .......... .......... .......... .......... .......... 39% 4.30M 4s
[26.345s]   6200K .......... .......... .......... .......... .......... 39% 2.86M 4s
[26.357s]   6250K .......... .......... .......... .......... .......... 40% 4.16M 4s
[26.368s]   6300K .......... .......... .......... .......... .......... 40% 4.45M 4s
[26.389s]   6350K .......... .......... .......... .......... .......... 40% 2.35M 4s
[26.399s]   6400K .......... .......... .......... .......... .......... 41% 4.50M 4s
[26.417s]   6450K .......... .......... .......... .......... .......... 41% 2.87M 4s
[26.428s]   6500K .......... .......... .......... .......... .......... 41% 4.31M 4s
[26.442s]   6550K .......... .......... .......... .......... .......... 42% 3.33M 4s
[26.453s]   6600K .......... .......... .......... .......... .......... 42% 4.26M 4s
[26.542s]   6650K .......... .......... .......... .......... .......... 42%  566K 4s
[26.543s]   6700K .......... .......... .......... .......... .......... 43% 60.4M 4s
[26.579s]   6750K .......... .......... .......... .......... .......... 43% 1.35M 4s
[26.603s]   6800K .......... .......... .......... .......... .......... 43% 2.04M 4s
[26.618s]   6850K .......... .......... .......... .......... .......... 44% 3.21M 4s
[26.631s]   6900K .......... .......... .......... .......... .......... 44% 3.88M 4s
[26.644s]   6950K .......... .......... .......... .......... .......... 44% 3.66M 4s
[26.665s]   7000K .......... .......... .......... .......... .......... 45% 2.84M 4s
[26.682s]   7050K .......... .......... .......... .......... .......... 45% 2.33M 4s
[26.695s]   7100K .......... .......... .......... .......... .......... 45% 3.83M 4s
[26.706s]   7150K .......... .......... .......... .......... .......... 46% 4.46M 4s
[26.725s]   7200K .......... .......... .......... .......... .......... 46% 2.52M 3s
[26.734s]   7250K .......... .......... .......... .......... .......... 46% 5.58M 3s
[26.754s]   7300K .......... .......... .......... .......... .......... 47% 2.47M 3s
[26.766s]   7350K .......... .......... .......... .......... .......... 47% 3.97M 3s
[26.788s]   7400K .......... .......... .......... .......... .......... 47% 3.29M 3s
[26.808s]   7450K .......... .......... .......... .......... .......... 47% 1.81M 3s
[26.881s]   7500K .......... .......... .......... .......... .......... 48%  690K 3s
[26.888s]   7550K .......... .......... .......... .......... .......... 48% 6.95M 3s
[26.888s]   7600K .......... .......... .......... .......... .......... 48% 50.9M 3s
[26.889s]   7650K .......... .......... .......... .......... .......... 49% 46.2M 3s
[26.912s]   7700K .......... .......... .......... .......... .......... 49% 2.31M 3s
[26.931s]   7750K .......... .......... .......... .......... .......... 49% 2.36M 3s
[27.037s]   7800K .......... .......... .......... .......... .......... 50% 2.13M 3s
[27.038s]   7850K .......... .......... .......... .......... .......... 50%  598K 3s
[27.079s]   7900K .......... .......... .......... .......... .......... 50% 1.20M 3s
[27.105s]   7950K .......... .......... .......... .......... .......... 51% 1.87M 3s
[27.123s]   8000K .......... .......... .......... .......... .......... 51% 2.70M 3s
[27.141s]   8050K .......... .......... .......... .......... .......... 51% 2.70M 3s
[27.157s]   8100K .......... .......... .......... .......... .......... 52% 2.99M 3s
[27.173s]   8150K .......... .......... .......... .......... .......... 52% 2.99M 3s
[27.196s]   8200K .......... .......... .......... .......... .......... 52% 2.37M 3s
[27.213s]   8250K .......... .......... .......... .......... .......... 53% 2.63M 3s
[27.231s]   8300K .......... .......... .......... .......... .......... 53% 2.68M 3s
[27.248s]   8350K .......... .......... .......... .......... .......... 53% 2.82M 3s
[27.264s]   8400K .......... .......... .......... .......... .......... 54% 2.99M 3s
[27.281s]   8450K .......... .......... .......... .......... .......... 54% 2.96M 3s
[27.298s]   8500K .......... .......... .......... .......... .......... 54% 2.90M 3s
[27.322s]   8550K .......... .......... .......... .......... .......... 55% 2.08M 3s
[27.338s]   8600K .......... .......... .......... .......... .......... 55% 3.03M 3s
[27.354s]   8650K .......... .......... .......... .......... .......... 55% 2.90M 3s
[27.370s]   8700K .......... .......... .......... .......... .......... 55% 3.20M 3s
[27.392s]   8750K .......... .......... .......... .......... .......... 56% 2.16M 3s
[27.406s]   8800K .......... .......... .......... .......... .......... 56% 3.50M 3s
[27.424s]   8850K .......... .......... .......... .......... .......... 56% 2.71M 3s
[27.440s]   8900K .......... .......... .......... .......... .......... 57% 2.99M 3s
[27.664s]   8950K .......... .......... .......... .......... .......... 57%  224K 3s
[27.689s]   9000K .......... .......... .......... .......... .......... 57% 1.97M 3s
[27.729s]   9050K .......... .......... .......... .......... .......... 58% 1.23M 3s
[27.752s]   9100K .......... .......... .......... .......... .......... 58% 2.13M 3s
[27.769s]   9150K .......... .......... .......... .......... .......... 58% 2.73M 3s
[27.783s]   9200K .......... .......... .......... .......... .......... 59% 3.53M 3s
[27.801s]   9250K .......... .......... .......... .......... .......... 59% 2.73M 3s
[27.814s]   9300K .......... .......... .......... .......... .......... 59% 3.65M 3s
[27.844s]   9350K .......... .......... .......... .......... .......... 60% 1.68M 3s
[27.858s]   9400K .......... .......... .......... .......... .......... 60% 3.29M 3s
[27.877s]   9450K .......... .......... .......... .......... .......... 60% 2.66M 3s
[27.889s]   9500K .......... .......... .......... .......... .......... 61% 4.13M 3s
[27.907s]   9550K .......... .......... .......... .......... .......... 61% 2.59M 3s
[27.921s]   9600K .......... .......... .......... .......... .......... 61% 3.62M 3s
[27.938s]   9650K .......... .......... .......... .......... .......... 62% 2.83M 3s
[27.954s]   9700K .......... .......... .......... .......... .......... 62% 3.12M 3s
[27.976s]   9750K .......... .......... .......... .......... .......... 62% 2.17M 3s
[27.988s]   9800K .......... .......... .......... .......... .......... 63% 4.03M 3s
[28.006s]   9850K .......... .......... .......... .......... .......... 63% 2.75M 2s
[28.020s]   9900K .......... .......... .......... .......... .......... 63% 3.42M 2s
[28.037s]   9950K .......... .......... .......... .......... .......... 63% 3.01M 2s
[28.051s]  10000K .......... .......... .......... .......... .......... 64% 3.24M 2s
[28.066s]  10050K .......... .......... .......... .......... .......... 64% 3.28M 2s
[28.091s]  10100K .......... .......... .......... .......... .......... 64% 1.99M 2s
[28.105s]  10150K .......... .......... .......... .......... .......... 65% 3.61M 2s
[28.127s]  10200K .......... .......... .......... .......... .......... 65% 2.20M 2s
[28.140s]  10250K .......... .......... .......... .......... .......... 65% 3.71M 2s
[28.158s]  10300K .......... .......... .......... .......... .......... 66% 2.70M 2s
[28.170s]  10350K .......... .......... .......... .......... .......... 66% 4.08M 2s
[28.189s]  10400K .......... .......... .......... .......... .......... 66% 2.61M 2s
[28.201s]  10450K .......... .......... .......... .......... .......... 67% 3.82M 2s
[28.221s]  10500K .......... .......... .......... .......... .......... 67% 2.46M 2s
[28.235s]  10550K .......... .......... .......... .......... .......... 67% 3.56M 2s
[28.253s]  10600K .......... .......... .......... .......... .......... 68% 2.67M 2s
[28.265s]  10650K .......... .......... .......... .......... .......... 68% 4.35M 2s
[28.282s]  10700K .......... .......... .......... .......... .......... 68% 2.70M 2s
[28.293s]  10750K .......... .......... .......... .......... .......... 69% 4.39M 2s
[28.305s]  10800K .......... .......... .......... .......... .......... 69% 4.32M 2s
[28.331s]  10850K .......... .......... .......... .......... .......... 69% 1.90M 2s
[28.345s]  10900K .......... .......... .......... .......... .......... 70% 3.63M 2s
[28.362s]  10950K .......... .......... .......... .......... .......... 70% 2.72M 2s
[28.374s]  11000K .......... .......... .......... .......... .......... 70% 4.29M 2s
[28.390s]  11050K .......... .......... .......... .......... .......... 71% 2.92M 2s
[28.405s]  11100K .......... .......... .......... .......... .......... 71% 3.34M 2s
[28.424s]  11150K .......... .......... .......... .......... .......... 71% 2.50M 2s
[28.431s]  11200K .......... .......... .......... .......... .......... 71% 6.45M 2s
[28.455s]  11250K .......... .......... .......... .......... .......... 72% 2.14M 2s
[28.466s]  11300K .......... .......... .......... .......... .......... 72% 4.29M 2s
[28.478s]  11350K .......... .......... .......... .......... .......... 72% 4.29M 2s
[28.494s]  11400K .......... .......... .......... .......... .......... 73% 2.85M 2s
[28.506s]  11450K .......... .......... .......... .......... .......... 73% 4.33M 2s
[28.532s]  11500K .......... .......... .......... .......... .......... 73% 2.48M 2s
[28.553s]  11550K .......... .......... .......... .......... .......... 74% 1.77M 2s
[28.589s]  11600K .......... .......... .......... .......... .......... 74% 1.37M 2s
[28.601s]  11650K .......... .......... .......... .......... .......... 74% 9.24M 2s
[28.614s]  11700K .......... .......... .......... .......... .......... 75% 2.45M 2s
[28.635s]  11750K .......... .......... .......... .......... .......... 75% 2.31M 2s
[28.656s]  11800K .......... .......... .......... .......... .......... 75% 2.37M 2s
[28.675s]  11850K .......... .......... .......... .......... .......... 76% 2.46M 2s
[28.703s]  11900K .......... .......... .......... .......... .......... 76% 2.43M 2s
[28.724s]  11950K .......... .......... .......... .......... .......... 76% 1.73M 2s
[28.743s]  12000K .......... .......... .......... .......... .......... 77% 2.54M 1s
[28.764s]  12050K .......... .......... .......... .......... .......... 77% 2.33M 1s
[28.785s]  12100K .......... .......... .......... .......... .......... 77% 2.40M 1s
[28.805s]  12150K .......... .......... .......... .......... .......... 78% 2.38M 1s
[28.826s]  12200K .......... .......... .......... .......... .......... 78% 2.31M 1s
[28.846s]  12250K .......... .......... .......... .......... .......... 78% 2.43M 1s
[28.941s]  12300K .......... .......... .......... .......... .......... 79%  526K 1s
[28.942s]  12350K .......... .......... .......... .......... .......... 79% 26.3M 1s
[28.977s]  12400K .......... .......... .......... .......... .......... 79% 1.44M 1s
[29.013s]  12450K .......... .......... .......... .......... .......... 79% 1.69M 1s
[29.023s]  12500K .......... .......... .......... .......... .......... 80% 2.82M 1s
[29.037s]  12550K .......... .......... .......... .......... .......... 80% 3.46M 1s
[29.047s]  12600K .......... .......... .......... .......... .......... 80% 4.59M 1s
[29.063s]  12650K .......... .......... .......... .......... .......... 81% 3.22M 1s
[29.078s]  12700K .......... .......... .......... .......... .......... 81% 4.30M 1s
[29.094s]  12750K .......... .......... .......... .......... .......... 81% 2.56M 1s
[29.105s]  12800K .......... .......... .......... .......... .......... 82% 4.13M 1s
[29.119s]  12850K .......... .......... .......... .......... .......... 82% 3.63M 1s
[29.133s]  12900K .......... .......... .......... .......... .......... 82% 3.38M 1s
[29.145s]  12950K .......... .......... .......... .......... .......... 83% 4.03M 1s
[29.167s]  13000K .......... .......... .......... .......... .......... 83% 2.29M 1s
[29.186s]  13050K .......... .......... .......... .......... .......... 83% 2.55M 1s
[29.255s]  13100K .......... .......... .......... .......... .......... 84%  728K 1s
[29.255s]  13150K .......... .......... .......... .......... .......... 84% 58.8M 1s
[29.255s]  13200K .......... .......... .......... .......... .......... 84% 69.6M 1s
[29.275s]  13250K .......... .......... .......... .......... .......... 85% 2.65M 1s
[29.296s]  13300K .......... .......... .......... .......... .......... 85% 2.36M 1s
[29.316s]  13350K .......... .......... .......... .......... .......... 85% 2.36M 1s
[29.336s]  13400K .......... .......... .......... .......... .......... 86% 2.43M 1s
[29.434s]  13450K .......... .......... .......... .......... .......... 86%  508K 1s
[29.435s]  13500K .......... .......... .......... .......... .......... 86% 68.0M 1s
[29.487s]  13550K .......... .......... .......... .......... .......... 87%  966K 1s
[29.512s]  13600K .......... .......... .......... .......... .......... 87% 1.98M 1s
[29.528s]  13650K .......... .......... .......... .......... .......... 87% 2.96M 1s
[29.549s]  13700K .......... .......... .......... .......... .......... 87% 2.34M 1s
[29.562s]  13750K .......... .......... .......... .......... .......... 88% 3.69M 1s
[29.582s]  13800K .......... .......... .......... .......... .......... 88% 2.40M 1s
[29.595s]  13850K .......... .......... .......... .......... .......... 88% 3.79M 1s
[29.631s]  13900K .......... .......... .......... .......... .......... 89% 2.33M 1s
[29.633s]  13950K .......... .......... .......... .......... .......... 89% 2.91M 1s
[29.659s]  14000K .......... .......... .......... .......... .......... 89% 1.96M 1s
[29.672s]  14050K .......... .......... .......... .......... .......... 90% 3.74M 1s
[29.692s]  14100K .......... .......... .......... .......... .......... 90% 2.36M 1s
[29.703s]  14150K .......... .......... .......... .......... .......... 90% 4.26M 1s
[29.728s]  14200K .......... .......... .......... .......... .......... 91% 2.00M 1s
[29.739s]  14250K .......... .......... .......... .......... .......... 91% 4.30M 1s
[29.762s]  14300K .......... .......... .......... .......... .......... 91% 2.50M 1s
[29.775s]  14350K .......... .......... .......... .......... .......... 92% 3.06M 1s
[29.795s]  14400K .......... .......... .......... .......... .......... 92% 2.37M 0s
[29.808s]  14450K .......... .......... .......... .......... .......... 92% 3.88M 0s
[29.826s]  14500K .......... .......... .......... .......... .......... 93% 2.62M 0s
[29.838s]  14550K .......... .......... .......... .......... .......... 93% 4.46M 0s
[29.926s]  14600K .......... .......... .......... .......... .......... 93%  557K 0s
[29.960s]  14650K .......... .......... .......... .......... .......... 94% 1.51M 0s
[29.980s]  14700K .......... .......... .......... .......... .......... 94% 2.44M 0s
[30.002s]  14750K .......... .......... .......... .......... .......... 94% 2.25M 0s
[30.016s]  14800K .......... .......... .......... .......... .......... 95% 3.33M 0s
[30.032s]  14850K .......... .......... .......... .......... .......... 95% 2.93M 0s
[30.045s]  14900K .......... .......... .......... .......... .......... 95% 3.83M 0s
[30.062s]  14950K .......... .......... .......... .......... .......... 95% 2.84M 0s
[30.079s]  15000K .......... .......... .......... .......... .......... 96% 2.92M 0s
[30.099s]  15050K .......... .......... .......... .......... .......... 96% 2.46M 0s
[30.111s]  15100K .......... .......... .......... .......... .......... 96% 4.09M 0s
[30.129s]  15150K .......... .......... .......... .......... .......... 97% 2.64M 0s
[30.141s]  15200K .......... .......... .......... .......... .......... 97% 4.19M 0s
[30.163s]  15250K .......... .......... .......... .......... .......... 97% 2.18M 0s
[30.173s]  15300K .......... .......... .......... .......... .......... 98% 4.89M 0s
[30.189s]  15350K .......... .......... .......... .......... .......... 98% 3.13M 0s
[30.207s]  15400K .......... .......... .......... .......... .......... 98% 2.63M 0s
[30.231s]  15450K .......... .......... .......... .......... .......... 99% 2.07M 0s
[30.240s]  15500K .......... .......... .......... .......... .......... 99% 5.52M 0s
[30.255s]  15550K .......... .......... .......... .......... .......... 99% 3.22M 0s
[30.265s]  15600K .......... .......... .....                           100% 2.44M=6.6s
[30.265s] 
[30.266s] 2026-04-18 10:42:02 (2.33 MB/s) - ‘/home/huyjetson/mobile_robot/ros2_ws/build/multirobot_map_merge/2012-01-28-11-12-01.pgm’ saved [16000058/16000058]
[30.266s] 
[30.269s] Checking MD5 sum of /home/huyjetson/mobile_robot/ros2_ws/build/multirobot_map_merge/2012-01-28-11-12-01.pgm
[30.463s] /home/huyjetson/mobile_robot/ros2_ws/build/multirobot_map_merge/2012-01-28-11-12-01.pgm: OK
[30.472s] -- Found gtest sources under '/opt/ros/humble/src/gtest_vendor': C++ tests using 'Google Test' will be built
[30.511s] -- Added test 'cppcheck' to perform static code analysis on C / C++ code
[30.513s] -- Configured cppcheck include dirs: /home/huyjetson/mobile_robot/ros2_ws/src/m-explore-ros2/map_merge/include;$<BUILD_INTERFACE:/home/huyjetson/mobile_robot/ros2_ws/src/m-explore-ros2/map_merge/include>
[30.513s] -- Configured cppcheck exclude dirs and/or files: 
[30.517s] -- Added test 'flake8' to check Python code syntax and style conventions
[30.521s] -- Added test 'lint_cmake' to check CMake code style
[30.526s] -- Added test 'pep257' to check Python code against some of the docstring style conventions in PEP 257
[30.533s] -- Added test 'uncrustify' to check C / C++ code style
[30.534s] -- Configured uncrustify additional arguments: 
[30.538s] -- Added test 'xmllint' to check XML markup files
[30.548s] -- Configuring done
[30.928s] -- Generating done
[30.993s] -- Build files have been written to: /home/huyjetson/mobile_robot/ros2_ws/build/multirobot_map_merge
[31.071s] Invoked command in '/home/huyjetson/mobile_robot/ros2_ws/build/multirobot_map_merge' returned '0': CMAKE_PREFIX_PATH=${CMAKE_PREFIX_PATH}:/home/huyjetson/mobile_robot/ros2_ws/install/amr_sensors:/home/huyjetson/mobile_robot/ros2_ws/install/amr_bringup:/home/huyjetson/mobile_robot/ros2_ws/install/amr_ai:/opt/ros/humble /usr/bin/cmake /home/huyjetson/mobile_robot/ros2_ws/src/m-explore-ros2/map_merge -DAMENT_CMAKE_SYMLINK_INSTALL=1 -DCMAKE_INSTALL_PREFIX=/home/huyjetson/mobile_robot/ros2_ws/install/multirobot_map_merge
[31.073s] Invoking command in '/home/huyjetson/mobile_robot/ros2_ws/build/multirobot_map_merge': CMAKE_PREFIX_PATH=${CMAKE_PREFIX_PATH}:/home/huyjetson/mobile_robot/ros2_ws/install/amr_sensors:/home/huyjetson/mobile_robot/ros2_ws/install/amr_bringup:/home/huyjetson/mobile_robot/ros2_ws/install/amr_ai:/opt/ros/humble /usr/bin/cmake --build /home/huyjetson/mobile_robot/ros2_ws/build/multirobot_map_merge -- -j6 -l6
[31.533s] [  8%] [32mBuilding CXX object CMakeFiles/combine_grids.dir/src/combine_grids/grid_compositor.cpp.o[0m
[38.411s] [ 16%] [32mBuilding CXX object CMakeFiles/combine_grids.dir/src/combine_grids/merging_pipeline.cpp.o[0m
[57.786s] [ 25%] [32mBuilding CXX object CMakeFiles/combine_grids.dir/src/combine_grids/grid_warper.cpp.o[0m
[61.782s] [ 33%] [32m[1mLinking CXX static library libcombine_grids.a[0m
[61.900s] [ 33%] Built target combine_grids
[61.955s] [ 41%] [32mBuilding CXX object gtest/CMakeFiles/gtest.dir/src/gtest-all.cc.o[0m
[71.257s] [ 50%] [32m[1mLinking CXX static library libgtest.a[0m
[71.442s] [ 50%] Built target gtest
[71.503s] [ 58%] [32mBuilding CXX object CMakeFiles/map_merge.dir/src/map_merge.cpp.o[0m
[125.007s] [ 66%] [32m[1mLinking CXX executable map_merge[0m
[129.798s] [ 66%] Built target map_merge
[129.874s] [ 75%] [32mBuilding CXX object gtest/CMakeFiles/gtest_main.dir/src/gtest_main.cc.o[0m
[132.865s] [ 83%] [32m[1mLinking CXX static library libgtest_main.a[0m
[133.021s] [ 83%] Built target gtest_main
[133.091s] [ 91%] [32mBuilding CXX object CMakeFiles/test_merging_pipeline.dir/test/test_merging_pipeline.cpp.o[0m
[150.100s] [100%] [32m[1mLinking CXX executable test_merging_pipeline[0m
[151.906s] [100%] Built target test_merging_pipeline
[151.949s] Invoked command in '/home/huyjetson/mobile_robot/ros2_ws/build/multirobot_map_merge' returned '0': CMAKE_PREFIX_PATH=${CMAKE_PREFIX_PATH}:/home/huyjetson/mobile_robot/ros2_ws/install/amr_sensors:/home/huyjetson/mobile_robot/ros2_ws/install/amr_bringup:/home/huyjetson/mobile_robot/ros2_ws/install/amr_ai:/opt/ros/humble /usr/bin/cmake --build /home/huyjetson/mobile_robot/ros2_ws/build/multirobot_map_merge -- -j6 -l6
[151.957s] Invoking command in '/home/huyjetson/mobile_robot/ros2_ws/build/multirobot_map_merge': CMAKE_PREFIX_PATH=${CMAKE_PREFIX_PATH}:/home/huyjetson/mobile_robot/ros2_ws/install/amr_sensors:/home/huyjetson/mobile_robot/ros2_ws/install/amr_bringup:/home/huyjetson/mobile_robot/ros2_ws/install/amr_ai:/opt/ros/humble /usr/bin/cmake --install /home/huyjetson/mobile_robot/ros2_ws/build/multirobot_map_merge
[151.982s] -- Install configuration: ""
[151.989s] -- Execute custom install script
[151.991s] -- Symlinking: /home/huyjetson/mobile_robot/ros2_ws/install/multirobot_map_merge/include/map_merge//map_merge.h
[152.024s] -- Symlinking: /home/huyjetson/mobile_robot/ros2_ws/install/multirobot_map_merge/include/map_merge//ros1_names.hpp
[152.070s] -- Symlinking: /home/huyjetson/mobile_robot/ros2_ws/install/multirobot_map_merge/share/multirobot_map_merge/launch/from_map_server.launch.py
[152.099s] -- Symlinking: /home/huyjetson/mobile_robot/ros2_ws/install/multirobot_map_merge/share/multirobot_map_merge/launch/map_merge.launch.py
[152.126s] -- Symlinking: /home/huyjetson/mobile_robot/ros2_ws/install/multirobot_map_merge/share/multirobot_map_merge/launch/map_merge.rviz
[152.155s] -- Symlinking: /home/huyjetson/mobile_robot/ros2_ws/install/multirobot_map_merge/share/multirobot_map_merge/launch/tb3_simulation/bringup_launch.py
[152.184s] -- Symlinking: /home/huyjetson/mobile_robot/ros2_ws/install/multirobot_map_merge/share/multirobot_map_merge/launch/tb3_simulation/config/nav2_multirobot_params_1.yaml
[152.214s] -- Symlinking: /home/huyjetson/mobile_robot/ros2_ws/install/multirobot_map_merge/share/multirobot_map_merge/launch/tb3_simulation/config/nav2_multirobot_params_2.yaml
[152.242s] -- Symlinking: /home/huyjetson/mobile_robot/ros2_ws/install/multirobot_map_merge/share/multirobot_map_merge/launch/tb3_simulation/multi_tb3_simulation_launch.py
[152.272s] -- Symlinking: /home/huyjetson/mobile_robot/ros2_ws/install/multirobot_map_merge/share/multirobot_map_merge/launch/tb3_simulation/slam_toolbox.py
[152.302s] -- Symlinking: /home/huyjetson/mobile_robot/ros2_ws/install/multirobot_map_merge/share/multirobot_map_merge/launch/tb3_simulation/tb3_simulation_launch.py
[152.331s] -- Symlinking: /home/huyjetson/mobile_robot/ros2_ws/install/multirobot_map_merge/share/multirobot_map_merge/launch/tb3_simulation/worlds/world_only.model
[152.364s] -- Symlinking: /home/huyjetson/mobile_robot/ros2_ws/install/multirobot_map_merge/share/multirobot_map_merge/config/params.yaml
[152.396s] -- Symlinking: /home/huyjetson/mobile_robot/ros2_ws/install/multirobot_map_merge/lib/multirobot_map_merge/map_merge
[152.427s] -- Symlinking: /home/huyjetson/mobile_robot/ros2_ws/install/multirobot_map_merge/share/multirobot_map_merge/environment/library_path.sh
[152.457s] -- Symlinking: /home/huyjetson/mobile_robot/ros2_ws/install/multirobot_map_merge/share/multirobot_map_merge/environment/library_path.dsv
[152.491s] -- Symlinking: /home/huyjetson/mobile_robot/ros2_ws/install/multirobot_map_merge/share/ament_index/resource_index/package_run_dependencies/multirobot_map_merge
[152.522s] -- Symlinking: /home/huyjetson/mobile_robot/ros2_ws/install/multirobot_map_merge/share/ament_index/resource_index/parent_prefix_path/multirobot_map_merge
[152.550s] -- Symlinking: /home/huyjetson/mobile_robot/ros2_ws/install/multirobot_map_merge/share/multirobot_map_merge/environment/ament_prefix_path.sh
[152.580s] -- Symlinking: /home/huyjetson/mobile_robot/ros2_ws/install/multirobot_map_merge/share/multirobot_map_merge/environment/ament_prefix_path.dsv
[152.609s] -- Symlinking: /home/huyjetson/mobile_robot/ros2_ws/install/multirobot_map_merge/share/multirobot_map_merge/environment/path.sh
[152.639s] -- Symlinking: /home/huyjetson/mobile_robot/ros2_ws/install/multirobot_map_merge/share/multirobot_map_merge/environment/path.dsv
[152.667s] -- Symlinking: /home/huyjetson/mobile_robot/ros2_ws/install/multirobot_map_merge/share/multirobot_map_merge/local_setup.bash
[152.698s] -- Symlinking: /home/huyjetson/mobile_robot/ros2_ws/install/multirobot_map_merge/share/multirobot_map_merge/local_setup.sh
[152.727s] -- Symlinking: /home/huyjetson/mobile_robot/ros2_ws/install/multirobot_map_merge/share/multirobot_map_merge/local_setup.zsh
[152.754s] -- Symlinking: /home/huyjetson/mobile_robot/ros2_ws/install/multirobot_map_merge/share/multirobot_map_merge/local_setup.dsv
[152.783s] -- Symlinking: /home/huyjetson/mobile_robot/ros2_ws/install/multirobot_map_merge/share/multirobot_map_merge/package.dsv
[152.875s] -- Symlinking: /home/huyjetson/mobile_robot/ros2_ws/install/multirobot_map_merge/share/ament_index/resource_index/packages/multirobot_map_merge
[152.913s] -- Symlinking: /home/huyjetson/mobile_robot/ros2_ws/install/multirobot_map_merge/share/multirobot_map_merge/cmake/ament_cmake_export_include_directories-extras.cmake
[152.944s] -- Symlinking: /home/huyjetson/mobile_robot/ros2_ws/install/multirobot_map_merge/share/multirobot_map_merge/cmake/ament_cmake_export_libraries-extras.cmake
[152.974s] -- Symlinking: /home/huyjetson/mobile_robot/ros2_ws/install/multirobot_map_merge/share/multirobot_map_merge/cmake/multirobot_map_mergeConfig.cmake
[153.003s] -- Symlinking: /home/huyjetson/mobile_robot/ros2_ws/install/multirobot_map_merge/share/multirobot_map_merge/cmake/multirobot_map_mergeConfig-version.cmake
[153.032s] -- Symlinking: /home/huyjetson/mobile_robot/ros2_ws/install/multirobot_map_merge/share/multirobot_map_merge/package.xml
[153.061s] -- Installing: /home/huyjetson/mobile_robot/ros2_ws/install/multirobot_map_merge/lib/libcombine_grids.a
[153.081s] Invoked command in '/home/huyjetson/mobile_robot/ros2_ws/build/multirobot_map_merge' returned '0': CMAKE_PREFIX_PATH=${CMAKE_PREFIX_PATH}:/home/huyjetson/mobile_robot/ros2_ws/install/amr_sensors:/home/huyjetson/mobile_robot/ros2_ws/install/amr_bringup:/home/huyjetson/mobile_robot/ros2_ws/install/amr_ai:/opt/ros/humble /usr/bin/cmake --install /home/huyjetson/mobile_robot/ros2_ws/build/multirobot_map_merge
