[1.640s] Invoking command in '/home/huyjetson/mobile_robot/ros2_ws/build/amr_bringup': PYTHONPATH=/home/huyjetson/mobile_robot/ros2_ws/build/amr_bringup/prefix_override:/usr/lib/python3/dist-packages/colcon_core/task/python/colcon_distutils_commands:/home/huyjetson/mobile_robot/ros2_ws/install/amr_bringup/lib/python3.10/site-packages:${PYTHONPATH} /usr/bin/python3 -W ignore:setup.py install is deprecated -W ignore:easy_install command is deprecated setup.py develop --uninstall --editable --build-directory /home/huyjetson/mobile_robot/ros2_ws/build/amr_bringup/build
[2.299s] running develop
[2.706s] Removing /home/huyjetson/mobile_robot/ros2_ws/install/amr_bringup/lib/python3.10/site-packages/amr-bringup.egg-link (link to .)
[2.830s] Invoked command in '/home/huyjetson/mobile_robot/ros2_ws/build/amr_bringup' returned '0': PYTHONPATH=/home/huyjetson/mobile_robot/ros2_ws/build/amr_bringup/prefix_override:/usr/lib/python3/dist-packages/colcon_core/task/python/colcon_distutils_commands:/home/huyjetson/mobile_robot/ros2_ws/install/amr_bringup/lib/python3.10/site-packages:${PYTHONPATH} /usr/bin/python3 -W ignore:setup.py install is deprecated -W ignore:easy_install command is deprecated setup.py develop --uninstall --editable --build-directory /home/huyjetson/mobile_robot/ros2_ws/build/amr_bringup/build
[2.837s] Invoking command in '/home/huyjetson/mobile_robot/ros2_ws/src/amr_bringup': PYTHONPATH=/home/huyjetson/mobile_robot/ros2_ws/build/amr_bringup/prefix_override:/usr/lib/python3/dist-packages/colcon_core/task/python/colcon_distutils_commands:/home/huyjetson/mobile_robot/ros2_ws/install/amr_bringup/lib/python3.10/site-packages:${PYTHONPATH} /usr/bin/python3 -W ignore:setup.py install is deprecated -W ignore:easy_install command is deprecated setup.py egg_info --egg-base ../../build/amr_bringup build --build-base /home/huyjetson/mobile_robot/ros2_ws/build/amr_bringup/build install --record /home/huyjetson/mobile_robot/ros2_ws/build/amr_bringup/install.log --single-version-externally-managed install_data --force
[3.434s] running egg_info
[3.435s] writing ../../build/amr_bringup/amr_bringup.egg-info/PKG-INFO
[3.436s] writing dependency_links to ../../build/amr_bringup/amr_bringup.egg-info/dependency_links.txt
[3.437s] writing entry points to ../../build/amr_bringup/amr_bringup.egg-info/entry_points.txt
[3.437s] writing requirements to ../../build/amr_bringup/amr_bringup.egg-info/requires.txt
[3.437s] writing top-level names to ../../build/amr_bringup/amr_bringup.egg-info/top_level.txt
[3.442s] reading manifest file '../../build/amr_bringup/amr_bringup.egg-info/SOURCES.txt'
[3.448s] writing manifest file '../../build/amr_bringup/amr_bringup.egg-info/SOURCES.txt'
[3.448s] running build
[3.448s] running build_py
[3.449s] creating /home/huyjetson/mobile_robot/ros2_ws/build/amr_bringup/build
[3.449s] creating /home/huyjetson/mobile_robot/ros2_ws/build/amr_bringup/build/lib
[3.449s] creating /home/huyjetson/mobile_robot/ros2_ws/build/amr_bringup/build/lib/amr_bringup
[3.449s] copying amr_bringup/__init__.py -> /home/huyjetson/mobile_robot/ros2_ws/build/amr_bringup/build/lib/amr_bringup
[3.450s] running install
[3.450s] running install_lib
[3.452s] creating /home/huyjetson/mobile_robot/ros2_ws/install/amr_bringup/lib/python3.10/site-packages/amr_bringup
[3.452s] copying /home/huyjetson/mobile_robot/ros2_ws/build/amr_bringup/build/lib/amr_bringup/__init__.py -> /home/huyjetson/mobile_robot/ros2_ws/install/amr_bringup/lib/python3.10/site-packages/amr_bringup
[3.454s] byte-compiling /home/huyjetson/mobile_robot/ros2_ws/install/amr_bringup/lib/python3.10/site-packages/amr_bringup/__init__.py to __init__.cpython-310.pyc
[3.455s] running install_data
[3.455s] copying resource/amr_bringup -> /home/huyjetson/mobile_robot/ros2_ws/install/amr_bringup/share/ament_index/resource_index/packages
[3.455s] copying package.xml -> /home/huyjetson/mobile_robot/ros2_ws/install/amr_bringup/share/amr_bringup
[3.456s] copying launch/bringup_vslam.launch.py -> /home/huyjetson/mobile_robot/ros2_ws/install/amr_bringup/share/amr_bringup/launch
[3.457s] copying launch/bringup_lidar.launch.py -> /home/huyjetson/mobile_robot/ros2_ws/install/amr_bringup/share/amr_bringup/launch
[3.457s] copying launch/bringup_fusion.launch.py -> /home/huyjetson/mobile_robot/ros2_ws/install/amr_bringup/share/amr_bringup/launch
[3.458s] copying config/box_filter.yaml -> /home/huyjetson/mobile_robot/ros2_ws/install/amr_bringup/share/amr_bringup/config
[3.458s] running install_egg_info
[3.463s] Copying ../../build/amr_bringup/amr_bringup.egg-info to /home/huyjetson/mobile_robot/ros2_ws/install/amr_bringup/lib/python3.10/site-packages/amr_bringup-0.0.0-py3.10.egg-info
[3.466s] running install_scripts
[3.518s] writing list of installed files to '/home/huyjetson/mobile_robot/ros2_ws/build/amr_bringup/install.log'
[3.623s] Invoked command in '/home/huyjetson/mobile_robot/ros2_ws/src/amr_bringup' returned '0': PYTHONPATH=/home/huyjetson/mobile_robot/ros2_ws/build/amr_bringup/prefix_override:/usr/lib/python3/dist-packages/colcon_core/task/python/colcon_distutils_commands:/home/huyjetson/mobile_robot/ros2_ws/install/amr_bringup/lib/python3.10/site-packages:${PYTHONPATH} /usr/bin/python3 -W ignore:setup.py install is deprecated -W ignore:easy_install command is deprecated setup.py egg_info --egg-base ../../build/amr_bringup build --build-base /home/huyjetson/mobile_robot/ros2_ws/build/amr_bringup/build install --record /home/huyjetson/mobile_robot/ros2_ws/build/amr_bringup/install.log --single-version-externally-managed install_data --force
