[0.027s] Invoking command in '/home/huyjetson/mobile_robot/ros2_ws/build/amr_description': CMAKE_PREFIX_PATH=${CMAKE_PREFIX_PATH}:/home/huyjetson/mobile_robot/ros2_ws/install/amr_sensors:/home/huyjetson/mobile_robot/ros2_ws/install/amr_bringup:/home/huyjetson/mobile_robot/ros2_ws/install/amr_ai:/opt/ros/humble /usr/bin/cmake /home/huyjetson/mobile_robot/ros2_ws/src/amr_description -DCMAKE_INSTALL_PREFIX=/home/huyjetson/mobile_robot/ros2_ws/install/amr_description
[0.064s] -- Found ament_cmake: 1.3.14 (/opt/ros/humble/share/ament_cmake/cmake)
[0.389s] -- Override CMake install command with custom implementation using symlinks instead of copying resources
[0.424s] -- Found ament_lint_auto: 0.12.15 (/opt/ros/humble/share/ament_lint_auto/cmake)
[0.640s] -- Added test 'flake8' to check Python code syntax and style conventions
[0.641s] -- Added test 'lint_cmake' to check CMake code style
[0.642s] -- Added test 'pep257' to check Python code against some of the docstring style conventions in PEP 257
[0.647s] -- Added test 'xmllint' to check XML markup files
[0.654s] -- Configuring done
[0.681s] -- Generating done
[0.688s] -- Build files have been written to: /home/huyjetson/mobile_robot/ros2_ws/build/amr_description
[0.699s] Invoked command in '/home/huyjetson/mobile_robot/ros2_ws/build/amr_description' returned '0': CMAKE_PREFIX_PATH=${CMAKE_PREFIX_PATH}:/home/huyjetson/mobile_robot/ros2_ws/install/amr_sensors:/home/huyjetson/mobile_robot/ros2_ws/install/amr_bringup:/home/huyjetson/mobile_robot/ros2_ws/install/amr_ai:/opt/ros/humble /usr/bin/cmake /home/huyjetson/mobile_robot/ros2_ws/src/amr_description -DCMAKE_INSTALL_PREFIX=/home/huyjetson/mobile_robot/ros2_ws/install/amr_description
[0.705s] Invoking command in '/home/huyjetson/mobile_robot/ros2_ws/build/amr_description': CMAKE_PREFIX_PATH=${CMAKE_PREFIX_PATH}:/home/huyjetson/mobile_robot/ros2_ws/install/amr_sensors:/home/huyjetson/mobile_robot/ros2_ws/install/amr_bringup:/home/huyjetson/mobile_robot/ros2_ws/install/amr_ai:/opt/ros/humble /usr/bin/cmake --build /home/huyjetson/mobile_robot/ros2_ws/build/amr_description -- -j6 -l6
[0.802s] Invoked command in '/home/huyjetson/mobile_robot/ros2_ws/build/amr_description' returned '0': CMAKE_PREFIX_PATH=${CMAKE_PREFIX_PATH}:/home/huyjetson/mobile_robot/ros2_ws/install/amr_sensors:/home/huyjetson/mobile_robot/ros2_ws/install/amr_bringup:/home/huyjetson/mobile_robot/ros2_ws/install/amr_ai:/opt/ros/humble /usr/bin/cmake --build /home/huyjetson/mobile_robot/ros2_ws/build/amr_description -- -j6 -l6
[0.835s] Invoking command in '/home/huyjetson/mobile_robot/ros2_ws/build/amr_description': CMAKE_PREFIX_PATH=${CMAKE_PREFIX_PATH}:/home/huyjetson/mobile_robot/ros2_ws/install/amr_sensors:/home/huyjetson/mobile_robot/ros2_ws/install/amr_bringup:/home/huyjetson/mobile_robot/ros2_ws/install/amr_ai:/opt/ros/humble /usr/bin/cmake --install /home/huyjetson/mobile_robot/ros2_ws/build/amr_description
[0.860s] -- Install configuration: ""
[0.861s] -- Execute custom install script
[0.862s] -- Up-to-date symlink: /home/huyjetson/mobile_robot/ros2_ws/install/amr_description/share/amr_description/urdf/robot.urdf
[0.863s] -- Up-to-date symlink: /home/huyjetson/mobile_robot/ros2_ws/install/amr_description/share/amr_description/meshes/base_footprint.STL
[0.863s] -- Up-to-date symlink: /home/huyjetson/mobile_robot/ros2_ws/install/amr_description/share/amr_description/meshes/base_link.STL
[0.864s] -- Up-to-date symlink: /home/huyjetson/mobile_robot/ros2_ws/install/amr_description/share/amr_description/meshes/camera_depth_link.STL
[0.864s] -- Up-to-date symlink: /home/huyjetson/mobile_robot/ros2_ws/install/amr_description/share/amr_description/meshes/camera_depth_link_optical.STL
[0.864s] -- Up-to-date symlink: /home/huyjetson/mobile_robot/ros2_ws/install/amr_description/share/amr_description/meshes/camera_rgb_link.STL
[0.865s] -- Up-to-date symlink: /home/huyjetson/mobile_robot/ros2_ws/install/amr_description/share/amr_description/meshes/camera_rgb_link_optical.STL
[0.865s] -- Up-to-date symlink: /home/huyjetson/mobile_robot/ros2_ws/install/amr_description/share/amr_description/meshes/laser_frame.STL
[0.865s] -- Up-to-date symlink: /home/huyjetson/mobile_robot/ros2_ws/install/amr_description/share/amr_description/meshes/left_wheel.STL
[0.865s] -- Up-to-date symlink: /home/huyjetson/mobile_robot/ros2_ws/install/amr_description/share/amr_description/meshes/right_wheel.STL
[0.865s] -- Up-to-date symlink: /home/huyjetson/mobile_robot/ros2_ws/install/amr_description/share/amr_description/launch/display.launch.py
[0.866s] -- Up-to-date symlink: /home/huyjetson/mobile_robot/ros2_ws/install/amr_description/share/amr_description/launch/gazebo.launch.py
[0.866s] -- Up-to-date symlink: /home/huyjetson/mobile_robot/ros2_ws/install/amr_description/share/amr_description/config/ekf.yaml
[0.866s] -- Up-to-date symlink: /home/huyjetson/mobile_robot/ros2_ws/install/amr_description/share/amr_description/worlds/room.world
[0.867s] -- Up-to-date symlink: /home/huyjetson/mobile_robot/ros2_ws/install/amr_description/share/amr_description/worlds/room_vslam.world
[0.867s] -- Up-to-date symlink: /home/huyjetson/mobile_robot/ros2_ws/install/amr_description/share/ament_index/resource_index/package_run_dependencies/amr_description
[0.867s] -- Up-to-date symlink: /home/huyjetson/mobile_robot/ros2_ws/install/amr_description/share/ament_index/resource_index/parent_prefix_path/amr_description
[0.868s] -- Up-to-date symlink: /home/huyjetson/mobile_robot/ros2_ws/install/amr_description/share/amr_description/environment/ament_prefix_path.sh
[0.868s] -- Up-to-date symlink: /home/huyjetson/mobile_robot/ros2_ws/install/amr_description/share/amr_description/environment/ament_prefix_path.dsv
[0.868s] -- Up-to-date symlink: /home/huyjetson/mobile_robot/ros2_ws/install/amr_description/share/amr_description/environment/path.sh
[0.869s] -- Up-to-date symlink: /home/huyjetson/mobile_robot/ros2_ws/install/amr_description/share/amr_description/environment/path.dsv
[0.869s] -- Up-to-date symlink: /home/huyjetson/mobile_robot/ros2_ws/install/amr_description/share/amr_description/local_setup.bash
[0.869s] -- Up-to-date symlink: /home/huyjetson/mobile_robot/ros2_ws/install/amr_description/share/amr_description/local_setup.sh
[0.870s] -- Up-to-date symlink: /home/huyjetson/mobile_robot/ros2_ws/install/amr_description/share/amr_description/local_setup.zsh
[0.870s] -- Up-to-date symlink: /home/huyjetson/mobile_robot/ros2_ws/install/amr_description/share/amr_description/local_setup.dsv
[0.870s] -- Symlinking: /home/huyjetson/mobile_robot/ros2_ws/install/amr_description/share/amr_description/package.dsv
[0.894s] -- Up-to-date symlink: /home/huyjetson/mobile_robot/ros2_ws/install/amr_description/share/ament_index/resource_index/packages/amr_description
[0.895s] -- Up-to-date symlink: /home/huyjetson/mobile_robot/ros2_ws/install/amr_description/share/amr_description/cmake/amr_descriptionConfig.cmake
[0.895s] -- Up-to-date symlink: /home/huyjetson/mobile_robot/ros2_ws/install/amr_description/share/amr_description/cmake/amr_descriptionConfig-version.cmake
[0.895s] -- Up-to-date symlink: /home/huyjetson/mobile_robot/ros2_ws/install/amr_description/share/amr_description/package.xml
[0.901s] Invoked command in '/home/huyjetson/mobile_robot/ros2_ws/build/amr_description' returned '0': CMAKE_PREFIX_PATH=${CMAKE_PREFIX_PATH}:/home/huyjetson/mobile_robot/ros2_ws/install/amr_sensors:/home/huyjetson/mobile_robot/ros2_ws/install/amr_bringup:/home/huyjetson/mobile_robot/ros2_ws/install/amr_ai:/opt/ros/humble /usr/bin/cmake --install /home/huyjetson/mobile_robot/ros2_ws/build/amr_description
