[0.028s] Invoking command in '/home/huyjetson/mobile_robot/ros2_ws/build/amr_control': CMAKE_PREFIX_PATH=${CMAKE_PREFIX_PATH}:/home/huyjetson/mobile_robot/ros2_ws/install/amr_sensors:/home/huyjetson/mobile_robot/ros2_ws/install/amr_bringup:/home/huyjetson/mobile_robot/ros2_ws/install/amr_ai:/opt/ros/humble /usr/bin/cmake --build /home/huyjetson/mobile_robot/ros2_ws/build/amr_control -- -j6 -l6
[0.175s] [ 50%] [32mBuilding CXX object CMakeFiles/arduino_bridge.dir/src/arduino_bridge.cpp.o[0m
[27.033s] [100%] [32m[1mLinking CXX executable arduino_bridge[0m
[28.504s] [100%] Built target arduino_bridge
[28.541s] Invoked command in '/home/huyjetson/mobile_robot/ros2_ws/build/amr_control' returned '0': CMAKE_PREFIX_PATH=${CMAKE_PREFIX_PATH}:/home/huyjetson/mobile_robot/ros2_ws/install/amr_sensors:/home/huyjetson/mobile_robot/ros2_ws/install/amr_bringup:/home/huyjetson/mobile_robot/ros2_ws/install/amr_ai:/opt/ros/humble /usr/bin/cmake --build /home/huyjetson/mobile_robot/ros2_ws/build/amr_control -- -j6 -l6
[28.575s] Invoking command in '/home/huyjetson/mobile_robot/ros2_ws/build/amr_control': CMAKE_PREFIX_PATH=${CMAKE_PREFIX_PATH}:/home/huyjetson/mobile_robot/ros2_ws/install/amr_sensors:/home/huyjetson/mobile_robot/ros2_ws/install/amr_bringup:/home/huyjetson/mobile_robot/ros2_ws/install/amr_ai:/opt/ros/humble /usr/bin/cmake --install /home/huyjetson/mobile_robot/ros2_ws/build/amr_control
[28.600s] -- Install configuration: ""
[28.601s] -- Execute custom install script
[28.602s] -- Up-to-date symlink: /home/huyjetson/mobile_robot/ros2_ws/install/amr_control/lib/amr_control/arduino_bridge
[28.603s] -- Up-to-date symlink: /home/huyjetson/mobile_robot/ros2_ws/install/amr_control/share/ament_index/resource_index/package_run_dependencies/amr_control
[28.603s] -- Up-to-date symlink: /home/huyjetson/mobile_robot/ros2_ws/install/amr_control/share/ament_index/resource_index/parent_prefix_path/amr_control
[28.603s] -- Up-to-date symlink: /home/huyjetson/mobile_robot/ros2_ws/install/amr_control/share/amr_control/environment/ament_prefix_path.sh
[28.604s] -- Up-to-date symlink: /home/huyjetson/mobile_robot/ros2_ws/install/amr_control/share/amr_control/environment/ament_prefix_path.dsv
[28.604s] -- Up-to-date symlink: /home/huyjetson/mobile_robot/ros2_ws/install/amr_control/share/amr_control/environment/path.sh
[28.605s] -- Up-to-date symlink: /home/huyjetson/mobile_robot/ros2_ws/install/amr_control/share/amr_control/environment/path.dsv
[28.605s] -- Up-to-date symlink: /home/huyjetson/mobile_robot/ros2_ws/install/amr_control/share/amr_control/local_setup.bash
[28.605s] -- Up-to-date symlink: /home/huyjetson/mobile_robot/ros2_ws/install/amr_control/share/amr_control/local_setup.sh
[28.606s] -- Up-to-date symlink: /home/huyjetson/mobile_robot/ros2_ws/install/amr_control/share/amr_control/local_setup.zsh
[28.606s] -- Up-to-date symlink: /home/huyjetson/mobile_robot/ros2_ws/install/amr_control/share/amr_control/local_setup.dsv
[28.606s] -- Symlinking: /home/huyjetson/mobile_robot/ros2_ws/install/amr_control/share/amr_control/package.dsv
[28.629s] -- Up-to-date symlink: /home/huyjetson/mobile_robot/ros2_ws/install/amr_control/share/ament_index/resource_index/packages/amr_control
[28.629s] -- Up-to-date symlink: /home/huyjetson/mobile_robot/ros2_ws/install/amr_control/share/amr_control/cmake/amr_controlConfig.cmake
[28.629s] -- Up-to-date symlink: /home/huyjetson/mobile_robot/ros2_ws/install/amr_control/share/amr_control/cmake/amr_controlConfig-version.cmake
[28.629s] -- Up-to-date symlink: /home/huyjetson/mobile_robot/ros2_ws/install/amr_control/share/amr_control/package.xml
[28.635s] Invoked command in '/home/huyjetson/mobile_robot/ros2_ws/build/amr_control' returned '0': CMAKE_PREFIX_PATH=${CMAKE_PREFIX_PATH}:/home/huyjetson/mobile_robot/ros2_ws/install/amr_sensors:/home/huyjetson/mobile_robot/ros2_ws/install/amr_bringup:/home/huyjetson/mobile_robot/ros2_ws/install/amr_ai:/opt/ros/humble /usr/bin/cmake --install /home/huyjetson/mobile_robot/ros2_ws/build/amr_control
