-- The C compiler identification is GNU 11.4.0
-- The CXX compiler identification is GNU 11.4.0
-- Detecting C compiler ABI info
-- Detecting C compiler ABI info - done
-- Check for working C compiler: /usr/bin/cc - skipped
-- Detecting C compile features
-- Detecting C compile features - done
-- Detecting CXX compiler ABI info
-- Detecting CXX compiler ABI info - done
-- Check for working CXX compiler: /usr/bin/c++ - skipped
-- Detecting CXX compile features
-- Detecting CXX compile features - done
-- Found ament_cmake: 1.3.14 (/opt/ros/humble/share/ament_cmake/cmake)
-- Found Python3: /usr/bin/python3 (found version "3.10.12") found components: Interpreter 
-- Override CMake install command with custom implementation using symlinks instead of copying resources
-- Found ament_lint_auto: 0.12.15 (/opt/ros/humble/share/ament_lint_auto/cmake)
-- Added test 'flake8' to check Python code syntax and style conventions
-- Added test 'lint_cmake' to check CMake code style
-- Added test 'pep257' to check Python code against some of the docstring style conventions in PEP 257
-- Added test 'xmllint' to check XML markup files
-- Configuring done
-- Generating done
-- Build files have been written to: /home/huyjetson/mobile_robot/ros2_ws/build/amr_slam
-- Install configuration: ""
-- Execute custom install script
-- Symlinking: /home/huyjetson/mobile_robot/ros2_ws/install/amr_slam/share/amr_slam/config/mapper_params_online_async.yaml
-- Symlinking: /home/huyjetson/mobile_robot/ros2_ws/install/amr_slam/share/amr_slam/launch/fusion_slam.launch.py
-- Symlinking: /home/huyjetson/mobile_robot/ros2_ws/install/amr_slam/share/amr_slam/launch/slam.launch.py
-- Symlinking: /home/huyjetson/mobile_robot/ros2_ws/install/amr_slam/share/amr_slam/rviz/view_vslam_teleop.rviz
-- Symlinking: /home/huyjetson/mobile_robot/ros2_ws/install/amr_slam/share/amr_slam/maps/map1.pgm
-- Symlinking: /home/huyjetson/mobile_robot/ros2_ws/install/amr_slam/share/amr_slam/maps/map1.yaml
-- Symlinking: /home/huyjetson/mobile_robot/ros2_ws/install/amr_slam/lib/amr_slam/scan_merger.py
-- Symlinking: /home/huyjetson/mobile_robot/ros2_ws/install/amr_slam/share/ament_index/resource_index/package_run_dependencies/amr_slam
-- Symlinking: /home/huyjetson/mobile_robot/ros2_ws/install/amr_slam/share/ament_index/resource_index/parent_prefix_path/amr_slam
-- Symlinking: /home/huyjetson/mobile_robot/ros2_ws/install/amr_slam/share/amr_slam/environment/ament_prefix_path.sh
-- Symlinking: /home/huyjetson/mobile_robot/ros2_ws/install/amr_slam/share/amr_slam/environment/ament_prefix_path.dsv
-- Symlinking: /home/huyjetson/mobile_robot/ros2_ws/install/amr_slam/share/amr_slam/environment/path.sh
-- Symlinking: /home/huyjetson/mobile_robot/ros2_ws/install/amr_slam/share/amr_slam/environment/path.dsv
-- Symlinking: /home/huyjetson/mobile_robot/ros2_ws/install/amr_slam/share/amr_slam/local_setup.bash
-- Symlinking: /home/huyjetson/mobile_robot/ros2_ws/install/amr_slam/share/amr_slam/local_setup.sh
-- Symlinking: /home/huyjetson/mobile_robot/ros2_ws/install/amr_slam/share/amr_slam/local_setup.zsh
-- Symlinking: /home/huyjetson/mobile_robot/ros2_ws/install/amr_slam/share/amr_slam/local_setup.dsv
-- Symlinking: /home/huyjetson/mobile_robot/ros2_ws/install/amr_slam/share/amr_slam/package.dsv
-- Symlinking: /home/huyjetson/mobile_robot/ros2_ws/install/amr_slam/share/ament_index/resource_index/packages/amr_slam
-- Symlinking: /home/huyjetson/mobile_robot/ros2_ws/install/amr_slam/share/amr_slam/cmake/amr_slamConfig.cmake
-- Symlinking: /home/huyjetson/mobile_robot/ros2_ws/install/amr_slam/share/amr_slam/cmake/amr_slamConfig-version.cmake
-- Symlinking: /home/huyjetson/mobile_robot/ros2_ws/install/amr_slam/share/amr_slam/package.xml
