[0.036s] Invoking command in '/home/huy_ubuntu/mobile_robot/ros2_ws/build/explore_lite_msgs': CMAKE_PREFIX_PATH=/opt/ros/humble /usr/bin/cmake /home/huy_ubuntu/mobile_robot/ros2_ws/src/m-explore-ros2/explore_lite_msgs -DAMENT_CMAKE_SYMLINK_INSTALL=1 -DCMAKE_INSTALL_PREFIX=/home/huy_ubuntu/mobile_robot/ros2_ws/install/explore_lite_msgs
[0.495s] -- The C compiler identification is GNU 11.4.0
[1.370s] -- The CXX compiler identification is GNU 11.4.0
[2.344s] -- Detecting C compiler ABI info
[2.642s] -- Detecting C compiler ABI info - done
[2.646s] -- Check for working C compiler: /usr/bin/cc - skipped
[2.646s] -- Detecting C compile features
[2.647s] -- Detecting C compile features - done
[2.650s] -- Detecting CXX compiler ABI info
[2.914s] -- Detecting CXX compiler ABI info - done
[2.918s] -- Check for working CXX compiler: /usr/bin/c++ - skipped
[2.918s] -- Detecting CXX compile features
[2.918s] -- Detecting CXX compile features - done
[2.929s] -- Found ament_cmake: 1.3.14 (/opt/ros/humble/share/ament_cmake/cmake)
[3.017s] -- Found Python3: /usr/bin/python3 (found version "3.10.12") found components: Interpreter 
[3.062s] -- Override CMake install command with custom implementation using symlinks instead of copying resources
[3.089s] -- Found rosidl_default_generators: 1.2.1 (/opt/ros/humble/share/rosidl_default_generators/cmake)
[3.093s] -- Using all available rosidl_typesupport_c: rosidl_typesupport_fastrtps_c;rosidl_typesupport_introspection_c
[3.101s] -- Found rosidl_adapter: 3.1.8 (/opt/ros/humble/share/rosidl_adapter/cmake)
[3.351s] -- Using all available rosidl_typesupport_cpp: rosidl_typesupport_fastrtps_cpp;rosidl_typesupport_introspection_cpp
[3.542s] -- Found ament_cmake_ros: 0.10.0 (/opt/ros/humble/share/ament_cmake_ros/cmake)
[3.650s] -- Using all available rosidl_typesupport_c: rosidl_typesupport_fastrtps_c;rosidl_typesupport_introspection_c
[3.783s] -- Using all available rosidl_typesupport_cpp: rosidl_typesupport_fastrtps_cpp;rosidl_typesupport_introspection_cpp
[3.920s] -- Found PythonInterp: /usr/bin/python3 (found suitable version "3.10.12", minimum required is "3.6") 
[3.922s] -- Found python_cmake_module: 0.10.0 (/opt/ros/humble/share/python_cmake_module/cmake)
[4.759s] -- Found PythonLibs: /usr/lib/x86_64-linux-gnu/libpython3.10.so (found suitable version "3.10.12", minimum required is "3.5") 
[4.759s] -- Using PYTHON_EXECUTABLE: /usr/bin/python3
[4.759s] -- Using PYTHON_INCLUDE_DIRS: /usr/include/python3.10
[4.759s] -- Using PYTHON_LIBRARIES: /usr/lib/x86_64-linux-gnu/libpython3.10.so
[4.770s] -- Found PythonExtra: .so  
[4.884s] -- Configuring done
[4.908s] -- Generating done
[4.915s] -- Build files have been written to: /home/huy_ubuntu/mobile_robot/ros2_ws/build/explore_lite_msgs
[4.920s] Invoked command in '/home/huy_ubuntu/mobile_robot/ros2_ws/build/explore_lite_msgs' returned '0': CMAKE_PREFIX_PATH=/opt/ros/humble /usr/bin/cmake /home/huy_ubuntu/mobile_robot/ros2_ws/src/m-explore-ros2/explore_lite_msgs -DAMENT_CMAKE_SYMLINK_INSTALL=1 -DCMAKE_INSTALL_PREFIX=/home/huy_ubuntu/mobile_robot/ros2_ws/install/explore_lite_msgs
[4.922s] Invoking command in '/home/huy_ubuntu/mobile_robot/ros2_ws/build/explore_lite_msgs': CMAKE_PREFIX_PATH=/opt/ros/humble /usr/bin/cmake --build /home/huy_ubuntu/mobile_robot/ros2_ws/build/explore_lite_msgs -- -j20 -l20
[4.942s] [  3%] [34m[1mGenerating C code for ROS interfaces[0m
[4.947s] [  6%] [34m[1mGenerating C++ code for ROS interfaces[0m
[4.947s] [  9%] [34m[1mGenerating Rust code for ROS interfaces[0m
[4.951s] [  9%] Built target ament_cmake_python_symlink_explore_lite_msgs
[5.100s] running egg_info
[5.100s] creating explore_lite_msgs.egg-info
[5.101s] [  9%] Built target explore_lite_msgs__rs
[5.101s] writing explore_lite_msgs.egg-info/PKG-INFO
[5.102s] writing dependency_links to explore_lite_msgs.egg-info/dependency_links.txt
[5.102s] writing top-level names to explore_lite_msgs.egg-info/top_level.txt
[5.102s] writing manifest file 'explore_lite_msgs.egg-info/SOURCES.txt'
[5.104s] reading manifest file 'explore_lite_msgs.egg-info/SOURCES.txt'
[5.105s] writing manifest file 'explore_lite_msgs.egg-info/SOURCES.txt'
[5.107s] [  9%] Built target explore_lite_msgs__cpp
[5.114s] [ 18%] [34m[1mGenerating C++ type support for eProsima Fast-RTPS[0m
[5.114s] [ 18%] [34m[1mGenerating C++ introspection for ROS interfaces[0m
[5.114s] [ 18%] [34m[1mGenerating C++ type support dispatch for ROS interfaces[0m
[5.116s] [ 21%] [32mBuilding C object CMakeFiles/explore_lite_msgs__rosidl_generator_c.dir/rosidl_generator_c/explore_lite_msgs/msg/detail/explore_status__functions.c.o[0m
[5.122s] [ 21%] Built target ament_cmake_python_build_explore_lite_msgs_egg
[5.163s] [ 25%] [32m[1mLinking C shared library libexplore_lite_msgs__rosidl_generator_c.so[0m
[5.255s] [ 28%] [32mBuilding CXX object CMakeFiles/explore_lite_msgs__rosidl_typesupport_cpp.dir/rosidl_typesupport_cpp/explore_lite_msgs/msg/explore_status__type_support.cpp.o[0m
[5.264s] [ 31%] [32mBuilding CXX object CMakeFiles/explore_lite_msgs__rosidl_typesupport_introspection_cpp.dir/rosidl_typesupport_introspection_cpp/explore_lite_msgs/msg/detail/explore_status__type_support.cpp.o[0m
[5.266s] [ 34%] [32mBuilding CXX object CMakeFiles/explore_lite_msgs__rosidl_typesupport_fastrtps_cpp.dir/rosidl_typesupport_fastrtps_cpp/explore_lite_msgs/msg/detail/dds_fastrtps/explore_status__type_support.cpp.o[0m
[5.359s] [ 34%] Built target explore_lite_msgs__rosidl_generator_c
[5.365s] [ 40%] [34m[1mGenerating C type support dispatch for ROS interfaces[0m
[5.365s] [ 40%] [34m[1mGenerating C introspection for ROS interfaces[0m
[5.366s] [ 43%] [34m[1mGenerating C type support for eProsima Fast-RTPS[0m
[5.440s] [ 46%] [32m[1mLinking CXX shared library libexplore_lite_msgs__rosidl_typesupport_cpp.so[0m
[5.509s] [ 50%] [32m[1mLinking CXX shared library libexplore_lite_msgs__rosidl_typesupport_introspection_cpp.so[0m
[5.511s] [ 53%] [32m[1mLinking CXX shared library libexplore_lite_msgs__rosidl_typesupport_fastrtps_cpp.so[0m
[5.527s] [ 56%] [32mBuilding CXX object CMakeFiles/explore_lite_msgs__rosidl_typesupport_c.dir/rosidl_typesupport_c/explore_lite_msgs/msg/explore_status__type_support.cpp.o[0m
[5.534s] [ 59%] [32mBuilding C object CMakeFiles/explore_lite_msgs__rosidl_typesupport_introspection_c.dir/rosidl_typesupport_introspection_c/explore_lite_msgs/msg/detail/explore_status__type_support.c.o[0m
[5.536s] [ 62%] [32mBuilding CXX object CMakeFiles/explore_lite_msgs__rosidl_typesupport_fastrtps_c.dir/rosidl_typesupport_fastrtps_c/explore_lite_msgs/msg/detail/explore_status__type_support_c.cpp.o[0m
[5.545s] [ 65%] [32m[1mLinking CXX shared library libexplore_lite_msgs__rosidl_typesupport_c.so[0m
[5.553s] [ 68%] [32m[1mLinking C shared library libexplore_lite_msgs__rosidl_typesupport_introspection_c.so[0m
[5.594s] [ 68%] Built target explore_lite_msgs__rosidl_typesupport_cpp
[5.666s] [ 68%] Built target explore_lite_msgs__rosidl_typesupport_introspection_cpp
[5.674s] [ 68%] Built target explore_lite_msgs__rosidl_typesupport_fastrtps_cpp
[5.699s] [ 68%] Built target explore_lite_msgs__rosidl_typesupport_introspection_c
[5.705s] [ 68%] Built target explore_lite_msgs__rosidl_typesupport_c
[5.717s] [ 71%] [32m[1mLinking CXX shared library libexplore_lite_msgs__rosidl_typesupport_fastrtps_c.so[0m
[5.988s] [ 71%] Built target explore_lite_msgs__rosidl_typesupport_fastrtps_c
[5.999s] [ 71%] Built target explore_lite_msgs
[6.010s] [ 75%] [34m[1mGenerating Python code for ROS interfaces[0m
[6.203s] [ 75%] Built target explore_lite_msgs__py
[6.215s] [ 78%] [32mBuilding C object CMakeFiles/explore_lite_msgs__rosidl_generator_py.dir/rosidl_generator_py/explore_lite_msgs/msg/_explore_status_s.c.o[0m
[6.291s] [ 81%] [32m[1mLinking C shared library rosidl_generator_py/explore_lite_msgs/libexplore_lite_msgs__rosidl_generator_py.so[0m
[6.411s] [ 81%] Built target explore_lite_msgs__rosidl_generator_py
[6.422s] [ 90%] [32mBuilding C object CMakeFiles/explore_lite_msgs__rosidl_typesupport_c__pyext.dir/rosidl_generator_py/explore_lite_msgs/_explore_lite_msgs_s.ep.rosidl_typesupport_c.c.o[0m
[6.422s] [ 90%] [32mBuilding C object CMakeFiles/explore_lite_msgs__rosidl_typesupport_fastrtps_c__pyext.dir/rosidl_generator_py/explore_lite_msgs/_explore_lite_msgs_s.ep.rosidl_typesupport_fastrtps_c.c.o[0m
[6.422s] [ 90%] [32mBuilding C object CMakeFiles/explore_lite_msgs__rosidl_typesupport_introspection_c__pyext.dir/rosidl_generator_py/explore_lite_msgs/_explore_lite_msgs_s.ep.rosidl_typesupport_introspection_c.c.o[0m
[6.469s] [ 96%] [32m[1mLinking C shared library rosidl_generator_py/explore_lite_msgs/explore_lite_msgs_s__rosidl_typesupport_c.cpython-310-x86_64-linux-gnu.so[0m
[6.469s] [ 96%] [32m[1mLinking C shared library rosidl_generator_py/explore_lite_msgs/explore_lite_msgs_s__rosidl_typesupport_introspection_c.cpython-310-x86_64-linux-gnu.so[0m
[6.470s] [100%] [32m[1mLinking C shared library rosidl_generator_py/explore_lite_msgs/explore_lite_msgs_s__rosidl_typesupport_fastrtps_c.cpython-310-x86_64-linux-gnu.so[0m
[6.603s] [100%] Built target explore_lite_msgs__rosidl_typesupport_fastrtps_c__pyext
[6.603s] [100%] Built target explore_lite_msgs__rosidl_typesupport_c__pyext
[6.633s] [100%] Built target explore_lite_msgs__rosidl_typesupport_introspection_c__pyext
[6.639s] Invoked command in '/home/huy_ubuntu/mobile_robot/ros2_ws/build/explore_lite_msgs' returned '0': CMAKE_PREFIX_PATH=/opt/ros/humble /usr/bin/cmake --build /home/huy_ubuntu/mobile_robot/ros2_ws/build/explore_lite_msgs -- -j20 -l20
[6.640s] Invoking command in '/home/huy_ubuntu/mobile_robot/ros2_ws/build/explore_lite_msgs': CMAKE_PREFIX_PATH=/opt/ros/humble /usr/bin/cmake --install /home/huy_ubuntu/mobile_robot/ros2_ws/build/explore_lite_msgs
[6.644s] -- Install configuration: ""
[6.645s] -- Execute custom install script
[6.645s] -- Symlinking: /home/huy_ubuntu/mobile_robot/ros2_ws/install/explore_lite_msgs/share/ament_index/resource_index/rosidl_interfaces/explore_lite_msgs
[6.650s] -- Symlinking: /home/huy_ubuntu/mobile_robot/ros2_ws/install/explore_lite_msgs/include/explore_lite_msgs/explore_lite_msgs/msg/detail/explore_status__functions.h
[6.654s] -- Symlinking: /home/huy_ubuntu/mobile_robot/ros2_ws/install/explore_lite_msgs/include/explore_lite_msgs/explore_lite_msgs/msg/detail/explore_status__struct.h
[6.659s] -- Symlinking: /home/huy_ubuntu/mobile_robot/ros2_ws/install/explore_lite_msgs/include/explore_lite_msgs/explore_lite_msgs/msg/detail/explore_status__type_support.h
[6.663s] -- Symlinking: /home/huy_ubuntu/mobile_robot/ros2_ws/install/explore_lite_msgs/include/explore_lite_msgs/explore_lite_msgs/msg/explore_status.h
[6.667s] -- Symlinking: /home/huy_ubuntu/mobile_robot/ros2_ws/install/explore_lite_msgs/include/explore_lite_msgs/explore_lite_msgs/msg/rosidl_generator_c__visibility_control.h
[6.672s] -- Symlinking: /home/huy_ubuntu/mobile_robot/ros2_ws/install/explore_lite_msgs/share/explore_lite_msgs/environment/library_path.sh
[6.676s] -- Symlinking: /home/huy_ubuntu/mobile_robot/ros2_ws/install/explore_lite_msgs/share/explore_lite_msgs/environment/library_path.dsv
[6.680s] -- Symlinking: /home/huy_ubuntu/mobile_robot/ros2_ws/install/explore_lite_msgs/include/explore_lite_msgs/explore_lite_msgs/msg/detail/explore_status__rosidl_typesupport_fastrtps_c.h
[6.685s] -- Symlinking: /home/huy_ubuntu/mobile_robot/ros2_ws/install/explore_lite_msgs/include/explore_lite_msgs/explore_lite_msgs/msg/rosidl_typesupport_fastrtps_c__visibility_control.h
[6.689s] -- Symlinking: /home/huy_ubuntu/mobile_robot/ros2_ws/install/explore_lite_msgs/include/explore_lite_msgs/explore_lite_msgs/msg/detail/explore_status__rosidl_typesupport_introspection_c.h
[6.693s] -- Symlinking: /home/huy_ubuntu/mobile_robot/ros2_ws/install/explore_lite_msgs/include/explore_lite_msgs/explore_lite_msgs/msg/rosidl_typesupport_introspection_c__visibility_control.h
[6.697s] -- Symlinking: /home/huy_ubuntu/mobile_robot/ros2_ws/install/explore_lite_msgs/include/explore_lite_msgs/explore_lite_msgs/msg/detail/explore_status__builder.hpp
[6.701s] -- Symlinking: /home/huy_ubuntu/mobile_robot/ros2_ws/install/explore_lite_msgs/include/explore_lite_msgs/explore_lite_msgs/msg/detail/explore_status__struct.hpp
[6.706s] -- Symlinking: /home/huy_ubuntu/mobile_robot/ros2_ws/install/explore_lite_msgs/include/explore_lite_msgs/explore_lite_msgs/msg/detail/explore_status__traits.hpp
[6.710s] -- Symlinking: /home/huy_ubuntu/mobile_robot/ros2_ws/install/explore_lite_msgs/include/explore_lite_msgs/explore_lite_msgs/msg/detail/explore_status__type_support.hpp
[6.715s] -- Symlinking: /home/huy_ubuntu/mobile_robot/ros2_ws/install/explore_lite_msgs/include/explore_lite_msgs/explore_lite_msgs/msg/explore_status.hpp
[6.719s] -- Symlinking: /home/huy_ubuntu/mobile_robot/ros2_ws/install/explore_lite_msgs/include/explore_lite_msgs/explore_lite_msgs/msg/rosidl_generator_cpp__visibility_control.hpp
[6.724s] -- Symlinking: /home/huy_ubuntu/mobile_robot/ros2_ws/install/explore_lite_msgs/include/explore_lite_msgs/explore_lite_msgs/msg/detail/explore_status__rosidl_typesupport_fastrtps_cpp.hpp
[6.729s] -- Symlinking: /home/huy_ubuntu/mobile_robot/ros2_ws/install/explore_lite_msgs/include/explore_lite_msgs/explore_lite_msgs/msg/rosidl_typesupport_fastrtps_cpp__visibility_control.h
[6.734s] -- Symlinking: /home/huy_ubuntu/mobile_robot/ros2_ws/install/explore_lite_msgs/include/explore_lite_msgs/explore_lite_msgs/msg/detail/explore_status__rosidl_typesupport_introspection_cpp.hpp
[6.738s] -- Symlinking: /home/huy_ubuntu/mobile_robot/ros2_ws/install/explore_lite_msgs/share/explore_lite_msgs/environment/pythonpath.sh
[6.743s] -- Symlinking: /home/huy_ubuntu/mobile_robot/ros2_ws/install/explore_lite_msgs/share/explore_lite_msgs/environment/pythonpath.dsv
[6.748s] -- Symlinking: /home/huy_ubuntu/mobile_robot/ros2_ws/install/explore_lite_msgs/local/lib/python3.10/dist-packages/explore_lite_msgs-1.0.0-py3.10.egg-info/PKG-INFO
[6.752s] -- Symlinking: /home/huy_ubuntu/mobile_robot/ros2_ws/install/explore_lite_msgs/local/lib/python3.10/dist-packages/explore_lite_msgs-1.0.0-py3.10.egg-info/SOURCES.txt
[6.757s] -- Symlinking: /home/huy_ubuntu/mobile_robot/ros2_ws/install/explore_lite_msgs/local/lib/python3.10/dist-packages/explore_lite_msgs-1.0.0-py3.10.egg-info/dependency_links.txt
[6.761s] -- Symlinking: /home/huy_ubuntu/mobile_robot/ros2_ws/install/explore_lite_msgs/local/lib/python3.10/dist-packages/explore_lite_msgs-1.0.0-py3.10.egg-info/top_level.txt
[6.766s] -- Symlinking: /home/huy_ubuntu/mobile_robot/ros2_ws/install/explore_lite_msgs/local/lib/python3.10/dist-packages/explore_lite_msgs/__init__.py
[6.771s] -- Symlinking: /home/huy_ubuntu/mobile_robot/ros2_ws/install/explore_lite_msgs/local/lib/python3.10/dist-packages/explore_lite_msgs/_explore_lite_msgs_s.ep.rosidl_typesupport_c.c
[6.776s] -- Symlinking: /home/huy_ubuntu/mobile_robot/ros2_ws/install/explore_lite_msgs/local/lib/python3.10/dist-packages/explore_lite_msgs/_explore_lite_msgs_s.ep.rosidl_typesupport_fastrtps_c.c
[6.780s] -- Symlinking: /home/huy_ubuntu/mobile_robot/ros2_ws/install/explore_lite_msgs/local/lib/python3.10/dist-packages/explore_lite_msgs/_explore_lite_msgs_s.ep.rosidl_typesupport_introspection_c.c
[6.785s] -- Symlinking: /home/huy_ubuntu/mobile_robot/ros2_ws/install/explore_lite_msgs/local/lib/python3.10/dist-packages/explore_lite_msgs/explore_lite_msgs_s__rosidl_typesupport_c.cpython-310-x86_64-linux-gnu.so
[6.789s] -- Symlinking: /home/huy_ubuntu/mobile_robot/ros2_ws/install/explore_lite_msgs/local/lib/python3.10/dist-packages/explore_lite_msgs/explore_lite_msgs_s__rosidl_typesupport_fastrtps_c.cpython-310-x86_64-linux-gnu.so
[6.794s] -- Symlinking: /home/huy_ubuntu/mobile_robot/ros2_ws/install/explore_lite_msgs/local/lib/python3.10/dist-packages/explore_lite_msgs/explore_lite_msgs_s__rosidl_typesupport_introspection_c.cpython-310-x86_64-linux-gnu.so
[6.799s] -- Symlinking: /home/huy_ubuntu/mobile_robot/ros2_ws/install/explore_lite_msgs/local/lib/python3.10/dist-packages/explore_lite_msgs/libexplore_lite_msgs__rosidl_generator_py.so
[6.804s] -- Symlinking: /home/huy_ubuntu/mobile_robot/ros2_ws/install/explore_lite_msgs/local/lib/python3.10/dist-packages/explore_lite_msgs/msg/__init__.py
[6.808s] -- Symlinking: /home/huy_ubuntu/mobile_robot/ros2_ws/install/explore_lite_msgs/local/lib/python3.10/dist-packages/explore_lite_msgs/msg/_explore_status.py
[6.812s] -- Symlinking: /home/huy_ubuntu/mobile_robot/ros2_ws/install/explore_lite_msgs/local/lib/python3.10/dist-packages/explore_lite_msgs/msg/_explore_status_s.c
[6.817s] -- Up-to-date symlink: /home/huy_ubuntu/mobile_robot/ros2_ws/install/explore_lite_msgs/local/lib/python3.10/dist-packages/explore_lite_msgs/explore_lite_msgs_s__rosidl_typesupport_fastrtps_c.cpython-310-x86_64-linux-gnu.so
[6.817s] -- Up-to-date symlink: /home/huy_ubuntu/mobile_robot/ros2_ws/install/explore_lite_msgs/local/lib/python3.10/dist-packages/explore_lite_msgs/explore_lite_msgs_s__rosidl_typesupport_introspection_c.cpython-310-x86_64-linux-gnu.so
[6.818s] -- Up-to-date symlink: /home/huy_ubuntu/mobile_robot/ros2_ws/install/explore_lite_msgs/local/lib/python3.10/dist-packages/explore_lite_msgs/explore_lite_msgs_s__rosidl_typesupport_c.cpython-310-x86_64-linux-gnu.so
[6.818s] -- Symlinking: /home/huy_ubuntu/mobile_robot/ros2_ws/install/explore_lite_msgs/share/ament_index/resource_index/rust_packages/explore_lite_msgs
[6.823s] -- Symlinking: /home/huy_ubuntu/mobile_robot/ros2_ws/install/explore_lite_msgs/share/explore_lite_msgs/rust/Cargo.toml
[6.827s] -- Symlinking: /home/huy_ubuntu/mobile_robot/ros2_ws/install/explore_lite_msgs/share/explore_lite_msgs/rust/build.rs
[6.832s] -- Symlinking: /home/huy_ubuntu/mobile_robot/ros2_ws/install/explore_lite_msgs/share/explore_lite_msgs/rust/src/lib.rs
[6.836s] -- Symlinking: /home/huy_ubuntu/mobile_robot/ros2_ws/install/explore_lite_msgs/share/explore_lite_msgs/rust/src/msg.rs
[6.841s] -- Symlinking: /home/huy_ubuntu/mobile_robot/ros2_ws/install/explore_lite_msgs/share/explore_lite_msgs/rust/src/msg/rmw.rs
[6.846s] -- Symlinking: /home/huy_ubuntu/mobile_robot/ros2_ws/install/explore_lite_msgs/share/explore_lite_msgs/msg/ExploreStatus.idl
[6.851s] -- Symlinking: /home/huy_ubuntu/mobile_robot/ros2_ws/install/explore_lite_msgs/share/explore_lite_msgs/msg/ExploreStatus.msg
[6.855s] -- Symlinking: /home/huy_ubuntu/mobile_robot/ros2_ws/install/explore_lite_msgs/share/ament_index/resource_index/package_run_dependencies/explore_lite_msgs
[6.860s] -- Symlinking: /home/huy_ubuntu/mobile_robot/ros2_ws/install/explore_lite_msgs/share/ament_index/resource_index/parent_prefix_path/explore_lite_msgs
[6.864s] -- Symlinking: /home/huy_ubuntu/mobile_robot/ros2_ws/install/explore_lite_msgs/share/explore_lite_msgs/environment/ament_prefix_path.sh
[6.868s] -- Symlinking: /home/huy_ubuntu/mobile_robot/ros2_ws/install/explore_lite_msgs/share/explore_lite_msgs/environment/ament_prefix_path.dsv
[6.872s] -- Symlinking: /home/huy_ubuntu/mobile_robot/ros2_ws/install/explore_lite_msgs/share/explore_lite_msgs/environment/path.sh
[6.876s] -- Symlinking: /home/huy_ubuntu/mobile_robot/ros2_ws/install/explore_lite_msgs/share/explore_lite_msgs/environment/path.dsv
[6.881s] -- Symlinking: /home/huy_ubuntu/mobile_robot/ros2_ws/install/explore_lite_msgs/share/explore_lite_msgs/local_setup.bash
[6.885s] -- Symlinking: /home/huy_ubuntu/mobile_robot/ros2_ws/install/explore_lite_msgs/share/explore_lite_msgs/local_setup.sh
[6.889s] -- Symlinking: /home/huy_ubuntu/mobile_robot/ros2_ws/install/explore_lite_msgs/share/explore_lite_msgs/local_setup.zsh
[6.894s] -- Symlinking: /home/huy_ubuntu/mobile_robot/ros2_ws/install/explore_lite_msgs/share/explore_lite_msgs/local_setup.dsv
[6.898s] -- Symlinking: /home/huy_ubuntu/mobile_robot/ros2_ws/install/explore_lite_msgs/share/explore_lite_msgs/package.dsv
[6.902s] -- Symlinking: /home/huy_ubuntu/mobile_robot/ros2_ws/install/explore_lite_msgs/share/ament_index/resource_index/packages/explore_lite_msgs
[6.907s] -- Symlinking: /home/huy_ubuntu/mobile_robot/ros2_ws/install/explore_lite_msgs/share/explore_lite_msgs/cmake/rosidl_cmake-extras.cmake
[6.911s] -- Symlinking: /home/huy_ubuntu/mobile_robot/ros2_ws/install/explore_lite_msgs/share/explore_lite_msgs/cmake/ament_cmake_export_include_directories-extras.cmake
[6.916s] -- Symlinking: /home/huy_ubuntu/mobile_robot/ros2_ws/install/explore_lite_msgs/share/explore_lite_msgs/cmake/ament_cmake_export_libraries-extras.cmake
[6.920s] -- Symlinking: /home/huy_ubuntu/mobile_robot/ros2_ws/install/explore_lite_msgs/share/explore_lite_msgs/cmake/ament_cmake_export_targets-extras.cmake
[6.924s] -- Symlinking: /home/huy_ubuntu/mobile_robot/ros2_ws/install/explore_lite_msgs/share/explore_lite_msgs/cmake/rosidl_cmake_export_typesupport_targets-extras.cmake
[6.928s] -- Symlinking: /home/huy_ubuntu/mobile_robot/ros2_ws/install/explore_lite_msgs/share/explore_lite_msgs/cmake/ament_cmake_export_dependencies-extras.cmake
[6.933s] -- Symlinking: /home/huy_ubuntu/mobile_robot/ros2_ws/install/explore_lite_msgs/share/explore_lite_msgs/cmake/rosidl_cmake_export_typesupport_libraries-extras.cmake
[6.937s] -- Symlinking: /home/huy_ubuntu/mobile_robot/ros2_ws/install/explore_lite_msgs/share/explore_lite_msgs/cmake/explore_lite_msgsConfig.cmake
[6.941s] -- Symlinking: /home/huy_ubuntu/mobile_robot/ros2_ws/install/explore_lite_msgs/share/explore_lite_msgs/cmake/explore_lite_msgsConfig-version.cmake
[6.946s] -- Symlinking: /home/huy_ubuntu/mobile_robot/ros2_ws/install/explore_lite_msgs/share/explore_lite_msgs/package.xml
[6.951s] -- Installing: /home/huy_ubuntu/mobile_robot/ros2_ws/install/explore_lite_msgs/lib/libexplore_lite_msgs__rosidl_generator_c.so
[6.951s] -- Set runtime path of "/home/huy_ubuntu/mobile_robot/ros2_ws/install/explore_lite_msgs/lib/libexplore_lite_msgs__rosidl_generator_c.so" to ""
[6.951s] -- Installing: /home/huy_ubuntu/mobile_robot/ros2_ws/install/explore_lite_msgs/lib/libexplore_lite_msgs__rosidl_typesupport_fastrtps_c.so
[6.951s] -- Set runtime path of "/home/huy_ubuntu/mobile_robot/ros2_ws/install/explore_lite_msgs/lib/libexplore_lite_msgs__rosidl_typesupport_fastrtps_c.so" to ""
[6.951s] -- Installing: /home/huy_ubuntu/mobile_robot/ros2_ws/install/explore_lite_msgs/lib/libexplore_lite_msgs__rosidl_typesupport_introspection_c.so
[6.951s] -- Set runtime path of "/home/huy_ubuntu/mobile_robot/ros2_ws/install/explore_lite_msgs/lib/libexplore_lite_msgs__rosidl_typesupport_introspection_c.so" to ""
[6.951s] -- Installing: /home/huy_ubuntu/mobile_robot/ros2_ws/install/explore_lite_msgs/lib/libexplore_lite_msgs__rosidl_typesupport_c.so
[6.952s] -- Set runtime path of "/home/huy_ubuntu/mobile_robot/ros2_ws/install/explore_lite_msgs/lib/libexplore_lite_msgs__rosidl_typesupport_c.so" to ""
[6.952s] -- Installing: /home/huy_ubuntu/mobile_robot/ros2_ws/install/explore_lite_msgs/lib/libexplore_lite_msgs__rosidl_typesupport_fastrtps_cpp.so
[6.952s] -- Set runtime path of "/home/huy_ubuntu/mobile_robot/ros2_ws/install/explore_lite_msgs/lib/libexplore_lite_msgs__rosidl_typesupport_fastrtps_cpp.so" to ""
[6.952s] -- Installing: /home/huy_ubuntu/mobile_robot/ros2_ws/install/explore_lite_msgs/lib/libexplore_lite_msgs__rosidl_typesupport_introspection_cpp.so
[6.952s] -- Set runtime path of "/home/huy_ubuntu/mobile_robot/ros2_ws/install/explore_lite_msgs/lib/libexplore_lite_msgs__rosidl_typesupport_introspection_cpp.so" to ""
[6.952s] -- Installing: /home/huy_ubuntu/mobile_robot/ros2_ws/install/explore_lite_msgs/lib/libexplore_lite_msgs__rosidl_typesupport_cpp.so
[6.952s] -- Set runtime path of "/home/huy_ubuntu/mobile_robot/ros2_ws/install/explore_lite_msgs/lib/libexplore_lite_msgs__rosidl_typesupport_cpp.so" to ""
[6.974s] Listing '/home/huy_ubuntu/mobile_robot/ros2_ws/install/explore_lite_msgs/local/lib/python3.10/dist-packages/explore_lite_msgs'...
[6.974s] Compiling '/home/huy_ubuntu/mobile_robot/ros2_ws/install/explore_lite_msgs/local/lib/python3.10/dist-packages/explore_lite_msgs/__init__.py'...
[6.974s] Listing '/home/huy_ubuntu/mobile_robot/ros2_ws/install/explore_lite_msgs/local/lib/python3.10/dist-packages/explore_lite_msgs/msg'...
[6.974s] Compiling '/home/huy_ubuntu/mobile_robot/ros2_ws/install/explore_lite_msgs/local/lib/python3.10/dist-packages/explore_lite_msgs/msg/__init__.py'...
[6.974s] Compiling '/home/huy_ubuntu/mobile_robot/ros2_ws/install/explore_lite_msgs/local/lib/python3.10/dist-packages/explore_lite_msgs/msg/_explore_status.py'...
[6.977s] -- Installing: /home/huy_ubuntu/mobile_robot/ros2_ws/install/explore_lite_msgs/lib/libexplore_lite_msgs__rosidl_generator_py.so
[6.977s] -- Set runtime path of "/home/huy_ubuntu/mobile_robot/ros2_ws/install/explore_lite_msgs/lib/libexplore_lite_msgs__rosidl_generator_py.so" to ""
[6.977s] -- Installing: /home/huy_ubuntu/mobile_robot/ros2_ws/install/explore_lite_msgs/share/explore_lite_msgs/cmake/export_explore_lite_msgs__rosidl_generator_cExport.cmake
[6.977s] -- Installing: /home/huy_ubuntu/mobile_robot/ros2_ws/install/explore_lite_msgs/share/explore_lite_msgs/cmake/export_explore_lite_msgs__rosidl_generator_cExport-noconfig.cmake
[6.977s] -- Installing: /home/huy_ubuntu/mobile_robot/ros2_ws/install/explore_lite_msgs/share/explore_lite_msgs/cmake/export_explore_lite_msgs__rosidl_typesupport_fastrtps_cExport.cmake
[6.977s] -- Installing: /home/huy_ubuntu/mobile_robot/ros2_ws/install/explore_lite_msgs/share/explore_lite_msgs/cmake/export_explore_lite_msgs__rosidl_typesupport_fastrtps_cExport-noconfig.cmake
[6.977s] -- Installing: /home/huy_ubuntu/mobile_robot/ros2_ws/install/explore_lite_msgs/share/explore_lite_msgs/cmake/explore_lite_msgs__rosidl_typesupport_introspection_cExport.cmake
[6.977s] -- Installing: /home/huy_ubuntu/mobile_robot/ros2_ws/install/explore_lite_msgs/share/explore_lite_msgs/cmake/explore_lite_msgs__rosidl_typesupport_introspection_cExport-noconfig.cmake
[6.977s] -- Installing: /home/huy_ubuntu/mobile_robot/ros2_ws/install/explore_lite_msgs/share/explore_lite_msgs/cmake/explore_lite_msgs__rosidl_typesupport_cExport.cmake
[6.978s] -- Installing: /home/huy_ubuntu/mobile_robot/ros2_ws/install/explore_lite_msgs/share/explore_lite_msgs/cmake/explore_lite_msgs__rosidl_typesupport_cExport-noconfig.cmake
[6.978s] -- Installing: /home/huy_ubuntu/mobile_robot/ros2_ws/install/explore_lite_msgs/share/explore_lite_msgs/cmake/export_explore_lite_msgs__rosidl_generator_cppExport.cmake
[6.978s] -- Installing: /home/huy_ubuntu/mobile_robot/ros2_ws/install/explore_lite_msgs/share/explore_lite_msgs/cmake/export_explore_lite_msgs__rosidl_typesupport_fastrtps_cppExport.cmake
[6.978s] -- Installing: /home/huy_ubuntu/mobile_robot/ros2_ws/install/explore_lite_msgs/share/explore_lite_msgs/cmake/export_explore_lite_msgs__rosidl_typesupport_fastrtps_cppExport-noconfig.cmake
[6.978s] -- Installing: /home/huy_ubuntu/mobile_robot/ros2_ws/install/explore_lite_msgs/share/explore_lite_msgs/cmake/explore_lite_msgs__rosidl_typesupport_introspection_cppExport.cmake
[6.978s] -- Installing: /home/huy_ubuntu/mobile_robot/ros2_ws/install/explore_lite_msgs/share/explore_lite_msgs/cmake/explore_lite_msgs__rosidl_typesupport_introspection_cppExport-noconfig.cmake
[6.978s] -- Installing: /home/huy_ubuntu/mobile_robot/ros2_ws/install/explore_lite_msgs/share/explore_lite_msgs/cmake/explore_lite_msgs__rosidl_typesupport_cppExport.cmake
[6.978s] -- Installing: /home/huy_ubuntu/mobile_robot/ros2_ws/install/explore_lite_msgs/share/explore_lite_msgs/cmake/explore_lite_msgs__rosidl_typesupport_cppExport-noconfig.cmake
[6.978s] -- Installing: /home/huy_ubuntu/mobile_robot/ros2_ws/install/explore_lite_msgs/share/explore_lite_msgs/cmake/export_explore_lite_msgs__rosidl_generator_pyExport.cmake
[6.978s] -- Installing: /home/huy_ubuntu/mobile_robot/ros2_ws/install/explore_lite_msgs/share/explore_lite_msgs/cmake/export_explore_lite_msgs__rosidl_generator_pyExport-noconfig.cmake
[6.980s] Invoked command in '/home/huy_ubuntu/mobile_robot/ros2_ws/build/explore_lite_msgs' returned '0': CMAKE_PREFIX_PATH=/opt/ros/humble /usr/bin/cmake --install /home/huy_ubuntu/mobile_robot/ros2_ws/build/explore_lite_msgs
