[0.723s] Invoking command in '/home/huyjetson/mobile_robot/ros2_ws/build/amr_navigation': CMAKE_PREFIX_PATH=${CMAKE_PREFIX_PATH}:/home/huyjetson/mobile_robot/ros2_ws/install/amr_sensors:/home/huyjetson/mobile_robot/ros2_ws/install/amr_bringup:/home/huyjetson/mobile_robot/ros2_ws/install/amr_ai:/opt/ros/humble /usr/bin/cmake --build /home/huyjetson/mobile_robot/ros2_ws/build/amr_navigation -- -j6 -l6
[0.841s] Invoked command in '/home/huyjetson/mobile_robot/ros2_ws/build/amr_navigation' returned '0': CMAKE_PREFIX_PATH=${CMAKE_PREFIX_PATH}:/home/huyjetson/mobile_robot/ros2_ws/install/amr_sensors:/home/huyjetson/mobile_robot/ros2_ws/install/amr_bringup:/home/huyjetson/mobile_robot/ros2_ws/install/amr_ai:/opt/ros/humble /usr/bin/cmake --build /home/huyjetson/mobile_robot/ros2_ws/build/amr_navigation -- -j6 -l6
[0.870s] Invoking command in '/home/huyjetson/mobile_robot/ros2_ws/build/amr_navigation': CMAKE_PREFIX_PATH=${CMAKE_PREFIX_PATH}:/home/huyjetson/mobile_robot/ros2_ws/install/amr_sensors:/home/huyjetson/mobile_robot/ros2_ws/install/amr_bringup:/home/huyjetson/mobile_robot/ros2_ws/install/amr_ai:/opt/ros/humble /usr/bin/cmake --install /home/huyjetson/mobile_robot/ros2_ws/build/amr_navigation
[0.892s] -- Install configuration: ""
[0.892s] -- Execute custom install script
[0.893s] -- Up-to-date symlink: /home/huyjetson/mobile_robot/ros2_ws/install/amr_navigation/share/amr_navigation/config/explore.yaml
[0.893s] -- Up-to-date symlink: /home/huyjetson/mobile_robot/ros2_ws/install/amr_navigation/share/amr_navigation/config/nav2_params.yaml
[0.893s] -- Up-to-date symlink: /home/huyjetson/mobile_robot/ros2_ws/install/amr_navigation/share/amr_navigation/config/nav2_params_MPPI.yaml
[0.893s] -- Up-to-date symlink: /home/huyjetson/mobile_robot/ros2_ws/install/amr_navigation/share/amr_navigation/config/nav2_params_fusion.yaml
[0.894s] -- Up-to-date symlink: /home/huyjetson/mobile_robot/ros2_ws/install/amr_navigation/share/amr_navigation/config/nav2_params_vslam.yaml
[0.894s] -- Up-to-date symlink: /home/huyjetson/mobile_robot/ros2_ws/install/amr_navigation/share/amr_navigation/launch/auto_fusion.launch.py
[0.895s] -- Up-to-date symlink: /home/huyjetson/mobile_robot/ros2_ws/install/amr_navigation/share/amr_navigation/launch/explore.launch.py
[0.895s] -- Up-to-date symlink: /home/huyjetson/mobile_robot/ros2_ws/install/amr_navigation/share/amr_navigation/launch/nav_fusion.launch.py
[0.895s] -- Up-to-date symlink: /home/huyjetson/mobile_robot/ros2_ws/install/amr_navigation/share/amr_navigation/launch/nav_visual.launch.py
[0.895s] -- Up-to-date symlink: /home/huyjetson/mobile_robot/ros2_ws/install/amr_navigation/share/amr_navigation/launch/navigation.launch.py
[0.896s] -- Up-to-date symlink: /home/huyjetson/mobile_robot/ros2_ws/install/amr_navigation/share/amr_navigation/rviz/view_robot.rviz
[0.896s] -- Up-to-date symlink: /home/huyjetson/mobile_robot/ros2_ws/install/amr_navigation/lib/amr_navigation/auto_map_saver.py
[0.897s] -- Up-to-date symlink: /home/huyjetson/mobile_robot/ros2_ws/install/amr_navigation/lib/amr_navigation/init_move.py
[0.897s] -- Up-to-date symlink: /home/huyjetson/mobile_robot/ros2_ws/install/amr_navigation/share/ament_index/resource_index/package_run_dependencies/amr_navigation
[0.898s] -- Up-to-date symlink: /home/huyjetson/mobile_robot/ros2_ws/install/amr_navigation/share/ament_index/resource_index/parent_prefix_path/amr_navigation
[0.898s] -- Up-to-date symlink: /home/huyjetson/mobile_robot/ros2_ws/install/amr_navigation/share/amr_navigation/environment/ament_prefix_path.sh
[0.898s] -- Up-to-date symlink: /home/huyjetson/mobile_robot/ros2_ws/install/amr_navigation/share/amr_navigation/environment/ament_prefix_path.dsv
[0.899s] -- Up-to-date symlink: /home/huyjetson/mobile_robot/ros2_ws/install/amr_navigation/share/amr_navigation/environment/path.sh
[0.899s] -- Up-to-date symlink: /home/huyjetson/mobile_robot/ros2_ws/install/amr_navigation/share/amr_navigation/environment/path.dsv
[0.899s] -- Up-to-date symlink: /home/huyjetson/mobile_robot/ros2_ws/install/amr_navigation/share/amr_navigation/local_setup.bash
[0.900s] -- Up-to-date symlink: /home/huyjetson/mobile_robot/ros2_ws/install/amr_navigation/share/amr_navigation/local_setup.sh
[0.900s] -- Up-to-date symlink: /home/huyjetson/mobile_robot/ros2_ws/install/amr_navigation/share/amr_navigation/local_setup.zsh
[0.900s] -- Up-to-date symlink: /home/huyjetson/mobile_robot/ros2_ws/install/amr_navigation/share/amr_navigation/local_setup.dsv
[0.900s] -- Symlinking: /home/huyjetson/mobile_robot/ros2_ws/install/amr_navigation/share/amr_navigation/package.dsv
[0.926s] -- Up-to-date symlink: /home/huyjetson/mobile_robot/ros2_ws/install/amr_navigation/share/ament_index/resource_index/packages/amr_navigation
[0.926s] -- Up-to-date symlink: /home/huyjetson/mobile_robot/ros2_ws/install/amr_navigation/share/amr_navigation/cmake/amr_navigationConfig.cmake
[0.926s] -- Up-to-date symlink: /home/huyjetson/mobile_robot/ros2_ws/install/amr_navigation/share/amr_navigation/cmake/amr_navigationConfig-version.cmake
[0.926s] -- Up-to-date symlink: /home/huyjetson/mobile_robot/ros2_ws/install/amr_navigation/share/amr_navigation/package.xml
[0.933s] Invoked command in '/home/huyjetson/mobile_robot/ros2_ws/build/amr_navigation' returned '0': CMAKE_PREFIX_PATH=${CMAKE_PREFIX_PATH}:/home/huyjetson/mobile_robot/ros2_ws/install/amr_sensors:/home/huyjetson/mobile_robot/ros2_ws/install/amr_bringup:/home/huyjetson/mobile_robot/ros2_ws/install/amr_ai:/opt/ros/humble /usr/bin/cmake --install /home/huyjetson/mobile_robot/ros2_ws/build/amr_navigation
