[0.279s] DEBUG:colcon:Command line arguments: ['/usr/bin/colcon', 'build', '--symlink-install', '--packages-select', 'amr_navigation']
[0.279s] DEBUG:colcon:Parsed command line arguments: Namespace(log_base=None, log_level=None, verb_name='build', build_base='build', install_base='install', merge_install=False, symlink_install=True, test_result_base=None, continue_on_error=False, executor='parallel', parallel_workers=6, event_handlers=None, ignore_user_meta=False, metas=['./colcon.meta'], base_paths=['.'], packages_ignore=None, packages_ignore_regex=None, paths=None, packages_up_to=None, packages_up_to_regex=None, packages_above=None, packages_above_and_dependencies=None, packages_above_depth=None, packages_select_by_dep=None, packages_skip_by_dep=None, packages_skip_up_to=None, packages_select_build_failed=False, packages_skip_build_finished=False, packages_select_test_failures=False, packages_skip_test_passed=False, packages_select=['amr_navigation'], packages_skip=None, packages_select_regex=None, packages_skip_regex=None, packages_start=None, packages_end=None, allow_overriding=[], cmake_args=None, cmake_target=None, cmake_target_skip_unavailable=False, cmake_clean_cache=False, cmake_clean_first=False, cmake_force_configure=False, ament_cmake_args=None, catkin_cmake_args=None, catkin_skip_building_tests=False, mixin_files=None, mixin=None, verb_parser=<colcon_mixin.mixin.mixin_argument.MixinArgumentDecorator object at 0xffff9f8f3580>, verb_extension=<colcon_core.verb.build.BuildVerb object at 0xffff9f8f30d0>, main=<bound method BuildVerb.main of <colcon_core.verb.build.BuildVerb object at 0xffff9f8f30d0>>, mixin_verb=('build',))
[0.709s] Level 1:colcon.colcon_core.package_discovery:discover_packages(colcon_meta) check parameters
[0.709s] Level 1:colcon.colcon_core.package_discovery:discover_packages(recursive) check parameters
[0.709s] Level 1:colcon.colcon_core.package_discovery:discover_packages(ignore) check parameters
[0.710s] Level 1:colcon.colcon_core.package_discovery:discover_packages(path) check parameters
[0.710s] Level 1:colcon.colcon_core.package_discovery:discover_packages(colcon_meta) discover
[0.710s] Level 1:colcon.colcon_core.package_discovery:discover_packages(recursive) discover
[0.710s] INFO:colcon.colcon_core.package_discovery:Crawling recursively for packages in '/home/huyjetson/mobile_robot/ros2_ws'
[0.710s] Level 1:colcon.colcon_core.package_identification:_identify(.) by extensions ['ignore', 'ignore_ament_install']
[0.711s] Level 1:colcon.colcon_core.package_identification:_identify(.) by extension 'ignore'
[0.711s] Level 1:colcon.colcon_core.package_identification:_identify(.) by extension 'ignore_ament_install'
[0.711s] Level 1:colcon.colcon_core.package_identification:_identify(.) by extensions ['colcon_pkg']
[0.711s] Level 1:colcon.colcon_core.package_identification:_identify(.) by extension 'colcon_pkg'
[0.711s] Level 1:colcon.colcon_core.package_identification:_identify(.) by extensions ['colcon_meta']
[0.711s] Level 1:colcon.colcon_core.package_identification:_identify(.) by extension 'colcon_meta'
[0.711s] Level 1:colcon.colcon_core.package_identification:_identify(.) by extensions ['ros']
[0.712s] Level 1:colcon.colcon_core.package_identification:_identify(.) by extension 'ros'
[0.738s] Level 1:colcon.colcon_core.package_identification:_identify(.) by extensions ['cmake', 'python']
[0.739s] Level 1:colcon.colcon_core.package_identification:_identify(.) by extension 'cmake'
[0.739s] Level 1:colcon.colcon_core.package_identification:_identify(.) by extension 'python'
[0.739s] Level 1:colcon.colcon_core.package_identification:_identify(.) by extensions ['python_setup_py']
[0.739s] Level 1:colcon.colcon_core.package_identification:_identify(.) by extension 'python_setup_py'
[0.740s] Level 1:colcon.colcon_core.package_identification:_identify(build) by extensions ['ignore', 'ignore_ament_install']
[0.740s] Level 1:colcon.colcon_core.package_identification:_identify(build) by extension 'ignore'
[0.740s] Level 1:colcon.colcon_core.package_identification:_identify(build) ignored
[0.741s] Level 1:colcon.colcon_core.package_identification:_identify(install) by extensions ['ignore', 'ignore_ament_install']
[0.741s] Level 1:colcon.colcon_core.package_identification:_identify(install) by extension 'ignore'
[0.741s] Level 1:colcon.colcon_core.package_identification:_identify(install) ignored
[0.742s] Level 1:colcon.colcon_core.package_identification:_identify(log) by extensions ['ignore', 'ignore_ament_install']
[0.742s] Level 1:colcon.colcon_core.package_identification:_identify(log) by extension 'ignore'
[0.742s] Level 1:colcon.colcon_core.package_identification:_identify(log) ignored
[0.742s] Level 1:colcon.colcon_core.package_identification:_identify(scripts) by extensions ['ignore', 'ignore_ament_install']
[0.742s] Level 1:colcon.colcon_core.package_identification:_identify(scripts) by extension 'ignore'
[0.742s] Level 1:colcon.colcon_core.package_identification:_identify(scripts) by extension 'ignore_ament_install'
[0.743s] Level 1:colcon.colcon_core.package_identification:_identify(scripts) by extensions ['colcon_pkg']
[0.743s] Level 1:colcon.colcon_core.package_identification:_identify(scripts) by extension 'colcon_pkg'
[0.743s] Level 1:colcon.colcon_core.package_identification:_identify(scripts) by extensions ['colcon_meta']
[0.743s] Level 1:colcon.colcon_core.package_identification:_identify(scripts) by extension 'colcon_meta'
[0.743s] Level 1:colcon.colcon_core.package_identification:_identify(scripts) by extensions ['ros']
[0.743s] Level 1:colcon.colcon_core.package_identification:_identify(scripts) by extension 'ros'
[0.743s] Level 1:colcon.colcon_core.package_identification:_identify(scripts) by extensions ['cmake', 'python']
[0.743s] Level 1:colcon.colcon_core.package_identification:_identify(scripts) by extension 'cmake'
[0.744s] Level 1:colcon.colcon_core.package_identification:_identify(scripts) by extension 'python'
[0.744s] Level 1:colcon.colcon_core.package_identification:_identify(scripts) by extensions ['python_setup_py']
[0.744s] Level 1:colcon.colcon_core.package_identification:_identify(scripts) by extension 'python_setup_py'
[0.744s] Level 1:colcon.colcon_core.package_identification:_identify(src) by extensions ['ignore', 'ignore_ament_install']
[0.744s] Level 1:colcon.colcon_core.package_identification:_identify(src) by extension 'ignore'
[0.744s] Level 1:colcon.colcon_core.package_identification:_identify(src) by extension 'ignore_ament_install'
[0.744s] Level 1:colcon.colcon_core.package_identification:_identify(src) by extensions ['colcon_pkg']
[0.745s] Level 1:colcon.colcon_core.package_identification:_identify(src) by extension 'colcon_pkg'
[0.745s] Level 1:colcon.colcon_core.package_identification:_identify(src) by extensions ['colcon_meta']
[0.745s] Level 1:colcon.colcon_core.package_identification:_identify(src) by extension 'colcon_meta'
[0.745s] Level 1:colcon.colcon_core.package_identification:_identify(src) by extensions ['ros']
[0.745s] Level 1:colcon.colcon_core.package_identification:_identify(src) by extension 'ros'
[0.745s] Level 1:colcon.colcon_core.package_identification:_identify(src) by extensions ['cmake', 'python']
[0.745s] Level 1:colcon.colcon_core.package_identification:_identify(src) by extension 'cmake'
[0.745s] Level 1:colcon.colcon_core.package_identification:_identify(src) by extension 'python'
[0.745s] Level 1:colcon.colcon_core.package_identification:_identify(src) by extensions ['python_setup_py']
[0.745s] Level 1:colcon.colcon_core.package_identification:_identify(src) by extension 'python_setup_py'
[0.746s] Level 1:colcon.colcon_core.package_identification:_identify(src/amr_ai) by extensions ['ignore', 'ignore_ament_install']
[0.746s] Level 1:colcon.colcon_core.package_identification:_identify(src/amr_ai) by extension 'ignore'
[0.746s] Level 1:colcon.colcon_core.package_identification:_identify(src/amr_ai) by extension 'ignore_ament_install'
[0.746s] Level 1:colcon.colcon_core.package_identification:_identify(src/amr_ai) by extensions ['colcon_pkg']
[0.746s] Level 1:colcon.colcon_core.package_identification:_identify(src/amr_ai) by extension 'colcon_pkg'
[0.746s] Level 1:colcon.colcon_core.package_identification:_identify(src/amr_ai) by extensions ['colcon_meta']
[0.747s] Level 1:colcon.colcon_core.package_identification:_identify(src/amr_ai) by extension 'colcon_meta'
[0.747s] Level 1:colcon.colcon_core.package_identification:_identify(src/amr_ai) by extensions ['ros']
[0.747s] Level 1:colcon.colcon_core.package_identification:_identify(src/amr_ai) by extension 'ros'
[0.753s] DEBUG:colcon.colcon_core.package_identification:Package 'src/amr_ai' with type 'ros.ament_python' and name 'amr_ai'
[0.753s] Level 1:colcon.colcon_core.package_identification:_identify(src/amr_bringup) by extensions ['ignore', 'ignore_ament_install']
[0.754s] Level 1:colcon.colcon_core.package_identification:_identify(src/amr_bringup) by extension 'ignore'
[0.754s] Level 1:colcon.colcon_core.package_identification:_identify(src/amr_bringup) by extension 'ignore_ament_install'
[0.754s] Level 1:colcon.colcon_core.package_identification:_identify(src/amr_bringup) by extensions ['colcon_pkg']
[0.754s] Level 1:colcon.colcon_core.package_identification:_identify(src/amr_bringup) by extension 'colcon_pkg'
[0.754s] Level 1:colcon.colcon_core.package_identification:_identify(src/amr_bringup) by extensions ['colcon_meta']
[0.754s] Level 1:colcon.colcon_core.package_identification:_identify(src/amr_bringup) by extension 'colcon_meta'
[0.754s] Level 1:colcon.colcon_core.package_identification:_identify(src/amr_bringup) by extensions ['ros']
[0.755s] Level 1:colcon.colcon_core.package_identification:_identify(src/amr_bringup) by extension 'ros'
[0.756s] DEBUG:colcon.colcon_core.package_identification:Package 'src/amr_bringup' with type 'ros.ament_python' and name 'amr_bringup'
[0.756s] Level 1:colcon.colcon_core.package_identification:_identify(src/amr_control) by extensions ['ignore', 'ignore_ament_install']
[0.756s] Level 1:colcon.colcon_core.package_identification:_identify(src/amr_control) by extension 'ignore'
[0.756s] Level 1:colcon.colcon_core.package_identification:_identify(src/amr_control) by extension 'ignore_ament_install'
[0.757s] Level 1:colcon.colcon_core.package_identification:_identify(src/amr_control) by extensions ['colcon_pkg']
[0.757s] Level 1:colcon.colcon_core.package_identification:_identify(src/amr_control) by extension 'colcon_pkg'
[0.757s] Level 1:colcon.colcon_core.package_identification:_identify(src/amr_control) by extensions ['colcon_meta']
[0.757s] Level 1:colcon.colcon_core.package_identification:_identify(src/amr_control) by extension 'colcon_meta'
[0.757s] Level 1:colcon.colcon_core.package_identification:_identify(src/amr_control) by extensions ['ros']
[0.757s] Level 1:colcon.colcon_core.package_identification:_identify(src/amr_control) by extension 'ros'
[0.759s] DEBUG:colcon.colcon_core.package_identification:Package 'src/amr_control' with type 'ros.ament_cmake' and name 'amr_control'
[0.759s] Level 1:colcon.colcon_core.package_identification:_identify(src/amr_description) by extensions ['ignore', 'ignore_ament_install']
[0.759s] Level 1:colcon.colcon_core.package_identification:_identify(src/amr_description) by extension 'ignore'
[0.759s] Level 1:colcon.colcon_core.package_identification:_identify(src/amr_description) by extension 'ignore_ament_install'
[0.760s] Level 1:colcon.colcon_core.package_identification:_identify(src/amr_description) by extensions ['colcon_pkg']
[0.760s] Level 1:colcon.colcon_core.package_identification:_identify(src/amr_description) by extension 'colcon_pkg'
[0.760s] Level 1:colcon.colcon_core.package_identification:_identify(src/amr_description) by extensions ['colcon_meta']
[0.760s] Level 1:colcon.colcon_core.package_identification:_identify(src/amr_description) by extension 'colcon_meta'
[0.760s] Level 1:colcon.colcon_core.package_identification:_identify(src/amr_description) by extensions ['ros']
[0.760s] Level 1:colcon.colcon_core.package_identification:_identify(src/amr_description) by extension 'ros'
[0.761s] DEBUG:colcon.colcon_core.package_identification:Package 'src/amr_description' with type 'ros.ament_cmake' and name 'amr_description'
[0.762s] Level 1:colcon.colcon_core.package_identification:_identify(src/amr_interfaces) by extensions ['ignore', 'ignore_ament_install']
[0.762s] Level 1:colcon.colcon_core.package_identification:_identify(src/amr_interfaces) by extension 'ignore'
[0.762s] Level 1:colcon.colcon_core.package_identification:_identify(src/amr_interfaces) by extension 'ignore_ament_install'
[0.762s] Level 1:colcon.colcon_core.package_identification:_identify(src/amr_interfaces) by extensions ['colcon_pkg']
[0.762s] Level 1:colcon.colcon_core.package_identification:_identify(src/amr_interfaces) by extension 'colcon_pkg'
[0.762s] Level 1:colcon.colcon_core.package_identification:_identify(src/amr_interfaces) by extensions ['colcon_meta']
[0.762s] Level 1:colcon.colcon_core.package_identification:_identify(src/amr_interfaces) by extension 'colcon_meta'
[0.762s] Level 1:colcon.colcon_core.package_identification:_identify(src/amr_interfaces) by extensions ['ros']
[0.763s] Level 1:colcon.colcon_core.package_identification:_identify(src/amr_interfaces) by extension 'ros'
[0.764s] DEBUG:colcon.colcon_core.package_identification:Package 'src/amr_interfaces' with type 'ros.ament_cmake' and name 'amr_interfaces'
[0.764s] Level 1:colcon.colcon_core.package_identification:_identify(src/amr_navigation) by extensions ['ignore', 'ignore_ament_install']
[0.764s] Level 1:colcon.colcon_core.package_identification:_identify(src/amr_navigation) by extension 'ignore'
[0.764s] Level 1:colcon.colcon_core.package_identification:_identify(src/amr_navigation) by extension 'ignore_ament_install'
[0.765s] Level 1:colcon.colcon_core.package_identification:_identify(src/amr_navigation) by extensions ['colcon_pkg']
[0.765s] Level 1:colcon.colcon_core.package_identification:_identify(src/amr_navigation) by extension 'colcon_pkg'
[0.765s] Level 1:colcon.colcon_core.package_identification:_identify(src/amr_navigation) by extensions ['colcon_meta']
[0.765s] Level 1:colcon.colcon_core.package_identification:_identify(src/amr_navigation) by extension 'colcon_meta'
[0.765s] Level 1:colcon.colcon_core.package_identification:_identify(src/amr_navigation) by extensions ['ros']
[0.765s] Level 1:colcon.colcon_core.package_identification:_identify(src/amr_navigation) by extension 'ros'
[0.766s] DEBUG:colcon.colcon_core.package_identification:Package 'src/amr_navigation' with type 'ros.ament_cmake' and name 'amr_navigation'
[0.767s] Level 1:colcon.colcon_core.package_identification:_identify(src/amr_sensors) by extensions ['ignore', 'ignore_ament_install']
[0.767s] Level 1:colcon.colcon_core.package_identification:_identify(src/amr_sensors) by extension 'ignore'
[0.767s] Level 1:colcon.colcon_core.package_identification:_identify(src/amr_sensors) by extension 'ignore_ament_install'
[0.767s] Level 1:colcon.colcon_core.package_identification:_identify(src/amr_sensors) by extensions ['colcon_pkg']
[0.767s] Level 1:colcon.colcon_core.package_identification:_identify(src/amr_sensors) by extension 'colcon_pkg'
[0.767s] Level 1:colcon.colcon_core.package_identification:_identify(src/amr_sensors) by extensions ['colcon_meta']
[0.767s] Level 1:colcon.colcon_core.package_identification:_identify(src/amr_sensors) by extension 'colcon_meta'
[0.768s] Level 1:colcon.colcon_core.package_identification:_identify(src/amr_sensors) by extensions ['ros']
[0.768s] Level 1:colcon.colcon_core.package_identification:_identify(src/amr_sensors) by extension 'ros'
[0.769s] DEBUG:colcon.colcon_core.package_identification:Package 'src/amr_sensors' with type 'ros.ament_python' and name 'amr_sensors'
[0.769s] Level 1:colcon.colcon_core.package_identification:_identify(src/amr_slam) by extensions ['ignore', 'ignore_ament_install']
[0.769s] Level 1:colcon.colcon_core.package_identification:_identify(src/amr_slam) by extension 'ignore'
[0.769s] Level 1:colcon.colcon_core.package_identification:_identify(src/amr_slam) by extension 'ignore_ament_install'
[0.769s] Level 1:colcon.colcon_core.package_identification:_identify(src/amr_slam) by extensions ['colcon_pkg']
[0.769s] Level 1:colcon.colcon_core.package_identification:_identify(src/amr_slam) by extension 'colcon_pkg'
[0.770s] Level 1:colcon.colcon_core.package_identification:_identify(src/amr_slam) by extensions ['colcon_meta']
[0.770s] Level 1:colcon.colcon_core.package_identification:_identify(src/amr_slam) by extension 'colcon_meta'
[0.770s] Level 1:colcon.colcon_core.package_identification:_identify(src/amr_slam) by extensions ['ros']
[0.770s] Level 1:colcon.colcon_core.package_identification:_identify(src/amr_slam) by extension 'ros'
[0.771s] DEBUG:colcon.colcon_core.package_identification:Package 'src/amr_slam' with type 'ros.ament_cmake' and name 'amr_slam'
[0.771s] Level 1:colcon.colcon_core.package_identification:_identify(src/build) by extensions ['ignore', 'ignore_ament_install']
[0.771s] Level 1:colcon.colcon_core.package_identification:_identify(src/build) by extension 'ignore'
[0.771s] Level 1:colcon.colcon_core.package_identification:_identify(src/build) ignored
[0.772s] Level 1:colcon.colcon_core.package_identification:_identify(src/install) by extensions ['ignore', 'ignore_ament_install']
[0.772s] Level 1:colcon.colcon_core.package_identification:_identify(src/install) by extension 'ignore'
[0.772s] Level 1:colcon.colcon_core.package_identification:_identify(src/install) ignored
[0.772s] Level 1:colcon.colcon_core.package_identification:_identify(src/log) by extensions ['ignore', 'ignore_ament_install']
[0.773s] Level 1:colcon.colcon_core.package_identification:_identify(src/log) by extension 'ignore'
[0.773s] Level 1:colcon.colcon_core.package_identification:_identify(src/log) ignored
[0.773s] Level 1:colcon.colcon_core.package_identification:_identify(src/m-explore-ros2) by extensions ['ignore', 'ignore_ament_install']
[0.773s] Level 1:colcon.colcon_core.package_identification:_identify(src/m-explore-ros2) by extension 'ignore'
[0.773s] Level 1:colcon.colcon_core.package_identification:_identify(src/m-explore-ros2) by extension 'ignore_ament_install'
[0.773s] Level 1:colcon.colcon_core.package_identification:_identify(src/m-explore-ros2) by extensions ['colcon_pkg']
[0.773s] Level 1:colcon.colcon_core.package_identification:_identify(src/m-explore-ros2) by extension 'colcon_pkg'
[0.774s] Level 1:colcon.colcon_core.package_identification:_identify(src/m-explore-ros2) by extensions ['colcon_meta']
[0.774s] Level 1:colcon.colcon_core.package_identification:_identify(src/m-explore-ros2) by extension 'colcon_meta'
[0.774s] Level 1:colcon.colcon_core.package_identification:_identify(src/m-explore-ros2) by extensions ['ros']
[0.774s] Level 1:colcon.colcon_core.package_identification:_identify(src/m-explore-ros2) by extension 'ros'
[0.774s] Level 1:colcon.colcon_core.package_identification:_identify(src/m-explore-ros2) by extensions ['cmake', 'python']
[0.774s] Level 1:colcon.colcon_core.package_identification:_identify(src/m-explore-ros2) by extension 'cmake'
[0.774s] Level 1:colcon.colcon_core.package_identification:_identify(src/m-explore-ros2) by extension 'python'
[0.774s] Level 1:colcon.colcon_core.package_identification:_identify(src/m-explore-ros2) by extensions ['python_setup_py']
[0.774s] Level 1:colcon.colcon_core.package_identification:_identify(src/m-explore-ros2) by extension 'python_setup_py'
[0.775s] Level 1:colcon.colcon_core.package_identification:_identify(src/m-explore-ros2/explore) by extensions ['ignore', 'ignore_ament_install']
[0.775s] Level 1:colcon.colcon_core.package_identification:_identify(src/m-explore-ros2/explore) by extension 'ignore'
[0.775s] Level 1:colcon.colcon_core.package_identification:_identify(src/m-explore-ros2/explore) by extension 'ignore_ament_install'
[0.775s] Level 1:colcon.colcon_core.package_identification:_identify(src/m-explore-ros2/explore) by extensions ['colcon_pkg']
[0.775s] Level 1:colcon.colcon_core.package_identification:_identify(src/m-explore-ros2/explore) by extension 'colcon_pkg'
[0.775s] Level 1:colcon.colcon_core.package_identification:_identify(src/m-explore-ros2/explore) by extensions ['colcon_meta']
[0.776s] Level 1:colcon.colcon_core.package_identification:_identify(src/m-explore-ros2/explore) by extension 'colcon_meta'
[0.776s] Level 1:colcon.colcon_core.package_identification:_identify(src/m-explore-ros2/explore) by extensions ['ros']
[0.776s] Level 1:colcon.colcon_core.package_identification:_identify(src/m-explore-ros2/explore) by extension 'ros'
[0.778s] DEBUG:colcon.colcon_core.package_identification:Package 'src/m-explore-ros2/explore' with type 'ros.ament_cmake' and name 'explore_lite'
[0.779s] Level 1:colcon.colcon_core.package_identification:_identify(src/m-explore-ros2/explore_lite_msgs) by extensions ['ignore', 'ignore_ament_install']
[0.779s] Level 1:colcon.colcon_core.package_identification:_identify(src/m-explore-ros2/explore_lite_msgs) by extension 'ignore'
[0.779s] Level 1:colcon.colcon_core.package_identification:_identify(src/m-explore-ros2/explore_lite_msgs) by extension 'ignore_ament_install'
[0.779s] Level 1:colcon.colcon_core.package_identification:_identify(src/m-explore-ros2/explore_lite_msgs) by extensions ['colcon_pkg']
[0.779s] Level 1:colcon.colcon_core.package_identification:_identify(src/m-explore-ros2/explore_lite_msgs) by extension 'colcon_pkg'
[0.779s] Level 1:colcon.colcon_core.package_identification:_identify(src/m-explore-ros2/explore_lite_msgs) by extensions ['colcon_meta']
[0.779s] Level 1:colcon.colcon_core.package_identification:_identify(src/m-explore-ros2/explore_lite_msgs) by extension 'colcon_meta'
[0.780s] Level 1:colcon.colcon_core.package_identification:_identify(src/m-explore-ros2/explore_lite_msgs) by extensions ['ros']
[0.780s] Level 1:colcon.colcon_core.package_identification:_identify(src/m-explore-ros2/explore_lite_msgs) by extension 'ros'
[0.781s] DEBUG:colcon.colcon_core.package_identification:Package 'src/m-explore-ros2/explore_lite_msgs' with type 'ros.ament_cmake' and name 'explore_lite_msgs'
[0.781s] Level 1:colcon.colcon_core.package_identification:_identify(src/m-explore-ros2/map_merge) by extensions ['ignore', 'ignore_ament_install']
[0.781s] Level 1:colcon.colcon_core.package_identification:_identify(src/m-explore-ros2/map_merge) by extension 'ignore'
[0.781s] Level 1:colcon.colcon_core.package_identification:_identify(src/m-explore-ros2/map_merge) by extension 'ignore_ament_install'
[0.782s] Level 1:colcon.colcon_core.package_identification:_identify(src/m-explore-ros2/map_merge) by extensions ['colcon_pkg']
[0.782s] Level 1:colcon.colcon_core.package_identification:_identify(src/m-explore-ros2/map_merge) by extension 'colcon_pkg'
[0.782s] Level 1:colcon.colcon_core.package_identification:_identify(src/m-explore-ros2/map_merge) by extensions ['colcon_meta']
[0.782s] Level 1:colcon.colcon_core.package_identification:_identify(src/m-explore-ros2/map_merge) by extension 'colcon_meta'
[0.782s] Level 1:colcon.colcon_core.package_identification:_identify(src/m-explore-ros2/map_merge) by extensions ['ros']
[0.782s] Level 1:colcon.colcon_core.package_identification:_identify(src/m-explore-ros2/map_merge) by extension 'ros'
[0.788s] DEBUG:colcon.colcon_core.package_identification:Package 'src/m-explore-ros2/map_merge' with type 'ros.ament_cmake' and name 'multirobot_map_merge'
[0.789s] Level 1:colcon.colcon_core.package_identification:_identify(src/ros2_astra_camera) by extensions ['ignore', 'ignore_ament_install']
[0.789s] Level 1:colcon.colcon_core.package_identification:_identify(src/ros2_astra_camera) by extension 'ignore'
[0.789s] Level 1:colcon.colcon_core.package_identification:_identify(src/ros2_astra_camera) by extension 'ignore_ament_install'
[0.789s] Level 1:colcon.colcon_core.package_identification:_identify(src/ros2_astra_camera) by extensions ['colcon_pkg']
[0.789s] Level 1:colcon.colcon_core.package_identification:_identify(src/ros2_astra_camera) by extension 'colcon_pkg'
[0.790s] Level 1:colcon.colcon_core.package_identification:_identify(src/ros2_astra_camera) by extensions ['colcon_meta']
[0.790s] Level 1:colcon.colcon_core.package_identification:_identify(src/ros2_astra_camera) by extension 'colcon_meta'
[0.790s] Level 1:colcon.colcon_core.package_identification:_identify(src/ros2_astra_camera) by extensions ['ros']
[0.790s] Level 1:colcon.colcon_core.package_identification:_identify(src/ros2_astra_camera) by extension 'ros'
[0.790s] Level 1:colcon.colcon_core.package_identification:_identify(src/ros2_astra_camera) by extensions ['cmake', 'python']
[0.790s] Level 1:colcon.colcon_core.package_identification:_identify(src/ros2_astra_camera) by extension 'cmake'
[0.790s] Level 1:colcon.colcon_core.package_identification:_identify(src/ros2_astra_camera) by extension 'python'
[0.790s] Level 1:colcon.colcon_core.package_identification:_identify(src/ros2_astra_camera) by extensions ['python_setup_py']
[0.791s] Level 1:colcon.colcon_core.package_identification:_identify(src/ros2_astra_camera) by extension 'python_setup_py'
[0.791s] Level 1:colcon.colcon_core.package_identification:_identify(src/ros2_astra_camera/astra_camera) by extensions ['ignore', 'ignore_ament_install']
[0.791s] Level 1:colcon.colcon_core.package_identification:_identify(src/ros2_astra_camera/astra_camera) by extension 'ignore'
[0.791s] Level 1:colcon.colcon_core.package_identification:_identify(src/ros2_astra_camera/astra_camera) by extension 'ignore_ament_install'
[0.791s] Level 1:colcon.colcon_core.package_identification:_identify(src/ros2_astra_camera/astra_camera) by extensions ['colcon_pkg']
[0.791s] Level 1:colcon.colcon_core.package_identification:_identify(src/ros2_astra_camera/astra_camera) by extension 'colcon_pkg'
[0.792s] Level 1:colcon.colcon_core.package_identification:_identify(src/ros2_astra_camera/astra_camera) by extensions ['colcon_meta']
[0.792s] Level 1:colcon.colcon_core.package_identification:_identify(src/ros2_astra_camera/astra_camera) by extension 'colcon_meta'
[0.792s] Level 1:colcon.colcon_core.package_identification:_identify(src/ros2_astra_camera/astra_camera) by extensions ['ros']
[0.792s] Level 1:colcon.colcon_core.package_identification:_identify(src/ros2_astra_camera/astra_camera) by extension 'ros'
[0.796s] DEBUG:colcon.colcon_core.package_identification:Package 'src/ros2_astra_camera/astra_camera' with type 'ros.ament_cmake' and name 'astra_camera'
[0.796s] Level 1:colcon.colcon_core.package_identification:_identify(src/ros2_astra_camera/astra_camera_msgs) by extensions ['ignore', 'ignore_ament_install']
[0.797s] Level 1:colcon.colcon_core.package_identification:_identify(src/ros2_astra_camera/astra_camera_msgs) by extension 'ignore'
[0.797s] Level 1:colcon.colcon_core.package_identification:_identify(src/ros2_astra_camera/astra_camera_msgs) by extension 'ignore_ament_install'
[0.797s] Level 1:colcon.colcon_core.package_identification:_identify(src/ros2_astra_camera/astra_camera_msgs) by extensions ['colcon_pkg']
[0.797s] Level 1:colcon.colcon_core.package_identification:_identify(src/ros2_astra_camera/astra_camera_msgs) by extension 'colcon_pkg'
[0.797s] Level 1:colcon.colcon_core.package_identification:_identify(src/ros2_astra_camera/astra_camera_msgs) by extensions ['colcon_meta']
[0.797s] Level 1:colcon.colcon_core.package_identification:_identify(src/ros2_astra_camera/astra_camera_msgs) by extension 'colcon_meta'
[0.797s] Level 1:colcon.colcon_core.package_identification:_identify(src/ros2_astra_camera/astra_camera_msgs) by extensions ['ros']
[0.798s] Level 1:colcon.colcon_core.package_identification:_identify(src/ros2_astra_camera/astra_camera_msgs) by extension 'ros'
[0.799s] DEBUG:colcon.colcon_core.package_identification:Package 'src/ros2_astra_camera/astra_camera_msgs' with type 'ros.ament_cmake' and name 'astra_camera_msgs'
[0.799s] Level 1:colcon.colcon_core.package_identification:_identify(src/sllidar_ros2) by extensions ['ignore', 'ignore_ament_install']
[0.799s] Level 1:colcon.colcon_core.package_identification:_identify(src/sllidar_ros2) by extension 'ignore'
[0.799s] Level 1:colcon.colcon_core.package_identification:_identify(src/sllidar_ros2) by extension 'ignore_ament_install'
[0.800s] Level 1:colcon.colcon_core.package_identification:_identify(src/sllidar_ros2) by extensions ['colcon_pkg']
[0.800s] Level 1:colcon.colcon_core.package_identification:_identify(src/sllidar_ros2) by extension 'colcon_pkg'
[0.800s] Level 1:colcon.colcon_core.package_identification:_identify(src/sllidar_ros2) by extensions ['colcon_meta']
[0.800s] Level 1:colcon.colcon_core.package_identification:_identify(src/sllidar_ros2) by extension 'colcon_meta'
[0.800s] Level 1:colcon.colcon_core.package_identification:_identify(src/sllidar_ros2) by extensions ['ros']
[0.800s] Level 1:colcon.colcon_core.package_identification:_identify(src/sllidar_ros2) by extension 'ros'
[0.801s] DEBUG:colcon.colcon_core.package_identification:Package 'src/sllidar_ros2' with type 'ros.ament_cmake' and name 'sllidar_ros2'
[0.802s] Level 1:colcon.colcon_core.package_discovery:discover_packages(recursive) using defaults
[0.802s] Level 1:colcon.colcon_core.package_discovery:discover_packages(ignore) discover
[0.802s] Level 1:colcon.colcon_core.package_discovery:discover_packages(ignore) using defaults
[0.802s] Level 1:colcon.colcon_core.package_discovery:discover_packages(path) discover
[0.802s] Level 1:colcon.colcon_core.package_discovery:discover_packages(path) using defaults
[0.903s] INFO:colcon.colcon_core.package_selection:Skipping not selected package 'amr_ai' in 'src/amr_ai'
[0.903s] INFO:colcon.colcon_core.package_selection:Skipping not selected package 'amr_bringup' in 'src/amr_bringup'
[0.903s] INFO:colcon.colcon_core.package_selection:Skipping not selected package 'amr_control' in 'src/amr_control'
[0.903s] INFO:colcon.colcon_core.package_selection:Skipping not selected package 'amr_description' in 'src/amr_description'
[0.903s] INFO:colcon.colcon_core.package_selection:Skipping not selected package 'amr_interfaces' in 'src/amr_interfaces'
[0.903s] INFO:colcon.colcon_core.package_selection:Skipping not selected package 'amr_sensors' in 'src/amr_sensors'
[0.903s] INFO:colcon.colcon_core.package_selection:Skipping not selected package 'amr_slam' in 'src/amr_slam'
[0.903s] INFO:colcon.colcon_core.package_selection:Skipping not selected package 'astra_camera_msgs' in 'src/ros2_astra_camera/astra_camera_msgs'
[0.904s] INFO:colcon.colcon_core.package_selection:Skipping not selected package 'explore_lite_msgs' in 'src/m-explore-ros2/explore_lite_msgs'
[0.904s] INFO:colcon.colcon_core.package_selection:Skipping not selected package 'multirobot_map_merge' in 'src/m-explore-ros2/map_merge'
[0.904s] INFO:colcon.colcon_core.package_selection:Skipping not selected package 'sllidar_ros2' in 'src/sllidar_ros2'
[0.904s] INFO:colcon.colcon_core.package_selection:Skipping not selected package 'astra_camera' in 'src/ros2_astra_camera/astra_camera'
[0.904s] INFO:colcon.colcon_core.package_selection:Skipping not selected package 'explore_lite' in 'src/m-explore-ros2/explore'
[0.905s] Level 1:colcon.colcon_core.package_discovery:discover_packages(prefix_path) check parameters
[0.905s] Level 1:colcon.colcon_core.package_discovery:discover_packages(prefix_path) discover
[0.912s] DEBUG:colcon.colcon_installed_package_information.package_discovery:Found 14 installed packages in /home/huyjetson/mobile_robot/ros2_ws/install
[0.913s] DEBUG:colcon.colcon_installed_package_information.package_discovery:Found 1 installed packages in /home/huyjetson/mobile_robot/ros2_ws/src/install
[0.916s] DEBUG:colcon.colcon_installed_package_information.package_discovery:Found 366 installed packages in /opt/ros/humble
[0.920s] Level 1:colcon.colcon_core.package_discovery:discover_packages(prefix_path) using defaults
[1.033s] Level 5:colcon.colcon_core.verb:set package 'amr_navigation' build argument 'cmake_args' from command line to 'None'
[1.033s] Level 5:colcon.colcon_core.verb:set package 'amr_navigation' build argument 'cmake_target' from command line to 'None'
[1.033s] Level 5:colcon.colcon_core.verb:set package 'amr_navigation' build argument 'cmake_target_skip_unavailable' from command line to 'False'
[1.033s] Level 5:colcon.colcon_core.verb:set package 'amr_navigation' build argument 'cmake_clean_cache' from command line to 'False'
[1.034s] Level 5:colcon.colcon_core.verb:set package 'amr_navigation' build argument 'cmake_clean_first' from command line to 'False'
[1.034s] Level 5:colcon.colcon_core.verb:set package 'amr_navigation' build argument 'cmake_force_configure' from command line to 'False'
[1.034s] Level 5:colcon.colcon_core.verb:set package 'amr_navigation' build argument 'ament_cmake_args' from command line to 'None'
[1.034s] Level 5:colcon.colcon_core.verb:set package 'amr_navigation' build argument 'catkin_cmake_args' from command line to 'None'
[1.034s] Level 5:colcon.colcon_core.verb:set package 'amr_navigation' build argument 'catkin_skip_building_tests' from command line to 'False'
[1.034s] DEBUG:colcon.colcon_core.verb:Building package 'amr_navigation' with the following arguments: {'ament_cmake_args': None, 'build_base': '/home/huyjetson/mobile_robot/ros2_ws/build/amr_navigation', 'catkin_cmake_args': None, 'catkin_skip_building_tests': False, 'cmake_args': None, 'cmake_clean_cache': False, 'cmake_clean_first': False, 'cmake_force_configure': False, 'cmake_target': None, 'cmake_target_skip_unavailable': False, 'install_base': '/home/huyjetson/mobile_robot/ros2_ws/install/amr_navigation', 'merge_install': False, 'path': '/home/huyjetson/mobile_robot/ros2_ws/src/amr_navigation', 'symlink_install': True, 'test_result_base': None}
[1.034s] INFO:colcon.colcon_core.executor:Executing jobs using 'parallel' executor
[1.038s] DEBUG:colcon.colcon_parallel_executor.executor.parallel:run_until_complete
[1.039s] INFO:colcon.colcon_ros.task.ament_cmake.build:Building ROS package in '/home/huyjetson/mobile_robot/ros2_ws/src/amr_navigation' with build type 'ament_cmake'
[1.039s] INFO:colcon.colcon_cmake.task.cmake.build:Building CMake package in '/home/huyjetson/mobile_robot/ros2_ws/src/amr_navigation'
[1.045s] INFO:colcon.colcon_core.plugin_system:Skipping extension 'colcon_core.shell.bat': Not used on non-Windows systems
[1.046s] INFO:colcon.colcon_core.shell:Skip shell extension 'powershell' for command environment: Not usable outside of PowerShell
[1.046s] DEBUG:colcon.colcon_core.shell:Skip shell extension 'dsv' for command environment
[1.077s] DEBUG:colcon.colcon_core.event_handler.log_command:Invoking command in '/home/huyjetson/mobile_robot/ros2_ws/build/amr_navigation': CMAKE_PREFIX_PATH=/home/huyjetson/mobile_robot/ros2_ws/install/amr_slam:/home/huyjetson/mobile_robot/ros2_ws/install/sllidar_ros2:/home/huyjetson/mobile_robot/ros2_ws/install/multirobot_map_merge:/home/huyjetson/mobile_robot/ros2_ws/install/explore_lite:/home/huyjetson/mobile_robot/ros2_ws/install/explore_lite_msgs:/home/huyjetson/mobile_robot/ros2_ws/install/astra_camera:/home/huyjetson/mobile_robot/ros2_ws/install/astra_camera_msgs:/home/huyjetson/mobile_robot/ros2_ws/install/amr_navigation:/home/huyjetson/mobile_robot/ros2_ws/install/amr_interfaces:/home/huyjetson/mobile_robot/ros2_ws/install/amr_description:/home/huyjetson/mobile_robot/ros2_ws/install/amr_control:/home/huyjetson/mobile_robot/ros2_ws/src/install/amr_slam:/home/huyjetson/mobile_robot/ros2_ws/install/amr_sensors:/home/huyjetson/mobile_robot/ros2_ws/install/amr_bringup:/home/huyjetson/mobile_robot/ros2_ws/install/amr_ai:/opt/ros/humble /usr/bin/cmake --build /home/huyjetson/mobile_robot/ros2_ws/build/amr_navigation -- -j6 -l6
[1.190s] DEBUG:colcon.colcon_core.event_handler.log_command:Invoked command in '/home/huyjetson/mobile_robot/ros2_ws/build/amr_navigation' returned '0': CMAKE_PREFIX_PATH=/home/huyjetson/mobile_robot/ros2_ws/install/amr_slam:/home/huyjetson/mobile_robot/ros2_ws/install/sllidar_ros2:/home/huyjetson/mobile_robot/ros2_ws/install/multirobot_map_merge:/home/huyjetson/mobile_robot/ros2_ws/install/explore_lite:/home/huyjetson/mobile_robot/ros2_ws/install/explore_lite_msgs:/home/huyjetson/mobile_robot/ros2_ws/install/astra_camera:/home/huyjetson/mobile_robot/ros2_ws/install/astra_camera_msgs:/home/huyjetson/mobile_robot/ros2_ws/install/amr_navigation:/home/huyjetson/mobile_robot/ros2_ws/install/amr_interfaces:/home/huyjetson/mobile_robot/ros2_ws/install/amr_description:/home/huyjetson/mobile_robot/ros2_ws/install/amr_control:/home/huyjetson/mobile_robot/ros2_ws/src/install/amr_slam:/home/huyjetson/mobile_robot/ros2_ws/install/amr_sensors:/home/huyjetson/mobile_robot/ros2_ws/install/amr_bringup:/home/huyjetson/mobile_robot/ros2_ws/install/amr_ai:/opt/ros/humble /usr/bin/cmake --build /home/huyjetson/mobile_robot/ros2_ws/build/amr_navigation -- -j6 -l6
[1.223s] DEBUG:colcon.colcon_core.event_handler.log_command:Invoking command in '/home/huyjetson/mobile_robot/ros2_ws/build/amr_navigation': CMAKE_PREFIX_PATH=/home/huyjetson/mobile_robot/ros2_ws/install/amr_slam:/home/huyjetson/mobile_robot/ros2_ws/install/sllidar_ros2:/home/huyjetson/mobile_robot/ros2_ws/install/multirobot_map_merge:/home/huyjetson/mobile_robot/ros2_ws/install/explore_lite:/home/huyjetson/mobile_robot/ros2_ws/install/explore_lite_msgs:/home/huyjetson/mobile_robot/ros2_ws/install/astra_camera:/home/huyjetson/mobile_robot/ros2_ws/install/astra_camera_msgs:/home/huyjetson/mobile_robot/ros2_ws/install/amr_navigation:/home/huyjetson/mobile_robot/ros2_ws/install/amr_interfaces:/home/huyjetson/mobile_robot/ros2_ws/install/amr_description:/home/huyjetson/mobile_robot/ros2_ws/install/amr_control:/home/huyjetson/mobile_robot/ros2_ws/src/install/amr_slam:/home/huyjetson/mobile_robot/ros2_ws/install/amr_sensors:/home/huyjetson/mobile_robot/ros2_ws/install/amr_bringup:/home/huyjetson/mobile_robot/ros2_ws/install/amr_ai:/opt/ros/humble /usr/bin/cmake --install /home/huyjetson/mobile_robot/ros2_ws/build/amr_navigation
[1.289s] Level 1:colcon.colcon_core.environment:create_environment_scripts_only(amr_navigation)
[1.291s] DEBUG:colcon.colcon_core.event_handler.log_command:Invoked command in '/home/huyjetson/mobile_robot/ros2_ws/build/amr_navigation' returned '0': CMAKE_PREFIX_PATH=/home/huyjetson/mobile_robot/ros2_ws/install/amr_slam:/home/huyjetson/mobile_robot/ros2_ws/install/sllidar_ros2:/home/huyjetson/mobile_robot/ros2_ws/install/multirobot_map_merge:/home/huyjetson/mobile_robot/ros2_ws/install/explore_lite:/home/huyjetson/mobile_robot/ros2_ws/install/explore_lite_msgs:/home/huyjetson/mobile_robot/ros2_ws/install/astra_camera:/home/huyjetson/mobile_robot/ros2_ws/install/astra_camera_msgs:/home/huyjetson/mobile_robot/ros2_ws/install/amr_navigation:/home/huyjetson/mobile_robot/ros2_ws/install/amr_interfaces:/home/huyjetson/mobile_robot/ros2_ws/install/amr_description:/home/huyjetson/mobile_robot/ros2_ws/install/amr_control:/home/huyjetson/mobile_robot/ros2_ws/src/install/amr_slam:/home/huyjetson/mobile_robot/ros2_ws/install/amr_sensors:/home/huyjetson/mobile_robot/ros2_ws/install/amr_bringup:/home/huyjetson/mobile_robot/ros2_ws/install/amr_ai:/opt/ros/humble /usr/bin/cmake --install /home/huyjetson/mobile_robot/ros2_ws/build/amr_navigation
[1.301s] Level 1:colcon.colcon_core.environment:checking '/home/huyjetson/mobile_robot/ros2_ws/install/amr_navigation' for CMake module files
[1.304s] Level 1:colcon.colcon_core.environment:checking '/home/huyjetson/mobile_robot/ros2_ws/install/amr_navigation' for CMake config files
[1.306s] Level 1:colcon.colcon_core.shell:create_environment_hook('amr_navigation', 'cmake_prefix_path')
[1.307s] INFO:colcon.colcon_core.shell:Creating environment hook '/home/huyjetson/mobile_robot/ros2_ws/install/amr_navigation/share/amr_navigation/hook/cmake_prefix_path.ps1'
[1.313s] INFO:colcon.colcon_core.shell:Creating environment descriptor '/home/huyjetson/mobile_robot/ros2_ws/install/amr_navigation/share/amr_navigation/hook/cmake_prefix_path.dsv'
[1.315s] INFO:colcon.colcon_core.shell:Creating environment hook '/home/huyjetson/mobile_robot/ros2_ws/install/amr_navigation/share/amr_navigation/hook/cmake_prefix_path.sh'
[1.320s] Level 1:colcon.colcon_core.environment:checking '/home/huyjetson/mobile_robot/ros2_ws/install/amr_navigation/lib'
[1.321s] Level 1:colcon.colcon_core.environment:checking '/home/huyjetson/mobile_robot/ros2_ws/install/amr_navigation/bin'
[1.322s] Level 1:colcon.colcon_core.environment:checking '/home/huyjetson/mobile_robot/ros2_ws/install/amr_navigation/lib/pkgconfig/amr_navigation.pc'
[1.323s] Level 1:colcon.colcon_core.environment:checking '/home/huyjetson/mobile_robot/ros2_ws/install/amr_navigation/lib/python3.10/site-packages'
[1.324s] Level 1:colcon.colcon_core.environment:checking '/home/huyjetson/mobile_robot/ros2_ws/install/amr_navigation/bin'
[1.326s] INFO:colcon.colcon_core.shell:Creating package script '/home/huyjetson/mobile_robot/ros2_ws/install/amr_navigation/share/amr_navigation/package.ps1'
[1.332s] INFO:colcon.colcon_core.shell:Creating package descriptor '/home/huyjetson/mobile_robot/ros2_ws/install/amr_navigation/share/amr_navigation/package.dsv'
[1.334s] INFO:colcon.colcon_core.shell:Creating package script '/home/huyjetson/mobile_robot/ros2_ws/install/amr_navigation/share/amr_navigation/package.sh'
[1.337s] INFO:colcon.colcon_core.shell:Creating package script '/home/huyjetson/mobile_robot/ros2_ws/install/amr_navigation/share/amr_navigation/package.bash'
[1.341s] INFO:colcon.colcon_core.shell:Creating package script '/home/huyjetson/mobile_robot/ros2_ws/install/amr_navigation/share/amr_navigation/package.zsh'
[1.344s] Level 1:colcon.colcon_core.environment:create_file_with_runtime_dependencies(/home/huyjetson/mobile_robot/ros2_ws/install/amr_navigation/share/colcon-core/packages/amr_navigation)
[1.348s] Level 1:colcon.colcon_core.environment:create_environment_scripts_only(amr_navigation)
[1.349s] Level 1:colcon.colcon_core.environment:checking '/home/huyjetson/mobile_robot/ros2_ws/install/amr_navigation' for CMake module files
[1.351s] Level 1:colcon.colcon_core.environment:checking '/home/huyjetson/mobile_robot/ros2_ws/install/amr_navigation' for CMake config files
[1.353s] Level 1:colcon.colcon_core.shell:create_environment_hook('amr_navigation', 'cmake_prefix_path')
[1.354s] INFO:colcon.colcon_core.shell:Creating environment hook '/home/huyjetson/mobile_robot/ros2_ws/install/amr_navigation/share/amr_navigation/hook/cmake_prefix_path.ps1'
[1.356s] INFO:colcon.colcon_core.shell:Creating environment descriptor '/home/huyjetson/mobile_robot/ros2_ws/install/amr_navigation/share/amr_navigation/hook/cmake_prefix_path.dsv'
[1.358s] INFO:colcon.colcon_core.shell:Creating environment hook '/home/huyjetson/mobile_robot/ros2_ws/install/amr_navigation/share/amr_navigation/hook/cmake_prefix_path.sh'
[1.360s] Level 1:colcon.colcon_core.environment:checking '/home/huyjetson/mobile_robot/ros2_ws/install/amr_navigation/lib'
[1.361s] Level 1:colcon.colcon_core.environment:checking '/home/huyjetson/mobile_robot/ros2_ws/install/amr_navigation/bin'
[1.361s] Level 1:colcon.colcon_core.environment:checking '/home/huyjetson/mobile_robot/ros2_ws/install/amr_navigation/lib/pkgconfig/amr_navigation.pc'
[1.362s] Level 1:colcon.colcon_core.environment:checking '/home/huyjetson/mobile_robot/ros2_ws/install/amr_navigation/lib/python3.10/site-packages'
[1.363s] Level 1:colcon.colcon_core.environment:checking '/home/huyjetson/mobile_robot/ros2_ws/install/amr_navigation/bin'
[1.365s] INFO:colcon.colcon_core.shell:Creating package script '/home/huyjetson/mobile_robot/ros2_ws/install/amr_navigation/share/amr_navigation/package.ps1'
[1.367s] INFO:colcon.colcon_core.shell:Creating package descriptor '/home/huyjetson/mobile_robot/ros2_ws/install/amr_navigation/share/amr_navigation/package.dsv'
[1.369s] INFO:colcon.colcon_core.shell:Creating package script '/home/huyjetson/mobile_robot/ros2_ws/install/amr_navigation/share/amr_navigation/package.sh'
[1.371s] INFO:colcon.colcon_core.shell:Creating package script '/home/huyjetson/mobile_robot/ros2_ws/install/amr_navigation/share/amr_navigation/package.bash'
[1.372s] INFO:colcon.colcon_core.shell:Creating package script '/home/huyjetson/mobile_robot/ros2_ws/install/amr_navigation/share/amr_navigation/package.zsh'
[1.376s] Level 1:colcon.colcon_core.environment:create_file_with_runtime_dependencies(/home/huyjetson/mobile_robot/ros2_ws/install/amr_navigation/share/colcon-core/packages/amr_navigation)
[1.378s] DEBUG:colcon.colcon_parallel_executor.executor.parallel:closing loop
[1.379s] DEBUG:colcon.colcon_parallel_executor.executor.parallel:loop closed
[1.380s] DEBUG:colcon.colcon_parallel_executor.executor.parallel:run_until_complete finished with '0'
[1.380s] DEBUG:colcon.colcon_core.event_reactor:joining thread
[1.383s] DEBUG:colcon.colcon_core.event_reactor:joined thread
[1.384s] INFO:colcon.colcon_core.shell:Creating prefix script '/home/huyjetson/mobile_robot/ros2_ws/install/local_setup.ps1'
[1.389s] INFO:colcon.colcon_core.shell:Creating prefix util module '/home/huyjetson/mobile_robot/ros2_ws/install/_local_setup_util_ps1.py'
[1.395s] INFO:colcon.colcon_core.shell:Creating prefix chain script '/home/huyjetson/mobile_robot/ros2_ws/install/setup.ps1'
[1.402s] INFO:colcon.colcon_core.shell:Creating prefix script '/home/huyjetson/mobile_robot/ros2_ws/install/local_setup.sh'
[1.404s] INFO:colcon.colcon_core.shell:Creating prefix util module '/home/huyjetson/mobile_robot/ros2_ws/install/_local_setup_util_sh.py'
[1.406s] INFO:colcon.colcon_core.shell:Creating prefix chain script '/home/huyjetson/mobile_robot/ros2_ws/install/setup.sh'
[1.412s] INFO:colcon.colcon_core.shell:Creating prefix script '/home/huyjetson/mobile_robot/ros2_ws/install/local_setup.bash'
[1.414s] INFO:colcon.colcon_core.shell:Creating prefix chain script '/home/huyjetson/mobile_robot/ros2_ws/install/setup.bash'
[1.419s] INFO:colcon.colcon_core.shell:Creating prefix script '/home/huyjetson/mobile_robot/ros2_ws/install/local_setup.zsh'
[1.420s] INFO:colcon.colcon_core.shell:Creating prefix chain script '/home/huyjetson/mobile_robot/ros2_ws/install/setup.zsh'
