[0.041s] Invoking command in '/home/huyjetson/mobile_robot/ros2_ws/build/amr_interfaces': CMAKE_PREFIX_PATH=${CMAKE_PREFIX_PATH}:/home/huyjetson/mobile_robot/ros2_ws/install/amr_sensors:/home/huyjetson/mobile_robot/ros2_ws/install/amr_ai:/home/huyjetson/mobile_robot/ros2_ws/install/amr_bringup:/opt/ros/humble PS1=(ai_ros_venv) \[\e]0;\u@\h: \w\a\]${debian_chroot:+($debian_chroot)}\[\033[01;32m\]\u@\h\[\033[00m\]:\[\033[01;34m\]\w\[\033[00m\]\$ VIRTUAL_ENV_PROMPT=(ai_ros_venv) /usr/bin/cmake --build /home/huyjetson/mobile_robot/ros2_ws/build/amr_interfaces -- -j6 -l6
[0.182s] -- Found ament_cmake: 1.3.14 (/opt/ros/humble/share/ament_cmake/cmake)
[0.688s] -- Found rosidl_default_generators: 1.2.1 (/opt/ros/humble/share/rosidl_default_generators/cmake)
[0.707s] -- Using all available rosidl_typesupport_c: rosidl_typesupport_fastrtps_c;rosidl_typesupport_introspection_c
[0.723s] -- Found rosidl_adapter: 3.1.8 (/opt/ros/humble/share/rosidl_adapter/cmake)
[0.854s] -- Using all available rosidl_typesupport_cpp: rosidl_typesupport_fastrtps_cpp;rosidl_typesupport_introspection_cpp
[0.946s] -- Found std_msgs: 4.9.1 (/opt/ros/humble/share/std_msgs/cmake)
[1.021s] -- Found geometry_msgs: 4.9.1 (/opt/ros/humble/share/geometry_msgs/cmake)
[1.059s] -- Found sensor_msgs: 4.9.1 (/opt/ros/humble/share/sensor_msgs/cmake)
[2.057s] -- Found ament_cmake_ros: 0.10.0 (/opt/ros/humble/share/ament_cmake_ros/cmake)
[2.850s] -- Using all available rosidl_typesupport_c: rosidl_typesupport_fastrtps_c;rosidl_typesupport_introspection_c
[3.902s] -- Using all available rosidl_typesupport_cpp: rosidl_typesupport_fastrtps_cpp;rosidl_typesupport_introspection_cpp
[3.971s] -- Found python_cmake_module: 0.10.0 (/opt/ros/humble/share/python_cmake_module/cmake)
[4.039s] -- Using PYTHON_EXECUTABLE: /usr/bin/python3
[4.040s] -- Using PYTHON_INCLUDE_DIRS: /usr/include/python3.10
[4.040s] -- Using PYTHON_LIBRARIES: /usr/lib/aarch64-linux-gnu/libpython3.10.so
[4.539s] -- Configuring done
[4.903s] -- Generating done
[4.949s] -- Build files have been written to: /home/huyjetson/mobile_robot/ros2_ws/build/amr_interfaces
[5.037s] [  1%] [34m[1mGenerating C code for ROS interfaces[0m
[5.070s] [  3%] [34m[1mGenerating Rust code for ROS interfaces[0m
[5.071s] [  4%] [34m[1mGenerating C++ code for ROS interfaces[0m
[5.124s] [  4%] Built target ament_cmake_python_copy_amr_interfaces
[5.825s] running egg_info
[5.827s] writing amr_interfaces.egg-info/PKG-INFO
[5.828s] writing dependency_links to amr_interfaces.egg-info/dependency_links.txt
[5.829s] writing top-level names to amr_interfaces.egg-info/top_level.txt
[5.836s] reading manifest file 'amr_interfaces.egg-info/SOURCES.txt'
[5.839s] writing manifest file 'amr_interfaces.egg-info/SOURCES.txt'
[5.966s] [  4%] Built target ament_cmake_python_build_amr_interfaces_egg
[6.196s] [  4%] Built target amr_interfaces__rs
[6.767s] [35m[1mConsolidate compiler generated dependencies of target amr_interfaces__rosidl_generator_c[0m
[6.819s] [  4%] Built target amr_interfaces__cpp
[6.821s] [  6%] [32mBuilding C object CMakeFiles/amr_interfaces__rosidl_generator_c.dir/rosidl_generator_c/amr_interfaces/msg/detail/ai_mode__functions.c.o[0m
[6.829s] [  7%] [32mBuilding C object CMakeFiles/amr_interfaces__rosidl_generator_c.dir/rosidl_generator_c/amr_interfaces/srv/detail/set_ai_mode__functions.c.o[0m
[6.832s] [  9%] [32mBuilding C object CMakeFiles/amr_interfaces__rosidl_generator_c.dir/rosidl_generator_c/amr_interfaces/msg/detail/ai_alert__functions.c.o[0m
[6.835s] [ 10%] [32mBuilding C object CMakeFiles/amr_interfaces__rosidl_generator_c.dir/rosidl_generator_c/amr_interfaces/srv/detail/select_zone__functions.c.o[0m
[6.836s] [ 12%] [32mBuilding C object CMakeFiles/amr_interfaces__rosidl_generator_c.dir/rosidl_generator_c/amr_interfaces/msg/detail/person_target__functions.c.o[0m
[6.862s] [ 14%] [34m[1mGenerating C++ type support for eProsima Fast-RTPS[0m
[7.243s] [ 15%] [34m[1mGenerating C++ introspection for ROS interfaces[0m
[7.246s] [ 17%] [34m[1mGenerating C++ type support dispatch for ROS interfaces[0m
[7.253s] [ 18%] [32m[1mLinking C shared library libamr_interfaces__rosidl_generator_c.so[0m
[7.497s] [ 18%] Built target amr_interfaces__rosidl_generator_c
[7.529s] [ 20%] [34m[1mGenerating C type support dispatch for ROS interfaces[0m
[7.530s] [ 21%] [34m[1mGenerating C introspection for ROS interfaces[0m
[7.547s] [ 23%] [34m[1mGenerating C type support for eProsima Fast-RTPS[0m
[8.620s] [35m[1mConsolidate compiler generated dependencies of target amr_interfaces__rosidl_typesupport_cpp[0m
[8.699s] [35m[1mConsolidate compiler generated dependencies of target amr_interfaces__rosidl_typesupport_fastrtps_cpp[0m
[8.770s] [ 25%] [32mBuilding CXX object CMakeFiles/amr_interfaces__rosidl_typesupport_cpp.dir/rosidl_typesupport_cpp/amr_interfaces/msg/ai_alert__type_support.cpp.o[0m
[8.801s] [ 26%] [32mBuilding CXX object CMakeFiles/amr_interfaces__rosidl_typesupport_fastrtps_cpp.dir/rosidl_typesupport_fastrtps_cpp/amr_interfaces/msg/detail/dds_fastrtps/ai_alert__type_support.cpp.o[0m
[9.024s] [35m[1mConsolidate compiler generated dependencies of target amr_interfaces__rosidl_typesupport_introspection_cpp[0m
[9.061s] [35m[1mConsolidate compiler generated dependencies of target amr_interfaces__rosidl_typesupport_c[0m
[9.101s] [ 28%] [32mBuilding CXX object CMakeFiles/amr_interfaces__rosidl_typesupport_introspection_cpp.dir/rosidl_typesupport_introspection_cpp/amr_interfaces/msg/detail/ai_alert__type_support.cpp.o[0m
[9.133s] [ 29%] [32mBuilding CXX object CMakeFiles/amr_interfaces__rosidl_typesupport_c.dir/rosidl_typesupport_c/amr_interfaces/msg/ai_alert__type_support.cpp.o[0m
[9.306s] [35m[1mConsolidate compiler generated dependencies of target amr_interfaces__rosidl_typesupport_introspection_c[0m
[9.355s] [35m[1mConsolidate compiler generated dependencies of target amr_interfaces__rosidl_typesupport_fastrtps_c[0m
[9.366s] [ 32%] [32mBuilding CXX object CMakeFiles/amr_interfaces__rosidl_typesupport_c.dir/rosidl_typesupport_c/amr_interfaces/msg/ai_mode__type_support.cpp.o[0m
[9.366s] [ 32%] [32mBuilding C object CMakeFiles/amr_interfaces__rosidl_typesupport_introspection_c.dir/rosidl_typesupport_introspection_c/amr_interfaces/msg/detail/ai_alert__type_support.c.o[0m
[9.448s] [ 34%] [32mBuilding CXX object CMakeFiles/amr_interfaces__rosidl_typesupport_fastrtps_c.dir/rosidl_typesupport_fastrtps_c/amr_interfaces/msg/detail/ai_alert__type_support_c.cpp.o[0m
[9.463s] [ 35%] [32mBuilding CXX object CMakeFiles/amr_interfaces__rosidl_typesupport_c.dir/rosidl_typesupport_c/amr_interfaces/msg/person_target__type_support.cpp.o[0m
[9.561s] [ 37%] [32mBuilding C object CMakeFiles/amr_interfaces__rosidl_typesupport_introspection_c.dir/rosidl_typesupport_introspection_c/amr_interfaces/msg/detail/ai_mode__type_support.c.o[0m
[9.593s] [ 39%] [32mBuilding CXX object CMakeFiles/amr_interfaces__rosidl_typesupport_c.dir/rosidl_typesupport_c/amr_interfaces/srv/set_ai_mode__type_support.cpp.o[0m
[9.780s] [ 40%] [32mBuilding C object CMakeFiles/amr_interfaces__rosidl_typesupport_introspection_c.dir/rosidl_typesupport_introspection_c/amr_interfaces/msg/detail/person_target__type_support.c.o[0m
[9.859s] [ 42%] [32mBuilding CXX object CMakeFiles/amr_interfaces__rosidl_typesupport_c.dir/rosidl_typesupport_c/amr_interfaces/srv/select_zone__type_support.cpp.o[0m
[10.312s] [ 45%] [32m[1mLinking CXX shared library libamr_interfaces__rosidl_typesupport_c.so[0m
[10.313s] [ 45%] [32mBuilding CXX object CMakeFiles/amr_interfaces__rosidl_typesupport_cpp.dir/rosidl_typesupport_cpp/amr_interfaces/msg/ai_mode__type_support.cpp.o[0m
[10.360s] [ 46%] [32mBuilding C object CMakeFiles/amr_interfaces__rosidl_typesupport_introspection_c.dir/rosidl_typesupport_introspection_c/amr_interfaces/srv/detail/set_ai_mode__type_support.c.o[0m
[10.497s] [ 46%] Built target amr_interfaces__rosidl_typesupport_c
[10.532s] [ 48%] [32mBuilding CXX object CMakeFiles/amr_interfaces__rosidl_typesupport_cpp.dir/rosidl_typesupport_cpp/amr_interfaces/msg/person_target__type_support.cpp.o[0m
[10.549s] [ 50%] [32mBuilding CXX object CMakeFiles/amr_interfaces__rosidl_typesupport_introspection_cpp.dir/rosidl_typesupport_introspection_cpp/amr_interfaces/msg/detail/ai_mode__type_support.cpp.o[0m
[10.553s] [ 51%] [32mBuilding C object CMakeFiles/amr_interfaces__rosidl_typesupport_introspection_c.dir/rosidl_typesupport_introspection_c/amr_interfaces/srv/detail/select_zone__type_support.c.o[0m
[10.578s] [ 53%] [32mBuilding CXX object CMakeFiles/amr_interfaces__rosidl_typesupport_fastrtps_c.dir/rosidl_typesupport_fastrtps_c/amr_interfaces/msg/detail/ai_mode__type_support_c.cpp.o[0m
[10.664s] [ 54%] [32mBuilding CXX object CMakeFiles/amr_interfaces__rosidl_typesupport_fastrtps_cpp.dir/rosidl_typesupport_fastrtps_cpp/amr_interfaces/msg/detail/dds_fastrtps/ai_mode__type_support.cpp.o[0m
[10.698s] [ 56%] [32m[1mLinking C shared library libamr_interfaces__rosidl_typesupport_introspection_c.so[0m
[10.860s] [ 56%] Built target amr_interfaces__rosidl_typesupport_introspection_c
[10.934s] [ 57%] [32mBuilding CXX object CMakeFiles/amr_interfaces__rosidl_typesupport_fastrtps_c.dir/rosidl_typesupport_fastrtps_c/amr_interfaces/msg/detail/person_target__type_support_c.cpp.o[0m
[11.290s] [ 59%] [32mBuilding CXX object CMakeFiles/amr_interfaces__rosidl_typesupport_fastrtps_cpp.dir/rosidl_typesupport_fastrtps_cpp/amr_interfaces/msg/detail/dds_fastrtps/person_target__type_support.cpp.o[0m
[11.529s] [ 60%] [32mBuilding CXX object CMakeFiles/amr_interfaces__rosidl_typesupport_cpp.dir/rosidl_typesupport_cpp/amr_interfaces/srv/set_ai_mode__type_support.cpp.o[0m
[11.725s] [ 62%] [32mBuilding CXX object CMakeFiles/amr_interfaces__rosidl_typesupport_fastrtps_cpp.dir/rosidl_typesupport_fastrtps_cpp/amr_interfaces/srv/detail/dds_fastrtps/set_ai_mode__type_support.cpp.o[0m
[11.922s] [ 64%] [32mBuilding CXX object CMakeFiles/amr_interfaces__rosidl_typesupport_introspection_cpp.dir/rosidl_typesupport_introspection_cpp/amr_interfaces/msg/detail/person_target__type_support.cpp.o[0m
[12.090s] [ 65%] [32mBuilding CXX object CMakeFiles/amr_interfaces__rosidl_typesupport_introspection_cpp.dir/rosidl_typesupport_introspection_cpp/amr_interfaces/srv/detail/set_ai_mode__type_support.cpp.o[0m
[12.197s] [ 67%] [32mBuilding CXX object CMakeFiles/amr_interfaces__rosidl_typesupport_fastrtps_c.dir/rosidl_typesupport_fastrtps_c/amr_interfaces/srv/detail/set_ai_mode__type_support_c.cpp.o[0m
[12.586s] [ 68%] [32mBuilding CXX object CMakeFiles/amr_interfaces__rosidl_typesupport_fastrtps_c.dir/rosidl_typesupport_fastrtps_c/amr_interfaces/srv/detail/select_zone__type_support_c.cpp.o[0m
[12.688s] [ 70%] [32mBuilding CXX object CMakeFiles/amr_interfaces__rosidl_typesupport_cpp.dir/rosidl_typesupport_cpp/amr_interfaces/srv/select_zone__type_support.cpp.o[0m
[13.205s] [ 71%] [32mBuilding CXX object CMakeFiles/amr_interfaces__rosidl_typesupport_introspection_cpp.dir/rosidl_typesupport_introspection_cpp/amr_interfaces/srv/detail/select_zone__type_support.cpp.o[0m
[13.347s] [ 73%] [32mBuilding CXX object CMakeFiles/amr_interfaces__rosidl_typesupport_fastrtps_cpp.dir/rosidl_typesupport_fastrtps_cpp/amr_interfaces/srv/detail/dds_fastrtps/select_zone__type_support.cpp.o[0m
[13.570s] [ 75%] [32m[1mLinking CXX shared library libamr_interfaces__rosidl_typesupport_cpp.so[0m
[13.714s] [ 75%] Built target amr_interfaces__rosidl_typesupport_cpp
[13.782s] [ 76%] [32m[1mLinking CXX shared library libamr_interfaces__rosidl_typesupport_fastrtps_c.so[0m
[14.020s] [ 76%] Built target amr_interfaces__rosidl_typesupport_fastrtps_c
[14.398s] [ 78%] [32m[1mLinking CXX shared library libamr_interfaces__rosidl_typesupport_introspection_cpp.so[0m
[14.582s] [ 79%] [32m[1mLinking CXX shared library libamr_interfaces__rosidl_typesupport_fastrtps_cpp.so[0m
[14.590s] [ 79%] Built target amr_interfaces__rosidl_typesupport_introspection_cpp
[14.835s] [ 79%] Built target amr_interfaces__rosidl_typesupport_fastrtps_cpp
[14.892s] [ 79%] Built target amr_interfaces
[14.949s] [ 81%] [34m[1mGenerating Python code for ROS interfaces[0m
[17.311s] [ 81%] Built target amr_interfaces__py
[17.361s] [35m[1mConsolidate compiler generated dependencies of target amr_interfaces__rosidl_generator_py[0m
[17.407s] [ 87%] [32mBuilding C object CMakeFiles/amr_interfaces__rosidl_generator_py.dir/rosidl_generator_py/amr_interfaces/msg/_person_target_s.c.o[0m
[17.408s] [ 87%] [32mBuilding C object CMakeFiles/amr_interfaces__rosidl_generator_py.dir/rosidl_generator_py/amr_interfaces/msg/_ai_mode_s.c.o[0m
[17.408s] [ 87%] [32mBuilding C object CMakeFiles/amr_interfaces__rosidl_generator_py.dir/rosidl_generator_py/amr_interfaces/srv/_set_ai_mode_s.c.o[0m
[17.408s] [ 87%] [32mBuilding C object CMakeFiles/amr_interfaces__rosidl_generator_py.dir/rosidl_generator_py/amr_interfaces/msg/_ai_alert_s.c.o[0m
[17.419s] [ 89%] [32mBuilding C object CMakeFiles/amr_interfaces__rosidl_generator_py.dir/rosidl_generator_py/amr_interfaces/srv/_select_zone_s.c.o[0m
[17.856s] [ 90%] [32m[1mLinking C shared library rosidl_generator_py/amr_interfaces/libamr_interfaces__rosidl_generator_py.so[0m
[17.969s] [ 90%] Built target amr_interfaces__rosidl_generator_py
[18.001s] [35m[1mConsolidate compiler generated dependencies of target amr_interfaces__rosidl_typesupport_fastrtps_c__pyext[0m
[18.001s] [35m[1mConsolidate compiler generated dependencies of target amr_interfaces__rosidl_typesupport_introspection_c__pyext[0m
[18.004s] [35m[1mConsolidate compiler generated dependencies of target amr_interfaces__rosidl_typesupport_c__pyext[0m
[18.037s] [ 95%] [32mBuilding C object CMakeFiles/amr_interfaces__rosidl_typesupport_c__pyext.dir/rosidl_generator_py/amr_interfaces/_amr_interfaces_s.ep.rosidl_typesupport_c.c.o[0m
[18.038s] [ 95%] [32mBuilding C object CMakeFiles/amr_interfaces__rosidl_typesupport_fastrtps_c__pyext.dir/rosidl_generator_py/amr_interfaces/_amr_interfaces_s.ep.rosidl_typesupport_fastrtps_c.c.o[0m
[18.038s] [ 95%] [32mBuilding C object CMakeFiles/amr_interfaces__rosidl_typesupport_introspection_c__pyext.dir/rosidl_generator_py/amr_interfaces/_amr_interfaces_s.ep.rosidl_typesupport_introspection_c.c.o[0m
[18.351s] [100%] [32m[1mLinking C shared library rosidl_generator_py/amr_interfaces/amr_interfaces_s__rosidl_typesupport_introspection_c.cpython-310-aarch64-linux-gnu.so[0m
[18.352s] [100%] [32m[1mLinking C shared library rosidl_generator_py/amr_interfaces/amr_interfaces_s__rosidl_typesupport_c.cpython-310-aarch64-linux-gnu.so[0m
[18.352s] [100%] [32m[1mLinking C shared library rosidl_generator_py/amr_interfaces/amr_interfaces_s__rosidl_typesupport_fastrtps_c.cpython-310-aarch64-linux-gnu.so[0m
[18.470s] [100%] Built target amr_interfaces__rosidl_typesupport_introspection_c__pyext
[18.470s] [100%] Built target amr_interfaces__rosidl_typesupport_fastrtps_c__pyext
[18.470s] [100%] Built target amr_interfaces__rosidl_typesupport_c__pyext
[18.507s] Invoked command in '/home/huyjetson/mobile_robot/ros2_ws/build/amr_interfaces' returned '0': CMAKE_PREFIX_PATH=${CMAKE_PREFIX_PATH}:/home/huyjetson/mobile_robot/ros2_ws/install/amr_sensors:/home/huyjetson/mobile_robot/ros2_ws/install/amr_ai:/home/huyjetson/mobile_robot/ros2_ws/install/amr_bringup:/opt/ros/humble PS1=(ai_ros_venv) \[\e]0;\u@\h: \w\a\]${debian_chroot:+($debian_chroot)}\[\033[01;32m\]\u@\h\[\033[00m\]:\[\033[01;34m\]\w\[\033[00m\]\$ VIRTUAL_ENV_PROMPT=(ai_ros_venv) /usr/bin/cmake --build /home/huyjetson/mobile_robot/ros2_ws/build/amr_interfaces -- -j6 -l6
[18.514s] Invoking command in '/home/huyjetson/mobile_robot/ros2_ws/build/amr_interfaces': CMAKE_PREFIX_PATH=${CMAKE_PREFIX_PATH}:/home/huyjetson/mobile_robot/ros2_ws/install/amr_sensors:/home/huyjetson/mobile_robot/ros2_ws/install/amr_ai:/home/huyjetson/mobile_robot/ros2_ws/install/amr_bringup:/opt/ros/humble PS1=(ai_ros_venv) \[\e]0;\u@\h: \w\a\]${debian_chroot:+($debian_chroot)}\[\033[01;32m\]\u@\h\[\033[00m\]:\[\033[01;34m\]\w\[\033[00m\]\$ VIRTUAL_ENV_PROMPT=(ai_ros_venv) /usr/bin/cmake --install /home/huyjetson/mobile_robot/ros2_ws/build/amr_interfaces
[18.536s] -- Install configuration: ""
[18.537s] -- Up-to-date: /home/huyjetson/mobile_robot/ros2_ws/install/amr_interfaces/share/ament_index/resource_index/rosidl_interfaces/amr_interfaces
[18.537s] -- Up-to-date: /home/huyjetson/mobile_robot/ros2_ws/install/amr_interfaces/include/amr_interfaces/amr_interfaces
[18.537s] -- Up-to-date: /home/huyjetson/mobile_robot/ros2_ws/install/amr_interfaces/include/amr_interfaces/amr_interfaces/msg
[18.537s] -- Up-to-date: /home/huyjetson/mobile_robot/ros2_ws/install/amr_interfaces/include/amr_interfaces/amr_interfaces/msg/rosidl_generator_c__visibility_control.h
[18.538s] -- Installing: /home/huyjetson/mobile_robot/ros2_ws/install/amr_interfaces/include/amr_interfaces/amr_interfaces/msg/ai_mode.h
[18.538s] -- Up-to-date: /home/huyjetson/mobile_robot/ros2_ws/install/amr_interfaces/include/amr_interfaces/amr_interfaces/msg/detail
[18.538s] -- Installing: /home/huyjetson/mobile_robot/ros2_ws/install/amr_interfaces/include/amr_interfaces/amr_interfaces/msg/detail/ai_alert__functions.c
[18.538s] -- Installing: /home/huyjetson/mobile_robot/ros2_ws/install/amr_interfaces/include/amr_interfaces/amr_interfaces/msg/detail/ai_mode__functions.h
[18.539s] -- Installing: /home/huyjetson/mobile_robot/ros2_ws/install/amr_interfaces/include/amr_interfaces/amr_interfaces/msg/detail/ai_alert__struct.h
[18.539s] -- Installing: /home/huyjetson/mobile_robot/ros2_ws/install/amr_interfaces/include/amr_interfaces/amr_interfaces/msg/detail/person_target__struct.h
[18.539s] -- Installing: /home/huyjetson/mobile_robot/ros2_ws/install/amr_interfaces/include/amr_interfaces/amr_interfaces/msg/detail/ai_alert__functions.h
[18.539s] -- Installing: /home/huyjetson/mobile_robot/ros2_ws/install/amr_interfaces/include/amr_interfaces/amr_interfaces/msg/detail/ai_mode__functions.c
[18.540s] -- Installing: /home/huyjetson/mobile_robot/ros2_ws/install/amr_interfaces/include/amr_interfaces/amr_interfaces/msg/detail/ai_mode__struct.h
[18.540s] -- Installing: /home/huyjetson/mobile_robot/ros2_ws/install/amr_interfaces/include/amr_interfaces/amr_interfaces/msg/detail/ai_mode__type_support.h
[18.540s] -- Installing: /home/huyjetson/mobile_robot/ros2_ws/install/amr_interfaces/include/amr_interfaces/amr_interfaces/msg/detail/ai_alert__type_support.h
[18.540s] -- Installing: /home/huyjetson/mobile_robot/ros2_ws/install/amr_interfaces/include/amr_interfaces/amr_interfaces/msg/detail/person_target__functions.c
[18.541s] -- Installing: /home/huyjetson/mobile_robot/ros2_ws/install/amr_interfaces/include/amr_interfaces/amr_interfaces/msg/detail/person_target__type_support.h
[18.541s] -- Installing: /home/huyjetson/mobile_robot/ros2_ws/install/amr_interfaces/include/amr_interfaces/amr_interfaces/msg/detail/person_target__functions.h
[18.542s] -- Installing: /home/huyjetson/mobile_robot/ros2_ws/install/amr_interfaces/include/amr_interfaces/amr_interfaces/msg/ai_alert.h
[18.543s] -- Installing: /home/huyjetson/mobile_robot/ros2_ws/install/amr_interfaces/include/amr_interfaces/amr_interfaces/msg/person_target.h
[18.543s] -- Up-to-date: /home/huyjetson/mobile_robot/ros2_ws/install/amr_interfaces/include/amr_interfaces/amr_interfaces/srv
[18.544s] -- Installing: /home/huyjetson/mobile_robot/ros2_ws/install/amr_interfaces/include/amr_interfaces/amr_interfaces/srv/select_zone.h
[18.544s] -- Installing: /home/huyjetson/mobile_robot/ros2_ws/install/amr_interfaces/include/amr_interfaces/amr_interfaces/srv/set_ai_mode.h
[18.544s] -- Up-to-date: /home/huyjetson/mobile_robot/ros2_ws/install/amr_interfaces/include/amr_interfaces/amr_interfaces/srv/detail
[18.544s] -- Installing: /home/huyjetson/mobile_robot/ros2_ws/install/amr_interfaces/include/amr_interfaces/amr_interfaces/srv/detail/set_ai_mode__functions.c
[18.544s] -- Installing: /home/huyjetson/mobile_robot/ros2_ws/install/amr_interfaces/include/amr_interfaces/amr_interfaces/srv/detail/select_zone__functions.h
[18.545s] -- Installing: /home/huyjetson/mobile_robot/ros2_ws/install/amr_interfaces/include/amr_interfaces/amr_interfaces/srv/detail/set_ai_mode__functions.h
[18.545s] -- Installing: /home/huyjetson/mobile_robot/ros2_ws/install/amr_interfaces/include/amr_interfaces/amr_interfaces/srv/detail/select_zone__functions.c
[18.545s] -- Installing: /home/huyjetson/mobile_robot/ros2_ws/install/amr_interfaces/include/amr_interfaces/amr_interfaces/srv/detail/set_ai_mode__type_support.h
[18.546s] -- Installing: /home/huyjetson/mobile_robot/ros2_ws/install/amr_interfaces/include/amr_interfaces/amr_interfaces/srv/detail/select_zone__type_support.h
[18.546s] -- Installing: /home/huyjetson/mobile_robot/ros2_ws/install/amr_interfaces/include/amr_interfaces/amr_interfaces/srv/detail/set_ai_mode__struct.h
[18.547s] -- Installing: /home/huyjetson/mobile_robot/ros2_ws/install/amr_interfaces/include/amr_interfaces/amr_interfaces/srv/detail/select_zone__struct.h
[18.547s] -- Up-to-date: /home/huyjetson/mobile_robot/ros2_ws/install/amr_interfaces/share/amr_interfaces/environment/library_path.sh
[18.547s] -- Installing: /home/huyjetson/mobile_robot/ros2_ws/install/amr_interfaces/share/amr_interfaces/environment/library_path.dsv
[18.548s] -- Installing: /home/huyjetson/mobile_robot/ros2_ws/install/amr_interfaces/lib/libamr_interfaces__rosidl_generator_c.so
[18.549s] -- Set runtime path of "/home/huyjetson/mobile_robot/ros2_ws/install/amr_interfaces/lib/libamr_interfaces__rosidl_generator_c.so" to ""
[18.549s] -- Up-to-date: /home/huyjetson/mobile_robot/ros2_ws/install/amr_interfaces/include/amr_interfaces/amr_interfaces
[18.549s] -- Up-to-date: /home/huyjetson/mobile_robot/ros2_ws/install/amr_interfaces/include/amr_interfaces/amr_interfaces/msg
[18.549s] -- Up-to-date: /home/huyjetson/mobile_robot/ros2_ws/install/amr_interfaces/include/amr_interfaces/amr_interfaces/msg/rosidl_typesupport_fastrtps_c__visibility_control.h
[18.550s] -- Up-to-date: /home/huyjetson/mobile_robot/ros2_ws/install/amr_interfaces/include/amr_interfaces/amr_interfaces/msg/detail
[18.550s] -- Installing: /home/huyjetson/mobile_robot/ros2_ws/install/amr_interfaces/include/amr_interfaces/amr_interfaces/msg/detail/person_target__rosidl_typesupport_fastrtps_c.h
[18.550s] -- Installing: /home/huyjetson/mobile_robot/ros2_ws/install/amr_interfaces/include/amr_interfaces/amr_interfaces/msg/detail/ai_mode__rosidl_typesupport_fastrtps_c.h
[18.550s] -- Installing: /home/huyjetson/mobile_robot/ros2_ws/install/amr_interfaces/include/amr_interfaces/amr_interfaces/msg/detail/ai_alert__rosidl_typesupport_fastrtps_c.h
[18.550s] -- Up-to-date: /home/huyjetson/mobile_robot/ros2_ws/install/amr_interfaces/include/amr_interfaces/amr_interfaces/srv
[18.550s] -- Up-to-date: /home/huyjetson/mobile_robot/ros2_ws/install/amr_interfaces/include/amr_interfaces/amr_interfaces/srv/detail
[18.551s] -- Installing: /home/huyjetson/mobile_robot/ros2_ws/install/amr_interfaces/include/amr_interfaces/amr_interfaces/srv/detail/set_ai_mode__rosidl_typesupport_fastrtps_c.h
[18.551s] -- Installing: /home/huyjetson/mobile_robot/ros2_ws/install/amr_interfaces/include/amr_interfaces/amr_interfaces/srv/detail/select_zone__rosidl_typesupport_fastrtps_c.h
[18.551s] -- Installing: /home/huyjetson/mobile_robot/ros2_ws/install/amr_interfaces/lib/libamr_interfaces__rosidl_typesupport_fastrtps_c.so
[18.552s] -- Set runtime path of "/home/huyjetson/mobile_robot/ros2_ws/install/amr_interfaces/lib/libamr_interfaces__rosidl_typesupport_fastrtps_c.so" to ""
[18.552s] -- Up-to-date: /home/huyjetson/mobile_robot/ros2_ws/install/amr_interfaces/include/amr_interfaces/amr_interfaces
[18.553s] -- Up-to-date: /home/huyjetson/mobile_robot/ros2_ws/install/amr_interfaces/include/amr_interfaces/amr_interfaces/msg
[18.553s] -- Up-to-date: /home/huyjetson/mobile_robot/ros2_ws/install/amr_interfaces/include/amr_interfaces/amr_interfaces/msg/rosidl_typesupport_introspection_c__visibility_control.h
[18.553s] -- Up-to-date: /home/huyjetson/mobile_robot/ros2_ws/install/amr_interfaces/include/amr_interfaces/amr_interfaces/msg/detail
[18.553s] -- Installing: /home/huyjetson/mobile_robot/ros2_ws/install/amr_interfaces/include/amr_interfaces/amr_interfaces/msg/detail/person_target__type_support.c
[18.553s] -- Installing: /home/huyjetson/mobile_robot/ros2_ws/install/amr_interfaces/include/amr_interfaces/amr_interfaces/msg/detail/ai_alert__rosidl_typesupport_introspection_c.h
[18.554s] -- Installing: /home/huyjetson/mobile_robot/ros2_ws/install/amr_interfaces/include/amr_interfaces/amr_interfaces/msg/detail/person_target__rosidl_typesupport_introspection_c.h
[18.554s] -- Installing: /home/huyjetson/mobile_robot/ros2_ws/install/amr_interfaces/include/amr_interfaces/amr_interfaces/msg/detail/ai_mode__type_support.c
[18.554s] -- Installing: /home/huyjetson/mobile_robot/ros2_ws/install/amr_interfaces/include/amr_interfaces/amr_interfaces/msg/detail/ai_alert__type_support.c
[18.555s] -- Installing: /home/huyjetson/mobile_robot/ros2_ws/install/amr_interfaces/include/amr_interfaces/amr_interfaces/msg/detail/ai_mode__rosidl_typesupport_introspection_c.h
[18.555s] -- Up-to-date: /home/huyjetson/mobile_robot/ros2_ws/install/amr_interfaces/include/amr_interfaces/amr_interfaces/srv
[18.555s] -- Up-to-date: /home/huyjetson/mobile_robot/ros2_ws/install/amr_interfaces/include/amr_interfaces/amr_interfaces/srv/detail
[18.555s] -- Installing: /home/huyjetson/mobile_robot/ros2_ws/install/amr_interfaces/include/amr_interfaces/amr_interfaces/srv/detail/select_zone__rosidl_typesupport_introspection_c.h
[18.555s] -- Installing: /home/huyjetson/mobile_robot/ros2_ws/install/amr_interfaces/include/amr_interfaces/amr_interfaces/srv/detail/select_zone__type_support.c
[18.556s] -- Installing: /home/huyjetson/mobile_robot/ros2_ws/install/amr_interfaces/include/amr_interfaces/amr_interfaces/srv/detail/set_ai_mode__type_support.c
[18.556s] -- Installing: /home/huyjetson/mobile_robot/ros2_ws/install/amr_interfaces/include/amr_interfaces/amr_interfaces/srv/detail/set_ai_mode__rosidl_typesupport_introspection_c.h
[18.557s] -- Installing: /home/huyjetson/mobile_robot/ros2_ws/install/amr_interfaces/lib/libamr_interfaces__rosidl_typesupport_introspection_c.so
[18.558s] -- Set runtime path of "/home/huyjetson/mobile_robot/ros2_ws/install/amr_interfaces/lib/libamr_interfaces__rosidl_typesupport_introspection_c.so" to ""
[18.558s] -- Installing: /home/huyjetson/mobile_robot/ros2_ws/install/amr_interfaces/lib/libamr_interfaces__rosidl_typesupport_c.so
[18.559s] -- Set runtime path of "/home/huyjetson/mobile_robot/ros2_ws/install/amr_interfaces/lib/libamr_interfaces__rosidl_typesupport_c.so" to ""
[18.559s] -- Up-to-date: /home/huyjetson/mobile_robot/ros2_ws/install/amr_interfaces/include/amr_interfaces/amr_interfaces
[18.559s] -- Up-to-date: /home/huyjetson/mobile_robot/ros2_ws/install/amr_interfaces/include/amr_interfaces/amr_interfaces/msg
[18.559s] -- Installing: /home/huyjetson/mobile_robot/ros2_ws/install/amr_interfaces/include/amr_interfaces/amr_interfaces/msg/ai_mode.hpp
[18.560s] -- Installing: /home/huyjetson/mobile_robot/ros2_ws/install/amr_interfaces/include/amr_interfaces/amr_interfaces/msg/ai_alert.hpp
[18.560s] -- Up-to-date: /home/huyjetson/mobile_robot/ros2_ws/install/amr_interfaces/include/amr_interfaces/amr_interfaces/msg/rosidl_generator_cpp__visibility_control.hpp
[18.560s] -- Up-to-date: /home/huyjetson/mobile_robot/ros2_ws/install/amr_interfaces/include/amr_interfaces/amr_interfaces/msg/detail
[18.560s] -- Installing: /home/huyjetson/mobile_robot/ros2_ws/install/amr_interfaces/include/amr_interfaces/amr_interfaces/msg/detail/ai_alert__traits.hpp
[18.560s] -- Installing: /home/huyjetson/mobile_robot/ros2_ws/install/amr_interfaces/include/amr_interfaces/amr_interfaces/msg/detail/ai_alert__struct.hpp
[18.561s] -- Installing: /home/huyjetson/mobile_robot/ros2_ws/install/amr_interfaces/include/amr_interfaces/amr_interfaces/msg/detail/person_target__builder.hpp
[18.561s] -- Installing: /home/huyjetson/mobile_robot/ros2_ws/install/amr_interfaces/include/amr_interfaces/amr_interfaces/msg/detail/person_target__type_support.hpp
[18.561s] -- Installing: /home/huyjetson/mobile_robot/ros2_ws/install/amr_interfaces/include/amr_interfaces/amr_interfaces/msg/detail/ai_mode__builder.hpp
[18.562s] -- Installing: /home/huyjetson/mobile_robot/ros2_ws/install/amr_interfaces/include/amr_interfaces/amr_interfaces/msg/detail/ai_mode__traits.hpp
[18.562s] -- Installing: /home/huyjetson/mobile_robot/ros2_ws/install/amr_interfaces/include/amr_interfaces/amr_interfaces/msg/detail/ai_mode__type_support.hpp
[18.562s] -- Installing: /home/huyjetson/mobile_robot/ros2_ws/install/amr_interfaces/include/amr_interfaces/amr_interfaces/msg/detail/person_target__struct.hpp
[18.563s] -- Installing: /home/huyjetson/mobile_robot/ros2_ws/install/amr_interfaces/include/amr_interfaces/amr_interfaces/msg/detail/ai_alert__type_support.hpp
[18.563s] -- Installing: /home/huyjetson/mobile_robot/ros2_ws/install/amr_interfaces/include/amr_interfaces/amr_interfaces/msg/detail/ai_mode__struct.hpp
[18.563s] -- Installing: /home/huyjetson/mobile_robot/ros2_ws/install/amr_interfaces/include/amr_interfaces/amr_interfaces/msg/detail/ai_alert__builder.hpp
[18.564s] -- Installing: /home/huyjetson/mobile_robot/ros2_ws/install/amr_interfaces/include/amr_interfaces/amr_interfaces/msg/detail/person_target__traits.hpp
[18.564s] -- Installing: /home/huyjetson/mobile_robot/ros2_ws/install/amr_interfaces/include/amr_interfaces/amr_interfaces/msg/person_target.hpp
[18.564s] -- Up-to-date: /home/huyjetson/mobile_robot/ros2_ws/install/amr_interfaces/include/amr_interfaces/amr_interfaces/srv
[18.565s] -- Installing: /home/huyjetson/mobile_robot/ros2_ws/install/amr_interfaces/include/amr_interfaces/amr_interfaces/srv/set_ai_mode.hpp
[18.565s] -- Installing: /home/huyjetson/mobile_robot/ros2_ws/install/amr_interfaces/include/amr_interfaces/amr_interfaces/srv/select_zone.hpp
[18.565s] -- Up-to-date: /home/huyjetson/mobile_robot/ros2_ws/install/amr_interfaces/include/amr_interfaces/amr_interfaces/srv/detail
[18.565s] -- Installing: /home/huyjetson/mobile_robot/ros2_ws/install/amr_interfaces/include/amr_interfaces/amr_interfaces/srv/detail/set_ai_mode__builder.hpp
[18.565s] -- Installing: /home/huyjetson/mobile_robot/ros2_ws/install/amr_interfaces/include/amr_interfaces/amr_interfaces/srv/detail/select_zone__type_support.hpp
[18.566s] -- Installing: /home/huyjetson/mobile_robot/ros2_ws/install/amr_interfaces/include/amr_interfaces/amr_interfaces/srv/detail/select_zone__builder.hpp
[18.566s] -- Installing: /home/huyjetson/mobile_robot/ros2_ws/install/amr_interfaces/include/amr_interfaces/amr_interfaces/srv/detail/select_zone__traits.hpp
[18.567s] -- Installing: /home/huyjetson/mobile_robot/ros2_ws/install/amr_interfaces/include/amr_interfaces/amr_interfaces/srv/detail/set_ai_mode__traits.hpp
[18.567s] -- Installing: /home/huyjetson/mobile_robot/ros2_ws/install/amr_interfaces/include/amr_interfaces/amr_interfaces/srv/detail/set_ai_mode__type_support.hpp
[18.567s] -- Installing: /home/huyjetson/mobile_robot/ros2_ws/install/amr_interfaces/include/amr_interfaces/amr_interfaces/srv/detail/select_zone__struct.hpp
[18.568s] -- Installing: /home/huyjetson/mobile_robot/ros2_ws/install/amr_interfaces/include/amr_interfaces/amr_interfaces/srv/detail/set_ai_mode__struct.hpp
[18.568s] -- Up-to-date: /home/huyjetson/mobile_robot/ros2_ws/install/amr_interfaces/include/amr_interfaces/amr_interfaces
[18.569s] -- Up-to-date: /home/huyjetson/mobile_robot/ros2_ws/install/amr_interfaces/include/amr_interfaces/amr_interfaces/msg
[18.569s] -- Up-to-date: /home/huyjetson/mobile_robot/ros2_ws/install/amr_interfaces/include/amr_interfaces/amr_interfaces/msg/detail
[18.569s] -- Installing: /home/huyjetson/mobile_robot/ros2_ws/install/amr_interfaces/include/amr_interfaces/amr_interfaces/msg/detail/ai_mode__rosidl_typesupport_fastrtps_cpp.hpp
[18.569s] -- Installing: /home/huyjetson/mobile_robot/ros2_ws/install/amr_interfaces/include/amr_interfaces/amr_interfaces/msg/detail/person_target__rosidl_typesupport_fastrtps_cpp.hpp
[18.569s] -- Up-to-date: /home/huyjetson/mobile_robot/ros2_ws/install/amr_interfaces/include/amr_interfaces/amr_interfaces/msg/detail/dds_fastrtps
[18.569s] -- Installing: /home/huyjetson/mobile_robot/ros2_ws/install/amr_interfaces/include/amr_interfaces/amr_interfaces/msg/detail/ai_alert__rosidl_typesupport_fastrtps_cpp.hpp
[18.570s] -- Up-to-date: /home/huyjetson/mobile_robot/ros2_ws/install/amr_interfaces/include/amr_interfaces/amr_interfaces/msg/rosidl_typesupport_fastrtps_cpp__visibility_control.h
[18.570s] -- Up-to-date: /home/huyjetson/mobile_robot/ros2_ws/install/amr_interfaces/include/amr_interfaces/amr_interfaces/srv
[18.570s] -- Up-to-date: /home/huyjetson/mobile_robot/ros2_ws/install/amr_interfaces/include/amr_interfaces/amr_interfaces/srv/detail
[18.570s] -- Installing: /home/huyjetson/mobile_robot/ros2_ws/install/amr_interfaces/include/amr_interfaces/amr_interfaces/srv/detail/select_zone__rosidl_typesupport_fastrtps_cpp.hpp
[18.570s] -- Installing: /home/huyjetson/mobile_robot/ros2_ws/install/amr_interfaces/include/amr_interfaces/amr_interfaces/srv/detail/set_ai_mode__rosidl_typesupport_fastrtps_cpp.hpp
[18.571s] -- Up-to-date: /home/huyjetson/mobile_robot/ros2_ws/install/amr_interfaces/include/amr_interfaces/amr_interfaces/srv/detail/dds_fastrtps
[18.580s] -- Installing: /home/huyjetson/mobile_robot/ros2_ws/install/amr_interfaces/lib/libamr_interfaces__rosidl_typesupport_fastrtps_cpp.so
[18.582s] -- Set runtime path of "/home/huyjetson/mobile_robot/ros2_ws/install/amr_interfaces/lib/libamr_interfaces__rosidl_typesupport_fastrtps_cpp.so" to ""
[18.582s] -- Up-to-date: /home/huyjetson/mobile_robot/ros2_ws/install/amr_interfaces/include/amr_interfaces/amr_interfaces
[18.582s] -- Up-to-date: /home/huyjetson/mobile_robot/ros2_ws/install/amr_interfaces/include/amr_interfaces/amr_interfaces/msg
[18.582s] -- Up-to-date: /home/huyjetson/mobile_robot/ros2_ws/install/amr_interfaces/include/amr_interfaces/amr_interfaces/msg/detail
[18.582s] -- Installing: /home/huyjetson/mobile_robot/ros2_ws/install/amr_interfaces/include/amr_interfaces/amr_interfaces/msg/detail/ai_alert__rosidl_typesupport_introspection_cpp.hpp
[18.583s] -- Installing: /home/huyjetson/mobile_robot/ros2_ws/install/amr_interfaces/include/amr_interfaces/amr_interfaces/msg/detail/person_target__type_support.cpp
[18.583s] -- Installing: /home/huyjetson/mobile_robot/ros2_ws/install/amr_interfaces/include/amr_interfaces/amr_interfaces/msg/detail/ai_mode__type_support.cpp
[18.583s] -- Installing: /home/huyjetson/mobile_robot/ros2_ws/install/amr_interfaces/include/amr_interfaces/amr_interfaces/msg/detail/person_target__rosidl_typesupport_introspection_cpp.hpp
[18.583s] -- Installing: /home/huyjetson/mobile_robot/ros2_ws/install/amr_interfaces/include/amr_interfaces/amr_interfaces/msg/detail/ai_mode__rosidl_typesupport_introspection_cpp.hpp
[18.583s] -- Installing: /home/huyjetson/mobile_robot/ros2_ws/install/amr_interfaces/include/amr_interfaces/amr_interfaces/msg/detail/ai_alert__type_support.cpp
[18.584s] -- Up-to-date: /home/huyjetson/mobile_robot/ros2_ws/install/amr_interfaces/include/amr_interfaces/amr_interfaces/srv
[18.584s] -- Up-to-date: /home/huyjetson/mobile_robot/ros2_ws/install/amr_interfaces/include/amr_interfaces/amr_interfaces/srv/detail
[18.584s] -- Installing: /home/huyjetson/mobile_robot/ros2_ws/install/amr_interfaces/include/amr_interfaces/amr_interfaces/srv/detail/set_ai_mode__rosidl_typesupport_introspection_cpp.hpp
[18.584s] -- Installing: /home/huyjetson/mobile_robot/ros2_ws/install/amr_interfaces/include/amr_interfaces/amr_interfaces/srv/detail/select_zone__rosidl_typesupport_introspection_cpp.hpp
[18.584s] -- Installing: /home/huyjetson/mobile_robot/ros2_ws/install/amr_interfaces/include/amr_interfaces/amr_interfaces/srv/detail/select_zone__type_support.cpp
[18.585s] -- Installing: /home/huyjetson/mobile_robot/ros2_ws/install/amr_interfaces/include/amr_interfaces/amr_interfaces/srv/detail/set_ai_mode__type_support.cpp
[18.606s] -- Installing: /home/huyjetson/mobile_robot/ros2_ws/install/amr_interfaces/lib/libamr_interfaces__rosidl_typesupport_introspection_cpp.so
[18.607s] -- Set runtime path of "/home/huyjetson/mobile_robot/ros2_ws/install/amr_interfaces/lib/libamr_interfaces__rosidl_typesupport_introspection_cpp.so" to ""
[18.608s] -- Installing: /home/huyjetson/mobile_robot/ros2_ws/install/amr_interfaces/lib/libamr_interfaces__rosidl_typesupport_cpp.so
[18.609s] -- Set runtime path of "/home/huyjetson/mobile_robot/ros2_ws/install/amr_interfaces/lib/libamr_interfaces__rosidl_typesupport_cpp.so" to ""
[18.610s] -- Up-to-date: /home/huyjetson/mobile_robot/ros2_ws/install/amr_interfaces/share/amr_interfaces/environment/pythonpath.sh
[18.610s] -- Installing: /home/huyjetson/mobile_robot/ros2_ws/install/amr_interfaces/share/amr_interfaces/environment/pythonpath.dsv
[18.610s] -- Up-to-date: /home/huyjetson/mobile_robot/ros2_ws/install/amr_interfaces/local/lib/python3.10/dist-packages/amr_interfaces-0.0.1-py3.10.egg-info
[18.610s] -- Installing: /home/huyjetson/mobile_robot/ros2_ws/install/amr_interfaces/local/lib/python3.10/dist-packages/amr_interfaces-0.0.1-py3.10.egg-info/SOURCES.txt
[18.611s] -- Installing: /home/huyjetson/mobile_robot/ros2_ws/install/amr_interfaces/local/lib/python3.10/dist-packages/amr_interfaces-0.0.1-py3.10.egg-info/PKG-INFO
[18.611s] -- Installing: /home/huyjetson/mobile_robot/ros2_ws/install/amr_interfaces/local/lib/python3.10/dist-packages/amr_interfaces-0.0.1-py3.10.egg-info/dependency_links.txt
[18.611s] -- Installing: /home/huyjetson/mobile_robot/ros2_ws/install/amr_interfaces/local/lib/python3.10/dist-packages/amr_interfaces-0.0.1-py3.10.egg-info/top_level.txt
[18.612s] -- Up-to-date: /home/huyjetson/mobile_robot/ros2_ws/install/amr_interfaces/local/lib/python3.10/dist-packages/amr_interfaces
[18.612s] -- Installing: /home/huyjetson/mobile_robot/ros2_ws/install/amr_interfaces/local/lib/python3.10/dist-packages/amr_interfaces/_amr_interfaces_s.ep.rosidl_typesupport_fastrtps_c.c
[18.612s] -- Installing: /home/huyjetson/mobile_robot/ros2_ws/install/amr_interfaces/local/lib/python3.10/dist-packages/amr_interfaces/_amr_interfaces_s.ep.rosidl_typesupport_introspection_c.c
[18.613s] -- Installing: /home/huyjetson/mobile_robot/ros2_ws/install/amr_interfaces/local/lib/python3.10/dist-packages/amr_interfaces/amr_interfaces_s__rosidl_typesupport_c.cpython-310-aarch64-linux-gnu.so
[18.613s] -- Up-to-date: /home/huyjetson/mobile_robot/ros2_ws/install/amr_interfaces/local/lib/python3.10/dist-packages/amr_interfaces/msg
[18.614s] -- Installing: /home/huyjetson/mobile_robot/ros2_ws/install/amr_interfaces/local/lib/python3.10/dist-packages/amr_interfaces/msg/_person_target_s.c
[18.614s] -- Installing: /home/huyjetson/mobile_robot/ros2_ws/install/amr_interfaces/local/lib/python3.10/dist-packages/amr_interfaces/msg/_ai_mode_s.c
[18.614s] -- Installing: /home/huyjetson/mobile_robot/ros2_ws/install/amr_interfaces/local/lib/python3.10/dist-packages/amr_interfaces/msg/_ai_mode.py
[18.615s] -- Installing: /home/huyjetson/mobile_robot/ros2_ws/install/amr_interfaces/local/lib/python3.10/dist-packages/amr_interfaces/msg/_ai_alert.py
[18.615s] -- Installing: /home/huyjetson/mobile_robot/ros2_ws/install/amr_interfaces/local/lib/python3.10/dist-packages/amr_interfaces/msg/_ai_alert_s.c
[18.616s] -- Installing: /home/huyjetson/mobile_robot/ros2_ws/install/amr_interfaces/local/lib/python3.10/dist-packages/amr_interfaces/msg/__init__.py
[18.616s] -- Installing: /home/huyjetson/mobile_robot/ros2_ws/install/amr_interfaces/local/lib/python3.10/dist-packages/amr_interfaces/msg/_person_target.py
[18.616s] -- Up-to-date: /home/huyjetson/mobile_robot/ros2_ws/install/amr_interfaces/local/lib/python3.10/dist-packages/amr_interfaces/srv
[18.616s] -- Installing: /home/huyjetson/mobile_robot/ros2_ws/install/amr_interfaces/local/lib/python3.10/dist-packages/amr_interfaces/srv/_select_zone.py
[18.617s] -- Installing: /home/huyjetson/mobile_robot/ros2_ws/install/amr_interfaces/local/lib/python3.10/dist-packages/amr_interfaces/srv/_set_ai_mode.py
[18.617s] -- Installing: /home/huyjetson/mobile_robot/ros2_ws/install/amr_interfaces/local/lib/python3.10/dist-packages/amr_interfaces/srv/_set_ai_mode_s.c
[18.618s] -- Installing: /home/huyjetson/mobile_robot/ros2_ws/install/amr_interfaces/local/lib/python3.10/dist-packages/amr_interfaces/srv/__init__.py
[18.618s] -- Installing: /home/huyjetson/mobile_robot/ros2_ws/install/amr_interfaces/local/lib/python3.10/dist-packages/amr_interfaces/srv/_select_zone_s.c
[18.618s] -- Installing: /home/huyjetson/mobile_robot/ros2_ws/install/amr_interfaces/local/lib/python3.10/dist-packages/amr_interfaces/amr_interfaces_s__rosidl_typesupport_fastrtps_c.cpython-310-aarch64-linux-gnu.so
[18.619s] -- Installing: /home/huyjetson/mobile_robot/ros2_ws/install/amr_interfaces/local/lib/python3.10/dist-packages/amr_interfaces/_amr_interfaces_s.ep.rosidl_typesupport_c.c
[18.619s] -- Installing: /home/huyjetson/mobile_robot/ros2_ws/install/amr_interfaces/local/lib/python3.10/dist-packages/amr_interfaces/libamr_interfaces__rosidl_generator_py.so
[18.620s] -- Installing: /home/huyjetson/mobile_robot/ros2_ws/install/amr_interfaces/local/lib/python3.10/dist-packages/amr_interfaces/amr_interfaces_s__rosidl_typesupport_introspection_c.cpython-310-aarch64-linux-gnu.so
[18.620s] -- Installing: /home/huyjetson/mobile_robot/ros2_ws/install/amr_interfaces/local/lib/python3.10/dist-packages/amr_interfaces/__init__.py
[18.746s] Listing '/home/huyjetson/mobile_robot/ros2_ws/install/amr_interfaces/local/lib/python3.10/dist-packages/amr_interfaces'...
[18.746s] Compiling '/home/huyjetson/mobile_robot/ros2_ws/install/amr_interfaces/local/lib/python3.10/dist-packages/amr_interfaces/__init__.py'...
[18.746s] Listing '/home/huyjetson/mobile_robot/ros2_ws/install/amr_interfaces/local/lib/python3.10/dist-packages/amr_interfaces/msg'...
[18.746s] Compiling '/home/huyjetson/mobile_robot/ros2_ws/install/amr_interfaces/local/lib/python3.10/dist-packages/amr_interfaces/msg/__init__.py'...
[18.747s] Compiling '/home/huyjetson/mobile_robot/ros2_ws/install/amr_interfaces/local/lib/python3.10/dist-packages/amr_interfaces/msg/_ai_alert.py'...
[18.747s] Compiling '/home/huyjetson/mobile_robot/ros2_ws/install/amr_interfaces/local/lib/python3.10/dist-packages/amr_interfaces/msg/_ai_mode.py'...
[18.747s] Compiling '/home/huyjetson/mobile_robot/ros2_ws/install/amr_interfaces/local/lib/python3.10/dist-packages/amr_interfaces/msg/_person_target.py'...
[18.747s] Listing '/home/huyjetson/mobile_robot/ros2_ws/install/amr_interfaces/local/lib/python3.10/dist-packages/amr_interfaces/srv'...
[18.747s] Compiling '/home/huyjetson/mobile_robot/ros2_ws/install/amr_interfaces/local/lib/python3.10/dist-packages/amr_interfaces/srv/__init__.py'...
[18.747s] Compiling '/home/huyjetson/mobile_robot/ros2_ws/install/amr_interfaces/local/lib/python3.10/dist-packages/amr_interfaces/srv/_select_zone.py'...
[18.748s] Compiling '/home/huyjetson/mobile_robot/ros2_ws/install/amr_interfaces/local/lib/python3.10/dist-packages/amr_interfaces/srv/_set_ai_mode.py'...
[18.766s] -- Installing: /home/huyjetson/mobile_robot/ros2_ws/install/amr_interfaces/local/lib/python3.10/dist-packages/amr_interfaces/amr_interfaces_s__rosidl_typesupport_fastrtps_c.cpython-310-aarch64-linux-gnu.so
[18.767s] -- Set runtime path of "/home/huyjetson/mobile_robot/ros2_ws/install/amr_interfaces/local/lib/python3.10/dist-packages/amr_interfaces/amr_interfaces_s__rosidl_typesupport_fastrtps_c.cpython-310-aarch64-linux-gnu.so" to ""
[18.767s] -- Installing: /home/huyjetson/mobile_robot/ros2_ws/install/amr_interfaces/local/lib/python3.10/dist-packages/amr_interfaces/amr_interfaces_s__rosidl_typesupport_introspection_c.cpython-310-aarch64-linux-gnu.so
[18.768s] -- Set runtime path of "/home/huyjetson/mobile_robot/ros2_ws/install/amr_interfaces/local/lib/python3.10/dist-packages/amr_interfaces/amr_interfaces_s__rosidl_typesupport_introspection_c.cpython-310-aarch64-linux-gnu.so" to ""
[18.768s] -- Installing: /home/huyjetson/mobile_robot/ros2_ws/install/amr_interfaces/local/lib/python3.10/dist-packages/amr_interfaces/amr_interfaces_s__rosidl_typesupport_c.cpython-310-aarch64-linux-gnu.so
[18.769s] -- Set runtime path of "/home/huyjetson/mobile_robot/ros2_ws/install/amr_interfaces/local/lib/python3.10/dist-packages/amr_interfaces/amr_interfaces_s__rosidl_typesupport_c.cpython-310-aarch64-linux-gnu.so" to ""
[18.770s] -- Installing: /home/huyjetson/mobile_robot/ros2_ws/install/amr_interfaces/lib/libamr_interfaces__rosidl_generator_py.so
[18.771s] -- Set runtime path of "/home/huyjetson/mobile_robot/ros2_ws/install/amr_interfaces/lib/libamr_interfaces__rosidl_generator_py.so" to ""
[18.771s] -- Up-to-date: /home/huyjetson/mobile_robot/ros2_ws/install/amr_interfaces/share/ament_index/resource_index/rust_packages/amr_interfaces
[18.771s] -- Up-to-date: /home/huyjetson/mobile_robot/ros2_ws/install/amr_interfaces/share/amr_interfaces/rust
[18.771s] -- Installing: /home/huyjetson/mobile_robot/ros2_ws/install/amr_interfaces/share/amr_interfaces/rust/Cargo.toml
[18.772s] -- Installing: /home/huyjetson/mobile_robot/ros2_ws/install/amr_interfaces/share/amr_interfaces/rust/build.rs
[18.772s] -- Up-to-date: /home/huyjetson/mobile_robot/ros2_ws/install/amr_interfaces/share/amr_interfaces/rust/src
[18.772s] -- Up-to-date: /home/huyjetson/mobile_robot/ros2_ws/install/amr_interfaces/share/amr_interfaces/rust/src/msg
[18.772s] -- Installing: /home/huyjetson/mobile_robot/ros2_ws/install/amr_interfaces/share/amr_interfaces/rust/src/msg/rmw.rs
[18.773s] -- Up-to-date: /home/huyjetson/mobile_robot/ros2_ws/install/amr_interfaces/share/amr_interfaces/rust/src/srv
[18.773s] -- Installing: /home/huyjetson/mobile_robot/ros2_ws/install/amr_interfaces/share/amr_interfaces/rust/src/srv/rmw.rs
[18.773s] -- Installing: /home/huyjetson/mobile_robot/ros2_ws/install/amr_interfaces/share/amr_interfaces/rust/src/srv.rs
[18.773s] -- Installing: /home/huyjetson/mobile_robot/ros2_ws/install/amr_interfaces/share/amr_interfaces/rust/src/lib.rs
[18.773s] -- Installing: /home/huyjetson/mobile_robot/ros2_ws/install/amr_interfaces/share/amr_interfaces/rust/src/msg.rs
[18.774s] -- Up-to-date: /home/huyjetson/mobile_robot/ros2_ws/install/amr_interfaces/share/amr_interfaces/msg/AiAlert.idl
[18.774s] -- Installing: /home/huyjetson/mobile_robot/ros2_ws/install/amr_interfaces/share/amr_interfaces/msg/AiMode.idl
[18.775s] -- Up-to-date: /home/huyjetson/mobile_robot/ros2_ws/install/amr_interfaces/share/amr_interfaces/msg/PersonTarget.idl
[18.775s] -- Up-to-date: /home/huyjetson/mobile_robot/ros2_ws/install/amr_interfaces/share/amr_interfaces/srv/SetAiMode.idl
[18.775s] -- Up-to-date: /home/huyjetson/mobile_robot/ros2_ws/install/amr_interfaces/share/amr_interfaces/srv/SelectZone.idl
[18.775s] -- Up-to-date: /home/huyjetson/mobile_robot/ros2_ws/install/amr_interfaces/share/amr_interfaces/msg/AiAlert.msg
[18.775s] -- Installing: /home/huyjetson/mobile_robot/ros2_ws/install/amr_interfaces/share/amr_interfaces/msg/AiMode.msg
[18.776s] -- Up-to-date: /home/huyjetson/mobile_robot/ros2_ws/install/amr_interfaces/share/amr_interfaces/msg/PersonTarget.msg
[18.776s] -- Up-to-date: /home/huyjetson/mobile_robot/ros2_ws/install/amr_interfaces/share/amr_interfaces/srv/SetAiMode.srv
[18.776s] -- Up-to-date: /home/huyjetson/mobile_robot/ros2_ws/install/amr_interfaces/share/amr_interfaces/srv/SetAiMode_Request.msg
[18.776s] -- Up-to-date: /home/huyjetson/mobile_robot/ros2_ws/install/amr_interfaces/share/amr_interfaces/srv/SetAiMode_Response.msg
[18.776s] -- Up-to-date: /home/huyjetson/mobile_robot/ros2_ws/install/amr_interfaces/share/amr_interfaces/srv/SelectZone.srv
[18.777s] -- Up-to-date: /home/huyjetson/mobile_robot/ros2_ws/install/amr_interfaces/share/amr_interfaces/srv/SelectZone_Request.msg
[18.777s] -- Up-to-date: /home/huyjetson/mobile_robot/ros2_ws/install/amr_interfaces/share/amr_interfaces/srv/SelectZone_Response.msg
[18.777s] -- Up-to-date: /home/huyjetson/mobile_robot/ros2_ws/install/amr_interfaces/share/ament_index/resource_index/package_run_dependencies/amr_interfaces
[18.777s] -- Installing: /home/huyjetson/mobile_robot/ros2_ws/install/amr_interfaces/share/ament_index/resource_index/parent_prefix_path/amr_interfaces
[18.777s] -- Up-to-date: /home/huyjetson/mobile_robot/ros2_ws/install/amr_interfaces/share/amr_interfaces/environment/ament_prefix_path.sh
[18.778s] -- Installing: /home/huyjetson/mobile_robot/ros2_ws/install/amr_interfaces/share/amr_interfaces/environment/ament_prefix_path.dsv
[18.778s] -- Up-to-date: /home/huyjetson/mobile_robot/ros2_ws/install/amr_interfaces/share/amr_interfaces/environment/path.sh
[18.778s] -- Installing: /home/huyjetson/mobile_robot/ros2_ws/install/amr_interfaces/share/amr_interfaces/environment/path.dsv
[18.778s] -- Up-to-date: /home/huyjetson/mobile_robot/ros2_ws/install/amr_interfaces/share/amr_interfaces/local_setup.bash
[18.778s] -- Up-to-date: /home/huyjetson/mobile_robot/ros2_ws/install/amr_interfaces/share/amr_interfaces/local_setup.sh
[18.779s] -- Up-to-date: /home/huyjetson/mobile_robot/ros2_ws/install/amr_interfaces/share/amr_interfaces/local_setup.zsh
[18.779s] -- Installing: /home/huyjetson/mobile_robot/ros2_ws/install/amr_interfaces/share/amr_interfaces/local_setup.dsv
[18.779s] -- Installing: /home/huyjetson/mobile_robot/ros2_ws/install/amr_interfaces/share/amr_interfaces/package.dsv
[18.779s] -- Up-to-date: /home/huyjetson/mobile_robot/ros2_ws/install/amr_interfaces/share/ament_index/resource_index/packages/amr_interfaces
[18.781s] -- Up-to-date: /home/huyjetson/mobile_robot/ros2_ws/install/amr_interfaces/share/amr_interfaces/cmake/export_amr_interfaces__rosidl_generator_cExport.cmake
[18.781s] -- Up-to-date: /home/huyjetson/mobile_robot/ros2_ws/install/amr_interfaces/share/amr_interfaces/cmake/export_amr_interfaces__rosidl_generator_cExport-noconfig.cmake
[18.782s] -- Up-to-date: /home/huyjetson/mobile_robot/ros2_ws/install/amr_interfaces/share/amr_interfaces/cmake/export_amr_interfaces__rosidl_typesupport_fastrtps_cExport.cmake
[18.782s] -- Up-to-date: /home/huyjetson/mobile_robot/ros2_ws/install/amr_interfaces/share/amr_interfaces/cmake/export_amr_interfaces__rosidl_typesupport_fastrtps_cExport-noconfig.cmake
[18.783s] -- Up-to-date: /home/huyjetson/mobile_robot/ros2_ws/install/amr_interfaces/share/amr_interfaces/cmake/amr_interfaces__rosidl_typesupport_introspection_cExport.cmake
[18.783s] -- Up-to-date: /home/huyjetson/mobile_robot/ros2_ws/install/amr_interfaces/share/amr_interfaces/cmake/amr_interfaces__rosidl_typesupport_introspection_cExport-noconfig.cmake
[18.790s] -- Up-to-date: /home/huyjetson/mobile_robot/ros2_ws/install/amr_interfaces/share/amr_interfaces/cmake/amr_interfaces__rosidl_typesupport_cExport.cmake
[18.791s] -- Up-to-date: /home/huyjetson/mobile_robot/ros2_ws/install/amr_interfaces/share/amr_interfaces/cmake/amr_interfaces__rosidl_typesupport_cExport-noconfig.cmake
[18.792s] -- Up-to-date: /home/huyjetson/mobile_robot/ros2_ws/install/amr_interfaces/share/amr_interfaces/cmake/export_amr_interfaces__rosidl_generator_cppExport.cmake
[18.793s] -- Up-to-date: /home/huyjetson/mobile_robot/ros2_ws/install/amr_interfaces/share/amr_interfaces/cmake/export_amr_interfaces__rosidl_typesupport_fastrtps_cppExport.cmake
[18.793s] -- Up-to-date: /home/huyjetson/mobile_robot/ros2_ws/install/amr_interfaces/share/amr_interfaces/cmake/export_amr_interfaces__rosidl_typesupport_fastrtps_cppExport-noconfig.cmake
[18.794s] -- Up-to-date: /home/huyjetson/mobile_robot/ros2_ws/install/amr_interfaces/share/amr_interfaces/cmake/amr_interfaces__rosidl_typesupport_introspection_cppExport.cmake
[18.794s] -- Up-to-date: /home/huyjetson/mobile_robot/ros2_ws/install/amr_interfaces/share/amr_interfaces/cmake/amr_interfaces__rosidl_typesupport_introspection_cppExport-noconfig.cmake
[18.795s] -- Up-to-date: /home/huyjetson/mobile_robot/ros2_ws/install/amr_interfaces/share/amr_interfaces/cmake/amr_interfaces__rosidl_typesupport_cppExport.cmake
[18.796s] -- Up-to-date: /home/huyjetson/mobile_robot/ros2_ws/install/amr_interfaces/share/amr_interfaces/cmake/amr_interfaces__rosidl_typesupport_cppExport-noconfig.cmake
[18.797s] -- Up-to-date: /home/huyjetson/mobile_robot/ros2_ws/install/amr_interfaces/share/amr_interfaces/cmake/export_amr_interfaces__rosidl_generator_pyExport.cmake
[18.797s] -- Up-to-date: /home/huyjetson/mobile_robot/ros2_ws/install/amr_interfaces/share/amr_interfaces/cmake/export_amr_interfaces__rosidl_generator_pyExport-noconfig.cmake
[18.797s] -- Up-to-date: /home/huyjetson/mobile_robot/ros2_ws/install/amr_interfaces/share/amr_interfaces/cmake/rosidl_cmake-extras.cmake
[18.798s] -- Up-to-date: /home/huyjetson/mobile_robot/ros2_ws/install/amr_interfaces/share/amr_interfaces/cmake/ament_cmake_export_dependencies-extras.cmake
[18.798s] -- Up-to-date: /home/huyjetson/mobile_robot/ros2_ws/install/amr_interfaces/share/amr_interfaces/cmake/ament_cmake_export_include_directories-extras.cmake
[18.798s] -- Up-to-date: /home/huyjetson/mobile_robot/ros2_ws/install/amr_interfaces/share/amr_interfaces/cmake/ament_cmake_export_libraries-extras.cmake
[18.799s] -- Up-to-date: /home/huyjetson/mobile_robot/ros2_ws/install/amr_interfaces/share/amr_interfaces/cmake/ament_cmake_export_targets-extras.cmake
[18.799s] -- Up-to-date: /home/huyjetson/mobile_robot/ros2_ws/install/amr_interfaces/share/amr_interfaces/cmake/rosidl_cmake_export_typesupport_targets-extras.cmake
[18.799s] -- Up-to-date: /home/huyjetson/mobile_robot/ros2_ws/install/amr_interfaces/share/amr_interfaces/cmake/rosidl_cmake_export_typesupport_libraries-extras.cmake
[18.799s] -- Up-to-date: /home/huyjetson/mobile_robot/ros2_ws/install/amr_interfaces/share/amr_interfaces/cmake/amr_interfacesConfig.cmake
[18.800s] -- Up-to-date: /home/huyjetson/mobile_robot/ros2_ws/install/amr_interfaces/share/amr_interfaces/cmake/amr_interfacesConfig-version.cmake
[18.800s] -- Up-to-date: /home/huyjetson/mobile_robot/ros2_ws/install/amr_interfaces/share/amr_interfaces/package.xml
[18.806s] Invoked command in '/home/huyjetson/mobile_robot/ros2_ws/build/amr_interfaces' returned '0': CMAKE_PREFIX_PATH=${CMAKE_PREFIX_PATH}:/home/huyjetson/mobile_robot/ros2_ws/install/amr_sensors:/home/huyjetson/mobile_robot/ros2_ws/install/amr_ai:/home/huyjetson/mobile_robot/ros2_ws/install/amr_bringup:/opt/ros/humble PS1=(ai_ros_venv) \[\e]0;\u@\h: \w\a\]${debian_chroot:+($debian_chroot)}\[\033[01;32m\]\u@\h\[\033[00m\]:\[\033[01;34m\]\w\[\033[00m\]\$ VIRTUAL_ENV_PROMPT=(ai_ros_venv) /usr/bin/cmake --install /home/huyjetson/mobile_robot/ros2_ws/build/amr_interfaces
