[0.284s] DEBUG:colcon:Command line arguments: ['/usr/bin/colcon', 'build', '--packages-select', 'amr_pointcloud_filter', 'amr_navigation', '--symlink-install', '--cmake-args', '-DCMAKE_BUILD_TYPE=Release']
[0.284s] DEBUG:colcon:Parsed command line arguments: Namespace(log_base=None, log_level=None, verb_name='build', build_base='build', install_base='install', merge_install=False, symlink_install=True, test_result_base=None, continue_on_error=False, executor='parallel', parallel_workers=6, event_handlers=None, ignore_user_meta=False, metas=['./colcon.meta'], base_paths=['.'], packages_ignore=None, packages_ignore_regex=None, paths=None, packages_up_to=None, packages_up_to_regex=None, packages_above=None, packages_above_and_dependencies=None, packages_above_depth=None, packages_select_by_dep=None, packages_skip_by_dep=None, packages_skip_up_to=None, packages_select_build_failed=False, packages_skip_build_finished=False, packages_select_test_failures=False, packages_skip_test_passed=False, packages_select=['amr_pointcloud_filter', 'amr_navigation'], packages_skip=None, packages_select_regex=None, packages_skip_regex=None, packages_start=None, packages_end=None, allow_overriding=[], cmake_args=['-DCMAKE_BUILD_TYPE=Release'], cmake_target=None, cmake_target_skip_unavailable=False, cmake_clean_cache=False, cmake_clean_first=False, cmake_force_configure=False, ament_cmake_args=None, catkin_cmake_args=None, catkin_skip_building_tests=False, mixin_files=None, mixin=None, verb_parser=<colcon_mixin.mixin.mixin_argument.MixinArgumentDecorator object at 0xffffb1ff7940>, verb_extension=<colcon_core.verb.build.BuildVerb object at 0xffffb1ff7490>, main=<bound method BuildVerb.main of <colcon_core.verb.build.BuildVerb object at 0xffffb1ff7490>>, mixin_verb=('build',))
[0.721s] Level 1:colcon.colcon_core.package_discovery:discover_packages(colcon_meta) check parameters
[0.721s] Level 1:colcon.colcon_core.package_discovery:discover_packages(recursive) check parameters
[0.722s] Level 1:colcon.colcon_core.package_discovery:discover_packages(ignore) check parameters
[0.722s] Level 1:colcon.colcon_core.package_discovery:discover_packages(path) check parameters
[0.722s] Level 1:colcon.colcon_core.package_discovery:discover_packages(colcon_meta) discover
[0.722s] Level 1:colcon.colcon_core.package_discovery:discover_packages(recursive) discover
[0.722s] INFO:colcon.colcon_core.package_discovery:Crawling recursively for packages in '/home/huyjetson/mobile_robot/ros2_ws'
[0.722s] Level 1:colcon.colcon_core.package_identification:_identify(.) by extensions ['ignore', 'ignore_ament_install']
[0.723s] Level 1:colcon.colcon_core.package_identification:_identify(.) by extension 'ignore'
[0.723s] Level 1:colcon.colcon_core.package_identification:_identify(.) by extension 'ignore_ament_install'
[0.723s] Level 1:colcon.colcon_core.package_identification:_identify(.) by extensions ['colcon_pkg']
[0.723s] Level 1:colcon.colcon_core.package_identification:_identify(.) by extension 'colcon_pkg'
[0.724s] Level 1:colcon.colcon_core.package_identification:_identify(.) by extensions ['colcon_meta']
[0.724s] Level 1:colcon.colcon_core.package_identification:_identify(.) by extension 'colcon_meta'
[0.724s] Level 1:colcon.colcon_core.package_identification:_identify(.) by extensions ['ros']
[0.724s] Level 1:colcon.colcon_core.package_identification:_identify(.) by extension 'ros'
[0.751s] Level 1:colcon.colcon_core.package_identification:_identify(.) by extensions ['cmake', 'python']
[0.751s] Level 1:colcon.colcon_core.package_identification:_identify(.) by extension 'cmake'
[0.751s] Level 1:colcon.colcon_core.package_identification:_identify(.) by extension 'python'
[0.752s] Level 1:colcon.colcon_core.package_identification:_identify(.) by extensions ['python_setup_py']
[0.752s] Level 1:colcon.colcon_core.package_identification:_identify(.) by extension 'python_setup_py'
[0.752s] Level 1:colcon.colcon_core.package_identification:_identify(build) by extensions ['ignore', 'ignore_ament_install']
[0.752s] Level 1:colcon.colcon_core.package_identification:_identify(build) by extension 'ignore'
[0.753s] Level 1:colcon.colcon_core.package_identification:_identify(build) ignored
[0.753s] Level 1:colcon.colcon_core.package_identification:_identify(install) by extensions ['ignore', 'ignore_ament_install']
[0.753s] Level 1:colcon.colcon_core.package_identification:_identify(install) by extension 'ignore'
[0.753s] Level 1:colcon.colcon_core.package_identification:_identify(install) ignored
[0.754s] Level 1:colcon.colcon_core.package_identification:_identify(log) by extensions ['ignore', 'ignore_ament_install']
[0.754s] Level 1:colcon.colcon_core.package_identification:_identify(log) by extension 'ignore'
[0.754s] Level 1:colcon.colcon_core.package_identification:_identify(log) ignored
[0.754s] Level 1:colcon.colcon_core.package_identification:_identify(scripts) by extensions ['ignore', 'ignore_ament_install']
[0.755s] Level 1:colcon.colcon_core.package_identification:_identify(scripts) by extension 'ignore'
[0.755s] Level 1:colcon.colcon_core.package_identification:_identify(scripts) by extension 'ignore_ament_install'
[0.755s] Level 1:colcon.colcon_core.package_identification:_identify(scripts) by extensions ['colcon_pkg']
[0.755s] Level 1:colcon.colcon_core.package_identification:_identify(scripts) by extension 'colcon_pkg'
[0.755s] Level 1:colcon.colcon_core.package_identification:_identify(scripts) by extensions ['colcon_meta']
[0.755s] Level 1:colcon.colcon_core.package_identification:_identify(scripts) by extension 'colcon_meta'
[0.755s] Level 1:colcon.colcon_core.package_identification:_identify(scripts) by extensions ['ros']
[0.756s] Level 1:colcon.colcon_core.package_identification:_identify(scripts) by extension 'ros'
[0.756s] Level 1:colcon.colcon_core.package_identification:_identify(scripts) by extensions ['cmake', 'python']
[0.756s] Level 1:colcon.colcon_core.package_identification:_identify(scripts) by extension 'cmake'
[0.756s] Level 1:colcon.colcon_core.package_identification:_identify(scripts) by extension 'python'
[0.756s] Level 1:colcon.colcon_core.package_identification:_identify(scripts) by extensions ['python_setup_py']
[0.756s] Level 1:colcon.colcon_core.package_identification:_identify(scripts) by extension 'python_setup_py'
[0.756s] Level 1:colcon.colcon_core.package_identification:_identify(src) by extensions ['ignore', 'ignore_ament_install']
[0.757s] Level 1:colcon.colcon_core.package_identification:_identify(src) by extension 'ignore'
[0.757s] Level 1:colcon.colcon_core.package_identification:_identify(src) by extension 'ignore_ament_install'
[0.757s] Level 1:colcon.colcon_core.package_identification:_identify(src) by extensions ['colcon_pkg']
[0.757s] Level 1:colcon.colcon_core.package_identification:_identify(src) by extension 'colcon_pkg'
[0.757s] Level 1:colcon.colcon_core.package_identification:_identify(src) by extensions ['colcon_meta']
[0.757s] Level 1:colcon.colcon_core.package_identification:_identify(src) by extension 'colcon_meta'
[0.757s] Level 1:colcon.colcon_core.package_identification:_identify(src) by extensions ['ros']
[0.757s] Level 1:colcon.colcon_core.package_identification:_identify(src) by extension 'ros'
[0.757s] Level 1:colcon.colcon_core.package_identification:_identify(src) by extensions ['cmake', 'python']
[0.758s] Level 1:colcon.colcon_core.package_identification:_identify(src) by extension 'cmake'
[0.758s] Level 1:colcon.colcon_core.package_identification:_identify(src) by extension 'python'
[0.758s] Level 1:colcon.colcon_core.package_identification:_identify(src) by extensions ['python_setup_py']
[0.758s] Level 1:colcon.colcon_core.package_identification:_identify(src) by extension 'python_setup_py'
[0.758s] Level 1:colcon.colcon_core.package_identification:_identify(src/amr_ai) by extensions ['ignore', 'ignore_ament_install']
[0.758s] Level 1:colcon.colcon_core.package_identification:_identify(src/amr_ai) by extension 'ignore'
[0.758s] Level 1:colcon.colcon_core.package_identification:_identify(src/amr_ai) by extension 'ignore_ament_install'
[0.759s] Level 1:colcon.colcon_core.package_identification:_identify(src/amr_ai) by extensions ['colcon_pkg']
[0.759s] Level 1:colcon.colcon_core.package_identification:_identify(src/amr_ai) by extension 'colcon_pkg'
[0.759s] Level 1:colcon.colcon_core.package_identification:_identify(src/amr_ai) by extensions ['colcon_meta']
[0.759s] Level 1:colcon.colcon_core.package_identification:_identify(src/amr_ai) by extension 'colcon_meta'
[0.759s] Level 1:colcon.colcon_core.package_identification:_identify(src/amr_ai) by extensions ['ros']
[0.759s] Level 1:colcon.colcon_core.package_identification:_identify(src/amr_ai) by extension 'ros'
[0.765s] DEBUG:colcon.colcon_core.package_identification:Package 'src/amr_ai' with type 'ros.ament_python' and name 'amr_ai'
[0.765s] Level 1:colcon.colcon_core.package_identification:_identify(src/amr_bringup) by extensions ['ignore', 'ignore_ament_install']
[0.765s] Level 1:colcon.colcon_core.package_identification:_identify(src/amr_bringup) by extension 'ignore'
[0.766s] Level 1:colcon.colcon_core.package_identification:_identify(src/amr_bringup) by extension 'ignore_ament_install'
[0.766s] Level 1:colcon.colcon_core.package_identification:_identify(src/amr_bringup) by extensions ['colcon_pkg']
[0.766s] Level 1:colcon.colcon_core.package_identification:_identify(src/amr_bringup) by extension 'colcon_pkg'
[0.766s] Level 1:colcon.colcon_core.package_identification:_identify(src/amr_bringup) by extensions ['colcon_meta']
[0.766s] Level 1:colcon.colcon_core.package_identification:_identify(src/amr_bringup) by extension 'colcon_meta'
[0.766s] Level 1:colcon.colcon_core.package_identification:_identify(src/amr_bringup) by extensions ['ros']
[0.766s] Level 1:colcon.colcon_core.package_identification:_identify(src/amr_bringup) by extension 'ros'
[0.768s] DEBUG:colcon.colcon_core.package_identification:Package 'src/amr_bringup' with type 'ros.ament_python' and name 'amr_bringup'
[0.768s] Level 1:colcon.colcon_core.package_identification:_identify(src/amr_control) by extensions ['ignore', 'ignore_ament_install']
[0.768s] Level 1:colcon.colcon_core.package_identification:_identify(src/amr_control) by extension 'ignore'
[0.768s] Level 1:colcon.colcon_core.package_identification:_identify(src/amr_control) by extension 'ignore_ament_install'
[0.768s] Level 1:colcon.colcon_core.package_identification:_identify(src/amr_control) by extensions ['colcon_pkg']
[0.768s] Level 1:colcon.colcon_core.package_identification:_identify(src/amr_control) by extension 'colcon_pkg'
[0.769s] Level 1:colcon.colcon_core.package_identification:_identify(src/amr_control) by extensions ['colcon_meta']
[0.769s] Level 1:colcon.colcon_core.package_identification:_identify(src/amr_control) by extension 'colcon_meta'
[0.769s] Level 1:colcon.colcon_core.package_identification:_identify(src/amr_control) by extensions ['ros']
[0.769s] Level 1:colcon.colcon_core.package_identification:_identify(src/amr_control) by extension 'ros'
[0.771s] DEBUG:colcon.colcon_core.package_identification:Package 'src/amr_control' with type 'ros.ament_cmake' and name 'amr_control'
[0.771s] Level 1:colcon.colcon_core.package_identification:_identify(src/amr_description) by extensions ['ignore', 'ignore_ament_install']
[0.772s] Level 1:colcon.colcon_core.package_identification:_identify(src/amr_description) by extension 'ignore'
[0.772s] Level 1:colcon.colcon_core.package_identification:_identify(src/amr_description) by extension 'ignore_ament_install'
[0.772s] Level 1:colcon.colcon_core.package_identification:_identify(src/amr_description) by extensions ['colcon_pkg']
[0.772s] Level 1:colcon.colcon_core.package_identification:_identify(src/amr_description) by extension 'colcon_pkg'
[0.772s] Level 1:colcon.colcon_core.package_identification:_identify(src/amr_description) by extensions ['colcon_meta']
[0.772s] Level 1:colcon.colcon_core.package_identification:_identify(src/amr_description) by extension 'colcon_meta'
[0.772s] Level 1:colcon.colcon_core.package_identification:_identify(src/amr_description) by extensions ['ros']
[0.772s] Level 1:colcon.colcon_core.package_identification:_identify(src/amr_description) by extension 'ros'
[0.774s] DEBUG:colcon.colcon_core.package_identification:Package 'src/amr_description' with type 'ros.ament_cmake' and name 'amr_description'
[0.774s] Level 1:colcon.colcon_core.package_identification:_identify(src/amr_interfaces) by extensions ['ignore', 'ignore_ament_install']
[0.774s] Level 1:colcon.colcon_core.package_identification:_identify(src/amr_interfaces) by extension 'ignore'
[0.774s] Level 1:colcon.colcon_core.package_identification:_identify(src/amr_interfaces) by extension 'ignore_ament_install'
[0.774s] Level 1:colcon.colcon_core.package_identification:_identify(src/amr_interfaces) by extensions ['colcon_pkg']
[0.774s] Level 1:colcon.colcon_core.package_identification:_identify(src/amr_interfaces) by extension 'colcon_pkg'
[0.775s] Level 1:colcon.colcon_core.package_identification:_identify(src/amr_interfaces) by extensions ['colcon_meta']
[0.775s] Level 1:colcon.colcon_core.package_identification:_identify(src/amr_interfaces) by extension 'colcon_meta'
[0.775s] Level 1:colcon.colcon_core.package_identification:_identify(src/amr_interfaces) by extensions ['ros']
[0.775s] Level 1:colcon.colcon_core.package_identification:_identify(src/amr_interfaces) by extension 'ros'
[0.776s] DEBUG:colcon.colcon_core.package_identification:Package 'src/amr_interfaces' with type 'ros.ament_cmake' and name 'amr_interfaces'
[0.776s] Level 1:colcon.colcon_core.package_identification:_identify(src/amr_navigation) by extensions ['ignore', 'ignore_ament_install']
[0.776s] Level 1:colcon.colcon_core.package_identification:_identify(src/amr_navigation) by extension 'ignore'
[0.776s] Level 1:colcon.colcon_core.package_identification:_identify(src/amr_navigation) by extension 'ignore_ament_install'
[0.777s] Level 1:colcon.colcon_core.package_identification:_identify(src/amr_navigation) by extensions ['colcon_pkg']
[0.777s] Level 1:colcon.colcon_core.package_identification:_identify(src/amr_navigation) by extension 'colcon_pkg'
[0.777s] Level 1:colcon.colcon_core.package_identification:_identify(src/amr_navigation) by extensions ['colcon_meta']
[0.777s] Level 1:colcon.colcon_core.package_identification:_identify(src/amr_navigation) by extension 'colcon_meta'
[0.777s] Level 1:colcon.colcon_core.package_identification:_identify(src/amr_navigation) by extensions ['ros']
[0.777s] Level 1:colcon.colcon_core.package_identification:_identify(src/amr_navigation) by extension 'ros'
[0.778s] DEBUG:colcon.colcon_core.package_identification:Package 'src/amr_navigation' with type 'ros.ament_cmake' and name 'amr_navigation'
[0.779s] Level 1:colcon.colcon_core.package_identification:_identify(src/amr_pointcloud_filter) by extensions ['ignore', 'ignore_ament_install']
[0.779s] Level 1:colcon.colcon_core.package_identification:_identify(src/amr_pointcloud_filter) by extension 'ignore'
[0.779s] Level 1:colcon.colcon_core.package_identification:_identify(src/amr_pointcloud_filter) by extension 'ignore_ament_install'
[0.779s] Level 1:colcon.colcon_core.package_identification:_identify(src/amr_pointcloud_filter) by extensions ['colcon_pkg']
[0.779s] Level 1:colcon.colcon_core.package_identification:_identify(src/amr_pointcloud_filter) by extension 'colcon_pkg'
[0.779s] Level 1:colcon.colcon_core.package_identification:_identify(src/amr_pointcloud_filter) by extensions ['colcon_meta']
[0.780s] Level 1:colcon.colcon_core.package_identification:_identify(src/amr_pointcloud_filter) by extension 'colcon_meta'
[0.780s] Level 1:colcon.colcon_core.package_identification:_identify(src/amr_pointcloud_filter) by extensions ['ros']
[0.780s] Level 1:colcon.colcon_core.package_identification:_identify(src/amr_pointcloud_filter) by extension 'ros'
[0.781s] DEBUG:colcon.colcon_core.package_identification:Package 'src/amr_pointcloud_filter' with type 'ros.ament_cmake' and name 'amr_pointcloud_filter'
[0.782s] Level 1:colcon.colcon_core.package_identification:_identify(src/amr_sensors) by extensions ['ignore', 'ignore_ament_install']
[0.782s] Level 1:colcon.colcon_core.package_identification:_identify(src/amr_sensors) by extension 'ignore'
[0.782s] Level 1:colcon.colcon_core.package_identification:_identify(src/amr_sensors) by extension 'ignore_ament_install'
[0.782s] Level 1:colcon.colcon_core.package_identification:_identify(src/amr_sensors) by extensions ['colcon_pkg']
[0.782s] Level 1:colcon.colcon_core.package_identification:_identify(src/amr_sensors) by extension 'colcon_pkg'
[0.782s] Level 1:colcon.colcon_core.package_identification:_identify(src/amr_sensors) by extensions ['colcon_meta']
[0.782s] Level 1:colcon.colcon_core.package_identification:_identify(src/amr_sensors) by extension 'colcon_meta'
[0.783s] Level 1:colcon.colcon_core.package_identification:_identify(src/amr_sensors) by extensions ['ros']
[0.783s] Level 1:colcon.colcon_core.package_identification:_identify(src/amr_sensors) by extension 'ros'
[0.784s] DEBUG:colcon.colcon_core.package_identification:Package 'src/amr_sensors' with type 'ros.ament_python' and name 'amr_sensors'
[0.784s] Level 1:colcon.colcon_core.package_identification:_identify(src/amr_slam) by extensions ['ignore', 'ignore_ament_install']
[0.784s] Level 1:colcon.colcon_core.package_identification:_identify(src/amr_slam) by extension 'ignore'
[0.784s] Level 1:colcon.colcon_core.package_identification:_identify(src/amr_slam) by extension 'ignore_ament_install'
[0.784s] Level 1:colcon.colcon_core.package_identification:_identify(src/amr_slam) by extensions ['colcon_pkg']
[0.785s] Level 1:colcon.colcon_core.package_identification:_identify(src/amr_slam) by extension 'colcon_pkg'
[0.785s] Level 1:colcon.colcon_core.package_identification:_identify(src/amr_slam) by extensions ['colcon_meta']
[0.785s] Level 1:colcon.colcon_core.package_identification:_identify(src/amr_slam) by extension 'colcon_meta'
[0.785s] Level 1:colcon.colcon_core.package_identification:_identify(src/amr_slam) by extensions ['ros']
[0.785s] Level 1:colcon.colcon_core.package_identification:_identify(src/amr_slam) by extension 'ros'
[0.790s] DEBUG:colcon.colcon_core.package_identification:Package 'src/amr_slam' with type 'ros.ament_cmake' and name 'amr_slam'
[0.790s] Level 1:colcon.colcon_core.package_identification:_identify(src/build) by extensions ['ignore', 'ignore_ament_install']
[0.790s] Level 1:colcon.colcon_core.package_identification:_identify(src/build) by extension 'ignore'
[0.790s] Level 1:colcon.colcon_core.package_identification:_identify(src/build) ignored
[0.791s] Level 1:colcon.colcon_core.package_identification:_identify(src/install) by extensions ['ignore', 'ignore_ament_install']
[0.791s] Level 1:colcon.colcon_core.package_identification:_identify(src/install) by extension 'ignore'
[0.791s] Level 1:colcon.colcon_core.package_identification:_identify(src/install) ignored
[0.791s] Level 1:colcon.colcon_core.package_identification:_identify(src/log) by extensions ['ignore', 'ignore_ament_install']
[0.792s] Level 1:colcon.colcon_core.package_identification:_identify(src/log) by extension 'ignore'
[0.792s] Level 1:colcon.colcon_core.package_identification:_identify(src/log) ignored
[0.792s] Level 1:colcon.colcon_core.package_identification:_identify(src/m-explore-ros2) by extensions ['ignore', 'ignore_ament_install']
[0.792s] Level 1:colcon.colcon_core.package_identification:_identify(src/m-explore-ros2) by extension 'ignore'
[0.792s] Level 1:colcon.colcon_core.package_identification:_identify(src/m-explore-ros2) by extension 'ignore_ament_install'
[0.793s] Level 1:colcon.colcon_core.package_identification:_identify(src/m-explore-ros2) by extensions ['colcon_pkg']
[0.793s] Level 1:colcon.colcon_core.package_identification:_identify(src/m-explore-ros2) by extension 'colcon_pkg'
[0.793s] Level 1:colcon.colcon_core.package_identification:_identify(src/m-explore-ros2) by extensions ['colcon_meta']
[0.793s] Level 1:colcon.colcon_core.package_identification:_identify(src/m-explore-ros2) by extension 'colcon_meta'
[0.793s] Level 1:colcon.colcon_core.package_identification:_identify(src/m-explore-ros2) by extensions ['ros']
[0.793s] Level 1:colcon.colcon_core.package_identification:_identify(src/m-explore-ros2) by extension 'ros'
[0.793s] Level 1:colcon.colcon_core.package_identification:_identify(src/m-explore-ros2) by extensions ['cmake', 'python']
[0.793s] Level 1:colcon.colcon_core.package_identification:_identify(src/m-explore-ros2) by extension 'cmake'
[0.793s] Level 1:colcon.colcon_core.package_identification:_identify(src/m-explore-ros2) by extension 'python'
[0.794s] Level 1:colcon.colcon_core.package_identification:_identify(src/m-explore-ros2) by extensions ['python_setup_py']
[0.794s] Level 1:colcon.colcon_core.package_identification:_identify(src/m-explore-ros2) by extension 'python_setup_py'
[0.794s] Level 1:colcon.colcon_core.package_identification:_identify(src/m-explore-ros2/explore) by extensions ['ignore', 'ignore_ament_install']
[0.794s] Level 1:colcon.colcon_core.package_identification:_identify(src/m-explore-ros2/explore) by extension 'ignore'
[0.794s] Level 1:colcon.colcon_core.package_identification:_identify(src/m-explore-ros2/explore) by extension 'ignore_ament_install'
[0.794s] Level 1:colcon.colcon_core.package_identification:_identify(src/m-explore-ros2/explore) by extensions ['colcon_pkg']
[0.794s] Level 1:colcon.colcon_core.package_identification:_identify(src/m-explore-ros2/explore) by extension 'colcon_pkg'
[0.795s] Level 1:colcon.colcon_core.package_identification:_identify(src/m-explore-ros2/explore) by extensions ['colcon_meta']
[0.795s] Level 1:colcon.colcon_core.package_identification:_identify(src/m-explore-ros2/explore) by extension 'colcon_meta'
[0.795s] Level 1:colcon.colcon_core.package_identification:_identify(src/m-explore-ros2/explore) by extensions ['ros']
[0.795s] Level 1:colcon.colcon_core.package_identification:_identify(src/m-explore-ros2/explore) by extension 'ros'
[0.798s] DEBUG:colcon.colcon_core.package_identification:Package 'src/m-explore-ros2/explore' with type 'ros.ament_cmake' and name 'explore_lite'
[0.798s] Level 1:colcon.colcon_core.package_identification:_identify(src/m-explore-ros2/explore_lite_msgs) by extensions ['ignore', 'ignore_ament_install']
[0.798s] Level 1:colcon.colcon_core.package_identification:_identify(src/m-explore-ros2/explore_lite_msgs) by extension 'ignore'
[0.798s] Level 1:colcon.colcon_core.package_identification:_identify(src/m-explore-ros2/explore_lite_msgs) by extension 'ignore_ament_install'
[0.798s] Level 1:colcon.colcon_core.package_identification:_identify(src/m-explore-ros2/explore_lite_msgs) by extensions ['colcon_pkg']
[0.798s] Level 1:colcon.colcon_core.package_identification:_identify(src/m-explore-ros2/explore_lite_msgs) by extension 'colcon_pkg'
[0.799s] Level 1:colcon.colcon_core.package_identification:_identify(src/m-explore-ros2/explore_lite_msgs) by extensions ['colcon_meta']
[0.799s] Level 1:colcon.colcon_core.package_identification:_identify(src/m-explore-ros2/explore_lite_msgs) by extension 'colcon_meta'
[0.799s] Level 1:colcon.colcon_core.package_identification:_identify(src/m-explore-ros2/explore_lite_msgs) by extensions ['ros']
[0.799s] Level 1:colcon.colcon_core.package_identification:_identify(src/m-explore-ros2/explore_lite_msgs) by extension 'ros'
[0.800s] DEBUG:colcon.colcon_core.package_identification:Package 'src/m-explore-ros2/explore_lite_msgs' with type 'ros.ament_cmake' and name 'explore_lite_msgs'
[0.800s] Level 1:colcon.colcon_core.package_identification:_identify(src/m-explore-ros2/map_merge) by extensions ['ignore', 'ignore_ament_install']
[0.800s] Level 1:colcon.colcon_core.package_identification:_identify(src/m-explore-ros2/map_merge) by extension 'ignore'
[0.801s] Level 1:colcon.colcon_core.package_identification:_identify(src/m-explore-ros2/map_merge) by extension 'ignore_ament_install'
[0.801s] Level 1:colcon.colcon_core.package_identification:_identify(src/m-explore-ros2/map_merge) by extensions ['colcon_pkg']
[0.801s] Level 1:colcon.colcon_core.package_identification:_identify(src/m-explore-ros2/map_merge) by extension 'colcon_pkg'
[0.801s] Level 1:colcon.colcon_core.package_identification:_identify(src/m-explore-ros2/map_merge) by extensions ['colcon_meta']
[0.801s] Level 1:colcon.colcon_core.package_identification:_identify(src/m-explore-ros2/map_merge) by extension 'colcon_meta'
[0.801s] Level 1:colcon.colcon_core.package_identification:_identify(src/m-explore-ros2/map_merge) by extensions ['ros']
[0.801s] Level 1:colcon.colcon_core.package_identification:_identify(src/m-explore-ros2/map_merge) by extension 'ros'
[0.804s] DEBUG:colcon.colcon_core.package_identification:Package 'src/m-explore-ros2/map_merge' with type 'ros.ament_cmake' and name 'multirobot_map_merge'
[0.804s] Level 1:colcon.colcon_core.package_identification:_identify(src/ros2_astra_camera) by extensions ['ignore', 'ignore_ament_install']
[0.804s] Level 1:colcon.colcon_core.package_identification:_identify(src/ros2_astra_camera) by extension 'ignore'
[0.804s] Level 1:colcon.colcon_core.package_identification:_identify(src/ros2_astra_camera) by extension 'ignore_ament_install'
[0.804s] Level 1:colcon.colcon_core.package_identification:_identify(src/ros2_astra_camera) by extensions ['colcon_pkg']
[0.804s] Level 1:colcon.colcon_core.package_identification:_identify(src/ros2_astra_camera) by extension 'colcon_pkg'
[0.805s] Level 1:colcon.colcon_core.package_identification:_identify(src/ros2_astra_camera) by extensions ['colcon_meta']
[0.805s] Level 1:colcon.colcon_core.package_identification:_identify(src/ros2_astra_camera) by extension 'colcon_meta'
[0.805s] Level 1:colcon.colcon_core.package_identification:_identify(src/ros2_astra_camera) by extensions ['ros']
[0.805s] Level 1:colcon.colcon_core.package_identification:_identify(src/ros2_astra_camera) by extension 'ros'
[0.805s] Level 1:colcon.colcon_core.package_identification:_identify(src/ros2_astra_camera) by extensions ['cmake', 'python']
[0.805s] Level 1:colcon.colcon_core.package_identification:_identify(src/ros2_astra_camera) by extension 'cmake'
[0.805s] Level 1:colcon.colcon_core.package_identification:_identify(src/ros2_astra_camera) by extension 'python'
[0.805s] Level 1:colcon.colcon_core.package_identification:_identify(src/ros2_astra_camera) by extensions ['python_setup_py']
[0.805s] Level 1:colcon.colcon_core.package_identification:_identify(src/ros2_astra_camera) by extension 'python_setup_py'
[0.806s] Level 1:colcon.colcon_core.package_identification:_identify(src/ros2_astra_camera/astra_camera) by extensions ['ignore', 'ignore_ament_install']
[0.806s] Level 1:colcon.colcon_core.package_identification:_identify(src/ros2_astra_camera/astra_camera) by extension 'ignore'
[0.806s] Level 1:colcon.colcon_core.package_identification:_identify(src/ros2_astra_camera/astra_camera) by extension 'ignore_ament_install'
[0.806s] Level 1:colcon.colcon_core.package_identification:_identify(src/ros2_astra_camera/astra_camera) by extensions ['colcon_pkg']
[0.806s] Level 1:colcon.colcon_core.package_identification:_identify(src/ros2_astra_camera/astra_camera) by extension 'colcon_pkg'
[0.806s] Level 1:colcon.colcon_core.package_identification:_identify(src/ros2_astra_camera/astra_camera) by extensions ['colcon_meta']
[0.806s] Level 1:colcon.colcon_core.package_identification:_identify(src/ros2_astra_camera/astra_camera) by extension 'colcon_meta'
[0.807s] Level 1:colcon.colcon_core.package_identification:_identify(src/ros2_astra_camera/astra_camera) by extensions ['ros']
[0.807s] Level 1:colcon.colcon_core.package_identification:_identify(src/ros2_astra_camera/astra_camera) by extension 'ros'
[0.856s] DEBUG:colcon.colcon_core.package_identification:Package 'src/ros2_astra_camera/astra_camera' with type 'ros.ament_cmake' and name 'astra_camera'
[0.857s] Level 1:colcon.colcon_core.package_identification:_identify(src/ros2_astra_camera/astra_camera_msgs) by extensions ['ignore', 'ignore_ament_install']
[0.857s] Level 1:colcon.colcon_core.package_identification:_identify(src/ros2_astra_camera/astra_camera_msgs) by extension 'ignore'
[0.857s] Level 1:colcon.colcon_core.package_identification:_identify(src/ros2_astra_camera/astra_camera_msgs) by extension 'ignore_ament_install'
[0.858s] Level 1:colcon.colcon_core.package_identification:_identify(src/ros2_astra_camera/astra_camera_msgs) by extensions ['colcon_pkg']
[0.858s] Level 1:colcon.colcon_core.package_identification:_identify(src/ros2_astra_camera/astra_camera_msgs) by extension 'colcon_pkg'
[0.858s] Level 1:colcon.colcon_core.package_identification:_identify(src/ros2_astra_camera/astra_camera_msgs) by extensions ['colcon_meta']
[0.858s] Level 1:colcon.colcon_core.package_identification:_identify(src/ros2_astra_camera/astra_camera_msgs) by extension 'colcon_meta'
[0.858s] Level 1:colcon.colcon_core.package_identification:_identify(src/ros2_astra_camera/astra_camera_msgs) by extensions ['ros']
[0.858s] Level 1:colcon.colcon_core.package_identification:_identify(src/ros2_astra_camera/astra_camera_msgs) by extension 'ros'
[0.860s] DEBUG:colcon.colcon_core.package_identification:Package 'src/ros2_astra_camera/astra_camera_msgs' with type 'ros.ament_cmake' and name 'astra_camera_msgs'
[0.860s] Level 1:colcon.colcon_core.package_identification:_identify(src/sllidar_ros2) by extensions ['ignore', 'ignore_ament_install']
[0.861s] Level 1:colcon.colcon_core.package_identification:_identify(src/sllidar_ros2) by extension 'ignore'
[0.861s] Level 1:colcon.colcon_core.package_identification:_identify(src/sllidar_ros2) by extension 'ignore_ament_install'
[0.861s] Level 1:colcon.colcon_core.package_identification:_identify(src/sllidar_ros2) by extensions ['colcon_pkg']
[0.861s] Level 1:colcon.colcon_core.package_identification:_identify(src/sllidar_ros2) by extension 'colcon_pkg'
[0.861s] Level 1:colcon.colcon_core.package_identification:_identify(src/sllidar_ros2) by extensions ['colcon_meta']
[0.861s] Level 1:colcon.colcon_core.package_identification:_identify(src/sllidar_ros2) by extension 'colcon_meta'
[0.861s] Level 1:colcon.colcon_core.package_identification:_identify(src/sllidar_ros2) by extensions ['ros']
[0.861s] Level 1:colcon.colcon_core.package_identification:_identify(src/sllidar_ros2) by extension 'ros'
[0.863s] DEBUG:colcon.colcon_core.package_identification:Package 'src/sllidar_ros2' with type 'ros.ament_cmake' and name 'sllidar_ros2'
[0.863s] Level 1:colcon.colcon_core.package_discovery:discover_packages(recursive) using defaults
[0.863s] Level 1:colcon.colcon_core.package_discovery:discover_packages(ignore) discover
[0.863s] Level 1:colcon.colcon_core.package_discovery:discover_packages(ignore) using defaults
[0.863s] Level 1:colcon.colcon_core.package_discovery:discover_packages(path) discover
[0.863s] Level 1:colcon.colcon_core.package_discovery:discover_packages(path) using defaults
[0.920s] INFO:colcon.colcon_core.package_selection:Skipping not selected package 'amr_ai' in 'src/amr_ai'
[0.920s] INFO:colcon.colcon_core.package_selection:Skipping not selected package 'amr_bringup' in 'src/amr_bringup'
[0.921s] INFO:colcon.colcon_core.package_selection:Skipping not selected package 'amr_control' in 'src/amr_control'
[0.921s] INFO:colcon.colcon_core.package_selection:Skipping not selected package 'amr_description' in 'src/amr_description'
[0.921s] INFO:colcon.colcon_core.package_selection:Skipping not selected package 'amr_interfaces' in 'src/amr_interfaces'
[0.921s] INFO:colcon.colcon_core.package_selection:Skipping not selected package 'amr_sensors' in 'src/amr_sensors'
[0.921s] INFO:colcon.colcon_core.package_selection:Skipping not selected package 'amr_slam' in 'src/amr_slam'
[0.921s] INFO:colcon.colcon_core.package_selection:Skipping not selected package 'astra_camera_msgs' in 'src/ros2_astra_camera/astra_camera_msgs'
[0.921s] INFO:colcon.colcon_core.package_selection:Skipping not selected package 'explore_lite_msgs' in 'src/m-explore-ros2/explore_lite_msgs'
[0.921s] INFO:colcon.colcon_core.package_selection:Skipping not selected package 'multirobot_map_merge' in 'src/m-explore-ros2/map_merge'
[0.921s] INFO:colcon.colcon_core.package_selection:Skipping not selected package 'sllidar_ros2' in 'src/sllidar_ros2'
[0.921s] INFO:colcon.colcon_core.package_selection:Skipping not selected package 'astra_camera' in 'src/ros2_astra_camera/astra_camera'
[0.921s] INFO:colcon.colcon_core.package_selection:Skipping not selected package 'explore_lite' in 'src/m-explore-ros2/explore'
[0.922s] Level 1:colcon.colcon_core.package_discovery:discover_packages(prefix_path) check parameters
[0.923s] Level 1:colcon.colcon_core.package_discovery:discover_packages(prefix_path) discover
[0.930s] DEBUG:colcon.colcon_installed_package_information.package_discovery:Found 15 installed packages in /home/huyjetson/mobile_robot/ros2_ws/install
[0.931s] DEBUG:colcon.colcon_installed_package_information.package_discovery:Found 1 installed packages in /home/huyjetson/mobile_robot/ros2_ws/src/install
[0.934s] DEBUG:colcon.colcon_installed_package_information.package_discovery:Found 366 installed packages in /opt/ros/humble
[0.940s] Level 1:colcon.colcon_core.package_discovery:discover_packages(prefix_path) using defaults
[1.053s] Level 5:colcon.colcon_core.verb:set package 'amr_pointcloud_filter' build argument 'cmake_args' from command line to '['-DCMAKE_BUILD_TYPE=Release']'
[1.053s] Level 5:colcon.colcon_core.verb:set package 'amr_pointcloud_filter' build argument 'cmake_target' from command line to 'None'
[1.053s] Level 5:colcon.colcon_core.verb:set package 'amr_pointcloud_filter' build argument 'cmake_target_skip_unavailable' from command line to 'False'
[1.053s] Level 5:colcon.colcon_core.verb:set package 'amr_pointcloud_filter' build argument 'cmake_clean_cache' from command line to 'False'
[1.053s] Level 5:colcon.colcon_core.verb:set package 'amr_pointcloud_filter' build argument 'cmake_clean_first' from command line to 'False'
[1.053s] Level 5:colcon.colcon_core.verb:set package 'amr_pointcloud_filter' build argument 'cmake_force_configure' from command line to 'False'
[1.053s] Level 5:colcon.colcon_core.verb:set package 'amr_pointcloud_filter' build argument 'ament_cmake_args' from command line to 'None'
[1.053s] Level 5:colcon.colcon_core.verb:set package 'amr_pointcloud_filter' build argument 'catkin_cmake_args' from command line to 'None'
[1.054s] Level 5:colcon.colcon_core.verb:set package 'amr_pointcloud_filter' build argument 'catkin_skip_building_tests' from command line to 'False'
[1.054s] DEBUG:colcon.colcon_core.verb:Building package 'amr_pointcloud_filter' with the following arguments: {'ament_cmake_args': None, 'build_base': '/home/huyjetson/mobile_robot/ros2_ws/build/amr_pointcloud_filter', 'catkin_cmake_args': None, 'catkin_skip_building_tests': False, 'cmake_args': ['-DCMAKE_BUILD_TYPE=Release'], 'cmake_clean_cache': False, 'cmake_clean_first': False, 'cmake_force_configure': False, 'cmake_target': None, 'cmake_target_skip_unavailable': False, 'install_base': '/home/huyjetson/mobile_robot/ros2_ws/install/amr_pointcloud_filter', 'merge_install': False, 'path': '/home/huyjetson/mobile_robot/ros2_ws/src/amr_pointcloud_filter', 'symlink_install': True, 'test_result_base': None}
[1.055s] Level 5:colcon.colcon_core.verb:set package 'amr_navigation' build argument 'cmake_args' from command line to '['-DCMAKE_BUILD_TYPE=Release']'
[1.055s] Level 5:colcon.colcon_core.verb:set package 'amr_navigation' build argument 'cmake_target' from command line to 'None'
[1.055s] Level 5:colcon.colcon_core.verb:set package 'amr_navigation' build argument 'cmake_target_skip_unavailable' from command line to 'False'
[1.055s] Level 5:colcon.colcon_core.verb:set package 'amr_navigation' build argument 'cmake_clean_cache' from command line to 'False'
[1.055s] Level 5:colcon.colcon_core.verb:set package 'amr_navigation' build argument 'cmake_clean_first' from command line to 'False'
[1.055s] Level 5:colcon.colcon_core.verb:set package 'amr_navigation' build argument 'cmake_force_configure' from command line to 'False'
[1.055s] Level 5:colcon.colcon_core.verb:set package 'amr_navigation' build argument 'ament_cmake_args' from command line to 'None'
[1.055s] Level 5:colcon.colcon_core.verb:set package 'amr_navigation' build argument 'catkin_cmake_args' from command line to 'None'
[1.055s] Level 5:colcon.colcon_core.verb:set package 'amr_navigation' build argument 'catkin_skip_building_tests' from command line to 'False'
[1.055s] DEBUG:colcon.colcon_core.verb:Building package 'amr_navigation' with the following arguments: {'ament_cmake_args': None, 'build_base': '/home/huyjetson/mobile_robot/ros2_ws/build/amr_navigation', 'catkin_cmake_args': None, 'catkin_skip_building_tests': False, 'cmake_args': ['-DCMAKE_BUILD_TYPE=Release'], 'cmake_clean_cache': False, 'cmake_clean_first': False, 'cmake_force_configure': False, 'cmake_target': None, 'cmake_target_skip_unavailable': False, 'install_base': '/home/huyjetson/mobile_robot/ros2_ws/install/amr_navigation', 'merge_install': False, 'path': '/home/huyjetson/mobile_robot/ros2_ws/src/amr_navigation', 'symlink_install': True, 'test_result_base': None}
[1.056s] INFO:colcon.colcon_core.executor:Executing jobs using 'parallel' executor
[1.059s] DEBUG:colcon.colcon_parallel_executor.executor.parallel:run_until_complete
[1.060s] INFO:colcon.colcon_ros.task.ament_cmake.build:Building ROS package in '/home/huyjetson/mobile_robot/ros2_ws/src/amr_pointcloud_filter' with build type 'ament_cmake'
[1.060s] INFO:colcon.colcon_cmake.task.cmake.build:Building CMake package in '/home/huyjetson/mobile_robot/ros2_ws/src/amr_pointcloud_filter'
[1.067s] INFO:colcon.colcon_core.plugin_system:Skipping extension 'colcon_core.shell.bat': Not used on non-Windows systems
[1.067s] INFO:colcon.colcon_core.shell:Skip shell extension 'powershell' for command environment: Not usable outside of PowerShell
[1.067s] DEBUG:colcon.colcon_core.shell:Skip shell extension 'dsv' for command environment
[1.081s] INFO:colcon.colcon_ros.task.ament_cmake.build:Building ROS package in '/home/huyjetson/mobile_robot/ros2_ws/src/amr_navigation' with build type 'ament_cmake'
[1.081s] INFO:colcon.colcon_cmake.task.cmake.build:Building CMake package in '/home/huyjetson/mobile_robot/ros2_ws/src/amr_navigation'
[1.082s] INFO:colcon.colcon_core.shell:Skip shell extension 'powershell' for command environment: Not usable outside of PowerShell
[1.082s] DEBUG:colcon.colcon_core.shell:Skip shell extension 'dsv' for command environment
[1.106s] DEBUG:colcon.colcon_core.event_handler.log_command:Invoking command in '/home/huyjetson/mobile_robot/ros2_ws/build/amr_pointcloud_filter': CMAKE_PREFIX_PATH=${CMAKE_PREFIX_PATH}:/home/huyjetson/mobile_robot/ros2_ws/install/amr_sensors:/home/huyjetson/mobile_robot/ros2_ws/install/amr_bringup:/home/huyjetson/mobile_robot/ros2_ws/install/amr_ai:/opt/ros/humble /usr/bin/cmake --build /home/huyjetson/mobile_robot/ros2_ws/build/amr_pointcloud_filter -- -j6 -l6
[1.119s] DEBUG:colcon.colcon_core.event_handler.log_command:Invoking command in '/home/huyjetson/mobile_robot/ros2_ws/build/amr_navigation': CMAKE_PREFIX_PATH=/home/huyjetson/mobile_robot/ros2_ws/install/amr_slam:/home/huyjetson/mobile_robot/ros2_ws/install/amr_pointcloud_filter:/home/huyjetson/mobile_robot/ros2_ws/install/sllidar_ros2:/home/huyjetson/mobile_robot/ros2_ws/install/multirobot_map_merge:/home/huyjetson/mobile_robot/ros2_ws/install/explore_lite:/home/huyjetson/mobile_robot/ros2_ws/install/explore_lite_msgs:/home/huyjetson/mobile_robot/ros2_ws/install/astra_camera:/home/huyjetson/mobile_robot/ros2_ws/install/astra_camera_msgs:/home/huyjetson/mobile_robot/ros2_ws/install/amr_navigation:/home/huyjetson/mobile_robot/ros2_ws/install/amr_interfaces:/home/huyjetson/mobile_robot/ros2_ws/install/amr_description:/home/huyjetson/mobile_robot/ros2_ws/install/amr_control:/home/huyjetson/mobile_robot/ros2_ws/src/install/amr_slam:/home/huyjetson/mobile_robot/ros2_ws/install/amr_sensors:/home/huyjetson/mobile_robot/ros2_ws/install/amr_bringup:/home/huyjetson/mobile_robot/ros2_ws/install/amr_ai:/opt/ros/humble /usr/bin/cmake --build /home/huyjetson/mobile_robot/ros2_ws/build/amr_navigation -- -j6 -l6
[1.211s] DEBUG:colcon.colcon_core.event_handler.log_command:Invoked command in '/home/huyjetson/mobile_robot/ros2_ws/build/amr_navigation' returned '0': CMAKE_PREFIX_PATH=/home/huyjetson/mobile_robot/ros2_ws/install/amr_slam:/home/huyjetson/mobile_robot/ros2_ws/install/amr_pointcloud_filter:/home/huyjetson/mobile_robot/ros2_ws/install/sllidar_ros2:/home/huyjetson/mobile_robot/ros2_ws/install/multirobot_map_merge:/home/huyjetson/mobile_robot/ros2_ws/install/explore_lite:/home/huyjetson/mobile_robot/ros2_ws/install/explore_lite_msgs:/home/huyjetson/mobile_robot/ros2_ws/install/astra_camera:/home/huyjetson/mobile_robot/ros2_ws/install/astra_camera_msgs:/home/huyjetson/mobile_robot/ros2_ws/install/amr_navigation:/home/huyjetson/mobile_robot/ros2_ws/install/amr_interfaces:/home/huyjetson/mobile_robot/ros2_ws/install/amr_description:/home/huyjetson/mobile_robot/ros2_ws/install/amr_control:/home/huyjetson/mobile_robot/ros2_ws/src/install/amr_slam:/home/huyjetson/mobile_robot/ros2_ws/install/amr_sensors:/home/huyjetson/mobile_robot/ros2_ws/install/amr_bringup:/home/huyjetson/mobile_robot/ros2_ws/install/amr_ai:/opt/ros/humble /usr/bin/cmake --build /home/huyjetson/mobile_robot/ros2_ws/build/amr_navigation -- -j6 -l6
[1.237s] DEBUG:colcon.colcon_core.event_handler.log_command:Invoking command in '/home/huyjetson/mobile_robot/ros2_ws/build/amr_navigation': CMAKE_PREFIX_PATH=/home/huyjetson/mobile_robot/ros2_ws/install/amr_slam:/home/huyjetson/mobile_robot/ros2_ws/install/amr_pointcloud_filter:/home/huyjetson/mobile_robot/ros2_ws/install/sllidar_ros2:/home/huyjetson/mobile_robot/ros2_ws/install/multirobot_map_merge:/home/huyjetson/mobile_robot/ros2_ws/install/explore_lite:/home/huyjetson/mobile_robot/ros2_ws/install/explore_lite_msgs:/home/huyjetson/mobile_robot/ros2_ws/install/astra_camera:/home/huyjetson/mobile_robot/ros2_ws/install/astra_camera_msgs:/home/huyjetson/mobile_robot/ros2_ws/install/amr_navigation:/home/huyjetson/mobile_robot/ros2_ws/install/amr_interfaces:/home/huyjetson/mobile_robot/ros2_ws/install/amr_description:/home/huyjetson/mobile_robot/ros2_ws/install/amr_control:/home/huyjetson/mobile_robot/ros2_ws/src/install/amr_slam:/home/huyjetson/mobile_robot/ros2_ws/install/amr_sensors:/home/huyjetson/mobile_robot/ros2_ws/install/amr_bringup:/home/huyjetson/mobile_robot/ros2_ws/install/amr_ai:/opt/ros/humble /usr/bin/cmake --install /home/huyjetson/mobile_robot/ros2_ws/build/amr_navigation
[1.293s] Level 1:colcon.colcon_core.environment:create_environment_scripts_only(amr_navigation)
[1.295s] DEBUG:colcon.colcon_core.event_handler.log_command:Invoked command in '/home/huyjetson/mobile_robot/ros2_ws/build/amr_navigation' returned '0': CMAKE_PREFIX_PATH=/home/huyjetson/mobile_robot/ros2_ws/install/amr_slam:/home/huyjetson/mobile_robot/ros2_ws/install/amr_pointcloud_filter:/home/huyjetson/mobile_robot/ros2_ws/install/sllidar_ros2:/home/huyjetson/mobile_robot/ros2_ws/install/multirobot_map_merge:/home/huyjetson/mobile_robot/ros2_ws/install/explore_lite:/home/huyjetson/mobile_robot/ros2_ws/install/explore_lite_msgs:/home/huyjetson/mobile_robot/ros2_ws/install/astra_camera:/home/huyjetson/mobile_robot/ros2_ws/install/astra_camera_msgs:/home/huyjetson/mobile_robot/ros2_ws/install/amr_navigation:/home/huyjetson/mobile_robot/ros2_ws/install/amr_interfaces:/home/huyjetson/mobile_robot/ros2_ws/install/amr_description:/home/huyjetson/mobile_robot/ros2_ws/install/amr_control:/home/huyjetson/mobile_robot/ros2_ws/src/install/amr_slam:/home/huyjetson/mobile_robot/ros2_ws/install/amr_sensors:/home/huyjetson/mobile_robot/ros2_ws/install/amr_bringup:/home/huyjetson/mobile_robot/ros2_ws/install/amr_ai:/opt/ros/humble /usr/bin/cmake --install /home/huyjetson/mobile_robot/ros2_ws/build/amr_navigation
[1.304s] Level 1:colcon.colcon_core.environment:checking '/home/huyjetson/mobile_robot/ros2_ws/install/amr_navigation' for CMake module files
[1.306s] Level 1:colcon.colcon_core.environment:checking '/home/huyjetson/mobile_robot/ros2_ws/install/amr_navigation' for CMake config files
[1.308s] Level 1:colcon.colcon_core.shell:create_environment_hook('amr_navigation', 'cmake_prefix_path')
[1.309s] INFO:colcon.colcon_core.shell:Creating environment hook '/home/huyjetson/mobile_robot/ros2_ws/install/amr_navigation/share/amr_navigation/hook/cmake_prefix_path.ps1'
[1.312s] INFO:colcon.colcon_core.shell:Creating environment descriptor '/home/huyjetson/mobile_robot/ros2_ws/install/amr_navigation/share/amr_navigation/hook/cmake_prefix_path.dsv'
[1.314s] INFO:colcon.colcon_core.shell:Creating environment hook '/home/huyjetson/mobile_robot/ros2_ws/install/amr_navigation/share/amr_navigation/hook/cmake_prefix_path.sh'
[1.318s] Level 1:colcon.colcon_core.environment:checking '/home/huyjetson/mobile_robot/ros2_ws/install/amr_navigation/lib'
[1.319s] Level 1:colcon.colcon_core.environment:checking '/home/huyjetson/mobile_robot/ros2_ws/install/amr_navigation/bin'
[1.319s] Level 1:colcon.colcon_core.environment:checking '/home/huyjetson/mobile_robot/ros2_ws/install/amr_navigation/lib/pkgconfig/amr_navigation.pc'
[1.320s] Level 1:colcon.colcon_core.environment:checking '/home/huyjetson/mobile_robot/ros2_ws/install/amr_navigation/lib/python3.10/site-packages'
[1.321s] Level 1:colcon.colcon_core.environment:checking '/home/huyjetson/mobile_robot/ros2_ws/install/amr_navigation/bin'
[1.323s] INFO:colcon.colcon_core.shell:Creating package script '/home/huyjetson/mobile_robot/ros2_ws/install/amr_navigation/share/amr_navigation/package.ps1'
[1.328s] INFO:colcon.colcon_core.shell:Creating package descriptor '/home/huyjetson/mobile_robot/ros2_ws/install/amr_navigation/share/amr_navigation/package.dsv'
[1.330s] INFO:colcon.colcon_core.shell:Creating package script '/home/huyjetson/mobile_robot/ros2_ws/install/amr_navigation/share/amr_navigation/package.sh'
[1.333s] INFO:colcon.colcon_core.shell:Creating package script '/home/huyjetson/mobile_robot/ros2_ws/install/amr_navigation/share/amr_navigation/package.bash'
[1.336s] INFO:colcon.colcon_core.shell:Creating package script '/home/huyjetson/mobile_robot/ros2_ws/install/amr_navigation/share/amr_navigation/package.zsh'
[1.339s] Level 1:colcon.colcon_core.environment:create_file_with_runtime_dependencies(/home/huyjetson/mobile_robot/ros2_ws/install/amr_navigation/share/colcon-core/packages/amr_navigation)
[1.341s] Level 1:colcon.colcon_core.environment:create_environment_scripts_only(amr_navigation)
[1.341s] Level 1:colcon.colcon_core.environment:checking '/home/huyjetson/mobile_robot/ros2_ws/install/amr_navigation' for CMake module files
[1.343s] Level 1:colcon.colcon_core.environment:checking '/home/huyjetson/mobile_robot/ros2_ws/install/amr_navigation' for CMake config files
[1.345s] Level 1:colcon.colcon_core.shell:create_environment_hook('amr_navigation', 'cmake_prefix_path')
[1.345s] INFO:colcon.colcon_core.shell:Creating environment hook '/home/huyjetson/mobile_robot/ros2_ws/install/amr_navigation/share/amr_navigation/hook/cmake_prefix_path.ps1'
[1.347s] INFO:colcon.colcon_core.shell:Creating environment descriptor '/home/huyjetson/mobile_robot/ros2_ws/install/amr_navigation/share/amr_navigation/hook/cmake_prefix_path.dsv'
[1.348s] INFO:colcon.colcon_core.shell:Creating environment hook '/home/huyjetson/mobile_robot/ros2_ws/install/amr_navigation/share/amr_navigation/hook/cmake_prefix_path.sh'
[1.350s] Level 1:colcon.colcon_core.environment:checking '/home/huyjetson/mobile_robot/ros2_ws/install/amr_navigation/lib'
[1.350s] Level 1:colcon.colcon_core.environment:checking '/home/huyjetson/mobile_robot/ros2_ws/install/amr_navigation/bin'
[1.350s] Level 1:colcon.colcon_core.environment:checking '/home/huyjetson/mobile_robot/ros2_ws/install/amr_navigation/lib/pkgconfig/amr_navigation.pc'
[1.351s] Level 1:colcon.colcon_core.environment:checking '/home/huyjetson/mobile_robot/ros2_ws/install/amr_navigation/lib/python3.10/site-packages'
[1.352s] Level 1:colcon.colcon_core.environment:checking '/home/huyjetson/mobile_robot/ros2_ws/install/amr_navigation/bin'
[1.353s] INFO:colcon.colcon_core.shell:Creating package script '/home/huyjetson/mobile_robot/ros2_ws/install/amr_navigation/share/amr_navigation/package.ps1'
[1.355s] INFO:colcon.colcon_core.shell:Creating package descriptor '/home/huyjetson/mobile_robot/ros2_ws/install/amr_navigation/share/amr_navigation/package.dsv'
[1.357s] INFO:colcon.colcon_core.shell:Creating package script '/home/huyjetson/mobile_robot/ros2_ws/install/amr_navigation/share/amr_navigation/package.sh'
[1.359s] INFO:colcon.colcon_core.shell:Creating package script '/home/huyjetson/mobile_robot/ros2_ws/install/amr_navigation/share/amr_navigation/package.bash'
[1.360s] INFO:colcon.colcon_core.shell:Creating package script '/home/huyjetson/mobile_robot/ros2_ws/install/amr_navigation/share/amr_navigation/package.zsh'
[1.361s] Level 1:colcon.colcon_core.environment:create_file_with_runtime_dependencies(/home/huyjetson/mobile_robot/ros2_ws/install/amr_navigation/share/colcon-core/packages/amr_navigation)
[35.231s] DEBUG:colcon.colcon_core.event_handler.log_command:Invoked command in '/home/huyjetson/mobile_robot/ros2_ws/build/amr_pointcloud_filter' returned '0': CMAKE_PREFIX_PATH=${CMAKE_PREFIX_PATH}:/home/huyjetson/mobile_robot/ros2_ws/install/amr_sensors:/home/huyjetson/mobile_robot/ros2_ws/install/amr_bringup:/home/huyjetson/mobile_robot/ros2_ws/install/amr_ai:/opt/ros/humble /usr/bin/cmake --build /home/huyjetson/mobile_robot/ros2_ws/build/amr_pointcloud_filter -- -j6 -l6
[35.239s] DEBUG:colcon.colcon_core.event_handler.log_command:Invoking command in '/home/huyjetson/mobile_robot/ros2_ws/build/amr_pointcloud_filter': CMAKE_PREFIX_PATH=${CMAKE_PREFIX_PATH}:/home/huyjetson/mobile_robot/ros2_ws/install/amr_sensors:/home/huyjetson/mobile_robot/ros2_ws/install/amr_bringup:/home/huyjetson/mobile_robot/ros2_ws/install/amr_ai:/opt/ros/humble /usr/bin/cmake --install /home/huyjetson/mobile_robot/ros2_ws/build/amr_pointcloud_filter
[35.296s] Level 1:colcon.colcon_core.environment:create_environment_scripts_only(amr_pointcloud_filter)
[35.298s] Level 1:colcon.colcon_core.environment:checking '/home/huyjetson/mobile_robot/ros2_ws/install/amr_pointcloud_filter' for CMake module files
[35.299s] DEBUG:colcon.colcon_core.event_handler.log_command:Invoked command in '/home/huyjetson/mobile_robot/ros2_ws/build/amr_pointcloud_filter' returned '0': CMAKE_PREFIX_PATH=${CMAKE_PREFIX_PATH}:/home/huyjetson/mobile_robot/ros2_ws/install/amr_sensors:/home/huyjetson/mobile_robot/ros2_ws/install/amr_bringup:/home/huyjetson/mobile_robot/ros2_ws/install/amr_ai:/opt/ros/humble /usr/bin/cmake --install /home/huyjetson/mobile_robot/ros2_ws/build/amr_pointcloud_filter
[35.302s] Level 1:colcon.colcon_core.environment:checking '/home/huyjetson/mobile_robot/ros2_ws/install/amr_pointcloud_filter' for CMake config files
[35.304s] Level 1:colcon.colcon_core.shell:create_environment_hook('amr_pointcloud_filter', 'cmake_prefix_path')
[35.305s] INFO:colcon.colcon_core.shell:Creating environment hook '/home/huyjetson/mobile_robot/ros2_ws/install/amr_pointcloud_filter/share/amr_pointcloud_filter/hook/cmake_prefix_path.ps1'
[35.309s] INFO:colcon.colcon_core.shell:Creating environment descriptor '/home/huyjetson/mobile_robot/ros2_ws/install/amr_pointcloud_filter/share/amr_pointcloud_filter/hook/cmake_prefix_path.dsv'
[35.311s] INFO:colcon.colcon_core.shell:Creating environment hook '/home/huyjetson/mobile_robot/ros2_ws/install/amr_pointcloud_filter/share/amr_pointcloud_filter/hook/cmake_prefix_path.sh'
[35.314s] Level 1:colcon.colcon_core.environment:checking '/home/huyjetson/mobile_robot/ros2_ws/install/amr_pointcloud_filter/lib'
[35.314s] Level 1:colcon.colcon_core.environment:checking '/home/huyjetson/mobile_robot/ros2_ws/install/amr_pointcloud_filter/bin'
[35.315s] Level 1:colcon.colcon_core.environment:checking '/home/huyjetson/mobile_robot/ros2_ws/install/amr_pointcloud_filter/lib/pkgconfig/amr_pointcloud_filter.pc'
[35.316s] Level 1:colcon.colcon_core.environment:checking '/home/huyjetson/mobile_robot/ros2_ws/install/amr_pointcloud_filter/lib/python3.10/site-packages'
[35.317s] Level 1:colcon.colcon_core.environment:checking '/home/huyjetson/mobile_robot/ros2_ws/install/amr_pointcloud_filter/bin'
[35.319s] INFO:colcon.colcon_core.shell:Creating package script '/home/huyjetson/mobile_robot/ros2_ws/install/amr_pointcloud_filter/share/amr_pointcloud_filter/package.ps1'
[35.322s] INFO:colcon.colcon_core.shell:Creating package descriptor '/home/huyjetson/mobile_robot/ros2_ws/install/amr_pointcloud_filter/share/amr_pointcloud_filter/package.dsv'
[35.324s] INFO:colcon.colcon_core.shell:Creating package script '/home/huyjetson/mobile_robot/ros2_ws/install/amr_pointcloud_filter/share/amr_pointcloud_filter/package.sh'
[35.326s] INFO:colcon.colcon_core.shell:Creating package script '/home/huyjetson/mobile_robot/ros2_ws/install/amr_pointcloud_filter/share/amr_pointcloud_filter/package.bash'
[35.328s] INFO:colcon.colcon_core.shell:Creating package script '/home/huyjetson/mobile_robot/ros2_ws/install/amr_pointcloud_filter/share/amr_pointcloud_filter/package.zsh'
[35.329s] Level 1:colcon.colcon_core.environment:create_file_with_runtime_dependencies(/home/huyjetson/mobile_robot/ros2_ws/install/amr_pointcloud_filter/share/colcon-core/packages/amr_pointcloud_filter)
[35.332s] Level 1:colcon.colcon_core.environment:create_environment_scripts_only(amr_pointcloud_filter)
[35.333s] Level 1:colcon.colcon_core.environment:checking '/home/huyjetson/mobile_robot/ros2_ws/install/amr_pointcloud_filter' for CMake module files
[35.335s] Level 1:colcon.colcon_core.environment:checking '/home/huyjetson/mobile_robot/ros2_ws/install/amr_pointcloud_filter' for CMake config files
[35.337s] Level 1:colcon.colcon_core.shell:create_environment_hook('amr_pointcloud_filter', 'cmake_prefix_path')
[35.337s] INFO:colcon.colcon_core.shell:Creating environment hook '/home/huyjetson/mobile_robot/ros2_ws/install/amr_pointcloud_filter/share/amr_pointcloud_filter/hook/cmake_prefix_path.ps1'
[35.340s] INFO:colcon.colcon_core.shell:Creating environment descriptor '/home/huyjetson/mobile_robot/ros2_ws/install/amr_pointcloud_filter/share/amr_pointcloud_filter/hook/cmake_prefix_path.dsv'
[35.341s] INFO:colcon.colcon_core.shell:Creating environment hook '/home/huyjetson/mobile_robot/ros2_ws/install/amr_pointcloud_filter/share/amr_pointcloud_filter/hook/cmake_prefix_path.sh'
[35.344s] Level 1:colcon.colcon_core.environment:checking '/home/huyjetson/mobile_robot/ros2_ws/install/amr_pointcloud_filter/lib'
[35.344s] Level 1:colcon.colcon_core.environment:checking '/home/huyjetson/mobile_robot/ros2_ws/install/amr_pointcloud_filter/bin'
[35.344s] Level 1:colcon.colcon_core.environment:checking '/home/huyjetson/mobile_robot/ros2_ws/install/amr_pointcloud_filter/lib/pkgconfig/amr_pointcloud_filter.pc'
[35.345s] Level 1:colcon.colcon_core.environment:checking '/home/huyjetson/mobile_robot/ros2_ws/install/amr_pointcloud_filter/lib/python3.10/site-packages'
[35.346s] Level 1:colcon.colcon_core.environment:checking '/home/huyjetson/mobile_robot/ros2_ws/install/amr_pointcloud_filter/bin'
[35.348s] INFO:colcon.colcon_core.shell:Creating package script '/home/huyjetson/mobile_robot/ros2_ws/install/amr_pointcloud_filter/share/amr_pointcloud_filter/package.ps1'
[35.351s] INFO:colcon.colcon_core.shell:Creating package descriptor '/home/huyjetson/mobile_robot/ros2_ws/install/amr_pointcloud_filter/share/amr_pointcloud_filter/package.dsv'
[35.353s] INFO:colcon.colcon_core.shell:Creating package script '/home/huyjetson/mobile_robot/ros2_ws/install/amr_pointcloud_filter/share/amr_pointcloud_filter/package.sh'
[35.354s] INFO:colcon.colcon_core.shell:Creating package script '/home/huyjetson/mobile_robot/ros2_ws/install/amr_pointcloud_filter/share/amr_pointcloud_filter/package.bash'
[35.356s] INFO:colcon.colcon_core.shell:Creating package script '/home/huyjetson/mobile_robot/ros2_ws/install/amr_pointcloud_filter/share/amr_pointcloud_filter/package.zsh'
[35.358s] Level 1:colcon.colcon_core.environment:create_file_with_runtime_dependencies(/home/huyjetson/mobile_robot/ros2_ws/install/amr_pointcloud_filter/share/colcon-core/packages/amr_pointcloud_filter)
[35.359s] DEBUG:colcon.colcon_parallel_executor.executor.parallel:closing loop
[35.362s] DEBUG:colcon.colcon_parallel_executor.executor.parallel:loop closed
[35.363s] DEBUG:colcon.colcon_parallel_executor.executor.parallel:run_until_complete finished with '0'
[35.363s] DEBUG:colcon.colcon_core.event_reactor:joining thread
[35.366s] DEBUG:colcon.colcon_core.event_reactor:joined thread
[35.367s] INFO:colcon.colcon_core.shell:Creating prefix script '/home/huyjetson/mobile_robot/ros2_ws/install/local_setup.ps1'
[35.372s] INFO:colcon.colcon_core.shell:Creating prefix util module '/home/huyjetson/mobile_robot/ros2_ws/install/_local_setup_util_ps1.py'
[35.378s] INFO:colcon.colcon_core.shell:Creating prefix chain script '/home/huyjetson/mobile_robot/ros2_ws/install/setup.ps1'
[35.386s] INFO:colcon.colcon_core.shell:Creating prefix script '/home/huyjetson/mobile_robot/ros2_ws/install/local_setup.sh'
[35.388s] INFO:colcon.colcon_core.shell:Creating prefix util module '/home/huyjetson/mobile_robot/ros2_ws/install/_local_setup_util_sh.py'
[35.391s] INFO:colcon.colcon_core.shell:Creating prefix chain script '/home/huyjetson/mobile_robot/ros2_ws/install/setup.sh'
[35.397s] INFO:colcon.colcon_core.shell:Creating prefix script '/home/huyjetson/mobile_robot/ros2_ws/install/local_setup.bash'
[35.399s] INFO:colcon.colcon_core.shell:Creating prefix chain script '/home/huyjetson/mobile_robot/ros2_ws/install/setup.bash'
[35.404s] INFO:colcon.colcon_core.shell:Creating prefix script '/home/huyjetson/mobile_robot/ros2_ws/install/local_setup.zsh'
[35.406s] INFO:colcon.colcon_core.shell:Creating prefix chain script '/home/huyjetson/mobile_robot/ros2_ws/install/setup.zsh'
