[0.310s] Invoking command in '/home/huy_ubuntu/mobile_robot/ros2_ws/build/amr_description': CMAKE_PREFIX_PATH=/opt/ros/humble /usr/bin/cmake /home/huy_ubuntu/mobile_robot/ros2_ws/src/amr_description -DAMENT_CMAKE_SYMLINK_INSTALL=1 -DCMAKE_INSTALL_PREFIX=/home/huy_ubuntu/mobile_robot/ros2_ws/install/amr_description
[0.480s] -- The C compiler identification is GNU 11.4.0
[1.599s] -- The CXX compiler identification is GNU 11.4.0
[2.571s] -- Detecting C compiler ABI info
[2.885s] -- Detecting C compiler ABI info - done
[2.889s] -- Check for working C compiler: /usr/bin/cc - skipped
[2.889s] -- Detecting C compile features
[2.889s] -- Detecting C compile features - done
[2.891s] -- Detecting CXX compiler ABI info
[3.140s] -- Detecting CXX compiler ABI info - done
[3.145s] -- Check for working CXX compiler: /usr/bin/c++ - skipped
[3.145s] -- Detecting CXX compile features
[3.145s] -- Detecting CXX compile features - done
[3.147s] -- Found ament_cmake: 1.3.14 (/opt/ros/humble/share/ament_cmake/cmake)
[3.232s] -- Found Python3: /usr/bin/python3 (found version "3.10.12") found components: Interpreter 
[3.272s] -- Override CMake install command with custom implementation using symlinks instead of copying resources
[3.288s] -- Found ament_lint_auto: 0.12.15 (/opt/ros/humble/share/ament_lint_auto/cmake)
[3.338s] -- Added test 'flake8' to check Python code syntax and style conventions
[3.339s] -- Added test 'lint_cmake' to check CMake code style
[3.339s] -- Added test 'pep257' to check Python code against some of the docstring style conventions in PEP 257
[3.342s] -- Added test 'xmllint' to check XML markup files
[3.344s] -- Configuring done
[3.347s] -- Generating done
[3.348s] -- Build files have been written to: /home/huy_ubuntu/mobile_robot/ros2_ws/build/amr_description
[3.351s] Invoked command in '/home/huy_ubuntu/mobile_robot/ros2_ws/build/amr_description' returned '0': CMAKE_PREFIX_PATH=/opt/ros/humble /usr/bin/cmake /home/huy_ubuntu/mobile_robot/ros2_ws/src/amr_description -DAMENT_CMAKE_SYMLINK_INSTALL=1 -DCMAKE_INSTALL_PREFIX=/home/huy_ubuntu/mobile_robot/ros2_ws/install/amr_description
[3.353s] Invoking command in '/home/huy_ubuntu/mobile_robot/ros2_ws/build/amr_description': CMAKE_PREFIX_PATH=/opt/ros/humble /usr/bin/cmake --build /home/huy_ubuntu/mobile_robot/ros2_ws/build/amr_description -- -j20 -l20
[3.376s] Invoked command in '/home/huy_ubuntu/mobile_robot/ros2_ws/build/amr_description' returned '0': CMAKE_PREFIX_PATH=/opt/ros/humble /usr/bin/cmake --build /home/huy_ubuntu/mobile_robot/ros2_ws/build/amr_description -- -j20 -l20
[3.377s] Invoking command in '/home/huy_ubuntu/mobile_robot/ros2_ws/build/amr_description': CMAKE_PREFIX_PATH=/opt/ros/humble /usr/bin/cmake --install /home/huy_ubuntu/mobile_robot/ros2_ws/build/amr_description
[3.381s] -- Install configuration: ""
[3.381s] -- Execute custom install script
[3.382s] -- Symlinking: /home/huy_ubuntu/mobile_robot/ros2_ws/install/amr_description/share/amr_description/urdf/robot.urdf
[3.388s] -- Symlinking: /home/huy_ubuntu/mobile_robot/ros2_ws/install/amr_description/share/amr_description/meshes/base_footprint.STL
[3.394s] -- Symlinking: /home/huy_ubuntu/mobile_robot/ros2_ws/install/amr_description/share/amr_description/meshes/base_link.STL
[3.399s] -- Symlinking: /home/huy_ubuntu/mobile_robot/ros2_ws/install/amr_description/share/amr_description/meshes/camera_depth_link.STL
[3.404s] -- Symlinking: /home/huy_ubuntu/mobile_robot/ros2_ws/install/amr_description/share/amr_description/meshes/camera_depth_link_optical.STL
[3.409s] -- Symlinking: /home/huy_ubuntu/mobile_robot/ros2_ws/install/amr_description/share/amr_description/meshes/camera_rgb_link.STL
[3.414s] -- Symlinking: /home/huy_ubuntu/mobile_robot/ros2_ws/install/amr_description/share/amr_description/meshes/camera_rgb_link_optical.STL
[3.420s] -- Symlinking: /home/huy_ubuntu/mobile_robot/ros2_ws/install/amr_description/share/amr_description/meshes/laser_frame.STL
[3.425s] -- Symlinking: /home/huy_ubuntu/mobile_robot/ros2_ws/install/amr_description/share/amr_description/meshes/left_wheel.STL
[3.430s] -- Symlinking: /home/huy_ubuntu/mobile_robot/ros2_ws/install/amr_description/share/amr_description/meshes/right_wheel.STL
[3.436s] -- Symlinking: /home/huy_ubuntu/mobile_robot/ros2_ws/install/amr_description/share/amr_description/launch/display.launch.py
[3.441s] -- Symlinking: /home/huy_ubuntu/mobile_robot/ros2_ws/install/amr_description/share/amr_description/launch/gazebo.launch.py
[3.446s] -- Symlinking: /home/huy_ubuntu/mobile_robot/ros2_ws/install/amr_description/share/amr_description/config/ekf.yaml
[3.452s] -- Symlinking: /home/huy_ubuntu/mobile_robot/ros2_ws/install/amr_description/share/amr_description/worlds/room.world
[3.458s] -- Symlinking: /home/huy_ubuntu/mobile_robot/ros2_ws/install/amr_description/share/amr_description/worlds/room_vslam.world
[3.463s] -- Symlinking: /home/huy_ubuntu/mobile_robot/ros2_ws/install/amr_description/share/ament_index/resource_index/package_run_dependencies/amr_description
[3.468s] -- Symlinking: /home/huy_ubuntu/mobile_robot/ros2_ws/install/amr_description/share/ament_index/resource_index/parent_prefix_path/amr_description
[3.474s] -- Symlinking: /home/huy_ubuntu/mobile_robot/ros2_ws/install/amr_description/share/amr_description/environment/ament_prefix_path.sh
[3.479s] -- Symlinking: /home/huy_ubuntu/mobile_robot/ros2_ws/install/amr_description/share/amr_description/environment/ament_prefix_path.dsv
[3.484s] -- Symlinking: /home/huy_ubuntu/mobile_robot/ros2_ws/install/amr_description/share/amr_description/environment/path.sh
[3.490s] -- Symlinking: /home/huy_ubuntu/mobile_robot/ros2_ws/install/amr_description/share/amr_description/environment/path.dsv
[3.494s] -- Symlinking: /home/huy_ubuntu/mobile_robot/ros2_ws/install/amr_description/share/amr_description/local_setup.bash
[3.499s] -- Symlinking: /home/huy_ubuntu/mobile_robot/ros2_ws/install/amr_description/share/amr_description/local_setup.sh
[3.504s] -- Symlinking: /home/huy_ubuntu/mobile_robot/ros2_ws/install/amr_description/share/amr_description/local_setup.zsh
[3.508s] -- Symlinking: /home/huy_ubuntu/mobile_robot/ros2_ws/install/amr_description/share/amr_description/local_setup.dsv
[3.513s] -- Symlinking: /home/huy_ubuntu/mobile_robot/ros2_ws/install/amr_description/share/amr_description/package.dsv
[3.518s] -- Symlinking: /home/huy_ubuntu/mobile_robot/ros2_ws/install/amr_description/share/ament_index/resource_index/packages/amr_description
[3.523s] -- Symlinking: /home/huy_ubuntu/mobile_robot/ros2_ws/install/amr_description/share/amr_description/cmake/amr_descriptionConfig.cmake
[3.527s] -- Symlinking: /home/huy_ubuntu/mobile_robot/ros2_ws/install/amr_description/share/amr_description/cmake/amr_descriptionConfig-version.cmake
[3.532s] -- Symlinking: /home/huy_ubuntu/mobile_robot/ros2_ws/install/amr_description/share/amr_description/package.xml
[3.537s] Invoked command in '/home/huy_ubuntu/mobile_robot/ros2_ws/build/amr_description' returned '0': CMAKE_PREFIX_PATH=/opt/ros/humble /usr/bin/cmake --install /home/huy_ubuntu/mobile_robot/ros2_ws/build/amr_description
