[2.017s] Invoking command in '/home/huyjetson/mobile_robot/ros2_ws/build/amr_sensors': PYTHONPATH=/home/huyjetson/mobile_robot/ros2_ws/build/amr_sensors/prefix_override:/usr/lib/python3/dist-packages/colcon_core/task/python/colcon_distutils_commands:/home/huyjetson/mobile_robot/ros2_ws/install/amr_sensors/lib/python3.10/site-packages:${PYTHONPATH} /usr/bin/python3 -W ignore:setup.py install is deprecated -W ignore:easy_install command is deprecated setup.py develop --editable --build-directory /home/huyjetson/mobile_robot/ros2_ws/build/amr_sensors/build --no-deps symlink_data
[3.017s] running develop
[3.546s] running egg_info
[3.546s] creating amr_sensors.egg-info
[3.548s] writing amr_sensors.egg-info/PKG-INFO
[3.549s] writing dependency_links to amr_sensors.egg-info/dependency_links.txt
[3.549s] writing entry points to amr_sensors.egg-info/entry_points.txt
[3.549s] writing requirements to amr_sensors.egg-info/requires.txt
[3.550s] writing top-level names to amr_sensors.egg-info/top_level.txt
[3.551s] writing manifest file 'amr_sensors.egg-info/SOURCES.txt'
[3.557s] reading manifest file 'amr_sensors.egg-info/SOURCES.txt'
[3.559s] writing manifest file 'amr_sensors.egg-info/SOURCES.txt'
[3.564s] running build_ext
[3.568s] Creating /home/huyjetson/mobile_robot/ros2_ws/install/amr_sensors/lib/python3.10/site-packages/amr-sensors.egg-link (link to .)
[3.572s] 
[3.583s] Installed /home/huyjetson/mobile_robot/ros2_ws/build/amr_sensors
[3.585s] running symlink_data
[3.585s] creating /home/huyjetson/mobile_robot/ros2_ws/install/amr_sensors/share/ament_index
[3.585s] creating /home/huyjetson/mobile_robot/ros2_ws/install/amr_sensors/share/ament_index/resource_index
[3.585s] creating /home/huyjetson/mobile_robot/ros2_ws/install/amr_sensors/share/ament_index/resource_index/packages
[3.585s] symbolically linking /home/huyjetson/mobile_robot/ros2_ws/build/amr_sensors/resource/amr_sensors -> /home/huyjetson/mobile_robot/ros2_ws/install/amr_sensors/share/ament_index/resource_index/packages
[3.585s] symbolically linking /home/huyjetson/mobile_robot/ros2_ws/build/amr_sensors/package.xml -> /home/huyjetson/mobile_robot/ros2_ws/install/amr_sensors/share/amr_sensors
[3.812s] Invoked command in '/home/huyjetson/mobile_robot/ros2_ws/build/amr_sensors' returned '0': PYTHONPATH=/home/huyjetson/mobile_robot/ros2_ws/build/amr_sensors/prefix_override:/usr/lib/python3/dist-packages/colcon_core/task/python/colcon_distutils_commands:/home/huyjetson/mobile_robot/ros2_ws/install/amr_sensors/lib/python3.10/site-packages:${PYTHONPATH} /usr/bin/python3 -W ignore:setup.py install is deprecated -W ignore:easy_install command is deprecated setup.py develop --editable --build-directory /home/huyjetson/mobile_robot/ros2_ws/build/amr_sensors/build --no-deps symlink_data
