[0.831s] Invoking command in '/home/huy_ubuntu/mobile_robot/ros2_ws/build/amr_bringup': PYTHONPATH=/home/huy_ubuntu/mobile_robot/ros2_ws/build/amr_bringup/prefix_override:/usr/lib/python3/dist-packages/colcon_core/task/python/colcon_distutils_commands:/home/huy_ubuntu/mobile_robot/ros2_ws/install/amr_bringup/lib/python3.10/site-packages:${PYTHONPATH} /usr/bin/python3 -W ignore:setup.py install is deprecated -W ignore:easy_install command is deprecated setup.py develop --editable --build-directory /home/huy_ubuntu/mobile_robot/ros2_ws/build/amr_bringup/build --no-deps symlink_data
[0.983s] running develop
[1.060s] running egg_info
[1.060s] creating amr_bringup.egg-info
[1.061s] writing amr_bringup.egg-info/PKG-INFO
[1.061s] writing dependency_links to amr_bringup.egg-info/dependency_links.txt
[1.061s] writing entry points to amr_bringup.egg-info/entry_points.txt
[1.061s] writing requirements to amr_bringup.egg-info/requires.txt
[1.061s] writing top-level names to amr_bringup.egg-info/top_level.txt
[1.061s] writing manifest file 'amr_bringup.egg-info/SOURCES.txt'
[1.062s] reading manifest file 'amr_bringup.egg-info/SOURCES.txt'
[1.062s] writing manifest file 'amr_bringup.egg-info/SOURCES.txt'
[1.063s] running build_ext
[1.063s] Creating /home/huy_ubuntu/mobile_robot/ros2_ws/install/amr_bringup/lib/python3.10/site-packages/amr-bringup.egg-link (link to .)
[1.064s] 
[1.064s] Installed /home/huy_ubuntu/mobile_robot/ros2_ws/build/amr_bringup
[1.064s] running symlink_data
[1.064s] creating /home/huy_ubuntu/mobile_robot/ros2_ws/install/amr_bringup/share/ament_index
[1.064s] creating /home/huy_ubuntu/mobile_robot/ros2_ws/install/amr_bringup/share/ament_index/resource_index
[1.064s] creating /home/huy_ubuntu/mobile_robot/ros2_ws/install/amr_bringup/share/ament_index/resource_index/packages
[1.064s] symbolically linking /home/huy_ubuntu/mobile_robot/ros2_ws/build/amr_bringup/resource/amr_bringup -> /home/huy_ubuntu/mobile_robot/ros2_ws/install/amr_bringup/share/ament_index/resource_index/packages
[1.065s] symbolically linking /home/huy_ubuntu/mobile_robot/ros2_ws/build/amr_bringup/package.xml -> /home/huy_ubuntu/mobile_robot/ros2_ws/install/amr_bringup/share/amr_bringup
[1.085s] Invoked command in '/home/huy_ubuntu/mobile_robot/ros2_ws/build/amr_bringup' returned '0': PYTHONPATH=/home/huy_ubuntu/mobile_robot/ros2_ws/build/amr_bringup/prefix_override:/usr/lib/python3/dist-packages/colcon_core/task/python/colcon_distutils_commands:/home/huy_ubuntu/mobile_robot/ros2_ws/install/amr_bringup/lib/python3.10/site-packages:${PYTHONPATH} /usr/bin/python3 -W ignore:setup.py install is deprecated -W ignore:easy_install command is deprecated setup.py develop --editable --build-directory /home/huy_ubuntu/mobile_robot/ros2_ws/build/amr_bringup/build --no-deps symlink_data
