[0.463s] Invoking command in '/home/huy_ubuntu/mobile_robot/ros2_ws/build/amr_slam': CMAKE_PREFIX_PATH=/opt/ros/humble /usr/bin/cmake /home/huy_ubuntu/mobile_robot/ros2_ws/src/amr_slam -DAMENT_CMAKE_SYMLINK_INSTALL=1 -DCMAKE_INSTALL_PREFIX=/home/huy_ubuntu/mobile_robot/ros2_ws/install/amr_slam
[0.658s] -- The C compiler identification is GNU 11.4.0
[1.779s] -- The CXX compiler identification is GNU 11.4.0
[2.872s] -- Detecting C compiler ABI info
[3.073s] -- Detecting C compiler ABI info - done
[3.077s] -- Check for working C compiler: /usr/bin/cc - skipped
[3.077s] -- Detecting C compile features
[3.077s] -- Detecting C compile features - done
[3.079s] -- Detecting CXX compiler ABI info
[3.259s] -- Detecting CXX compiler ABI info - done
[3.263s] -- Check for working CXX compiler: /usr/bin/c++ - skipped
[3.264s] -- Detecting CXX compile features
[3.264s] -- Detecting CXX compile features - done
[3.265s] -- Found ament_cmake: 1.3.14 (/opt/ros/humble/share/ament_cmake/cmake)
[3.362s] -- Found Python3: /usr/bin/python3 (found version "3.10.12") found components: Interpreter 
[3.404s] -- Override CMake install command with custom implementation using symlinks instead of copying resources
[3.421s] -- Found ament_lint_auto: 0.12.15 (/opt/ros/humble/share/ament_lint_auto/cmake)
[3.467s] -- Added test 'flake8' to check Python code syntax and style conventions
[3.468s] -- Added test 'lint_cmake' to check CMake code style
[3.468s] -- Added test 'pep257' to check Python code against some of the docstring style conventions in PEP 257
[3.469s] -- Added test 'xmllint' to check XML markup files
[3.470s] -- Configuring done
[3.473s] -- Generating done
[3.475s] -- Build files have been written to: /home/huy_ubuntu/mobile_robot/ros2_ws/build/amr_slam
[3.478s] Invoked command in '/home/huy_ubuntu/mobile_robot/ros2_ws/build/amr_slam' returned '0': CMAKE_PREFIX_PATH=/opt/ros/humble /usr/bin/cmake /home/huy_ubuntu/mobile_robot/ros2_ws/src/amr_slam -DAMENT_CMAKE_SYMLINK_INSTALL=1 -DCMAKE_INSTALL_PREFIX=/home/huy_ubuntu/mobile_robot/ros2_ws/install/amr_slam
[3.480s] Invoking command in '/home/huy_ubuntu/mobile_robot/ros2_ws/build/amr_slam': CMAKE_PREFIX_PATH=/opt/ros/humble /usr/bin/cmake --build /home/huy_ubuntu/mobile_robot/ros2_ws/build/amr_slam -- -j20 -l20
[3.499s] Invoked command in '/home/huy_ubuntu/mobile_robot/ros2_ws/build/amr_slam' returned '0': CMAKE_PREFIX_PATH=/opt/ros/humble /usr/bin/cmake --build /home/huy_ubuntu/mobile_robot/ros2_ws/build/amr_slam -- -j20 -l20
[3.500s] Invoking command in '/home/huy_ubuntu/mobile_robot/ros2_ws/build/amr_slam': CMAKE_PREFIX_PATH=/opt/ros/humble /usr/bin/cmake --install /home/huy_ubuntu/mobile_robot/ros2_ws/build/amr_slam
[3.504s] -- Install configuration: ""
[3.504s] -- Execute custom install script
[3.505s] -- Symlinking: /home/huy_ubuntu/mobile_robot/ros2_ws/install/amr_slam/share/amr_slam/config/mapper_params_online_async.yaml
[3.509s] -- Symlinking: /home/huy_ubuntu/mobile_robot/ros2_ws/install/amr_slam/share/amr_slam/launch/fusion_slam.launch.py
[3.513s] -- Symlinking: /home/huy_ubuntu/mobile_robot/ros2_ws/install/amr_slam/share/amr_slam/launch/manual_vslam.launch.py
[3.518s] -- Symlinking: /home/huy_ubuntu/mobile_robot/ros2_ws/install/amr_slam/share/amr_slam/launch/slam.launch.py
[3.523s] -- Symlinking: /home/huy_ubuntu/mobile_robot/ros2_ws/install/amr_slam/share/amr_slam/launch/vslam.launch.py
[3.527s] -- Symlinking: /home/huy_ubuntu/mobile_robot/ros2_ws/install/amr_slam/share/amr_slam/launch/vslam_loc.launch.py
[3.533s] -- Symlinking: /home/huy_ubuntu/mobile_robot/ros2_ws/install/amr_slam/share/amr_slam/rviz/view_vslam_teleop.rviz
[3.537s] -- Symlinking: /home/huy_ubuntu/mobile_robot/ros2_ws/install/amr_slam/share/amr_slam/maps/my_3d_map.db
[3.542s] -- Symlinking: /home/huy_ubuntu/mobile_robot/ros2_ws/install/amr_slam/share/amr_slam/maps/my_perfect_map.pgm
[3.546s] -- Symlinking: /home/huy_ubuntu/mobile_robot/ros2_ws/install/amr_slam/share/amr_slam/maps/my_perfect_map.yaml
[3.551s] -- Symlinking: /home/huy_ubuntu/mobile_robot/ros2_ws/install/amr_slam/share/ament_index/resource_index/package_run_dependencies/amr_slam
[3.556s] -- Symlinking: /home/huy_ubuntu/mobile_robot/ros2_ws/install/amr_slam/share/ament_index/resource_index/parent_prefix_path/amr_slam
[3.560s] -- Symlinking: /home/huy_ubuntu/mobile_robot/ros2_ws/install/amr_slam/share/amr_slam/environment/ament_prefix_path.sh
[3.565s] -- Symlinking: /home/huy_ubuntu/mobile_robot/ros2_ws/install/amr_slam/share/amr_slam/environment/ament_prefix_path.dsv
[3.569s] -- Symlinking: /home/huy_ubuntu/mobile_robot/ros2_ws/install/amr_slam/share/amr_slam/environment/path.sh
[3.574s] -- Symlinking: /home/huy_ubuntu/mobile_robot/ros2_ws/install/amr_slam/share/amr_slam/environment/path.dsv
[3.579s] -- Symlinking: /home/huy_ubuntu/mobile_robot/ros2_ws/install/amr_slam/share/amr_slam/local_setup.bash
[3.583s] -- Symlinking: /home/huy_ubuntu/mobile_robot/ros2_ws/install/amr_slam/share/amr_slam/local_setup.sh
[3.588s] -- Symlinking: /home/huy_ubuntu/mobile_robot/ros2_ws/install/amr_slam/share/amr_slam/local_setup.zsh
[3.593s] -- Symlinking: /home/huy_ubuntu/mobile_robot/ros2_ws/install/amr_slam/share/amr_slam/local_setup.dsv
[3.597s] -- Symlinking: /home/huy_ubuntu/mobile_robot/ros2_ws/install/amr_slam/share/amr_slam/package.dsv
[3.602s] -- Symlinking: /home/huy_ubuntu/mobile_robot/ros2_ws/install/amr_slam/share/ament_index/resource_index/packages/amr_slam
[3.607s] -- Symlinking: /home/huy_ubuntu/mobile_robot/ros2_ws/install/amr_slam/share/amr_slam/cmake/amr_slamConfig.cmake
[3.611s] -- Symlinking: /home/huy_ubuntu/mobile_robot/ros2_ws/install/amr_slam/share/amr_slam/cmake/amr_slamConfig-version.cmake
[3.616s] -- Symlinking: /home/huy_ubuntu/mobile_robot/ros2_ws/install/amr_slam/share/amr_slam/package.xml
[3.622s] Invoked command in '/home/huy_ubuntu/mobile_robot/ros2_ws/build/amr_slam' returned '0': CMAKE_PREFIX_PATH=/opt/ros/humble /usr/bin/cmake --install /home/huy_ubuntu/mobile_robot/ros2_ws/build/amr_slam
